
Initial statistics: 4 variables; iteration 0; function evaluation 0; phase 1
Function value 9.4204467e+02; maximum gradient component mag -2.9873e+04
Var    Value     Gradient |Var    Value     Gradient |Var    Value     Gradient
  1  0.13216 -3.43705e+03 |  2 -0.13087 -3.95202e+03 |  3 -1.00000 -1.44386e-07
  4  0.01430 -2.98730e+04 |

Intermediate statistics: 4 variables; iteration 20; function evaluation 35; phase 1
Function value 5.8894398e+02; maximum gradient component mag 3.5565e+01
Var    Value     Gradient |Var    Value     Gradient |Var    Value     Gradient
  1  0.13424  6.67383e+00 |  2 -0.15704  1.05537e+01 |  3 -0.87420  2.62147e+00
  4  0.04109  3.55653e+01 |

 - final statistics:
4 variables; iteration 22; function evaluation 37
Function value 5.8893e+02; maximum gradient component mag -5.8339e+00
Exit code = 1;  converg criter 1.0000e+01
Var    Value     Gradient |Var    Value     Gradient |Var    Value     Gradient
  1  0.13563 -1.01383e+00 |  2 -0.15696 -1.87358e+00 |  3 -0.88595 -4.29022e-02
  4  0.04113 -5.83386e+00 |

Initial statistics: 82 variables; iteration 0; function evaluation 0; phase 2
Function value 5.8893436e+02; maximum gradient component mag -8.0087e+02
Var    Value     Gradient |Var    Value     Gradient |Var    Value     Gradient
  1  0.13563 -1.01383e+00 |  2 -0.15696 -1.87358e+00 |  3 -0.88595 -4.29022e-02
  4  0.04113 -5.83386e+00 |  5 -0.00307  2.41657e+01 |  6  0.00098  2.96819e+01
  7  0.00397  3.52194e+01 |  8 -0.00011  3.67944e+01 |  9  0.00208  4.29833e+01
 10  0.00222  4.84463e+01 | 11 -0.00365  4.99389e+01 | 12  0.00085  6.01278e+01
 13 -0.00227  6.48141e+01 | 14 -0.00199  7.31201e+01 | 15  0.00100  8.50128e+01
 16  0.00175  9.57190e+01 | 17  0.00026  1.04711e+02 | 18 -0.00035  1.15414e+02
 19  0.00039  1.28695e+02 | 20 -0.00095  1.39876e+02 | 21 -0.00018  1.54702e+02
 22 -0.00408  1.62264e+02 | 23 -0.00103  1.81882e+02 | 24  0.00061  2.00350e+02
 25  0.00061  2.17469e+02 | 26  0.00360  2.42983e+02 | 27 -0.00146  2.50911e+02
 28 -0.00288  2.66140e+02 | 29  0.00154  2.94009e+02 | 30  0.00309  3.11547e+02
 31 -0.00348  3.00380e+02 | 32  0.00135  3.12704e+02 | 33 -0.00025  2.97853e+02
 34 -0.00244  2.73961e+02 | 35  0.00268  2.65475e+02 | 36  0.00265  2.46182e+02
 37 -0.00148  2.23675e+02 | 38 -0.00208  2.16494e+02 | 39 -0.00090  2.17113e+02
 40  0.00270  2.24823e+02 | 41  0.00253  2.23658e+02 | 42  0.00008  2.14739e+02
 43 -0.00040  2.06206e+02 | 44 -0.00413  1.87182e+02 | 45  0.00070  1.79404e+02
 46 -0.00016  1.57775e+02 | 47 -0.00434  1.29445e+02 | 48  0.00255  9.98365e+01
 49 -0.00039  3.52335e+01 | 50 -0.00117 -3.98465e+01 | 51  0.00107 -1.22163e+02
 52 -0.00030 -2.19320e+02 | 53  0.00129 -3.20420e+02 | 54  0.00210 -4.08809e+02
 55  0.00056 -4.52885e+02 | 56  0.00215 -4.80011e+02 | 57  0.00063 -5.26559e+02
 58 -0.00177 -6.18270e+02 | 59  0.00062 -7.32877e+02 | 60 -0.00477 -7.60808e+02
 61  0.00130 -8.00874e+02 | 62  0.00326 -7.57639e+02 | 63  0.00310 -6.77968e+02
 64  0.00374 -5.47705e+02 | 65 -0.00328 -3.61424e+02 | 66  0.00066 -1.86843e+02
 67 -0.00325 -2.19759e+01 | 68  0.00460  1.19531e+02 | 69 -0.00097  1.78780e+02
 70 -0.00397  1.66689e+02 | 71  0.00393  1.03782e+02 | 72 -0.00341  2.86471e+01
 73 -0.00227  9.86708e+00 | 74  0.17322 -2.56886e+02 | 75 -0.99757 -1.50659e-01
 76  0.03006 -8.77967e+00 | 77 -0.11345 -9.70388e+01 | 78 -0.99220 -1.64683e-01
 79 -0.14049  1.49335e+01 | 80 -0.09323  1.63520e+02 | 81 -0.99790 -2.12285e-01
 82 -0.00060  2.02603e+02 |

Intermediate statistics: 82 variables; iteration 20; function evaluation 30; phase 2
Function value 3.3300255e+02; maximum gradient component mag 1.0567e+03
Var    Value     Gradient |Var    Value     Gradient |Var    Value     Gradient
  1  0.17227  9.03403e+02 |  2 -0.14003  1.05672e+03 |  3 -0.89724  1.23662e+02
  4 -0.00295  7.25098e+02 |  5 -0.01686 -7.98122e+00 |  6 -0.02212 -9.62241e+00
  7 -0.02674 -1.09641e+01 |  8 -0.02609 -1.00048e+01 |  9 -0.03049 -1.11432e+01
 10 -0.03347 -1.16162e+01 | 11 -0.03209 -1.00867e+01 | 12 -0.03866 -1.20203e+01
 13 -0.03958 -1.13706e+01 | 14 -0.04301 -1.18048e+01 | 15 -0.04819 -1.30325e+01
 16 -0.05152 -1.33871e+01 | 17 -0.05305 -1.28774e+01 | 18 -0.05480 -1.24607e+01
 19 -0.05683 -1.21869e+01 | 20 -0.05707 -1.10404e+01 | 21 -0.05752 -1.00640e+01
 22 -0.05505 -7.68507e+00 | 23 -0.05446 -6.40118e+00 | 24 -0.05240 -4.39078e+00
 25 -0.04931 -1.65560e+00 | 26 -0.04568  1.67085e+00 | 27 -0.04080  5.96138e+00
 28 -0.03531  1.08141e+01 | 29 -0.02812  1.67088e+01 | 30 -0.02034  2.29915e+01
 31 -0.01368  2.81658e+01 | 32 -0.00133  3.64786e+01 | 33  0.01321  4.47431e+01
 34  0.03369  5.47001e+01 | 35  0.06202  6.78645e+01 | 36  0.08856  7.81267e+01
 37  0.09816  7.77323e+01 | 38  0.08044  6.42410e+01 | 39  0.04434  4.34417e+01
 40  0.00858  2.43148e+01 | 41 -0.01273  1.30189e+01 | 42 -0.01779  9.42944e+00
 43 -0.01419  9.33208e+00 | 44 -0.00417  1.18344e+01 | 45  0.00217  1.16610e+01
 46  0.00299  1.05869e+01 | 47 -0.01672  5.06895e+00 | 48 -0.02083  5.54343e+00
 49  0.02717  2.67088e+01 | 50  0.07206  4.12822e+01 | 51  0.04390  1.51958e+01
 52  0.03752 -7.98692e+00 | 53  0.01787 -2.32611e+01 | 54  0.04952 -2.24562e+01
 55  0.11712 -2.95949e+01 | 56  0.00495 -8.03246e+01 | 57 -0.11621 -8.07833e+01
 58  0.07259 -1.19296e+01 | 59  0.11190  9.05948e+01 | 60  0.07916  6.68754e+01
 61  0.12346  5.68648e+01 | 62 -0.10195 -5.14713e+01 | 63  0.14888 -3.25301e+00
 64  0.03703 -3.37958e+01 | 65  0.05298 -3.71639e+01 | 66  0.02211 -3.15531e+01
 67  0.03575 -2.19476e+01 | 68 -0.01776 -1.75754e+01 | 69 -0.02866 -4.41380e+00
 70 -0.04583  5.01489e+00 | 71 -0.01599  1.17157e+01 | 72  0.03106  9.70503e+00
 73 -0.00155 -4.42017e+00 | 74  0.16187 -7.79919e+01 | 75 -0.99447 -1.33187e-01
 76  0.07746  3.12299e+00 | 77 -0.10625  2.63728e+01 | 78 -0.98935 -1.85607e-01
 79 -0.18577  2.68089e+00 | 80 -0.10747  1.00822e+02 | 81 -0.99482 -2.58095e-01
 82  0.11884  3.65983e+01 |
82 variables; iteration 40; function evaluation 56; phase 2
Function value 2.9821581e+02; maximum gradient component mag 5.8108e+02
Var    Value     Gradient |Var    Value     Gradient |Var    Value     Gradient
  1  0.13287  1.54986e+02 |  2 -0.14713  2.62818e+02 |  3 -0.88729  3.25213e+01
  4  0.01077  5.81080e+02 |  5 -0.00596 -4.58777e+00 |  6 -0.01316 -7.04270e+00
  7 -0.01812 -8.52364e+00 |  8 -0.01354 -5.87561e+00 |  9 -0.01631 -6.28662e+00
 10 -0.01709 -5.75156e+00 | 11 -0.01878 -5.53144e+00 | 12 -0.01938 -4.72761e+00
 13 -0.02353 -5.47995e+00 | 14 -0.02617 -5.47833e+00 | 15 -0.02582 -3.98877e+00
 16 -0.02781 -3.55520e+00 | 17 -0.03280 -4.58328e+00 | 18 -0.03717 -5.31949e+00
 19 -0.03980 -5.18868e+00 | 20 -0.04549 -6.68066e+00 | 21 -0.04798 -6.61556e+00
 22 -0.05608 -9.65476e+00 | 23 -0.05448 -7.69506e+00 | 24 -0.05395 -6.30865e+00
 25 -0.05420 -5.24223e+00 | 26 -0.05043 -1.81784e+00 | 27 -0.04974 -2.00569e-01
 28 -0.04319  4.58272e+00 | 29 -0.03196  1.17724e+01 | 30 -0.02464  1.56993e+01
 31 -0.02916  1.06617e+01 | 32 -0.02754  7.52642e+00 | 33 -0.02334  3.77901e+00
 34 -0.00533  5.30738e+00 | 35  0.03132  1.40399e+01 | 36  0.07154  2.41757e+01
 37  0.07643  2.58196e+01 | 38  0.06299  2.82418e+01 | 39  0.04236  2.96086e+01
 40  0.01633  2.51608e+01 | 41  0.00009  2.21498e+01 | 42 -0.00231  2.41418e+01
 43 -0.00056  2.65560e+01 | 44 -0.00341  2.47996e+01 | 45 -0.00926  2.06020e+01
 46 -0.01544  1.77818e+01 | 47 -0.01964  2.05564e+01 | 48  0.00097  3.54577e+01
 49  0.04732  5.70271e+01 | 50  0.03272  3.18854e+01 | 51  0.01063  1.22091e+01
 52  0.04577  1.67980e+01 | 53  0.05707  4.99512e+00 | 54  0.00363 -2.04141e+01
 55  0.10298  7.72561e+00 | 56  0.00320 -3.17907e+01 | 57 -0.00102 -3.50613e+01
 58  0.04958 -1.55370e+01 | 59  0.09815 -7.40599e-02 | 60  0.03925 -1.92409e+01
 61  0.11747 -1.56685e+01 | 62 -0.04923 -3.99235e+01 | 63  0.13218  5.01421e+00
 64  0.02106 -1.86850e+01 | 65  0.07217 -1.55461e+01 | 66 -0.01466 -3.53472e+01
 67  0.00868 -3.05683e+01 | 68 -0.00743 -1.64403e+01 | 69 -0.04426 -1.54564e+01
 70 -0.06594 -1.49469e+01 | 71 -0.01798  6.08838e-01 | 72  0.03567  1.14279e+01
 73  0.01258  3.44589e+00 | 74  0.16956 -1.78994e+01 | 75 -0.79064  9.27798e+00
 76  0.26686  6.59142e-01 | 77 -0.09921  2.98753e+01 | 78 -0.93424 -1.61140e-02
 79 -0.18457 -2.82901e+00 | 80 -0.09737  5.81434e+01 | 81 -1.00268  2.08167e-01
 82  0.07060  3.49662e+01 |
82 variables; iteration 60; function evaluation 91; phase 2
Function value 2.9133246e+02; maximum gradient component mag -9.0776e+01
Var    Value     Gradient |Var    Value     Gradient |Var    Value     Gradient
  1  0.13327 -1.86110e+01 |  2 -0.14595  1.05933e+01 |  3 -0.92804  6.99764e-01
  4  0.01349 -9.07760e+01 |  5 -0.00527  2.83789e+00 |  6 -0.01105  9.38112e-01
  7 -0.01477 -7.00916e-02 |  8 -0.01028  2.45798e+00 |  9 -0.01066  3.01226e+00
 10 -0.00978  4.20893e+00 | 11 -0.01916  9.57445e-01 | 12 -0.01419  4.14050e+00
 13 -0.02208  1.60545e+00 | 14 -0.02377  1.93314e+00 | 15 -0.02790  1.17207e+00
 16 -0.02942  1.66833e+00 | 17 -0.02853  3.38843e+00 | 18 -0.03046  3.78321e+00
 19 -0.03392  3.42007e+00 | 20 -0.03472  4.38909e+00 | 21 -0.03578  5.17955e+00
 22 -0.03163  8.67026e+00 | 23 -0.04230  4.12179e+00 | 24 -0.04552  3.48834e+00
 25 -0.04366  5.65443e+00 | 26 -0.04923  3.73362e+00 | 27 -0.04786  5.43646e+00
 28 -0.05074  4.31097e+00 | 29 -0.05557  1.34770e+00 | 30 -0.05684 -6.66371e-01
 31 -0.05309 -1.50901e+00 | 32 -0.04139 -4.75440e-01 | 33 -0.02178  1.25006e+00
 34  0.00420  1.81145e+00 | 35  0.02920 -1.23047e+00 | 36  0.06452 -2.76086e+00
 37  0.08304 -3.03481e+00 | 38  0.05462 -9.47959e-01 | 39  0.03105  2.81975e+00
 40  0.00984  4.34939e+00 | 41  0.00294  7.69600e+00 | 42 -0.00644  6.66285e+00
 43 -0.00792  6.82735e+00 | 44 -0.00664  7.02244e+00 | 45 -0.00082  8.39987e+00
 46  0.00313  1.01950e+01 | 47 -0.00668  9.78854e+00 | 48 -0.00776  7.34950e+00
 49  0.00441  1.53125e+00 | 50  0.03477  3.29614e+00 | 51  0.03550  5.36563e+00
 52  0.03063  6.43568e-01 | 53  0.04613  1.14961e+00 | 54  0.04587 -2.22877e+00
 55  0.07205  6.54649e+00 | 56  0.02721 -3.56469e+00 | 57  0.01857 -9.10347e+00
 58  0.04339 -1.32229e+01 | 59  0.08713 -1.93402e+01 | 60  0.03245 -2.62486e+01
 61  0.12079 -1.59824e+01 | 62 -0.02598 -2.79294e+01 | 63  0.11999 -9.26372e+00
 64  0.03399 -1.96730e+01 | 65  0.04488 -1.81963e+01 | 66  0.01580 -1.54877e+01
 67  0.01163 -1.11242e+01 | 68 -0.02515 -7.87215e+00 | 69 -0.04484 -3.93697e+00
 70 -0.04932  2.94501e+00 | 71 -0.02195  9.25441e-01 | 72  0.00283 -5.91426e+00
 73 -0.00630 -1.93078e+00 | 74  0.17983 -2.54721e+01 | 75 -0.90563  2.29565e+00
 76 -0.05085  4.91055e+00 | 77 -0.10440  2.68775e+00 | 78 -0.98705 -1.25632e-01
 79 -0.15965  2.99297e+00 | 80 -0.09650  1.39377e+01 | 81 -0.98767  2.34023e-01
 82  0.05007 -6.32357e+00 |
Maximum number of function evaluations exceeded

 - final statistics:
82 variables; iteration 66; function evaluation 100
Function value 2.9101e+02; maximum gradient component mag -2.0908e+02
Exit code = 3;  converg criter 1.0000e+01
Var    Value     Gradient |Var    Value     Gradient |Var    Value     Gradient
  1  0.13382 -2.76423e+01 |  2 -0.14557 -7.33808e+00 |  3 -0.93434 -4.37826e-01
  4  0.01331 -2.09077e+02 |  5 -0.00382  5.28025e+00 |  6 -0.01084  2.71291e+00
  7 -0.01466  1.58354e+00 |  8 -0.00982  4.40971e+00 |  9 -0.01023  4.99134e+00
 10 -0.01012  5.97207e+00 | 11 -0.01909  2.43129e+00 | 12 -0.01767  4.26545e+00
 13 -0.02119  3.46456e+00 | 14 -0.02294  3.80106e+00 | 15 -0.02443  4.09909e+00
 16 -0.02810  3.66979e+00 | 17 -0.03137  3.27457e+00 | 18 -0.03139  4.55439e+00
 19 -0.03227  5.50189e+00 | 20 -0.03594  4.91232e+00 | 21 -0.03747  5.40876e+00
 22 -0.03488  8.28348e+00 | 23 -0.04202  5.45738e+00 | 24 -0.04745  3.56118e+00
 25 -0.04375  6.84402e+00 | 26 -0.04858  4.96679e+00 | 27 -0.04712  6.72021e+00
 28 -0.05632  2.46935e+00 | 29 -0.05224  3.87595e+00 | 30 -0.05487  1.05707e+00
 31 -0.05399 -1.31061e+00 | 32 -0.04049  7.71409e-01 | 33 -0.02799 -7.87452e-01
 34  0.00526  3.03248e+00 | 35  0.03308  1.85201e-01 | 36  0.06836 -2.36030e+00
 37  0.07962 -3.81840e+00 | 38  0.05471 -1.35865e+00 | 39  0.03688  3.90320e+00
 40  0.00739  3.41022e+00 | 41 -0.00117  5.81692e+00 | 42 -0.00709  5.74005e+00
 43 -0.00894  5.60644e+00 | 44 -0.00657  6.08349e+00 | 45  0.00033  7.41588e+00
 46  0.00216  8.04489e+00 | 47 -0.00591  8.65988e+00 | 48 -0.00908  5.17245e+00
 49  0.00612 -8.83204e-02 | 50  0.03512 -3.19640e-01 | 51  0.03435  6.94597e-01
 52  0.03046 -4.10673e+00 | 53  0.04541 -4.89469e+00 | 54  0.04577 -7.94139e+00
 55  0.07174 -6.54452e-02 | 56  0.02508 -7.25144e+00 | 57  0.01967 -9.60121e+00
 58  0.04459 -1.29481e+01 | 59  0.08636 -1.95698e+01 | 60  0.03261 -2.51442e+01
 61  0.12048 -1.36403e+01 | 62 -0.02015 -2.43687e+01 | 63  0.11871 -6.58526e+00
 64  0.03613 -1.76143e+01 | 65  0.04430 -1.72616e+01 | 66  0.01578 -1.46462e+01
 67  0.01116 -1.01554e+01 | 68 -0.02351 -5.69198e+00 | 69 -0.04549 -2.69858e+00
 70 -0.04820  5.40926e+00 | 71 -0.02360  1.96667e+00 | 72  0.00549 -3.17386e+00
 73 -0.00625  1.07221e-01 | 74  0.18115  1.98551e+01 | 75 -0.92549  1.79883e+00
 76 -0.05902  3.36602e+00 | 77 -0.10378  5.93038e-01 | 78 -0.95474  1.51641e-02
 79 -0.16211  1.81434e+00 | 80 -0.09640  1.53884e+01 | 81 -0.98941  1.69133e-01
 82  0.05129 -1.24494e+01 |

Initial statistics: 93 variables; iteration 0; function evaluation 0; phase 3
Function value 2.9100626e+02; maximum gradient component mag 2.9785e+02
Var    Value     Gradient |Var    Value     Gradient |Var    Value     Gradient
  1  0.13382 -2.88196e+01 |  2 -0.14557 -8.77688e+00 |  3 -0.93434 -5.93638e-01
  4  1.00000  1.44386e-06 |  5 -0.56067  2.97849e+02 |  6  0.01331 -2.25646e+02
  7 -0.00379  5.83167e+00 |  8 -0.01082  3.39954e+00 |  9 -0.01464  2.33144e+00
 10 -0.00980  4.97086e+00 | 11 -0.01021  5.48421e+00 | 12 -0.01009  6.30673e+00
 13 -0.01907  3.21383e+00 | 14 -0.01765  4.74807e+00 | 15 -0.02116  4.15555e+00
 16 -0.02292  4.41326e+00 | 17 -0.02441  4.85018e+00 | 18 -0.02808  4.30188e+00
 19 -0.03135  3.95804e+00 | 20 -0.03136  5.21754e+00 | 21 -0.03225  6.08892e+00
 22 -0.03591  5.55344e+00 | 23 -0.03745  6.02763e+00 | 24 -0.03485  8.57794e+00
 25 -0.04200  5.91163e+00 | 26 -0.04743  4.06733e+00 | 27 -0.04372  7.13415e+00
 28 -0.04856  5.58942e+00 | 29 -0.04710  7.27046e+00 | 30 -0.05629  2.64906e+00
 31 -0.05221  4.55454e+00 | 32 -0.05485  1.76801e+00 | 33 -0.05397 -6.05470e-01
 34 -0.04047  1.27087e+00 | 35 -0.02796 -2.73275e-01 | 36  0.00528  3.25651e+00
 37  0.03310  6.59141e-01 | 38  0.06839 -1.86436e+00 | 39  0.07964 -3.45635e+00
 40  0.05473 -8.36150e-01 | 41  0.03690  4.62501e+00 | 42  0.00741  3.63014e+00
 43 -0.00115  5.95802e+00 | 44 -0.00706  6.18192e+00 | 45 -0.00892  5.91247e+00
 46 -0.00655  6.28051e+00 | 47  0.00035  7.70873e+00 | 48  0.00219  8.30120e+00
 49 -0.00589  8.79905e+00 | 50 -0.00905  5.39340e+00 | 51  0.00614  1.48636e-01
 52  0.03515 -2.86921e-01 | 53  0.03437  5.97644e-01 | 54  0.03049 -4.26827e+00
 55  0.04544 -5.07087e+00 | 56  0.04579 -8.11594e+00 | 57  0.07177 -4.66073e-01
 58  0.02511 -7.23865e+00 | 59  0.01970 -9.18141e+00 | 60  0.04462 -1.24412e+01
 61  0.08638 -1.90866e+01 | 62  0.03263 -2.44917e+01 | 63  0.12050 -1.29249e+01
 64 -0.02013 -2.33775e+01 | 65  0.11873 -5.89360e+00 | 66  0.03615 -1.68505e+01
 67  0.04433 -1.66000e+01 | 68  0.01580 -1.39991e+01 | 69  0.01119 -9.54033e+00
 70 -0.02348 -5.00035e+00 | 71 -0.04546 -1.87977e+00 | 72 -0.04818  5.95401e+00
 73 -0.02358  2.69440e+00 | 74  0.00551 -2.20006e+00 | 75 -0.00623  7.56589e-01
 76  0.18115  1.95711e+01 | 77  0.06390 -1.81371e+01 | 78  0.29902 -7.10132e+01
 79 -0.90492 -2.43903e-02 | 80 -0.92549  1.69747e+00 | 81 -0.05902  3.13428e+00
 82 -0.10378  2.87052e-01 | 83  0.14803 -9.31420e+01 | 84  0.26872 -3.16888e+01
 85 -0.08920 -9.95894e+00 | 86 -0.95474  2.28464e-02 | 87 -0.16211  1.61544e+00
 88 -0.09640  1.55095e+01 | 89 -0.02534  2.44440e+01 | 90  0.29205 -6.79630e+00
 91 -0.18946  3.39758e+00 | 92 -0.98941  1.56362e-01 | 93  0.05129 -1.32818e+01

Intermediate statistics: 93 variables; iteration 20; function evaluation 25; phase 3
Function value 2.5611172e+02; maximum gradient component mag 5.1509e+02
Var    Value     Gradient |Var    Value     Gradient |Var    Value     Gradient
  1  0.13783  4.20799e+01 |  2 -0.13658 -1.53115e+02 |  3 -0.98911  1.04197e+00
  4  0.86827 -7.34297e-01 |  5 -0.81079  4.04715e+01 |  6  0.02147  5.15093e+02
  7 -0.01170 -3.78869e+00 |  8 -0.01055 -2.71860e+00 |  9 -0.01083 -2.17316e+00
 10 -0.01440 -2.97034e+00 | 11 -0.01624 -2.95223e+00 | 12 -0.01842 -3.00843e+00
 13 -0.01785 -1.74480e+00 | 14 -0.02084 -1.99889e+00 | 15 -0.02246 -1.55412e+00
 16 -0.02477 -1.35861e+00 | 17 -0.02727 -1.19766e+00 | 18 -0.02930 -7.64928e-01
 19 -0.03153 -3.96744e-01 | 20 -0.03454 -4.06633e-01 | 21 -0.03729 -2.89069e-01
 22 -0.03942  1.37511e-01 | 23 -0.04184  3.46938e-01 | 24 -0.04474  1.82344e-01
 25 -0.04592  8.71875e-01 | 26 -0.04732  1.37541e+00 | 27 -0.04999  1.19274e+00
 28 -0.05140  1.73001e+00 | 29 -0.05312  1.91070e+00 | 30 -0.05312  2.76839e+00
 31 -0.05326  2.89085e+00 | 32 -0.05108  3.44823e+00 | 33 -0.04648  3.92207e+00
 34 -0.03884  3.93979e+00 | 35 -0.02536  4.10616e+00 | 36 -0.00553  3.69013e+00
 37  0.02483  3.95990e+00 | 38  0.06728  4.65457e+00 | 39  0.09594  3.23213e+00
 40  0.06395  8.48058e-01 | 41  0.02669 -1.43289e+00 | 42  0.00634 -9.44166e-01
 43 -0.00729 -7.55904e-01 | 44 -0.01179  5.36203e-01 | 45 -0.01123  2.32504e+00
 46 -0.00725  4.53696e+00 | 47  0.00020  7.62564e+00 | 48  0.00141  1.08221e+01
 49 -0.01569  1.18202e+01 | 50 -0.01229  1.71694e+01 | 51  0.01657  2.89044e+01
 52  0.04027  4.07746e+01 | 53  0.02377  3.59579e+01 | 54  0.03237  3.43172e+01
 55  0.04440  3.33110e+01 | 56  0.04920  2.81324e+01 | 57  0.06326  2.99685e+01
 58  0.03766  1.92348e+01 | 59  0.02681  7.20466e+00 | 60  0.05185 -7.71913e+00
 61  0.06557 -2.31362e+01 | 62  0.08213 -2.10030e+01 | 63  0.06871 -2.13330e+01
 64  0.06762 -7.59082e+00 | 65  0.06983 -1.07164e+01 | 66  0.07083 -5.47796e+00
 67  0.03715 -1.01018e+01 | 68  0.02299 -5.87338e+00 | 69  0.01241 -1.12418e+00
 70 -0.01931  4.13823e+00 | 71 -0.03822  7.48010e+00 | 72 -0.05014  7.56537e+00
 73 -0.01998  7.22764e+00 | 74  0.01634  3.76968e+00 | 75 -0.00316 -1.84590e+00
 76  0.17184 -3.98252e+01 | 77  0.09466  3.48010e-02 | 78  0.31259  5.70958e+01
 79 -0.89997 -1.95626e-02 | 80 -0.95523  1.35550e+00 | 81  0.17100  2.94529e-01
 82 -0.11273 -8.86835e+01 | 83 -0.00982 -1.51677e+01 | 84  0.29088  7.94445e+01
 85 -0.05718 -3.19345e+00 | 86 -0.95563  2.50920e-01 | 87  0.01367 -1.52074e+01
 88 -0.07528  9.54404e+01 | 89 -0.05036  2.82940e+01 | 90  0.30476 -8.45609e+01
 91 -0.19273  3.44205e+00 | 92 -0.99172  3.16843e-02 | 93 -0.03548  1.42613e+01
93 variables; iteration 40; function evaluation 48; phase 3
Function value 2.4989232e+02; maximum gradient component mag 3.7061e+02
Var    Value     Gradient |Var    Value     Gradient |Var    Value     Gradient
  1  0.13488  4.98480e+01 |  2 -0.13095  1.62874e+02 |  3 -0.96834  5.31330e+00
  4  0.96870 -1.06290e-01 |  5 -0.86823  2.48841e+01 |  6  0.01644  3.70614e+02
  7 -0.00839 -5.14767e+00 |  8 -0.01192 -6.10784e+00 |  9 -0.01427 -6.52516e+00
 10 -0.01337 -5.50809e+00 | 11 -0.01459 -5.31490e+00 | 12 -0.01570 -4.99997e+00
 13 -0.02044 -6.21055e+00 | 14 -0.02124 -5.61947e+00 | 15 -0.02403 -5.85376e+00
 16 -0.02620 -5.74951e+00 | 17 -0.02831 -5.56597e+00 | 18 -0.03125 -5.74305e+00
 19 -0.03403 -5.82164e+00 | 20 -0.03563 -5.30393e+00 | 21 -0.03757 -4.94015e+00
 22 -0.04050 -5.08563e+00 | 23 -0.04264 -4.88910e+00 | 24 -0.04327 -3.99986e+00
 25 -0.04715 -4.89746e+00 | 26 -0.05039 -5.49920e+00 | 27 -0.05060 -4.41414e+00
 28 -0.05369 -4.88080e+00 | 29 -0.05445 -4.23519e+00 | 30 -0.05827 -5.63962e+00
 31 -0.05681 -4.66562e+00 | 32 -0.05641 -5.05696e+00 | 33 -0.05306 -5.00232e+00
 34 -0.04264 -2.81793e+00 | 35 -0.02882 -1.16619e+00 | 36 -0.00133  4.46320e+00
 37  0.03156  9.60823e+00 | 38  0.07406  1.71341e+01 | 39  0.08960  2.01460e+01
 40  0.06341  1.82167e+01 | 41  0.03810  1.79314e+01 | 42  0.00984  1.32062e+01
 43 -0.00254  1.25514e+01 | 44 -0.00951  1.14297e+01 | 45 -0.01135  1.08194e+01
 46 -0.00863  1.09903e+01 | 47 -0.00159  1.18157e+01 | 48  0.00063  1.18911e+01
 49 -0.01029  1.14089e+01 | 50 -0.01125  8.16645e+00 | 51  0.00920  5.21989e+00
 52  0.03427  6.60495e+00 | 53  0.02709  7.40769e+00 | 54  0.02971  2.24828e+00
 55  0.04030  1.00004e+00 | 56  0.04573 -5.64363e-01 | 57  0.06453  2.08679e+00
 58  0.03027 -7.19165e+00 | 59  0.02151 -8.66559e+00 | 60  0.04764 -6.82463e+00
 61  0.08167 -1.60222e+00 | 62  0.07369 -4.28340e+00 | 63  0.07695 -1.02546e+01
 64  0.06382 -7.82418e+00 | 65  0.08008 -1.37821e+01 | 66  0.06308 -1.01355e+01
 67  0.04984 -4.24795e+00 | 68  0.02561 -9.94836e-01 | 69  0.02091  2.74758e+00
 70 -0.01571 -7.80624e-01 | 71 -0.03953 -5.70499e+00 | 72 -0.05088 -7.97941e+00
 73 -0.02391 -1.17534e+01 | 74  0.01157 -1.25836e+01 | 75 -0.00444 -8.67504e+00
 76  0.17819  2.74588e+01 | 77  0.05542 -8.03789e-01 | 78  0.30552 -3.35202e+01
 79 -0.81873 -2.03479e-02 | 80 -1.04157 -9.92819e-01 | 81  0.35750  7.94456e-02
 82 -0.10372  5.69522e+01 | 83 -0.01688 -7.60564e+00 | 84  0.26551 -6.08695e+01
 85  0.28174 -1.44113e+00 | 86 -1.02112  9.95846e-02 | 87 -0.02990  6.09859e+00
 88 -0.08484 -1.21857e+01 | 89 -0.04417 -8.09918e+00 | 90  0.29961  1.87251e+00
 91 -0.25303 -6.43677e-01 | 92 -1.00487  1.14415e-01 | 93 -0.00737  2.21687e+01
93 variables; iteration 60; function evaluation 75; phase 3
Function value 2.4842458e+02; maximum gradient component mag -6.6903e+01
Var    Value     Gradient |Var    Value     Gradient |Var    Value     Gradient
  1  0.13418 -1.10602e+01 |  2 -0.13033 -3.25004e+01 |  3 -0.98190  1.54744e+00
  4  0.99596 -5.16788e-02 |  5 -0.92016  7.62834e+00 |  6  0.01504 -6.69028e+01
  7 -0.01036  1.97098e-01 |  8 -0.01118  3.33405e-01 |  9 -0.01232  3.96134e-01
 10 -0.01401  2.81067e-01 | 11 -0.01562  2.67041e-01 | 12 -0.01735  2.59301e-01
 13 -0.01918  2.78020e-01 | 14 -0.02122  2.72513e-01 | 15 -0.02354  1.96742e-01
 16 -0.02572  2.39956e-01 | 17 -0.02767  4.35043e-01 | 18 -0.02990  5.37207e-01
 19 -0.03200  7.33140e-01 | 20 -0.03386  1.06151e+00 | 21 -0.03663  9.54571e-01
 22 -0.03984  6.05278e-01 | 23 -0.04285  2.80582e-01 | 24 -0.04541  9.02194e-02
 25 -0.04724  2.06499e-01 | 26 -0.04920  2.12875e-01 | 27 -0.05055  5.73413e-01
 28 -0.05274  4.61796e-01 | 29 -0.05412  5.75418e-01 | 30 -0.05559  2.66386e-01
 31 -0.05515  3.54956e-01 | 32 -0.05336  2.50306e-01 | 33 -0.04939 -1.09612e-01
 34 -0.03849  1.10834e+00 | 35 -0.02489  8.98124e-01 | 36 -0.00438  6.73476e-01
 37  0.02622  1.14794e+00 | 38  0.06370  1.22777e+00 | 39  0.10129  2.73340e+00
 40  0.06578  2.81170e+00 | 41  0.03106  2.37095e+00 | 42  0.00557  8.46875e-01
 43 -0.00961 -6.55898e-01 | 44 -0.01180  1.32686e-02 | 45 -0.01169 -3.11262e-01
 46 -0.00884 -9.56691e-01 | 47 -0.00176 -1.30847e+00 | 48 -0.00124 -1.80276e+00
 49 -0.01633 -1.46415e+00 | 50 -0.01300 -1.77821e+00 | 51  0.01573 -3.89976e+00
 52  0.03639 -7.38574e+00 | 53  0.01986 -7.25698e+00 | 54  0.03078 -8.90612e+00
 55  0.04252 -9.07772e+00 | 56  0.04641 -1.09440e+01 | 57  0.05891 -1.05821e+01
 58  0.03296 -8.48967e+00 | 59  0.02312 -4.90362e+00 | 60  0.05043 -1.30066e+00
 61  0.08058  3.97263e+00 | 62  0.06998  3.86489e+00 | 63  0.08865  5.71466e+00
 64  0.05080  2.23134e+00 | 65  0.08879  3.33133e+00 | 66  0.06204 -2.64712e-01
 67  0.04777 -6.39398e-01 | 68  0.02749 -3.63787e-02 | 69  0.01887  1.58971e-01
 70 -0.01812 -1.50504e+00 | 71 -0.03934 -2.07377e+00 | 72 -0.04999 -9.69269e-01
 73 -0.02033 -1.43739e+00 | 74  0.01363 -2.60031e+00 | 75 -0.00497 -1.54013e+00
 76  0.17358  3.98939e-01 | 77  0.04140 -2.31194e-01 | 78  0.30374 -6.75216e+00
 79 -0.81687 -1.16749e-02 | 80 -0.97307  6.45789e-01 | 81  0.60782 -1.40375e-03
 82 -0.08273  5.31010e+00 | 83 -0.05088 -4.36126e+00 | 84  0.29736 -1.24948e+00
 85  0.33603 -5.37559e-01 | 86 -0.94409  1.75813e-01 | 87 -0.02044  4.48152e+00
 88 -0.08762  2.49983e+01 | 89 -0.02167  3.43036e+00 | 90  0.29658 -2.40827e+01
 91 -0.41981  1.31202e-01 | 92 -1.00886 -8.80549e-02 | 93  0.00571 -1.18890e+01
Maximum number of function evaluations exceeded

 - final statistics:
93 variables; iteration 75; function evaluation 100
Function value 2.4796e+02; maximum gradient component mag -6.4646e+01
Exit code = 3;  converg criter 1.0000e+00
Var    Value     Gradient |Var    Value     Gradient |Var    Value     Gradient
  1  0.13412 -4.71860e+00 |  2 -0.12942 -9.56278e+00 |  3 -1.00276 -2.60040e-01
  4  0.98434 -2.28422e-01 |  5 -0.96318  2.43813e+00 |  6  0.01409 -6.46462e+01
  7 -0.01070  6.68169e-01 |  8 -0.01145  8.80703e-01 |  9 -0.01207  1.10771e+00
 10 -0.01414  8.38347e-01 | 11 -0.01579  7.78521e-01 | 12 -0.01718  8.86132e-01
 13 -0.02134 -1.18835e-01 | 14 -0.02146  6.10021e-01 | 15 -0.02432  2.39008e-01
 16 -0.02392  1.37778e+00 | 17 -0.02779  6.82241e-01 | 18 -0.03249 -5.10182e-01
 19 -0.03552 -8.86037e-01 | 20 -0.03641 -2.76098e-02 | 21 -0.03857 -1.49385e-02
 22 -0.04155 -3.98214e-01 | 23 -0.04366 -1.44793e-01 | 24 -0.04345  9.19949e-01
 25 -0.04464  1.16914e+00 | 26 -0.04706  8.00437e-01 | 27 -0.05028  2.42171e-01
 28 -0.04982  1.50118e+00 | 29 -0.05365  1.10362e-01 | 30 -0.05498 -2.03538e-01
 31 -0.05297  5.74066e-01 | 32 -0.05318 -9.16505e-01 | 33 -0.04718 -4.91993e-01
 34 -0.04040 -1.69654e+00 | 35 -0.02543 -1.70028e+00 | 36 -0.00313 -2.05306e+00
 37  0.02457 -3.47016e+00 | 38  0.06544 -4.27720e+00 | 39  0.10402 -4.88150e+00
 40  0.06138 -3.34070e+00 | 41  0.02414 -3.30190e+00 | 42  0.00282 -2.87731e+00
 43 -0.00621 -1.52237e+00 | 44 -0.01152 -1.84893e+00 | 45 -0.01196 -2.00107e+00
 46 -0.00884 -2.14253e+00 | 47 -0.00228 -2.27982e+00 | 48 -0.00054 -1.75323e+00
 49 -0.01765 -1.51968e+00 | 50 -0.01173 -1.95114e-01 | 51  0.01197 -2.87858e+00
 52  0.03949 -2.06008e+00 | 53  0.02159 -6.35034e-01 | 54  0.03255 -8.32867e-01
 55  0.03835 -6.36411e-01 | 56  0.05276  2.00474e+00 | 57  0.05423  4.36282e-01
 58  0.03728  4.04343e+00 | 59  0.02422  4.52756e+00 | 60  0.05216  5.56617e+00
 61  0.07903  6.58735e+00 | 62  0.06843  4.73348e+00 | 63  0.09197  7.91017e+00
 64  0.04711  2.05463e+00 | 65  0.08840  5.22641e+00 | 66  0.06444  4.33789e+00
 67  0.04892  3.27395e+00 | 68  0.02709  1.44237e+00 | 69  0.01691  4.30705e-02
 70 -0.01514  8.01209e-01 | 71 -0.03905 -4.94910e-01 | 72 -0.05228 -8.17996e-01
 73 -0.02084  1.73154e-01 | 74  0.01773  1.09115e+00 | 75 -0.00229  9.15172e-01
 76  0.17766  5.01100e+00 | 77  0.02347 -7.88734e-03 | 78  0.30685 -7.31044e+00
 79 -0.73566 -7.40068e-03 | 80 -1.02150 -4.92878e-01 | 81  0.73764  2.14653e-03
 82 -0.09923  2.89180e+00 | 83 -0.04873 -4.72539e+00 | 84  0.27998 -4.51418e+00
 85  0.39708 -4.32992e-01 | 86 -1.03329 -4.37575e-02 | 87 -0.04875  3.28073e+00
 88 -0.08964  2.01094e+00 | 89 -0.01949 -1.63062e+00 | 90  0.29562 -2.54975e+00
 91 -0.46250 -7.27720e-02 | 92 -1.01026 -1.68718e-01 | 93  0.01671 -5.08145e+00

Initial statistics: 94 variables; iteration 0; function evaluation 0; phase 4
Function value 2.4796370e+02; maximum gradient component mag -6.2636e+01
Var    Value     Gradient |Var    Value     Gradient |Var    Value     Gradient
  1  0.13412 -4.66832e+00 |  2 -0.12942 -9.49944e+00 |  3  0.29791 -3.13640e+01
  4 -0.99724  2.78298e-01 |  5  0.98434 -2.28721e-01 |  6 -0.96318  2.40651e+00
  7  0.01409 -6.26365e+01 |  8 -0.01071  4.55206e-01 |  9 -0.01147  5.93880e-01
 10 -0.01208  8.43974e-01 | 11 -0.01415  5.41829e-01 | 12 -0.01581  4.68229e-01
 13 -0.01719  5.74088e-01 | 14 -0.02135 -4.64496e-01 | 15 -0.02147  3.18961e-01
 16 -0.02433 -4.85393e-02 | 17 -0.02393  1.11020e+00 | 18 -0.02781  3.73005e-01
 19 -0.03250 -7.37094e-01 | 20 -0.03554 -1.06820e+00 | 21 -0.03643 -3.65968e-01
 22 -0.03858 -2.56263e-01 | 23 -0.04156 -5.72222e-01 | 24 -0.04367 -5.17433e-01
 25 -0.04346  6.26436e-01 | 26 -0.04466  9.96210e-01 | 27 -0.04707  6.92511e-01
 28 -0.05029 -1.18412e-02 | 29 -0.04983  1.19261e+00 | 30 -0.05366 -9.64674e-02
 31 -0.05499 -4.54002e-01 | 32 -0.05299  2.95973e-01 | 33 -0.05319 -1.08565e+00
 34 -0.04719 -6.89060e-01 | 35 -0.04042 -1.94705e+00 | 36 -0.02544 -1.97951e+00
 37 -0.00314 -2.20074e+00 | 38  0.02456 -3.68778e+00 | 39  0.06543 -4.44096e+00
 40  0.10401 -4.99808e+00 | 41  0.06137 -3.48922e+00 | 42  0.02413 -3.47292e+00
 43  0.00281 -3.06467e+00 | 44 -0.00623 -1.74953e+00 | 45 -0.01153 -1.96073e+00
 46 -0.01197 -2.16220e+00 | 47 -0.00885 -2.30716e+00 | 48 -0.00229 -2.44450e+00
 49 -0.00055 -1.95383e+00 | 50 -0.01766 -1.71767e+00 | 51 -0.01175 -3.81533e-01
 52  0.01196 -3.06982e+00 | 53  0.03948 -2.25411e+00 | 54  0.02158 -8.63934e-01
 55  0.03254 -1.02785e+00 | 56  0.03834 -8.37166e-01 | 57  0.05275  1.74630e+00
 58  0.05422  2.57077e-01 | 59  0.03727  3.81288e+00 | 60  0.02421  4.21993e+00
 61  0.05215  5.45532e+00 | 62  0.07902  6.36973e+00 | 63  0.06842  4.51075e+00
 64  0.09196  7.73365e+00 | 65  0.04710  1.85106e+00 | 66  0.08839  4.90614e+00
 67  0.06443  4.07314e+00 | 68  0.04891  3.04793e+00 | 69  0.02708  1.17894e+00
 70  0.01690 -1.46588e-01 | 71 -0.01515  5.63159e-01 | 72 -0.03906 -7.69654e-01
 73 -0.05229 -1.03843e+00 | 74 -0.02085 -8.85418e-02 | 75  0.01771  8.42407e-01
 76 -0.00230  6.28539e-01 | 77  0.17766  5.11453e+00 | 78  0.02347 -7.50500e-03
 79  0.30685 -7.40758e+00 | 80 -0.73566 -7.35609e-03 | 81 -0.97850  4.97937e-01
 82  0.73764  2.23021e-03 | 83 -0.09923  2.95527e+00 | 84 -0.04873 -4.74537e+00
 85  0.27998 -4.61706e+00 | 86  0.39708 -4.32562e-01 | 87 -0.96671  4.44128e-02
 88 -0.04875  3.27508e+00 | 89 -0.08964  1.88272e+00 | 90 -0.01949 -1.63041e+00
 91  0.29562 -2.35111e+00 | 92 -0.46250 -7.20526e-02 | 93 -0.98974  1.64068e-01
 94  0.01671 -4.84990e+00 |

Intermediate statistics: 94 variables; iteration 20; function evaluation 25; phase 4
Function value 2.4688536e+02; maximum gradient component mag 1.1958e+02
Var    Value     Gradient |Var    Value     Gradient |Var    Value     Gradient
  1  0.12482 -3.23042e+00 |  2 -0.12984  3.07579e+01 |  3  0.31263  9.53555e+00
  4 -1.00470 -7.27219e-01 |  5  0.99626 -9.69354e-02 |  6 -1.01213 -3.19614e-01
  7  0.01703  1.19576e+02 |  8 -0.00885 -1.45245e+00 |  9 -0.01062 -1.71694e+00
 10 -0.01295 -2.16310e+00 | 11 -0.01328 -1.71391e+00 | 12 -0.01466 -1.64240e+00
 13 -0.01687 -1.86165e+00 | 14 -0.01512 -2.78117e-01 | 15 -0.02008 -1.57386e+00
 16 -0.02112 -1.07238e+00 | 17 -0.02740 -2.89744e+00 | 18 -0.02748 -1.85136e+00
 19 -0.02660 -2.79190e-01 | 20 -0.02833  1.12404e-01 | 21 -0.03320 -1.00098e+00
 22 -0.03625 -1.24291e+00 | 23 -0.03807 -8.88773e-01 | 24 -0.04081 -1.05433e+00
 25 -0.04616 -2.67321e+00 | 26 -0.04921 -3.22230e+00 | 27 -0.05048 -2.89641e+00
 28 -0.05090 -2.08157e+00 | 29 -0.05591 -3.71084e+00 | 30 -0.05475 -2.24329e+00
 31 -0.05514 -1.99708e+00 | 32 -0.05706 -3.20883e+00 | 33 -0.05255 -1.84380e+00
 34 -0.04987 -2.86395e+00 | 35 -0.03912 -1.74812e+00 | 36 -0.02625 -2.43009e+00
 37 -0.00590 -3.02875e+00 | 38  0.03004 -1.56031e+00 | 39  0.07012 -2.54826e+00
 40  0.09030 -3.90621e+00 | 41  0.05953 -2.71066e+00 | 42  0.03321  7.28833e-02
 43  0.00970  5.88157e-01 | 44 -0.00850 -1.00232e+00 | 45 -0.01262 -1.38719e-01
 46 -0.01191  6.92855e-01 | 47 -0.00744  1.55678e+00 | 48  0.00061  2.47844e+00
 49  0.00036  2.41390e+00 | 50 -0.01616  2.59873e+00 | 51 -0.02012  4.56977e-01
 52  0.01861  6.12422e+00 | 53  0.03936  5.55366e+00 | 54  0.01655  2.73320e+00
 55  0.03015  4.32525e+00 | 56  0.04758  7.50421e+00 | 57  0.04277  3.56425e+00
 58  0.06006  6.63428e+00 | 59  0.03335  3.45113e+00 | 60  0.02488  4.52014e+00
 61  0.05135  6.45920e+00 | 62  0.07606  1.02617e+01 | 63  0.07637  1.48702e+01
 64  0.07918  1.38196e+01 | 65  0.06519  1.37882e+01 | 66  0.07936  3.71536e+00
 67  0.06581 -2.89926e+00 | 68  0.04315 -7.56765e+00 | 69  0.02780 -7.86218e+00
 70  0.01761 -8.84338e+00 | 71 -0.02360 -1.04345e+01 | 72 -0.04283 -8.45566e+00
 73 -0.05297 -5.79405e+00 | 74 -0.02166 -4.49386e+00 | 75  0.01382 -3.74195e+00
 76  0.00033 -1.15906e+00 | 77  0.16413 -3.54865e-01 | 78  0.02382 -7.99859e-02
 79  0.29950 -4.42985e+00 | 80 -0.73538 -7.65248e-03 | 81 -0.99559 -1.70636e-01
 82  0.73755  2.96205e-03 | 83 -0.12004  2.53531e+01 | 84  0.07395  6.45602e+00
 85  0.25681 -2.32798e+01 | 86  0.37307  4.22099e+00 | 87 -0.96893 -1.06630e-02
 88 -0.22529  3.31322e+00 | 89 -0.09181 -6.64768e+00 | 90 -0.01595  7.40321e+00
 91  0.29261  1.95584e+01 | 92 -0.46037  1.86965e-01 | 93 -0.99536 -1.03030e-01
 94 -0.01248  1.39903e+00 |
94 variables; iteration 40; function evaluation 49; phase 4
Function value 2.4607243e+02; maximum gradient component mag 1.3617e+02
Var    Value     Gradient |Var    Value     Gradient |Var    Value     Gradient
  1  0.12662  3.93847e+01 |  2 -0.12952  3.50930e+01 |  3  0.31135  2.99858e+01
  4 -0.98755  2.44130e+00 |  5  1.01034  2.19476e-01 |  6 -1.05197 -2.50366e+00
  7  0.01628  1.36166e+02 |  8 -0.00883  2.09768e-01 |  9 -0.01035  1.11161e-01
 10 -0.01227 -1.02364e-01 | 11 -0.01293  2.86311e-01 | 12 -0.01434  4.33306e-01
 13 -0.01633  3.96388e-01 | 14 -0.01585  1.54255e+00 | 15 -0.01972  8.22863e-01
 16 -0.02119  1.25904e+00 | 17 -0.02585  2.74689e-01 | 18 -0.02685  1.04745e+00
 19 -0.02756  2.03287e+00 | 20 -0.02978  2.32840e+00 | 21 -0.03348  1.90071e+00
 22 -0.03626  1.93271e+00 | 23 -0.03841  2.26001e+00 | 24 -0.04084  2.37036e+00
 25 -0.04423  1.84186e+00 | 26 -0.04646  1.82367e+00 | 27 -0.04789  2.18000e+00
 28 -0.04900  2.76786e+00 | 29 -0.05231  2.13749e+00 | 30 -0.05258  3.01716e+00
 31 -0.05320  3.30318e+00 | 32 -0.05423  2.68807e+00 | 33 -0.05113  3.49391e+00
 34 -0.04808  2.81794e+00 | 35 -0.03903  3.36038e+00 | 36 -0.02564  3.35264e+00
 37 -0.00523  3.42833e+00 | 38  0.02805  5.40602e+00 | 39  0.05866  4.42526e+00
 40  0.10963  9.28542e+00 | 41  0.05123  2.94248e+00 | 42  0.03012  4.74593e+00
 43  0.00680  3.57851e+00 | 44 -0.00907  1.72733e+00 | 45 -0.01315  1.78610e+00
 46 -0.01264  1.79592e+00 | 47 -0.00864  1.72353e+00 | 48 -0.00116  1.55138e+00
 49 -0.00133  5.30811e-01 | 50 -0.01802 -1.01566e-01 | 51 -0.01983 -1.99865e+00
 52  0.01529  3.18728e-01 | 53  0.04054  3.31654e-01 | 54  0.01630 -1.09187e+00
 55  0.03088  1.18746e+00 | 56  0.04576  3.52132e+00 | 57  0.04403  6.31773e-01
 58  0.05909  2.30526e+00 | 59  0.03242  6.81617e-02 | 60  0.02593  2.52408e+00
 61  0.05236  1.06676e+00 | 62  0.07287 -2.59429e+00 | 63  0.07512 -7.51057e-01
 64  0.07992 -2.71848e+00 | 65  0.06126 -6.00606e-01 | 66  0.07944 -5.59876e+00
 67  0.06264 -2.78122e+00 | 68  0.04870  3.75828e+00 | 69  0.02967  6.30614e+00
 70  0.01817  3.88399e+00 | 71 -0.02045 -1.57144e+00 | 72 -0.04146 -3.50996e+00
 73 -0.05334 -3.82947e+00 | 74 -0.02325 -4.00651e+00 | 75  0.01371 -3.09958e+00
 76 -0.00037 -4.34900e-01 | 77  0.16465  2.09737e+00 | 78  0.08140  1.24849e-02
 79  0.29827 -9.58890e+00 | 80 -0.72078 -6.38027e-03 | 81 -0.93638  1.66686e+00
 82  0.73265  1.21469e-02 | 83 -0.11228  3.09943e+00 | 84  0.12679 -1.95859e-02
 85  0.26803 -2.87589e+00 | 86  0.04202  7.75237e-01 | 87 -1.00989  1.51119e-01
 88 -0.15771 -1.19757e+00 | 89 -0.09487  6.64863e+00 | 90 -0.01782 -2.49594e+00
 91  0.28960 -1.45922e+01 | 92 -0.42237 -1.50221e-01 | 93 -1.01134 -2.32916e-01
 94 -0.00138  1.28525e+01 |
94 variables; iteration 60; function evaluation 76; phase 4
Function value 2.4575169e+02; maximum gradient component mag 6.2752e+01
Var    Value     Gradient |Var    Value     Gradient |Var    Value     Gradient
  1  0.12724  1.49516e+01 |  2 -0.12910  5.01315e+00 |  3  0.30903  1.20042e+01
  4 -1.00169 -2.77009e-01 |  5  0.99587 -9.16560e-02 |  6 -1.02582 -1.00442e+00
  7  0.01536  6.27519e+01 |  8 -0.00954 -5.10474e-01 |  9 -0.01103 -6.42930e-01
 10 -0.01225 -6.04608e-01 | 11 -0.01392 -6.99851e-01 | 12 -0.01552 -7.00642e-01
 13 -0.01693 -5.50700e-01 | 14 -0.01857 -4.26196e-01 | 15 -0.02039 -3.10981e-01
 16 -0.02221 -1.30468e-01 | 17 -0.02584 -7.14284e-01 | 18 -0.02816 -6.59911e-01
 19 -0.03158 -1.09285e+00 | 20 -0.03317 -6.28247e-01 | 21 -0.03459 -5.08752e-02
 22 -0.03716 -3.02914e-02 | 23 -0.04016 -2.51319e-01 | 24 -0.04252 -2.24994e-01
 25 -0.04426  1.12430e-02 | 26 -0.04640 -5.32701e-02 | 27 -0.04852 -1.60397e-01
 28 -0.05083 -3.34253e-01 | 29 -0.05164  2.99848e-01 | 30 -0.05382  4.14483e-03
 31 -0.05470  4.22423e-02 | 32 -0.05376  4.50244e-01 | 33 -0.05201  4.01752e-01
 34 -0.04703  6.94223e-01 | 35 -0.03927  4.23897e-01 | 36 -0.02391  1.20804e+00
 37 -0.00336  1.04528e+00 | 38  0.02884  2.09173e+00 | 39  0.06929  2.73682e+00
 40  0.09804  3.22021e+00 | 41  0.05989  2.09245e+00 | 42  0.02507  9.44571e-01
 43  0.00580  1.46071e+00 | 44 -0.00791  7.15432e-01 | 45 -0.01290  4.76592e-01
 46 -0.01263  4.70683e-01 | 47 -0.00799  8.39584e-01 | 48 -0.00073  8.89134e-01
 49 -0.00080  4.13178e-01 | 50 -0.01780  8.72885e-02 | 51 -0.01822 -1.06961e+00
 52  0.01493  5.65009e-01 | 53  0.03931  6.87878e-01 | 54  0.01765  2.84744e-01
 55  0.03564  2.96354e+00 | 56  0.03925  1.04125e+00 | 57  0.04883  1.48585e+00
 58  0.05611  1.38126e+00 | 59  0.03604  1.53334e+00 | 60  0.02371 -1.41867e-01
 61  0.05002 -2.04524e+00 | 62  0.07791 -2.68870e+00 | 63  0.07023 -3.24235e+00
 64  0.08468 -2.65281e+00 | 65  0.05530 -1.51092e+00 | 66  0.08324 -1.73636e+00
 67  0.06452 -1.58531e-01 | 68  0.04883  1.64632e+00 | 69  0.02546  5.63412e-01
 70  0.01997  1.85606e+00 | 71 -0.01881 -5.27792e-01 | 72 -0.03937 -6.09847e-01
 73 -0.05172 -9.86258e-01 | 74 -0.01978 -3.68888e-01 | 75  0.01582 -9.74083e-01
 76 -0.00112 -6.26455e-01 | 77  0.17165  2.60988e+00 | 78  0.06848 -4.24294e-02
 79  0.30384 -4.13834e+00 | 80 -0.70706 -6.45527e-03 | 81 -0.97833  5.04310e-01
 82  0.70890  1.25344e-02 | 83 -0.10999 -7.49767e-02 | 84  0.13169  1.90308e+00
 85  0.27035  1.06904e+00 | 86  0.00420  9.35314e-01 | 87 -1.05981 -1.70325e-01
 88 -0.14329  5.85020e-01 | 89 -0.09461  5.71599e+00 | 90 -0.02150  1.57039e+00
 91  0.29018 -6.00309e+00 | 92 -0.24227  1.83885e-02 | 93 -1.01833 -5.41886e-01
 94  0.00512  7.90772e+00 |
94 variables; iteration 80; function evaluation 109; phase 4
Function value 2.4568059e+02; maximum gradient component mag 3.1689e+01
Var    Value     Gradient |Var    Value     Gradient |Var    Value     Gradient
  1  0.12724  3.69341e+00 |  2 -0.12877  1.27816e+01 |  3  0.30846  4.26007e+00
  4 -0.99996 -9.70455e-03 |  5  1.00024 -2.26792e-02 |  6 -0.99857  4.74194e-02
  7  0.01559  3.16891e+01 |  8 -0.00949 -2.75389e-01 |  9 -0.01124 -5.27574e-01
 10 -0.01207 -3.42208e-01 | 11 -0.01372 -4.44254e-01 | 12 -0.01489 -2.74717e-01
 13 -0.01693 -4.14377e-01 | 14 -0.01905 -5.24934e-01 | 15 -0.02078 -3.93909e-01
 16 -0.02290 -3.74418e-01 | 17 -0.02502 -2.94144e-01 | 18 -0.02712 -1.57378e-01
 19 -0.02966 -1.89387e-01 | 20 -0.03303 -5.92333e-01 | 21 -0.03454 -8.97627e-02
 22 -0.03791 -4.94068e-01 | 23 -0.04009 -3.31130e-01 | 24 -0.04263 -4.18773e-01
 25 -0.04476 -4.04692e-01 | 26 -0.04650 -2.82256e-01 | 27 -0.04797 -7.22209e-02
 28 -0.05048 -3.70709e-01 | 29 -0.05235 -3.42583e-01 | 30 -0.05346 -9.18361e-02
 31 -0.05441 -1.34277e-01 | 32 -0.05395 -4.16850e-02 | 33 -0.05244 -2.74160e-01
 34 -0.04830 -4.93047e-01 | 35 -0.03878  5.06845e-02 | 36 -0.02575 -4.19785e-01
 37 -0.00356 -2.40331e-02 | 38  0.02760  3.66160e-01 | 39  0.06842  6.96104e-01
 40  0.09838  9.94224e-01 | 41  0.06044  7.49997e-01 | 42  0.02736  7.45245e-01
 43  0.00462  3.92400e-01 | 44 -0.00769  3.69444e-01 | 45 -0.01262  2.61244e-01
 46 -0.01236  3.03815e-01 | 47 -0.00887  2.19148e-01 | 48 -0.00151  3.62035e-01
 49 -0.00039  5.00598e-01 | 50 -0.01743  4.40231e-01 | 51 -0.01527  6.38235e-01
 52  0.01363  6.23983e-01 | 53  0.03923  9.06440e-01 | 54  0.02006  6.57433e-01
 55  0.03139  3.34498e-01 | 56  0.04178  5.06286e-01 | 57  0.04768  3.25459e-01
 58  0.05695  6.45935e-01 | 59  0.03460  1.69062e-01 | 60  0.02350  2.57794e-01
 61  0.05141  6.54926e-01 | 62  0.07742  7.82685e-01 | 63  0.07146  5.72243e-01
 64  0.08466  4.29551e-01 | 65  0.05429  9.01228e-02 | 66  0.08457 -1.91506e-01
 67  0.06460 -6.63983e-01 | 68  0.04639 -1.03796e+00 | 69  0.02799 -9.12445e-01
 70  0.01672 -1.23213e+00 | 71 -0.01758 -5.34654e-01 | 72 -0.03922 -2.94447e-01
 73 -0.05170 -5.92825e-01 | 74 -0.02065 -4.69515e-01 | 75  0.01607 -5.54599e-01
 76 -0.00111 -2.55005e-01 | 77  0.17271  5.50732e-01 | 78  0.07058  6.84801e-03
 79  0.30517 -4.00800e-02 | 80 -0.66743 -5.29305e-03 | 81 -0.99190  1.50598e-02
 82  0.62207  1.80086e-02 | 83 -0.11087  2.73070e+00 | 84  0.14100  2.98091e+00
 85  0.26921 -1.47590e+00 | 86 -0.05344  5.97073e-01 | 87 -1.02360  8.70222e-03
 88 -0.13974  4.65941e-01 | 89 -0.09393  6.09070e-01 | 90 -0.02410  1.22174e+00
 91  0.29082  4.39515e-01 | 92 -0.21816  1.70626e-02 | 93 -1.00637  1.62215e-02
 94  0.00191  2.73790e+00 |
94 variables; iteration 100; function evaluation 154; phase 4
Function value 2.4552418e+02; maximum gradient component mag -1.2195e+02
Var    Value     Gradient |Var    Value     Gradient |Var    Value     Gradient
  1  0.12692 -1.77928e+01 |  2 -0.12899 -9.36259e+01 |  3  0.30928 -2.02402e+01
  4 -0.99881  1.33358e-01 |  5  1.00368  9.84906e-02 |  6 -0.98679  1.74666e-01
  7  0.01570 -1.21949e+02 |  8 -0.01023  1.60655e+00 |  9 -0.00974  2.26755e+00
 10 -0.01353  1.20116e+00 | 11 -0.01455  1.34898e+00 | 12 -0.01342  2.47591e+00
 13 -0.01641  1.91480e+00 | 14 -0.02060  8.82588e-01 | 15 -0.02048  1.79898e+00
 16 -0.02216  1.99435e+00 | 17 -0.02605  1.24252e+00 | 18 -0.02630  2.20250e+00
 19 -0.03125  1.01448e+00 | 20 -0.03144  2.08852e+00 | 21 -0.03549  1.34239e+00
 22 -0.03665  1.99283e+00 | 23 -0.03921  1.94420e+00 | 24 -0.04599 -3.01478e-01
 25 -0.04296  2.30138e+00 | 26 -0.04557  1.95799e+00 | 27 -0.04780  1.75467e+00
 28 -0.05095  1.08796e+00 | 29 -0.05235  1.33418e+00 | 30 -0.05448  9.88278e-01
 31 -0.05495  1.15347e+00 | 32 -0.05512  8.45578e-01 | 33 -0.05218  1.29691e+00
 34 -0.04696  1.50970e+00 | 35 -0.03870  1.19582e+00 | 36 -0.02349  1.40138e+00
 37 -0.00335  3.43121e-01 | 38  0.02643 -5.72209e-01 | 39  0.06664 -1.77272e+00
 40  0.10063 -2.90658e+00 | 41  0.06004 -2.19780e+00 | 42  0.02505 -1.93517e+00
 43  0.00492 -1.10553e+00 | 44 -0.00657 -6.70841e-01 | 45 -0.01253 -1.24405e+00
 46 -0.01275 -1.62301e+00 | 47 -0.00794 -1.55553e+00 | 48 -0.00039 -1.89251e+00
 49 -0.00118 -2.76091e+00 | 50 -0.01777 -2.26821e+00 | 51 -0.01500 -2.11336e+00
 52  0.01405 -3.65989e+00 | 53  0.03868 -5.20854e+00 | 54  0.01898 -4.14165e+00
 55  0.03331 -3.58428e+00 | 56  0.04076 -4.16014e+00 | 57  0.04833 -3.86459e+00
 58  0.05698 -3.82483e+00 | 59  0.03412 -2.98802e+00 | 60  0.02461 -1.30097e+00
 61  0.05055 -2.24239e+00 | 62  0.07736 -2.09498e+00 | 63  0.07169 -9.95669e-01
 64  0.08480 -7.72563e-01 | 65  0.05364  1.43917e-01 | 66  0.08475  9.27263e-01
 67  0.06460  2.00423e+00 | 68  0.04744  2.81052e+00 | 69  0.02663  2.47351e+00
 70  0.01893  3.25299e+00 | 71 -0.01858  1.89697e+00 | 72 -0.04008  1.65386e+00
 73 -0.05099  2.10797e+00 | 74 -0.02064  1.86716e+00 | 75  0.01566  1.56931e+00
 76 -0.00146  1.85179e+00 | 77  0.17198 -8.08203e+00 | 78  0.07188  2.24564e+00
 79  0.30448  7.47703e+00 | 80 -0.53417  1.21108e-01 | 81 -0.98830  1.75013e-01
 82  0.05666  1.53683e-01 | 83 -0.11247 -3.36746e+00 | 84  0.15035 -2.69761e+00
 85  0.26831  2.21639e+00 | 86 -0.14467 -3.74489e-01 | 87 -1.02929 -2.97985e-02
 88 -0.12856  4.14421e-01 | 89 -0.09398 -3.58547e+00 | 90 -0.03091 -1.67370e+00
 91  0.29066  1.79970e+00 | 92 -0.16451 -8.18836e-02 | 93 -1.00673 -5.46544e-03
 94 -0.00033 -1.13668e+01 |
94 variables; iteration 120; function evaluation 180; phase 4
Function value 2.4542571e+02; maximum gradient component mag -1.6159e+00
Var    Value     Gradient |Var    Value     Gradient |Var    Value     Gradient
  1  0.12756 -2.78372e-01 |  2 -0.12781 -8.09108e-01 |  3  0.30727 -3.46601e-01
  4 -1.00030 -3.98120e-02 |  5  1.00133  2.61403e-02 |  6 -1.00186 -5.26811e-02
  7  0.01558 -1.61589e+00 |  8 -0.00992  1.22084e-02 |  9 -0.01111 -1.14771e-02
 10 -0.01225  3.64117e-02 | 11 -0.01352  9.14638e-02 | 12 -0.01521  2.87610e-02
 13 -0.01712 -6.31230e-02 | 14 -0.01880  1.41016e-02 | 15 -0.02085 -4.76925e-03
 16 -0.02291  3.45310e-02 | 17 -0.02522  1.94141e-02 | 18 -0.02760  1.30925e-02
 19 -0.03006  7.81002e-03 | 20 -0.03254  1.71805e-02 | 21 -0.03509  6.68627e-03
 22 -0.03760  1.62310e-02 | 23 -0.04008  1.91816e-02 | 24 -0.04252 -3.19152e-02
 25 -0.04460 -2.06616e-03 | 26 -0.04656 -6.11523e-03 | 27 -0.04836  1.80431e-02
 28 -0.05031 -2.78492e-04 | 29 -0.05220 -1.88686e-03 | 30 -0.05374 -3.76925e-03
 31 -0.05456 -1.41015e-04 | 32 -0.05424 -6.05797e-03 | 33 -0.05224 -4.79720e-04
 34 -0.04758  3.54243e-03 | 35 -0.03900 -5.52768e-04 | 36 -0.02479 -3.25949e-03
 37 -0.00321 -4.27916e-02 | 38  0.02748 -4.73349e-02 | 39  0.06842 -4.99900e-02
 40  0.09861 -9.42409e-02 | 41  0.06007 -5.05473e-02 | 42  0.02629 -4.25323e-02
 43  0.00436 -2.44736e-02 | 44 -0.00795  2.97797e-03 | 45 -0.01278 -7.29522e-02
 46 -0.01243 -5.29253e-02 | 47 -0.00838 -5.03421e-03 | 48 -0.00108 -4.49289e-02
 49 -0.00004 -4.76544e-02 | 50 -0.01711 -2.09427e-02 | 51 -0.01542 -1.24997e-02
 52  0.01407 -2.20030e-02 | 53  0.03939 -2.90471e-02 | 54  0.01994 -1.54246e-02
 55  0.03204 -3.75582e-02 | 56  0.04160 -4.97850e-02 | 57  0.04825 -5.58492e-02
 58  0.05663 -6.08605e-02 | 59  0.03489 -5.33749e-02 | 60  0.02354 -1.49729e-02
 61  0.05115 -2.16240e-02 | 62  0.07751 -9.33039e-03 | 63  0.07146  2.10567e-02
 64  0.08474  4.65650e-02 | 65  0.05422  5.71817e-02 | 66  0.08459  5.47685e-02
 67  0.06455  3.42295e-02 | 68  0.04674  2.92224e-02 | 69  0.02751  3.55743e-02
 70  0.01741  5.34742e-02 | 71 -0.01794  2.50712e-02 | 72 -0.03961  2.62789e-02
 73 -0.05149  3.80168e-02 | 74 -0.02081  2.59710e-02 | 75  0.01615  3.48946e-02
 76 -0.00169  2.07811e-02 | 77  0.17680 -1.42636e-03 | 78  0.06707  1.47982e-01
 79  0.30724  7.87008e-02 | 80 -0.71459 -2.30859e-03 | 81 -0.99240 -2.61095e-03
 82  0.02859  6.87521e-02 | 83 -0.11055 -1.29766e-01 | 84  0.14515 -6.62374e-02
 85  0.26960  7.27041e-02 | 86 -0.09088 -2.27995e-02 | 87 -1.02466 -6.62943e-05
 88 -0.14034 -2.34705e-02 | 89 -0.09343  1.51020e-01 | 90 -0.02711  2.00789e-01
 91  0.29117  2.71099e-02 | 92 -0.19114  3.13237e-03 | 93 -1.00665  5.09916e-04
 94  0.00140 -1.73875e-01 |
94 variables; iteration 140; function evaluation 200; phase 4
Function value 2.4542547e+02; maximum gradient component mag 2.1645e-03
Var    Value     Gradient |Var    Value     Gradient |Var    Value     Gradient
  1  0.12756  3.66190e-04 |  2 -0.12779  4.28971e-04 |  3  0.30727  3.23217e-04
  4 -1.00007  5.74845e-05 |  5  1.00053 -5.71651e-06 |  6 -1.00057 -1.70612e-05
  7  0.01559  2.16452e-03 |  8 -0.00991 -1.56958e-05 |  9 -0.01104 -2.69616e-05
 10 -0.01230 -1.22661e-04 | 11 -0.01370 -9.58426e-05 | 12 -0.01524 -1.33653e-05
 13 -0.01694  1.45398e-05 | 14 -0.01880 -2.17651e-05 | 15 -0.02081 -3.56124e-06
 16 -0.02296 -4.23483e-05 | 17 -0.02523 -4.89081e-05 | 18 -0.02760 -3.14162e-05
 19 -0.03005 -3.72269e-05 | 20 -0.03255 -3.05328e-05 | 21 -0.03508 -4.54493e-05
 22 -0.03762 -2.06565e-05 | 23 -0.04010 -3.29405e-05 | 24 -0.04245  2.20441e-05
 25 -0.04458  2.64271e-05 | 26 -0.04653 -1.12805e-05 | 27 -0.04838 -5.95638e-05
 28 -0.05030 -2.82401e-05 | 29 -0.05219 -3.11826e-05 | 30 -0.05373 -1.39137e-05
 31 -0.05456 -3.15849e-05 | 32 -0.05423 -1.75849e-05 | 33 -0.05224 -2.15771e-05
 34 -0.04759 -1.86881e-05 | 35 -0.03901 -1.00766e-05 | 36 -0.02481  2.51455e-05
 37 -0.00316  3.67837e-05 | 38  0.02750  2.18047e-05 | 39  0.06835  4.90579e-05
 40  0.09872  1.06077e-04 | 41  0.06003  6.01657e-05 | 42  0.02629  1.98330e-05
 43  0.00433  1.53301e-05 | 44 -0.00803  3.48404e-05 | 45 -0.01268  1.46317e-05
 46 -0.01238  7.33423e-05 | 47 -0.00846 -8.14396e-06 | 48 -0.00106  4.54870e-05
 49 -0.00000  4.76716e-05 | 50 -0.01711  3.79452e-05 | 51 -0.01543  1.54444e-05
 52  0.01407  4.80266e-05 | 53  0.03940  5.85661e-05 | 54  0.01992  5.18815e-05
 55  0.03205  6.20196e-05 | 56  0.04161  5.60014e-05 | 57  0.04826  8.27100e-05
 58  0.05663  2.88125e-05 | 59  0.03492  5.85996e-05 | 60  0.02352 -2.00886e-05
 61  0.05116 -4.34502e-05 | 62  0.07752 -5.98994e-05 | 63  0.07146 -8.22475e-05
 64  0.08475 -5.63870e-05 | 65  0.05420 -5.31985e-05 | 66  0.08459 -5.56381e-06
 67  0.06455  8.07531e-06 | 68  0.04675  4.78486e-06 | 69  0.02752 -8.67712e-06
 70  0.01737 -9.77335e-07 | 71 -0.01792 -3.75029e-05 | 72 -0.03961  4.62171e-07
 73 -0.05151 -1.25234e-05 | 74 -0.02080 -2.21604e-05 | 75  0.01613 -2.30417e-05
 76 -0.00169 -3.57053e-05 | 77  0.17688  2.56794e-04 | 78  0.06697  2.42453e-04
 79  0.30728 -1.21457e-04 | 80 -0.69675 -4.93491e-07 | 81 -0.99235 -1.01604e-06
 82  0.02715  1.60781e-05 | 83 -0.11043 -4.02082e-06 | 84  0.14469 -5.38151e-05
 85  0.26969  8.37697e-06 | 86 -0.08743 -1.18489e-05 | 87 -1.02465  3.76918e-07
 88 -0.14064 -1.04075e-05 | 89 -0.09341  1.40548e-04 | 90 -0.02776  5.23218e-05
 91  0.29118 -1.08918e-04 | 92 -0.18743  4.62999e-06 | 93 -1.00666 -1.21849e-05
 94  0.00131  1.28640e-04 |
  ic > imax  in fminim is answer attained ?
Var    Value     Gradient |Var    Value     Gradient |Var    Value     Gradient
  1  0.12756  1.15451e-05 |  2 -0.12779  2.93441e-05 |  3  0.30727  1.05082e-05
  4 -1.00007  1.72655e-07 |  5  1.00053  5.51282e-07 |  6 -1.00057  4.25070e-07
  7  0.01559  1.04184e-04 |  8 -0.00991 -9.54696e-07 |  9 -0.01104 -1.68631e-06
 10 -0.01230 -9.13085e-07 | 11 -0.01370 -6.34165e-07 | 12 -0.01524 -9.93355e-07
 13 -0.01694 -1.78893e-06 | 14 -0.01880 -1.33098e-06 | 15 -0.02081 -9.59138e-07
 16 -0.02296 -7.93079e-07 | 17 -0.02523 -7.97233e-07 | 18 -0.02760 -1.14688e-06
 19 -0.03005 -1.48433e-06 | 20 -0.03255 -7.52725e-07 | 21 -0.03508 -1.14209e-06
 22 -0.03762 -5.54367e-07 | 23 -0.04010 -6.92569e-07 | 24 -0.04245 -1.35712e-06
 25 -0.04458 -2.04585e-07 | 26 -0.04653 -8.19159e-07 | 27 -0.04838 -7.78047e-07
 28 -0.05030 -3.65102e-07 | 29 -0.05219 -3.40990e-07 | 30 -0.05373 -1.80532e-07
 31 -0.05456 -1.65302e-07 | 32 -0.05423 -6.57716e-08 | 33 -0.05224  1.67563e-07
 34 -0.04759  3.36837e-07 | 35 -0.03901  3.02339e-07 | 36 -0.02481  1.35937e-06
 37 -0.00316  1.36226e-06 | 38  0.02750  3.19938e-06 | 39  0.06835  3.06438e-06
 40  0.09872  8.63456e-06 | 41  0.06003  3.48158e-06 | 42  0.02629  3.13385e-06
 43  0.00433  2.83051e-06 | 44 -0.00803  2.55940e-06 | 45 -0.01268  1.57264e-06
 46 -0.01239  1.70259e-06 | 47 -0.00846  1.73610e-06 | 48 -0.00106  1.61877e-06
 49 -0.00000  1.31136e-06 | 50 -0.01711  4.69406e-07 | 51 -0.01543  3.67128e-07
 52  0.01407  4.63575e-07 | 53  0.03940  4.61650e-07 | 54  0.01992  6.08904e-07
 55  0.03205  3.90551e-07 | 56  0.04161 -4.15823e-07 | 57  0.04826 -2.17470e-07
 58  0.05663 -5.13223e-07 | 59  0.03492 -3.57693e-07 | 60  0.02352 -8.86017e-07
 61  0.05116 -7.88134e-07 | 62  0.07752 -6.28564e-07 | 63  0.07146 -9.39871e-07
 64  0.08475 -6.35126e-07 | 65  0.05420 -7.73666e-07 | 66  0.08459 -7.40602e-07
 67  0.06455 -3.36763e-07 | 68  0.04675  2.73817e-07 | 69  0.02752 -5.13452e-07
 70  0.01737 -1.78387e-07 | 71 -0.01792 -1.03817e-06 | 72 -0.03961 -1.06196e-06
 73 -0.05151 -1.05283e-06 | 74 -0.02080 -1.45373e-06 | 75  0.01613 -1.16273e-06
 76 -0.00169 -1.44754e-06 | 77  0.17688  6.77429e-07 | 78  0.06697 -5.80103e-09
 79  0.30728 -8.25103e-07 | 80 -0.69675  4.44595e-08 | 81 -0.99235 -1.69716e-07
 82  0.02715  6.84672e-07 | 83 -0.11043  3.35085e-07 | 84  0.14469 -1.59834e-06
 85  0.26969 -1.97993e-07 | 86 -0.08743 -1.15858e-07 | 87 -1.02465  7.71705e-08
 88 -0.14064  6.71800e-07 | 89 -0.09341 -5.02078e-07 | 90 -0.02776  1.44161e-06
 91  0.29118  1.41028e-08 | 92 -0.18743  7.66101e-08 | 93 -1.00666 -5.24158e-07
 94  0.00131  7.68212e-06 |
Function minimizer not making progress ... is minimum attained?
Minimprove criterion = 0.0000e+00

 - final statistics:
94 variables; iteration 144; function evaluation 233
Function value 2.4543e+02; maximum gradient component mag 1.0418e-04
Exit code = 1;  converg criter 1.0000e-04
Var    Value     Gradient |Var    Value     Gradient |Var    Value     Gradient
  1  0.12756  1.15451e-05 |  2 -0.12779  2.93441e-05 |  3  0.30727  1.05082e-05
  4 -1.00007  1.72655e-07 |  5  1.00053  5.51282e-07 |  6 -1.00057  4.25070e-07
  7  0.01559  1.04184e-04 |  8 -0.00991 -9.54696e-07 |  9 -0.01104 -1.68631e-06
 10 -0.01230 -9.13085e-07 | 11 -0.01370 -6.34165e-07 | 12 -0.01524 -9.93355e-07
 13 -0.01694 -1.78893e-06 | 14 -0.01880 -1.33098e-06 | 15 -0.02081 -9.59138e-07
 16 -0.02296 -7.93079e-07 | 17 -0.02523 -7.97233e-07 | 18 -0.02760 -1.14688e-06
 19 -0.03005 -1.48433e-06 | 20 -0.03255 -7.52725e-07 | 21 -0.03508 -1.14209e-06
 22 -0.03762 -5.54367e-07 | 23 -0.04010 -6.92569e-07 | 24 -0.04245 -1.35712e-06
 25 -0.04458 -2.04585e-07 | 26 -0.04653 -8.19159e-07 | 27 -0.04838 -7.78047e-07
 28 -0.05030 -3.65102e-07 | 29 -0.05219 -3.40990e-07 | 30 -0.05373 -1.80532e-07
 31 -0.05456 -1.65302e-07 | 32 -0.05423 -6.57716e-08 | 33 -0.05224  1.67563e-07
 34 -0.04759  3.36837e-07 | 35 -0.03901  3.02339e-07 | 36 -0.02481  1.35937e-06
 37 -0.00316  1.36226e-06 | 38  0.02750  3.19938e-06 | 39  0.06835  3.06438e-06
 40  0.09872  8.63456e-06 | 41  0.06003  3.48158e-06 | 42  0.02629  3.13385e-06
 43  0.00433  2.83051e-06 | 44 -0.00803  2.55940e-06 | 45 -0.01268  1.57264e-06
 46 -0.01239  1.70259e-06 | 47 -0.00846  1.73610e-06 | 48 -0.00106  1.61877e-06
 49 -0.00000  1.31136e-06 | 50 -0.01711  4.69406e-07 | 51 -0.01543  3.67128e-07
 52  0.01407  4.63575e-07 | 53  0.03940  4.61650e-07 | 54  0.01992  6.08904e-07
 55  0.03205  3.90551e-07 | 56  0.04161 -4.15823e-07 | 57  0.04826 -2.17470e-07
 58  0.05663 -5.13223e-07 | 59  0.03492 -3.57693e-07 | 60  0.02352 -8.86017e-07
 61  0.05116 -7.88134e-07 | 62  0.07752 -6.28564e-07 | 63  0.07146 -9.39871e-07
 64  0.08475 -6.35126e-07 | 65  0.05420 -7.73666e-07 | 66  0.08459 -7.40602e-07
 67  0.06455 -3.36763e-07 | 68  0.04675  2.73817e-07 | 69  0.02752 -5.13452e-07
 70  0.01737 -1.78387e-07 | 71 -0.01792 -1.03817e-06 | 72 -0.03961 -1.06196e-06
 73 -0.05151 -1.05283e-06 | 74 -0.02080 -1.45373e-06 | 75  0.01613 -1.16273e-06
 76 -0.00169 -1.44754e-06 | 77  0.17688  6.77429e-07 | 78  0.06697 -5.80103e-09
 79  0.30728 -8.25103e-07 | 80 -0.69675  4.44595e-08 | 81 -0.99235 -1.69716e-07
 82  0.02715  6.84672e-07 | 83 -0.11043  3.35085e-07 | 84  0.14469 -1.59834e-06
 85  0.26969 -1.97993e-07 | 86 -0.08743 -1.15858e-07 | 87 -1.02465  7.71705e-08
 88 -0.14064  6.71800e-07 | 89 -0.09341 -5.02078e-07 | 90 -0.02776  1.44161e-06
 91  0.29118  1.41028e-08 | 92 -0.18743  7.66101e-08 | 93 -1.00666 -5.24158e-07
 94  0.00131  7.68212e-06 |

Initial statistics: 101 variables; iteration 0; function evaluation 0; phase 5
Function value 2.4542547e+02; maximum gradient component mag 1.0407e-04
Var    Value     Gradient |Var    Value     Gradient |Var    Value     Gradient
  1  0.12756  1.15336e-05 |  2 -0.12779  2.93159e-05 |  3  0.30727  1.04971e-05
  4 -0.99993 -1.71916e-07 |  5  0.99947 -5.50667e-07 |  6 -0.99943 -4.24597e-07
  7  0.01559  1.04075e-04 |  8 -0.00991 -1.03255e-06 |  9 -0.01104 -1.76337e-06
 10 -0.01230 -9.90641e-07 | 11 -0.01370 -7.12036e-07 | 12 -0.01524 -1.07111e-06
 13 -0.01694 -1.86612e-06 | 14 -0.01880 -1.40860e-06 | 15 -0.02081 -1.03697e-06
 16 -0.02296 -8.70998e-07 | 17 -0.02523 -8.75128e-07 | 18 -0.02760 -1.22459e-06
 19 -0.03005 -1.56175e-06 | 20 -0.03255 -8.30646e-07 | 21 -0.03508 -1.21970e-06
 22 -0.03762 -6.32385e-07 | 23 -0.04010 -7.70530e-07 | 24 -0.04245 -1.43449e-06
 25 -0.04458 -2.82806e-07 | 26 -0.04653 -8.96783e-07 | 27 -0.04838 -8.55763e-07
 28 -0.05030 -4.43221e-07 | 29 -0.05219 -4.19033e-07 | 30 -0.05373 -2.58633e-07
 31 -0.05456 -2.43570e-07 | 32 -0.05423 -1.44065e-07 | 33 -0.05224  8.90505e-08
 34 -0.04759  2.58333e-07 | 35 -0.03901  2.23533e-07 | 36 -0.02481  1.27970e-06
 37 -0.00316  1.28248e-06 | 38  0.02750  3.11792e-06 | 39  0.06835  2.98335e-06
 40  0.09872  8.54918e-06 | 41  0.06003  3.39997e-06 | 42  0.02629  3.05220e-06
 43  0.00433  2.74907e-06 | 44 -0.00803  2.47817e-06 | 45 -0.01268  1.49231e-06
 46 -0.01239  1.62192e-06 | 47 -0.00846  1.65557e-06 | 48 -0.00106  1.53820e-06
 49 -0.00000  1.23101e-06 | 50 -0.01711  3.89808e-07 | 51 -0.01543  2.87531e-07
 52  0.01407  3.83809e-07 | 53  0.03940  3.81984e-07 | 54  0.01992  5.29174e-07
 55  0.03205  3.11143e-07 | 56  0.04161 -4.94819e-07 | 57  0.04826 -2.96602e-07
 58  0.05663 -5.92091e-07 | 59  0.03492 -4.36470e-07 | 60  0.02352 -9.64383e-07
 61  0.05116 -8.66609e-07 | 62  0.07752 -7.07062e-07 | 63  0.07146 -1.01818e-06
 64  0.08475 -7.13403e-07 | 65  0.05420 -8.52271e-07 | 66  0.08459 -8.18590e-07
 67  0.06455 -4.15260e-07 | 68  0.04675  1.94978e-07 | 69  0.02752 -5.91402e-07
 70  0.01737 -2.56398e-07 | 71 -0.01792 -1.11573e-06 | 72 -0.03961 -1.13954e-06
 73 -0.05151 -1.13019e-06 | 74 -0.02080 -1.53093e-06 | 75  0.01613 -1.24027e-06
 76 -0.00169 -1.52490e-06 | 77  0.00000 -8.19477e-18 | 78  0.00000  0.00000e+00
 79  0.00000  0.00000e+00 | 80  0.00000  0.00000e+00 | 81  0.00000  0.00000e+00
 82  0.00000  0.00000e+00 | 83  0.00000  0.00000e+00 | 84  0.17688  6.76177e-07
 85  0.06697 -6.78366e-09 | 86  0.30728 -8.24646e-07 | 87 -0.69675  4.44122e-08
 88 -0.99235 -1.69680e-07 | 89  0.02715  6.83905e-07 | 90 -0.11043  3.34051e-07
 91  0.14469 -1.59740e-06 | 92  0.26969 -1.97380e-07 | 93 -0.08743 -1.15841e-07
 94 -0.97535 -7.70728e-08 | 95 -0.14064  6.70911e-07 | 96 -0.09341 -5.01425e-07
 97 -0.02776  1.44040e-06 | 98  0.29118  1.39733e-08 | 99 -0.18743  7.65680e-08
100 -0.99334  5.23407e-07 |101  0.00131  7.67278e-06 |
  ic > imax  in fminim is answer attained ?
Var    Value     Gradient |Var    Value     Gradient |Var    Value     Gradient
  1  0.12756  1.15336e-05 |  2 -0.12779  2.93159e-05 |  3  0.30727  1.04971e-05
  4 -0.99993 -1.71916e-07 |  5  0.99947 -5.50667e-07 |  6 -0.99943 -4.24597e-07
  7  0.01559  1.04075e-04 |  8 -0.00991 -1.03255e-06 |  9 -0.01104 -1.76337e-06
 10 -0.01230 -9.90641e-07 | 11 -0.01370 -7.12036e-07 | 12 -0.01524 -1.07111e-06
 13 -0.01694 -1.86612e-06 | 14 -0.01880 -1.40860e-06 | 15 -0.02081 -1.03697e-06
 16 -0.02296 -8.70998e-07 | 17 -0.02523 -8.75128e-07 | 18 -0.02760 -1.22459e-06
 19 -0.03005 -1.56175e-06 | 20 -0.03255 -8.30646e-07 | 21 -0.03508 -1.21970e-06
 22 -0.03762 -6.32385e-07 | 23 -0.04010 -7.70530e-07 | 24 -0.04245 -1.43449e-06
 25 -0.04458 -2.82806e-07 | 26 -0.04653 -8.96783e-07 | 27 -0.04838 -8.55763e-07
 28 -0.05030 -4.43221e-07 | 29 -0.05219 -4.19033e-07 | 30 -0.05373 -2.58633e-07
 31 -0.05456 -2.43570e-07 | 32 -0.05423 -1.44065e-07 | 33 -0.05224  8.90505e-08
 34 -0.04759  2.58333e-07 | 35 -0.03901  2.23533e-07 | 36 -0.02481  1.27970e-06
 37 -0.00316  1.28248e-06 | 38  0.02750  3.11792e-06 | 39  0.06835  2.98335e-06
 40  0.09872  8.54918e-06 | 41  0.06003  3.39997e-06 | 42  0.02629  3.05220e-06
 43  0.00433  2.74907e-06 | 44 -0.00803  2.47817e-06 | 45 -0.01268  1.49231e-06
 46 -0.01239  1.62192e-06 | 47 -0.00846  1.65557e-06 | 48 -0.00106  1.53820e-06
 49 -0.00000  1.23101e-06 | 50 -0.01711  3.89808e-07 | 51 -0.01543  2.87531e-07
 52  0.01407  3.83809e-07 | 53  0.03940  3.81984e-07 | 54  0.01992  5.29174e-07
 55  0.03205  3.11143e-07 | 56  0.04161 -4.94819e-07 | 57  0.04826 -2.96602e-07
 58  0.05663 -5.92091e-07 | 59  0.03492 -4.36470e-07 | 60  0.02352 -9.64383e-07
 61  0.05116 -8.66609e-07 | 62  0.07752 -7.07062e-07 | 63  0.07146 -1.01818e-06
 64  0.08475 -7.13403e-07 | 65  0.05420 -8.52271e-07 | 66  0.08459 -8.18590e-07
 67  0.06455 -4.15260e-07 | 68  0.04675  1.94978e-07 | 69  0.02752 -5.91402e-07
 70  0.01737 -2.56398e-07 | 71 -0.01792 -1.11573e-06 | 72 -0.03961 -1.13954e-06
 73 -0.05151 -1.13019e-06 | 74 -0.02080 -1.53093e-06 | 75  0.01613 -1.24027e-06
 76 -0.00169 -1.52490e-06 | 77  0.00000 -8.19477e-18 | 78  0.00000  0.00000e+00
 79  0.00000  0.00000e+00 | 80  0.00000  0.00000e+00 | 81  0.00000  0.00000e+00
 82  0.00000  0.00000e+00 | 83  0.00000  0.00000e+00 | 84  0.17688  6.76177e-07
 85  0.06697 -6.78366e-09 | 86  0.30728 -8.24646e-07 | 87 -0.69675  4.44122e-08
 88 -0.99235 -1.69680e-07 | 89  0.02715  6.83905e-07 | 90 -0.11043  3.34051e-07
 91  0.14469 -1.59740e-06 | 92  0.26969 -1.97380e-07 | 93 -0.08743 -1.15841e-07
 94 -0.97535 -7.70728e-08 | 95 -0.14064  6.70911e-07 | 96 -0.09341 -5.01425e-07
 97 -0.02776  1.44040e-06 | 98  0.29118  1.39733e-08 | 99 -0.18743  7.65680e-08
100 -0.99334  5.23407e-07 |101  0.00131  7.67278e-06 |
Function minimizer not making progress ... is minimum attained?
Minimprove criterion = 0.0000e+00
Warning: the following parameters had issues
  MGparm[5] is within 0.1% of lower bound: -1.0000e+00 < -1.0000e+00 < 2.0000e+00
  MGparm[6] is within 0.1% of upper bound: 5.0000e-02 < 3.5000e-01 < 3.5000e-01
  MGparm[7] is within 0.1% of lower bound: 5.0000e-02 < 5.0000e-02 < 2.5000e-01
  selparm[5] is within 0.1% of lower bound: -5.0000e+00 < -4.9995e+00 < 9.0000e+00
  selparm[11] is within 0.1% of lower bound: -5.0000e+00 < -4.9948e+00 < 9.0000e+00
  selparm[17] is within 0.1% of lower bound: -5.0000e+00 < -4.9996e+00 < 9.0000e+00


 - final statistics:
101 variables; iteration 1; function evaluation 30
Function value 2.4543e+02; maximum gradient component mag 1.0407e-04
Exit code = 1;  converg criter 1.0000e-04
Var    Value     Gradient |Var    Value     Gradient |Var    Value     Gradient
  1  0.12756  1.15336e-05 |  2 -0.12779  2.93159e-05 |  3  0.30727  1.04971e-05
  4 -0.99993 -1.71916e-07 |  5  0.99947 -5.50667e-07 |  6 -0.99943 -4.24597e-07
  7  0.01559  1.04075e-04 |  8 -0.00991 -1.03255e-06 |  9 -0.01104 -1.76337e-06
 10 -0.01230 -9.90641e-07 | 11 -0.01370 -7.12036e-07 | 12 -0.01524 -1.07111e-06
 13 -0.01694 -1.86612e-06 | 14 -0.01880 -1.40860e-06 | 15 -0.02081 -1.03697e-06
 16 -0.02296 -8.70998e-07 | 17 -0.02523 -8.75128e-07 | 18 -0.02760 -1.22459e-06
 19 -0.03005 -1.56175e-06 | 20 -0.03255 -8.30646e-07 | 21 -0.03508 -1.21970e-06
 22 -0.03762 -6.32385e-07 | 23 -0.04010 -7.70530e-07 | 24 -0.04245 -1.43449e-06
 25 -0.04458 -2.82806e-07 | 26 -0.04653 -8.96783e-07 | 27 -0.04838 -8.55763e-07
 28 -0.05030 -4.43221e-07 | 29 -0.05219 -4.19033e-07 | 30 -0.05373 -2.58633e-07
 31 -0.05456 -2.43570e-07 | 32 -0.05423 -1.44065e-07 | 33 -0.05224  8.90505e-08
 34 -0.04759  2.58333e-07 | 35 -0.03901  2.23533e-07 | 36 -0.02481  1.27970e-06
 37 -0.00316  1.28248e-06 | 38  0.02750  3.11792e-06 | 39  0.06835  2.98335e-06
 40  0.09872  8.54918e-06 | 41  0.06003  3.39997e-06 | 42  0.02629  3.05220e-06
 43  0.00433  2.74907e-06 | 44 -0.00803  2.47817e-06 | 45 -0.01268  1.49231e-06
 46 -0.01239  1.62192e-06 | 47 -0.00846  1.65557e-06 | 48 -0.00106  1.53820e-06
 49 -0.00000  1.23101e-06 | 50 -0.01711  3.89808e-07 | 51 -0.01543  2.87531e-07
 52  0.01407  3.83809e-07 | 53  0.03940  3.81984e-07 | 54  0.01992  5.29174e-07
 55  0.03205  3.11143e-07 | 56  0.04161 -4.94819e-07 | 57  0.04826 -2.96602e-07
 58  0.05663 -5.92091e-07 | 59  0.03492 -4.36470e-07 | 60  0.02352 -9.64383e-07
 61  0.05116 -8.66609e-07 | 62  0.07752 -7.07062e-07 | 63  0.07146 -1.01818e-06
 64  0.08475 -7.13403e-07 | 65  0.05420 -8.52271e-07 | 66  0.08459 -8.18590e-07
 67  0.06455 -4.15260e-07 | 68  0.04675  1.94978e-07 | 69  0.02752 -5.91402e-07
 70  0.01737 -2.56398e-07 | 71 -0.01792 -1.11573e-06 | 72 -0.03961 -1.13954e-06
 73 -0.05151 -1.13019e-06 | 74 -0.02080 -1.53093e-06 | 75  0.01613 -1.24027e-06
 76 -0.00169 -1.52490e-06 | 77  0.00000 -8.19477e-18 | 78  0.00000  0.00000e+00
 79  0.00000  0.00000e+00 | 80  0.00000  0.00000e+00 | 81  0.00000  0.00000e+00
 82  0.00000  0.00000e+00 | 83  0.00000  0.00000e+00 | 84  0.17688  6.76177e-07
 85  0.06697 -6.78366e-09 | 86  0.30728 -8.24646e-07 | 87 -0.69675  4.44122e-08
 88 -0.99235 -1.69680e-07 | 89  0.02715  6.83905e-07 | 90 -0.11043  3.34051e-07
 91  0.14469 -1.59740e-06 | 92  0.26969 -1.97380e-07 | 93 -0.08743 -1.15841e-07
 94 -0.97535 -7.70728e-08 | 95 -0.14064  6.70911e-07 | 96 -0.09341 -5.01425e-07
 97 -0.02776  1.44040e-06 | 98  0.29118  1.39733e-08 | 99 -0.18743  7.65680e-08
100 -0.99334  5.23407e-07 |101  0.00131  7.67278e-06 |
Estimating row 1 out of 101 for hessian
Estimating row 2 out of 101 for hessian
Estimating row 3 out of 101 for hessian
Estimating row 4 out of 101 for hessian
Estimating row 5 out of 101 for hessian
Estimating row 6 out of 101 for hessian
Estimating row 7 out of 101 for hessian
Estimating row 8 out of 101 for hessian
Estimating row 9 out of 101 for hessian
Estimating row 10 out of 101 for hessian
Estimating row 11 out of 101 for hessian
Estimating row 12 out of 101 for hessian
Estimating row 13 out of 101 for hessian
Estimating row 14 out of 101 for hessian
Estimating row 15 out of 101 for hessian
Estimating row 16 out of 101 for hessian
Estimating row 17 out of 101 for hessian
Estimating row 18 out of 101 for hessian
Estimating row 19 out of 101 for hessian
Estimating row 20 out of 101 for hessian
Estimating row 21 out of 101 for hessian
Estimating row 22 out of 101 for hessian
Estimating row 23 out of 101 for hessian
Estimating row 24 out of 101 for hessian
Estimating row 25 out of 101 for hessian
Estimating row 26 out of 101 for hessian
Estimating row 27 out of 101 for hessian
Estimating row 28 out of 101 for hessian
Estimating row 29 out of 101 for hessian
Estimating row 30 out of 101 for hessian
Estimating row 31 out of 101 for hessian
Estimating row 32 out of 101 for hessian
Estimating row 33 out of 101 for hessian
Estimating row 34 out of 101 for hessian
Estimating row 35 out of 101 for hessian
Estimating row 36 out of 101 for hessian
Estimating row 37 out of 101 for hessian
Estimating row 38 out of 101 for hessian
Estimating row 39 out of 101 for hessian
Estimating row 40 out of 101 for hessian
Estimating row 41 out of 101 for hessian
Estimating row 42 out of 101 for hessian
Estimating row 43 out of 101 for hessian
Estimating row 44 out of 101 for hessian
Estimating row 45 out of 101 for hessian
Estimating row 46 out of 101 for hessian
Estimating row 47 out of 101 for hessian
Estimating row 48 out of 101 for hessian
Estimating row 49 out of 101 for hessian
Estimating row 50 out of 101 for hessian
Estimating row 51 out of 101 for hessian
Estimating row 52 out of 101 for hessian
Estimating row 53 out of 101 for hessian
Estimating row 54 out of 101 for hessian
Estimating row 55 out of 101 for hessian
Estimating row 56 out of 101 for hessian
Estimating row 57 out of 101 for hessian
Estimating row 58 out of 101 for hessian
Estimating row 59 out of 101 for hessian
Estimating row 60 out of 101 for hessian
Estimating row 61 out of 101 for hessian
Estimating row 62 out of 101 for hessian
Estimating row 63 out of 101 for hessian
Estimating row 64 out of 101 for hessian
Estimating row 65 out of 101 for hessian
Estimating row 66 out of 101 for hessian
Estimating row 67 out of 101 for hessian
Estimating row 68 out of 101 for hessian
Estimating row 69 out of 101 for hessian
Estimating row 70 out of 101 for hessian
Estimating row 71 out of 101 for hessian
Estimating row 72 out of 101 for hessian
Estimating row 73 out of 101 for hessian
Estimating row 74 out of 101 for hessian
Estimating row 75 out of 101 for hessian
Estimating row 76 out of 101 for hessian
Estimating row 77 out of 101 for hessian
Estimating row 78 out of 101 for hessian
Estimating row 79 out of 101 for hessian
Estimating row 80 out of 101 for hessian
Estimating row 81 out of 101 for hessian
Estimating row 82 out of 101 for hessian
Estimating row 83 out of 101 for hessian
Estimating row 84 out of 101 for hessian
Estimating row 85 out of 101 for hessian
Estimating row 86 out of 101 for hessian
Estimating row 87 out of 101 for hessian
Estimating row 88 out of 101 for hessian
Estimating row 89 out of 101 for hessian
Estimating row 90 out of 101 for hessian
Estimating row 91 out of 101 for hessian
Estimating row 92 out of 101 for hessian
Estimating row 93 out of 101 for hessian
Estimating row 94 out of 101 for hessian
Estimating row 95 out of 101 for hessian
Estimating row 96 out of 101 for hessian
Estimating row 97 out of 101 for hessian
Estimating row 98 out of 101 for hessian
Estimating row 99 out of 101 for hessian
Estimating row 100 out of 101 for hessian
Estimating row 101 out of 101 for hessian
size of file gradfil1.tmp = 0
size of file gradfil2.tmp = 0
size of file varssave.tmp = 0
size of file cmpdiff.tmp = 0
