Alternative 1 Catch
     EBS_SKATE 
Equil_Fabc 0 
Year 
2020 14779 
2021 33269.2 
2022 30824.9 
2023 28825.5 
2024 27277.7 
2025 26144 
2026 25384.1 
2027 24947.3 
2028 24763.5 
2029 24752.9 
2030 24842.4 
2031 24978 
2032 25125 
2033 25266 
2034 25393.6 

Alternative 1 ABCs
     EBS_SKATE 

Year 
2020 34527 
2021 33269.2 
2022 30824.9 
2023 28825.5 
2024 27277.7 
2025 26144 
2026 25384.1 
2027 24947.3 
2028 24763.5 
2029 24752.9 
2030 24842.4 
2031 24978 
2032 25125 
2033 25266 
2034 25393.6 

Alternative 1 TACs
     EBS_SKATE 

Year 
2020  NA 
2021 33269.2 
2022 30824.9 
2023 28825.5 
2024 27277.7 
2025 26144 
2026 25384.1 
2027 24947.3 
2028 24763.5 
2029 24752.9 
2030 24842.4 
2031 24978 
2032 25125 
2033 25266 
2034 25393.6 

Alternative 1 Sp_Biomass
     EBS_SKATE 
Equil_Fabc 0 
Year 
2020 124451 
2021 122201 
2022 115309 
2023 107459 
2024 99236.9 
2025 91377.4 
2026 84499.2 
2027 78919.2 
2028 74647.7 
2029 71567.4 
2030 69538.5 
2031 68411.6 
2032 67988.1 
2033 68038.9 
2034 68356.6 

Alternative 1 Fishing Mortality
     EBS_SKATE 
Equil_Fabc 0.079212 
Year 
2020 0.033203 
2021 0.079212 
2022 0.079212 
2023 0.079212 
2024 0.079212 
2025 0.079212 
2026 0.079212 
2027 0.079212 
2028 0.079212 
2029 0.079212 
2030 0.079212 
2031 0.079212 
2032 0.079212 
2033 0.079212 
2034 0.079212 

Alternative 1 Biomass
     EBS_SKATE 

Year 
2020 519441 
2021 505379 
2022 474165 
2023 448644 
2024 429033 
2025 414904 
2026 405531 
2027 400070 
2028 397588 
2029 397179 
2030 398083 
2031 399674 
2032 401554 
2033 403429 
2034 405156 

Alternative 1 Implied SPR rate 
     EBS_SKATE 
Equil_Fabc 0.4 
Year 
2020 0.660385 
2021 0.4 
2022 0.4 
2023 0.4 
2024 0.4 
2025 0.4 
2026 0.4 
2027 0.4 
2028 0.4 
2029 0.4 
2030 0.4 
2031 0.4 
2032 0.4 
2033 0.4 
2034 0.4 

  EBS_SKATE 
EquilAvgAgeF0  7.92384 
EquilAvgAgeFabc  0 
AvgAgeYr2034 93.7648 
Alternative 2 Catch
     EBS_SKATE 
Equil_Fabc 0 
Year 
2020 14779 
2021 16317.8 
2022 21380.8 
2023 30566.9 
2024 28798.7 
2025 27456.2 
2026 26502.7 
2027 25890.5 
2028 25551.5 
2029 25406.2 
2030 25381.1 
2031 25420.3 
2032 25487.1 
2033 25561.9 
2034 25635 

Alternative 2 ABCs
     EBS_SKATE 

Year 
2020 34527 
2021 33269.2 
2022 31985.2 
2023 30566.9 
2024 28798.7 
2025 27456.2 
2026 26502.7 
2027 25890.5 
2028 25551.5 
2029 25406.2 
2030 25381.1 
2031 25420.3 
2032 25487.1 
2033 25561.9 
2034 25635 

Alternative 2 TACs
     EBS_SKATE 

Year 
2020  NA 
2021  NA 
2022  NA 
2023 30566.9 
2024 28798.7 
2025 27456.2 
2026 26502.7 
2027 25890.5 
2028 25551.5 
2029 25406.2 
2030 25381.1 
2031 25420.3 
2032 25487.1 
2033 25561.9 
2034 25635 

Alternative 2 Sp_Biomass
     EBS_SKATE 
Equil_Fabc 0 
Year 
2020 124451 
2021 124260 
2022 121343 
2023 114804 
2024 105959 
2025 97448.4 
2026 89917.4 
2027 83700.4 
2028 78817.3 
2029 75159 
2030 72594.2 
2031 70982.4 
2032 70130.5 
2033 69811.2 
2034 69814.8 

Alternative 2 Fishing Mortality
     EBS_SKATE 
Equil_Fabc 0.079212 
Year 
2020 0.033203 
2021 0.0381346 
2022 0.0523132 
2023 0.079212 
2024 0.079212 
2025 0.079212 
2026 0.079212 
2027 0.079212 
2028 0.079212 
2029 0.079212 
2030 0.079212 
2031 0.079212 
2032 0.079212 
2033 0.079212 
2034 0.079212 

Alternative 2 Biomass
     EBS_SKATE 

Year 
2020 519441 
2021 505379 
2022 490758 
2023 473527 
2024 450679 
2025 433531 
2026 421398 
2027 413458 
2028 408792 
2029 406490 
2030 405776 
2031 406004 
2032 406744 
2033 407675 
2034 408623 

Alternative 2 Implied SPR rate 
     EBS_SKATE 
Equil_Fabc 0.4 
Year 
2020 0.660385 
2021 0.623613 
2022 0.531639 
2023 0.4 
2024 0.4 
2025 0.4 
2026 0.4 
2027 0.4 
2028 0.4 
2029 0.4 
2030 0.4 
2031 0.4 
2032 0.4 
2033 0.4 
2034 0.4 

  EBS_SKATE 
EquilAvgAgeF0  7.92384 
EquilAvgAgeFabc  0 
AvgAgeYr2034 94.9783 
Alternative 3 Catch
     EBS_SKATE 
Equil_Fabc 0 
Year 
2020 14779 
2021 174835 
2022 111850 
2023 75490 
2024 54925.8 
2025 43655 
2026 37883 
2027 35259.1 
2028 34266.9 
2029 33999.6 
2030 33986.8 
2031 34024.8 
2032 34054.5 
2033 34075.8 
2034 34095 

Alternative 3 ABCs
     EBS_SKATE 

Year 
2020 34527 
2021 33269.2 
2022 21195.4 
2023 14220.2 
2024 10273.1 
2025 8102.46 
2026 6982.35 
2027 6467.94 
2028 6271.46 
2029 6217.83 
2030 6215.13 
2031 6222.97 
2032 6229 
2033 6233.05 
2034 6236.55 

Alternative 3 TACs
     EBS_SKATE 

Year 
2020  NA 
2021 174835 
2022 111850 
2023 75490 
2024 54925.8 
2025 43655 
2026 37883 
2027 35259.1 
2028 34266.9 
2029 33999.6 
2030 33986.8 
2031 34024.8 
2032 34054.5 
2033 34075.8 
2034 34095 

Alternative 3 Sp_Biomass
     EBS_SKATE 
Equil_Fabc 0 
Year 
2020 124451 
2021 102973 
2022 64464 
2023 39954.2 
2024 24708.5 
2025 15481 
2026 10042 
2027 6909.61 
2028 5149.8 
2029 4203.71 
2030 3732.69 
2031 3525.07 
2032 3449.61 
2033 3430.74 
2034 3430.47 

Alternative 3 Fishing Mortality
     EBS_SKATE 
Equil_Fabc 0.079212 
Year 
2020 0.033203 
2021 0.5 
2022 0.5 
2023 0.5 
2024 0.5 
2025 0.5 
2026 0.5 
2027 0.5 
2028 0.5 
2029 0.5 
2030 0.5 
2031 0.5 
2032 0.5 
2033 0.5 
2034 0.5 

Alternative 3 Biomass
     EBS_SKATE 

Year 
2020 519441 
2021 505379 
2022 336122 
2023 238801 
2024 184464 
2025 155333 
2026 140709 
2027 134090 
2028 131510 
2029 130710 
2030 130585 
2031 130635 
2032 130726 
2033 130795 
2034 130835 

Alternative 3 Implied SPR rate 
     EBS_SKATE 
Equil_Fabc 0.4 
Year 
2020 0.660385 
2021 0.0191888 
2022 0.0191888 
2023 0.0191888 
2024 0.0191888 
2025 0.0191888 
2026 0.0191888 
2027 0.0191888 
2028 0.0191888 
2029 0.0191888 
2030 0.0191888 
2031 0.0191888 
2032 0.0191888 
2033 0.0191888 
2034 0.0191888 

  EBS_SKATE 
EquilAvgAgeF0  7.92384 
EquilAvgAgeFabc  0 
AvgAgeYr2034 64.8825 
Alternative 4 Catch
     EBS_SKATE 
Equil_Fabc 0 
Year 
2020 14779 
2021 17732.7 
2022 16994.6 
2023 16398.8 
2024 15963.5 
2025 15683.3 
2026 15549.3 
2027 15545.8 
2028 15646 
2029 15815.1 
2030 16019.3 
2031 16232.6 
2032 16437.6 
2033 16625.9 
2034 16794.1 

Alternative 4 ABCs
     EBS_SKATE 

Year 
2020 34527 
2021 33269.2 
2022 31888.3 
2023 30774 
2024 29960 
2025 29436.4 
2026 29187 
2027 29182 
2028 29370.8 
2029 29688.2 
2030 30071.1 
2031 30470.7 
2032 30854.9 
2033 31207.7 
2034 31523.1 

Alternative 4 TACs
     EBS_SKATE 

Year 
2020  NA 
2021 17732.7 
2022 16994.6 
2023 16398.8 
2024 15963.5 
2025 15683.3 
2026 15549.3 
2027 15545.8 
2028 15646 
2029 15815.1 
2030 16019.3 
2031 16232.6 
2032 16437.6 
2033 16625.9 
2034 16794.1 

Alternative 4 Sp_Biomass
     EBS_SKATE 
Equil_Fabc 0 
Year 
2020 124451 
2021 124090 
2022 121478 
2023 117427 
2024 112431 
2025 107230 
2026 102537 
2027 98794.8 
2028 96111.8 
2029 94436 
2030 93676.6 
2031 93730.2 
2032 94427.8 
2033 95547.4 
2034 96873.2 

Alternative 4 Fishing Mortality
     EBS_SKATE 
Equil_Fabc 0.079212 
Year 
2020 0.033203 
2021 0.0415047 
2022 0.0415047 
2023 0.0415047 
2024 0.0415047 
2025 0.0415047 
2026 0.0415047 
2027 0.0415047 
2028 0.0415047 
2029 0.0415047 
2030 0.0415047 
2031 0.0415047 
2032 0.0415047 
2033 0.0415047 
2034 0.0415047 

Alternative 4 Biomass
     EBS_SKATE 

Year 
2020 519441 
2021 505379 
2022 489373 
2023 476510 
2024 467371 
2025 461920 
2026 459793 
2027 460459 
2028 463252 
2029 467475 
2030 472509 
2031 477814 
2032 483034 
2033 487902 
2034 492291 

Alternative 4 Implied SPR rate 
     EBS_SKATE 
Equil_Fabc 0.4 
Year 
2020 0.660385 
2021 0.6 
2022 0.6 
2023 0.6 
2024 0.6 
2025 0.6 
2026 0.6 
2027 0.6 
2028 0.6 
2029 0.6 
2030 0.6 
2031 0.6 
2032 0.6 
2033 0.6 
2034 0.6 

  EBS_SKATE 
EquilAvgAgeF0  7.92384 
EquilAvgAgeFabc  0 
AvgAgeYr2034 99.627 
Alternative 5 Catch
     EBS_SKATE 
Equil_Fabc 0 
Year 
2020 14779 
2021  NA 
2022  NA 
2023  NA 
2024  NA 
2025  NA 
2026  NA 
2027  NA 
2028  NA 
2029  NA 
2030  NA 
2031  NA 
2032  NA 
2033  NA 
2034  NA 

Alternative 5 ABCs
     EBS_SKATE 

Year 
2020 34527 
2021 33269.2 
2022 33103.3 
2023 33082.5 
2024 33250.7 
2025 33612 
2026 34163.2 
2027 34887.3 
2028 35746.4 
2029 36686.6 
2030 37651.3 
2031 38595 
2032 39486.1 
2033 40308.6 
2034 41056.2 

Alternative 5 TACs
     EBS_SKATE 

Year 
2020  NA 
2021  NA 
2022  NA 
2023  NA 
2024  NA 
2025  NA 
2026  NA 
2027  NA 
2028  NA 
2029  NA 
2030  NA 
2031  NA 
2032  NA 
2033  NA 
2034  NA 

Alternative 5 Sp_Biomass
     EBS_SKATE 
Equil_Fabc 0 
Year 
2020 124451 
2021 126203 
2022 128650 
2023 129472 
2024 128994 
2025 127893 
2026 126920 
2027 126611 
2028 127151 
2029 128527 
2030 130675 
2031 133524 
2032 136927 
2033 140658 
2034 144483 

Alternative 5 Fishing Mortality
     EBS_SKATE 
Equil_Fabc 0.079212 
Year 
2020 0.033203 
2021  NA 
2022  NA 
2023  NA 
2024  NA 
2025  NA 
2026  NA 
2027  NA 
2028  NA 
2029  NA 
2030  NA 
2031  NA 
2032  NA 
2033  NA 
2034  NA 

Alternative 5 Biomass
     EBS_SKATE 

Year 
2020 519441 
2021 505379 
2022 506741 
2023 509502 
2024 514361 
2025 521486 
2026 530722 
2027 541734 
2028 554037 
2029 567081 
2030 580351 
2031 593359 
2032 605767 
2033 617309 
2034 627855 

Alternative 5 Implied SPR rate 
     EBS_SKATE 
Equil_Fabc 0.4 
Year 
2020 0.660385 
2021 1 
2022 1 
2023 1 
2024 1 
2025 1 
2026 1 
2027 1 
2028 1 
2029 1 
2030 1 
2031 1 
2032 1 
2033 1 
2034 1 

  EBS_SKATE 
EquilAvgAgeF0  7.92384 
EquilAvgAgeFabc  0 
AvgAgeYr2034 107.289 
Alternative 6 Catch
     EBS_SKATE 
Equil_Fabc 0 
Year 
2020 14779 
2021 38638.7 
2022 35375.2 
2023 32717.9 
2024 30657.4 
2025 29134.6 
2026 28090 
2027 27453.3 
2028 27133.6 
2029 27031.1 
2030 27056.7 
2031 27145.4 
2032 27255.6 
2033 27366.6 
2034 27469.3 

Alternative 6 ABCs
     EBS_SKATE 

Year 
2020 34527 
2021 33269.2 
2022 30457.7 
2023 28168.2 
2024 26393 
2025 25080.9 
2026 24180.6 
2027 23631.7 
2028 23356.1 
2029 23267.7 
2030 23289.8 
2031 23366.1 
2032 23461.2 
2033 23556.8 
2034 23645.2 

Alternative 6 TACs
     EBS_SKATE 

Year 
2020  NA 
2021 38638.7 
2022 35375.2 
2023 32717.9 
2024 30657.4 
2025 29134.6 
2026 28090 
2027 27453.3 
2028 27133.6 
2029 27031.1 
2030 27056.7 
2031 27145.4 
2032 27255.6 
2033 27366.6 
2034 27469.3 

Alternative 6 Sp_Biomass
     EBS_SKATE 
Equil_Fabc 0 
Year 
2020 124451 
2021 121539 
2022 113203 
2023 104139 
2024 94950.6 
2025 86351.8 
2026 78914.9 
2027 72903.8 
2028 68288.4 
2029 64923.7 
2030 62649.3 
2031 61298.3 
2032 60661.3 
2033 60506.7 
2034 60629.6 

Alternative 6 Fishing Mortality
     EBS_SKATE 
Equil_Fabc 0.079212 
Year 
2020 0.033203 
2021 0.0925522 
2022 0.0925522 
2023 0.0925522 
2024 0.0925522 
2025 0.0925522 
2026 0.0925522 
2027 0.0925522 
2028 0.0925522 
2029 0.0925522 
2030 0.0925522 
2031 0.0925522 
2032 0.0925522 
2033 0.0925522 
2034 0.0925522 

Alternative 6 Biomass
     EBS_SKATE 

Year 
2020 519441 
2021 505379 
2022 468912 
2023 439238 
2024 416379 
2025 399712 
2026 388346 
2027 381295 
2028 377514 
2029 376012 
2030 375972 
2031 376736 
2032 377888 
2033 379127 
2034 380300 

Alternative 6 Implied SPR rate 
     EBS_SKATE 
Equil_Fabc 0.4 
Year 
2020 0.660385 
2021 0.35 
2022 0.35 
2023 0.35 
2024 0.35 
2025 0.35 
2026 0.35 
2027 0.35 
2028 0.35 
2029 0.35 
2030 0.35 
2031 0.35 
2032 0.35 
2033 0.35 
2034 0.35 

  EBS_SKATE 
EquilAvgAgeF0  7.92384 
EquilAvgAgeFabc  0 
AvgAgeYr2034 91.9144 
Alternative 7 Catch
     EBS_SKATE 
Equil_Fabc 0 
Year 
2020 14779 
2021 33269.2 
2022 30824.9 
2023 33481.2 
2024 31317.6 
2025 29698.6 
2026 28565.9 
2027 27850.3 
2028 27461.7 
2029 27300 
2030 27275.8 
2031 27323.1 
2032 27399.3 
2033 27482.6 
2034 27562.7 

Alternative 7 ABCs
     EBS_SKATE 

Year 
2020 34527 
2021 33269.2 
2022 30824.9 
2023 28825.5 
2024 26961.5 
2025 25566.6 
2026 24590.5 
2027 23973.7 
2028 23638.6 
2029 23499.3 
2030 23478.5 
2031 23519.2 
2032 23584.9 
2033 23656.7 
2034 23725.7 

Alternative 7 TACs
     EBS_SKATE 

Year 
2020  NA 
2021 38638.7 
2022 35801.7 
2023 33481.2 
2024 31317.6 
2025 29698.6 
2026 28565.9 
2027 27850.3 
2028 27461.7 
2029 27300 
2030 27275.8 
2031 27323.1 
2032 27399.3 
2033 27482.6 
2034 27562.7 

Alternative 7 Sp_Biomass
     EBS_SKATE 
Equil_Fabc 0 
Year 
2020 124451 
2021 122201 
2022 115309 
2023 106878 
2024 97426.9 
2025 88562.6 
2026 80866.7 
2027 74608.7 
2028 69760.6 
2029 66179.5 
2030 63707.1 
2031 62178.9 
2032 61387.2 
2033 61100.3 
2034 61112.2 

Alternative 7 Fishing Mortality
     EBS_SKATE 
Equil_Fabc 0.079212 
Year 
2020 0.033203 
2021 0.079212 
2022 0.079212 
2023 0.0925522 
2024 0.0925522 
2025 0.0925522 
2026 0.0925522 
2027 0.0925522 
2028 0.0925522 
2029 0.0925522 
2030 0.0925522 
2031 0.0925522 
2032 0.0925522 
2033 0.0925522 
2034 0.0925522 

Alternative 7 Biomass
     EBS_SKATE 

Year 
2020 519441 
2021 505379 
2022 474165 
2023 448644 
2024 424477 
2025 406609 
2026 394159 
2027 386147 
2028 381530 
2029 379310 
2030 378665 
2031 378925 
2032 379662 
2033 380560 
2034 381455 

Alternative 7 Implied SPR rate 
     EBS_SKATE 
Equil_Fabc 0.4 
Year 
2020 0.660385 
2021 0.4 
2022 0.4 
2023 0.35 
2024 0.35 
2025 0.35 
2026 0.35 
2027 0.35 
2028 0.35 
2029 0.35 
2030 0.35 
2031 0.35 
2032 0.35 
2033 0.35 
2034 0.35 

  EBS_SKATE 
EquilAvgAgeF0  7.92384 
EquilAvgAgeFabc  0 
AvgAgeYr2034 92.3589 
