Alternative 1 Catch
     EBS_SKATE 
Equil_Fabc 24130.7 
Year 
2023 17427 
2024 28104.4 
2025 26904 
2026 26185.3 
2027 25800.3 
2028 25575.2 
2029 25388.4 
2030 25192.5 
2031 24990.7 
2032 24803.4 
2033 24651.1 
2034 24542.1 
2035 24456.9 
2036 24330.5 

Alternative 1 ABCs
     EBS_SKATE 

Year 
2023 28985.4 
2024 28104.4 
2025 26904 
2026 26185.3 
2027 25800.3 
2028 25575.2 
2029 25388.4 
2030 25192.5 
2031 24990.7 
2032 24803.4 
2033 24651.1 
2034 24542.1 
2035 24456.9 
2036 24330.5 

Alternative 1 TACs
     EBS_SKATE 

Year 
2023  NA 
2024 28104.4 
2025 26904 
2026 26185.3 
2027 25800.3 
2028 25575.2 
2029 25388.4 
2030 25192.5 
2031 24990.7 
2032 24803.4 
2033 24651.1 
2034 24542.1 
2035 24456.9 
2036 24330.5 

Alternative 1 Sp_Biomass
     EBS_SKATE 
Equil_Fabc 69152.4 
Year 
2023 112692 
2024 107197 
2025 99482 
2026 92095.5 
2027 85578.7 
2028 80441.3 
2029 76963.2 
2030 75018.5 
2031 74071.8 
2032 73514.1 
2033 72965.8 
2034 72335.1 
2035 71687.9 
2036 71111.3 

Alternative 1 Fishing Mortality
     EBS_SKATE 
Equil_Fabc 0.0798249 
Year 
2023 0.0473272 
2024 0.0798249 
2025 0.0798249 
2026 0.0798249 
2027 0.0798249 
2028 0.0798249 
2029 0.0798249 
2030 0.0798249 
2031 0.0798249 
2032 0.0798249 
2033 0.0798249 
2034 0.0798249 
2035 0.0797662 
2036 0.0794562 

Alternative 1 Biomass
     EBS_SKATE 

Year 
2023 463795 
2024 455367 
2025 439806 
2026 428959 
2027 421482 
2028 416134 
2029 411969 
2030 408474 
2031 405423 
2032 402929 
2033 400933 
2034 399472 
2035 398451 
2036 397680 

Alternative 1 Implied SPR rate 
     EBS_SKATE 
Equil_Fabc 0.4 
Year 
2023 0.56525 
2024 0.4 
2025 0.4 
2026 0.4 
2027 0.4 
2028 0.4 
2029 0.4 
2030 0.4 
2031 0.4 
2032 0.4 
2033 0.4 
2034 0.4 
2035 0.40024 
2036 0.401522 

  EBS_SKATE 
EquilAvgAgeF0  7.92384 
EquilAvgAgeFabc  5.94219 
AvgAgeYr2036 6.04153 
Alternative 2 Catch
     EBS_SKATE 
Equil_Fabc 24130.7 
Year 
2023 17427 
2024 28104.4 
2025 26904 
2026 26185.3 
2027 25800.3 
2028 25575.2 
2029 25388.4 
2030 25192.5 
2031 24990.7 
2032 24803.4 
2033 24651.1 
2034 24542.1 
2035 24456.9 
2036 24330.5 

Alternative 2 ABCs
     EBS_SKATE 

Year 
2023 28985.4 
2024 28104.4 
2025 26904 
2026 26185.3 
2027 25800.3 
2028 25575.2 
2029 25388.4 
2030 25192.5 
2031 24990.7 
2032 24803.4 
2033 24651.1 
2034 24542.1 
2035 24456.9 
2036 24330.5 

Alternative 2 TACs
     EBS_SKATE 

Year 
2023  NA 
2024 28104.4 
2025 26904 
2026 26185.3 
2027 25800.3 
2028 25575.2 
2029 25388.4 
2030 25192.5 
2031 24990.7 
2032 24803.4 
2033 24651.1 
2034 24542.1 
2035 24456.9 
2036 24330.5 

Alternative 2 Sp_Biomass
     EBS_SKATE 
Equil_Fabc 69152.4 
Year 
2023 112692 
2024 107197 
2025 99482 
2026 92095.5 
2027 85578.7 
2028 80441.3 
2029 76963.2 
2030 75018.5 
2031 74071.8 
2032 73514.1 
2033 72965.8 
2034 72335.1 
2035 71687.9 
2036 71111.3 

Alternative 2 Fishing Mortality
     EBS_SKATE 
Equil_Fabc 0.0798249 
Year 
2023 0.0473272 
2024 0.0798249 
2025 0.0798249 
2026 0.0798249 
2027 0.0798249 
2028 0.0798249 
2029 0.0798249 
2030 0.0798249 
2031 0.0798249 
2032 0.0798249 
2033 0.0798249 
2034 0.0798249 
2035 0.0797662 
2036 0.0794562 

Alternative 2 Biomass
     EBS_SKATE 

Year 
2023 463795 
2024 455367 
2025 439806 
2026 428959 
2027 421482 
2028 416134 
2029 411969 
2030 408474 
2031 405423 
2032 402929 
2033 400933 
2034 399472 
2035 398451 
2036 397680 

Alternative 2 Implied SPR rate 
     EBS_SKATE 
Equil_Fabc 0.4 
Year 
2023 0.56525 
2024 0.4 
2025 0.4 
2026 0.4 
2027 0.4 
2028 0.4 
2029 0.4 
2030 0.4 
2031 0.4 
2032 0.4 
2033 0.4 
2034 0.4 
2035 0.40024 
2036 0.401522 

  EBS_SKATE 
EquilAvgAgeF0  7.92384 
EquilAvgAgeFabc  5.94219 
AvgAgeYr2036 6.04153 
Alternative 3 Catch
     EBS_SKATE 
Equil_Fabc 24130.7 
Year 
2023 17427 
2024 148231 
2025 100995 
2026 73202.8 
2027 56474.5 
2028 46002.8 
2029 39320.7 
2030 35147 
2031 32667 
2032 31286.7 
2033 30601 
2034 30314.7 
2035 30214.2 
2036 30164.9 

Alternative 3 ABCs
     EBS_SKATE 

Year 
2023 152570 
2024 148231 
2025 100995 
2026 73202.8 
2027 56474.5 
2028 46002.8 
2029 39320.7 
2030 35147 
2031 32667 
2032 31286.7 
2033 30601 
2034 30314.7 
2035 30214.2 
2036 30164.9 

Alternative 3 TACs
     EBS_SKATE 

Year 
2023  NA 
2024 148231 
2025 100995 
2026 73202.8 
2027 56474.5 
2028 46002.8 
2029 39320.7 
2030 35147 
2031 32667 
2032 31286.7 
2033 30601 
2034 30314.7 
2035 30214.2 
2036 30164.9 

Alternative 3 Sp_Biomass
     EBS_SKATE 
Equil_Fabc 69152.4 
Year 
2023 112692 
2024 91065 
2025 57156.7 
2026 35896.2 
2027 22823.4 
2028 14963 
2029 10309.7 
2030 7544.28 
2031 5847.52 
2032 4773.74 
2033 4093.07 
2034 3674.6 
2035 3429.19 
2036 3295.45 

Alternative 3 Fishing Mortality
     EBS_SKATE 
Equil_Fabc 0.0798249 
Year 
2023 0.0473272 
2024 0.5 
2025 0.5 
2026 0.5 
2027 0.5 
2028 0.5 
2029 0.5 
2030 0.5 
2031 0.5 
2032 0.5 
2033 0.5 
2034 0.5 
2035 0.5 
2036 0.5 

Alternative 3 Biomass
     EBS_SKATE 

Year 
2023 463795 
2024 455367 
2025 320780 
2026 240021 
2027 190711 
2028 160063 
2029 141004 
2030 129456 
2031 122731 
2032 119125 
2033 117308 
2034 116501 
2035 116157 
2036 115894 

Alternative 3 Implied SPR rate 
     EBS_SKATE 
Equil_Fabc 0.4 
Year 
2023 0.56525 
2024 0.0182403 
2025 0.0182403 
2026 0.0182403 
2027 0.0182403 
2028 0.0182403 
2029 0.0182403 
2030 0.0182403 
2031 0.0182403 
2032 0.0182403 
2033 0.0182403 
2034 0.0182403 
2035 0.0182403 
2036 0.0182403 

  EBS_SKATE 
EquilAvgAgeF0  7.92384 
EquilAvgAgeFabc  5.94219 
AvgAgeYr2036 3.70699 
Alternative 4 Catch
     EBS_SKATE 
Equil_Fabc 24130.7 
Year 
2023 17427 
2024 15030.8 
2025 14846.2 
2026 14869 
2027 15034.8 
2028 15257.3 
2029 15470.1 
2030 15642.6 
2031 15773.8 
2032 15875.5 
2033 15962.5 
2034 16044.8 
2035 16125.7 
2036 16203.1 

Alternative 4 ABCs
     EBS_SKATE 

Year 
2023 15504.8 
2024 15030.8 
2025 14846.2 
2026 14869 
2027 15034.8 
2028 15257.3 
2029 15470.1 
2030 15642.6 
2031 15773.8 
2032 15875.5 
2033 15962.5 
2034 16044.8 
2035 16125.7 
2036 16203.1 

Alternative 4 TACs
     EBS_SKATE 

Year 
2023  NA 
2024 15030.8 
2025 14846.2 
2026 14869 
2027 15034.8 
2028 15257.3 
2029 15470.1 
2030 15642.6 
2031 15773.8 
2032 15875.5 
2033 15962.5 
2034 16044.8 
2035 16125.7 
2036 16203.1 

Alternative 4 Sp_Biomass
     EBS_SKATE 
Equil_Fabc 69152.4 
Year 
2023 112692 
2024 108782 
2025 104571 
2026 100252 
2027 96415.7 
2028 93680.8 
2029 92470.8 
2030 92771.2 
2031 94055.7 
2032 95629.3 
2033 97007.4 
2034 98039.7 
2035 98791.3 
2036 99370.7 

Alternative 4 Fishing Mortality
     EBS_SKATE 
Equil_Fabc 0.0798249 
Year 
2023 0.0473272 
2024 0.0420106 
2025 0.0420106 
2026 0.0420106 
2027 0.0420106 
2028 0.0420106 
2029 0.0420106 
2030 0.0420106 
2031 0.0420106 
2032 0.0420106 
2033 0.0420106 
2034 0.0420106 
2035 0.0420106 
2036 0.0420106 

Alternative 4 Biomass
     EBS_SKATE 

Year 
2023 463795 
2024 455367 
2025 452792 
2026 453439 
2027 456281 
2028 460272 
2029 464521 
2030 468491 
2031 471938 
2032 475006 
2033 477718 
2034 480224 
2035 482547 
2036 484588 

Alternative 4 Implied SPR rate 
     EBS_SKATE 
Equil_Fabc 0.4 
Year 
2023 0.56525 
2024 0.6 
2025 0.6 
2026 0.6 
2027 0.6 
2028 0.6 
2029 0.6 
2030 0.6 
2031 0.6 
2032 0.6 
2033 0.6 
2034 0.6 
2035 0.6 
2036 0.6 

  EBS_SKATE 
EquilAvgAgeF0  7.92384 
EquilAvgAgeFabc  5.94219 
AvgAgeYr2036 6.64345 
Alternative 5 Catch
     EBS_SKATE 
Equil_Fabc 24130.7 
Year 
2023 17427 
2024  NA 
2025  NA 
2026  NA 
2027  NA 
2028  NA 
2029  NA 
2030  NA 
2031  NA 
2032  NA 
2033  NA 
2034  NA 
2035  NA 
2036  NA 

Alternative 5 ABCs
     EBS_SKATE 

Year 
2023  NA 
2024  NA 
2025  NA 
2026  NA 
2027  NA 
2028  NA 
2029  NA 
2030  NA 
2031  NA 
2032  NA 
2033  NA 
2034  NA 
2035  NA 
2036  NA 

Alternative 5 TACs
     EBS_SKATE 

Year 
2023  NA 
2024  NA 
2025  NA 
2026  NA 
2027  NA 
2028  NA 
2029  NA 
2030  NA 
2031  NA 
2032  NA 
2033  NA 
2034  NA 
2035  NA 
2036  NA 

Alternative 5 Sp_Biomass
     EBS_SKATE 
Equil_Fabc 69152.4 
Year 
2023 112692 
2024 110570 
2025 110530 
2026 110165 
2027 110077 
2028 110977 
2029 113435 
2030 117559 
2031 122822 
2032 128393 
2033 133604 
2034 138175 
2035 142124 
2036 145561 

Alternative 5 Fishing Mortality
     EBS_SKATE 
Equil_Fabc 0.0798249 
Year 
2023 0.0473272 
2024  NA 
2025  NA 
2026  NA 
2027  NA 
2028  NA 
2029  NA 
2030  NA 
2031  NA 
2032  NA 
2033  NA 
2034  NA 
2035  NA 
2036  NA 

Alternative 5 Biomass
     EBS_SKATE 

Year 
2023 463795 
2024 455367 
2025 467728 
2026 482549 
2027 499003 
2028 516133 
2029 532995 
2030 548901 
2031 563448 
2032 576680 
2033 588597 
2034 599384 
2035 609137 
2036 617840 

Alternative 5 Implied SPR rate 
     EBS_SKATE 
Equil_Fabc 0.4 
Year 
2023 0.56525 
2024 1 
2025 1 
2026 1 
2027 1 
2028 1 
2029 1 
2030 1 
2031 1 
2032 1 
2033 1 
2034 1 
2035 1 
2036 1 

  EBS_SKATE 
EquilAvgAgeF0  7.92384 
EquilAvgAgeFabc  5.94219 
AvgAgeYr2036 7.47953 
Alternative 6 Catch
     EBS_SKATE 
Equil_Fabc 24130.7 
Year 
2023 17427 
2024 32608 
2025 30873.9 
2026 29750.1 
2027 29050.4 
2028 28565.7 
2029 28154.2 
2030 27762 
2031 26994.2 
2032 26330.2 
2033 25823.4 
2034 25428 
2035 25145.1 
2036 24965.2 

Alternative 6 ABCs
     EBS_SKATE 

Year 
2023 33627.9 
2024 32608 
2025 30873.9 
2026 29750.1 
2027 29050.4 
2028 28565.7 
2029 28154.2 
2030 27762 
2031 26994.2 
2032 26330.2 
2033 25823.4 
2034 25428 
2035 25145.1 
2036 24965.2 

Alternative 6 TACs
     EBS_SKATE 

Year 
2023  NA 
2024 32608 
2025 30873.9 
2026 29750.1 
2027 29050.4 
2028 28565.7 
2029 28154.2 
2030 27762 
2031 26994.2 
2032 26330.2 
2033 25823.4 
2034 25428 
2035 25145.1 
2036 24965.2 

Alternative 6 Sp_Biomass
     EBS_SKATE 
Equil_Fabc 69152.4 
Year 
2023 112692 
2024 106644 
2025 97749.7 
2026 89384.4 
2027 82060.9 
2028 76241.7 
2029 72151.9 
2030 69624.7 
2031 68155.8 
2032 67207 
2033 66412.4 
2034 65675.7 
2035 65042.9 
2036 64565.4 

Alternative 6 Fishing Mortality
     EBS_SKATE 
Equil_Fabc 0.0798249 
Year 
2023 0.0473272 
2024 0.0931403 
2025 0.0931403 
2026 0.0931403 
2027 0.0931403 
2028 0.0931403 
2029 0.0931403 
2030 0.0931403 
2031 0.091728 
2032 0.0903827 
2033 0.0892561 
2034 0.0882115 
2035 0.0873107 
2036 0.0866096 

Alternative 6 Biomass
     EBS_SKATE 

Year 
2023 463795 
2024 455367 
2025 435334 
2026 420707 
2027 409988 
2028 401835 
2029 395257 
2030 389722 
2031 384984 
2032 381525 
2033 379173 
2034 377811 
2035 377244 
2036 377161 

Alternative 6 Implied SPR rate 
     EBS_SKATE 
Equil_Fabc 0.4 
Year 
2023 0.56525 
2024 0.35 
2025 0.35 
2026 0.35 
2027 0.35 
2028 0.35 
2029 0.35 
2030 0.35 
2031 0.354922 
2032 0.359693 
2033 0.363763 
2034 0.367614 
2035 0.371004 
2036 0.373683 

  EBS_SKATE 
EquilAvgAgeF0  7.92384 
EquilAvgAgeFabc  5.94219 
AvgAgeYr2036 5.89477 
Alternative 7 Catch
     EBS_SKATE 
Equil_Fabc 24130.7 
Year 
2023 17427 
2024 28104.4 
2025 26904 
2026 30384.9 
2027 29616.4 
2028 29064.2 
2029 28586.5 
2030 28131.1 
2031 27703.5 
2032 26974.2 
2033 26294.1 
2034 25758.2 
2035 25362.4 
2036 25096.1 

Alternative 7 ABCs
     EBS_SKATE 

Year 
2023 33627.9 
2024 32608 
2025 31217.4 
2026 30384.9 
2027 29616.4 
2028 29064.2 
2029 28586.5 
2030 28131.1 
2031 27703.5 
2032 26974.2 
2033 26294.1 
2034 25758.2 
2035 25362.4 
2036 25096.1 

Alternative 7 TACs
     EBS_SKATE 

Year 
2023  NA 
2024 32608 
2025 31217.4 
2026 30384.9 
2027 29616.4 
2028 29064.2 
2029 28586.5 
2030 28131.1 
2031 27703.5 
2032 26974.2 
2033 26294.1 
2034 25758.2 
2035 25362.4 
2036 25096.1 

Alternative 7 Sp_Biomass
     EBS_SKATE 
Equil_Fabc 69152.4 
Year 
2023 112692 
2024 107197 
2025 99482 
2026 91622.1 
2027 84093.9 
2028 78085.3 
2029 73820.5 
2030 71128.7 
2031 69462 
2032 68264.4 
2033 67232.6 
2034 66288.7 
2035 65480.5 
2036 64860.1 

Alternative 7 Fishing Mortality
     EBS_SKATE 
Equil_Fabc 0.0798249 
Year 
2023 0.0473272 
2024 0.0798249 
2025 0.0798249 
2026 0.0931403 
2027 0.0931403 
2028 0.0931403 
2029 0.0931403 
2030 0.0931403 
2031 0.0931403 
2032 0.0918819 
2033 0.090419 
2034 0.0890806 
2035 0.0879249 
2036 0.0870149 

Alternative 7 Biomass
     EBS_SKATE 

Year 
2023 463795 
2024 455367 
2025 439806 
2026 428959 
2027 417280 
2028 408206 
2029 400756 
2030 394411 
2031 388935 
2032 384419 
2033 381113 
2034 379021 
2035 377916 
2036 377457 

Alternative 7 Implied SPR rate 
     EBS_SKATE 
Equil_Fabc 0.4 
Year 
2023 0.56525 
2024 0.4 
2025 0.4 
2026 0.35 
2027 0.35 
2028 0.35 
2029 0.35 
2030 0.35 
2031 0.35 
2032 0.354385 
2033 0.359579 
2034 0.364441 
2035 0.36873 
2036 0.372164 

  EBS_SKATE 
EquilAvgAgeF0  7.92384 
EquilAvgAgeFabc  5.94219 
AvgAgeYr2036 5.90008 
