EBS_SKATE 1 2023 Cabc 24130.7
EBS_SKATE 1 2023 Cofl 25878.4
EBS_SKATE 1 2023 CLCI 25843
EBS_SKATE 1 2023 CUCI 25843
EBS_SKATE 1 2023 CMedian 25843
EBS_SKATE 1 2023 CMean 25843
EBS_SKATE 1 2023 CStdn 1.45519e-11
EBS_SKATE 1 2024 Cabc 24130.7
EBS_SKATE 1 2024 Cofl 25878.4
EBS_SKATE 1 2024 CLCI 27548.5
EBS_SKATE 1 2024 CUCI 27548.5
EBS_SKATE 1 2024 CMedian 27548.5
EBS_SKATE 1 2024 CMean 27548.5
EBS_SKATE 1 2024 CStdn 2.91038e-11
EBS_SKATE 1 2025 Cabc 24130.7
EBS_SKATE 1 2025 Cofl 25878.4
EBS_SKATE 1 2025 CLCI 26399.9
EBS_SKATE 1 2025 CUCI 26418.4
EBS_SKATE 1 2025 CMedian 26407.4
EBS_SKATE 1 2025 CMean 26408.5
EBS_SKATE 1 2025 CStdn 6.04613
EBS_SKATE 1 2026 Cabc 24130.7
EBS_SKATE 1 2026 Cofl 25878.4
EBS_SKATE 1 2026 CLCI 25717.5
EBS_SKATE 1 2026 CUCI 25782
EBS_SKATE 1 2026 CMedian 25743.8
EBS_SKATE 1 2026 CMean 25747.7
EBS_SKATE 1 2026 CStdn 21.1272
EBS_SKATE 1 2027 Cabc 24130.7
EBS_SKATE 1 2027 Cofl 25878.4
EBS_SKATE 1 2027 CLCI 25330.2
EBS_SKATE 1 2027 CUCI 25511.8
EBS_SKATE 1 2027 CMedian 25407.1
EBS_SKATE 1 2027 CMean 25417.9
EBS_SKATE 1 2027 CStdn 62.0823
EBS_SKATE 1 2028 Cabc 24130.7
EBS_SKATE 1 2028 Cofl 25878.4
EBS_SKATE 1 2028 CLCI 25032.9
EBS_SKATE 1 2028 CUCI 25486.5
EBS_SKATE 1 2028 CMedian 25221.6
EBS_SKATE 1 2028 CMean 25245
EBS_SKATE 1 2028 CStdn 151.328
EBS_SKATE 1 2029 Cabc 24130.7
EBS_SKATE 1 2029 Cofl 25878.4
EBS_SKATE 1 2029 CLCI 24684.7
EBS_SKATE 1 2029 CUCI 25605.4
EBS_SKATE 1 2029 CMedian 25061.2
EBS_SKATE 1 2029 CMean 25106.8
EBS_SKATE 1 2029 CStdn 299.932
EBS_SKATE 1 2030 Cabc 24130.7
EBS_SKATE 1 2030 Cofl 25878.4
EBS_SKATE 1 2030 CLCI 24265.9
EBS_SKATE 1 2030 CUCI 25745.1
EBS_SKATE 1 2030 CMedian 24877.6
EBS_SKATE 1 2030 CMean 24955
EBS_SKATE 1 2030 CStdn 494.953
EBS_SKATE 1 2031 Cabc 24130.7
EBS_SKATE 1 2031 Cofl 25878.4
EBS_SKATE 1 2031 CLCI 23747.4
EBS_SKATE 1 2031 CUCI 25879.6
EBS_SKATE 1 2031 CMedian 24744.2
EBS_SKATE 1 2031 CMean 24792.4
EBS_SKATE 1 2031 CStdn 703.628
EBS_SKATE 1 2032 Cabc 24130.7
EBS_SKATE 1 2032 Cofl 25878.4
EBS_SKATE 1 2032 CLCI 23314.9
EBS_SKATE 1 2032 CUCI 25948.3
EBS_SKATE 1 2032 CMedian 24598.6
EBS_SKATE 1 2032 CMean 24639
EBS_SKATE 1 2032 CStdn 899.661
EBS_SKATE 1 2033 Cabc 24130.7
EBS_SKATE 1 2033 Cofl 25878.4
EBS_SKATE 1 2033 CLCI 22970.1
EBS_SKATE 1 2033 CUCI 25955.4
EBS_SKATE 1 2033 CMedian 24422.6
EBS_SKATE 1 2033 CMean 24515.5
EBS_SKATE 1 2033 CStdn 1073.84
EBS_SKATE 1 2034 Cabc 24130.7
EBS_SKATE 1 2034 Cofl 25878.4
EBS_SKATE 1 2034 CLCI 22677.1
EBS_SKATE 1 2034 CUCI 26402.7
EBS_SKATE 1 2034 CMedian 24341
EBS_SKATE 1 2034 CMean 24430.5
EBS_SKATE 1 2034 CStdn 1223.83
EBS_SKATE 1 2035 Cabc 24130.7
EBS_SKATE 1 2035 Cofl 25878.4
EBS_SKATE 1 2035 CLCI 22298.6
EBS_SKATE 1 2035 CUCI 26597.4
EBS_SKATE 1 2035 CMedian 24286.6
EBS_SKATE 1 2035 CMean 24338.1
EBS_SKATE 1 2035 CStdn 1396.88
EBS_SKATE 1 2036 Cabc 24130.7
EBS_SKATE 1 2036 Cofl 25878.4
EBS_SKATE 1 2036 CLCI 21937.9
EBS_SKATE 1 2036 CUCI 26751.3
EBS_SKATE 1 2036 CMedian 24195.8
EBS_SKATE 1 2036 CMean 24217.3
EBS_SKATE 1 2036 CStdn 1578.8
EBS_SKATE 1 2023 SSBF100 172881
EBS_SKATE 1 2023 SSBFabc 69152.4
EBS_SKATE 1 2023 SSBFofl 60508.3
EBS_SKATE 1 2023 SSBLCI 111664
EBS_SKATE 1 2023 SSBUCI 111664
EBS_SKATE 1 2023 SSBMedian 111664
EBS_SKATE 1 2023 SSBMean 111664
EBS_SKATE 1 2024 SSBF100 172881
EBS_SKATE 1 2024 SSBFabc 69152.4
EBS_SKATE 1 2024 SSBFofl 60508.3
EBS_SKATE 1 2024 SSBLCI 104864
EBS_SKATE 1 2024 SSBUCI 104864
EBS_SKATE 1 2024 SSBMedian 104864
EBS_SKATE 1 2024 SSBMean 104864
EBS_SKATE 1 2025 SSBF100 172881
EBS_SKATE 1 2025 SSBFabc 69152.4
EBS_SKATE 1 2025 SSBFofl 60508.3
EBS_SKATE 1 2025 SSBLCI 97325.8
EBS_SKATE 1 2025 SSBUCI 97325.8
EBS_SKATE 1 2025 SSBMedian 97325.8
EBS_SKATE 1 2025 SSBMean 97325.8
EBS_SKATE 1 2026 SSBF100 172881
EBS_SKATE 1 2026 SSBFabc 69152.4
EBS_SKATE 1 2026 SSBFofl 60508.3
EBS_SKATE 1 2026 SSBLCI 90122
EBS_SKATE 1 2026 SSBUCI 90122
EBS_SKATE 1 2026 SSBMedian 90122
EBS_SKATE 1 2026 SSBMean 90122
EBS_SKATE 1 2027 SSBF100 172881
EBS_SKATE 1 2027 SSBFabc 69152.4
EBS_SKATE 1 2027 SSBFofl 60508.3
EBS_SKATE 1 2027 SSBLCI 83788.3
EBS_SKATE 1 2027 SSBUCI 83788.3
EBS_SKATE 1 2027 SSBMedian 83788.3
EBS_SKATE 1 2027 SSBMean 83788.3
EBS_SKATE 1 2028 SSBF100 172881
EBS_SKATE 1 2028 SSBFabc 69152.4
EBS_SKATE 1 2028 SSBFofl 60508.3
EBS_SKATE 1 2028 SSBLCI 78830.4
EBS_SKATE 1 2028 SSBUCI 78830.4
EBS_SKATE 1 2028 SSBMedian 78830.4
EBS_SKATE 1 2028 SSBMean 78830.4
EBS_SKATE 1 2029 SSBF100 172881
EBS_SKATE 1 2029 SSBFabc 69152.4
EBS_SKATE 1 2029 SSBFofl 60508.3
EBS_SKATE 1 2029 SSBLCI 75525.7
EBS_SKATE 1 2029 SSBUCI 75525.7
EBS_SKATE 1 2029 SSBMedian 75525.7
EBS_SKATE 1 2029 SSBMean 75525.7
EBS_SKATE 1 2030 SSBF100 172881
EBS_SKATE 1 2030 SSBFabc 69152.4
EBS_SKATE 1 2030 SSBFofl 60508.3
EBS_SKATE 1 2030 SSBLCI 73726.3
EBS_SKATE 1 2030 SSBUCI 73772
EBS_SKATE 1 2030 SSBMedian 73744.9
EBS_SKATE 1 2030 SSBMean 73747.5
EBS_SKATE 1 2031 SSBF100 172881
EBS_SKATE 1 2031 SSBFabc 69152.4
EBS_SKATE 1 2031 SSBFofl 60508.3
EBS_SKATE 1 2031 SSBLCI 72827.5
EBS_SKATE 1 2031 SSBUCI 73110
EBS_SKATE 1 2031 SSBMedian 72942.3
EBS_SKATE 1 2031 SSBMean 72960
EBS_SKATE 1 2032 SSBF100 172881
EBS_SKATE 1 2032 SSBFabc 69152.4
EBS_SKATE 1 2032 SSBFofl 60508.3
EBS_SKATE 1 2032 SSBLCI 72086.3
EBS_SKATE 1 2032 SSBUCI 73081.3
EBS_SKATE 1 2032 SSBMedian 72503.9
EBS_SKATE 1 2032 SSBMean 72553.8
EBS_SKATE 1 2033 SSBF100 172881
EBS_SKATE 1 2033 SSBFabc 69152.4
EBS_SKATE 1 2033 SSBFofl 60508.3
EBS_SKATE 1 2033 SSBLCI 71064.8
EBS_SKATE 1 2033 SSBUCI 73369.6
EBS_SKATE 1 2033 SSBMedian 72020.4
EBS_SKATE 1 2033 SSBMean 72146.8
EBS_SKATE 1 2034 SSBF100 172881
EBS_SKATE 1 2034 SSBFabc 69152.4
EBS_SKATE 1 2034 SSBFofl 60508.3
EBS_SKATE 1 2034 SSBLCI 69713
EBS_SKATE 1 2034 SSBUCI 73883.6
EBS_SKATE 1 2034 SSBMedian 71389.5
EBS_SKATE 1 2034 SSBMean 71644.7
EBS_SKATE 1 2035 SSBF100 172881
EBS_SKATE 1 2035 SSBFabc 69152.4
EBS_SKATE 1 2035 SSBFofl 60508.3
EBS_SKATE 1 2035 SSBLCI 68165.6
EBS_SKATE 1 2035 SSBUCI 74269.1
EBS_SKATE 1 2035 SSBMedian 70917.4
EBS_SKATE 1 2035 SSBMean 71114.2
EBS_SKATE 1 2036 SSBF100 172881
EBS_SKATE 1 2036 SSBFabc 69152.4
EBS_SKATE 1 2036 SSBFofl 60508.3
EBS_SKATE 1 2036 SSBLCI 66965.9
EBS_SKATE 1 2036 SSBUCI 74480.8
EBS_SKATE 1 2036 SSBMedian 70494.1
EBS_SKATE 1 2036 SSBMean 70643.5
EBS_SKATE 1 2023 F0 0 
EBS_SKATE 1 2023 Fabc 0.0798249
EBS_SKATE 1 2023 Fofl 0.0931403
EBS_SKATE 1 2023  F_LCI 0.0708987
EBS_SKATE 1 2023  F_UCI 0.0708987
EBS_SKATE 1 2023  F_Median 0.0708987
EBS_SKATE 1 2023  F_Mean 0.0708987
EBS_SKATE 1 2024 F0 0 
EBS_SKATE 1 2024 Fabc 0.0798249
EBS_SKATE 1 2024 Fofl 0.0931403
EBS_SKATE 1 2024  F_LCI 0.0798249
EBS_SKATE 1 2024  F_UCI 0.0798249
EBS_SKATE 1 2024  F_Median 0.0798249
EBS_SKATE 1 2024  F_Mean 0.0798249
EBS_SKATE 1 2025 F0 0 
EBS_SKATE 1 2025 Fabc 0.0798249
EBS_SKATE 1 2025 Fofl 0.0931403
EBS_SKATE 1 2025  F_LCI 0.0798249
EBS_SKATE 1 2025  F_UCI 0.0798249
EBS_SKATE 1 2025  F_Median 0.0798249
EBS_SKATE 1 2025  F_Mean 0.0798249
EBS_SKATE 1 2026 F0 0 
EBS_SKATE 1 2026 Fabc 0.0798249
EBS_SKATE 1 2026 Fofl 0.0931403
EBS_SKATE 1 2026  F_LCI 0.0798249
EBS_SKATE 1 2026  F_UCI 0.0798249
EBS_SKATE 1 2026  F_Median 0.0798249
EBS_SKATE 1 2026  F_Mean 0.0798249
EBS_SKATE 1 2027 F0 0 
EBS_SKATE 1 2027 Fabc 0.0798249
EBS_SKATE 1 2027 Fofl 0.0931403
EBS_SKATE 1 2027  F_LCI 0.0798249
EBS_SKATE 1 2027  F_UCI 0.0798249
EBS_SKATE 1 2027  F_Median 0.0798249
EBS_SKATE 1 2027  F_Mean 0.0798249
EBS_SKATE 1 2028 F0 0 
EBS_SKATE 1 2028 Fabc 0.0798249
EBS_SKATE 1 2028 Fofl 0.0931403
EBS_SKATE 1 2028  F_LCI 0.0798249
EBS_SKATE 1 2028  F_UCI 0.0798249
EBS_SKATE 1 2028  F_Median 0.0798249
EBS_SKATE 1 2028  F_Mean 0.0798249
EBS_SKATE 1 2029 F0 0 
EBS_SKATE 1 2029 Fabc 0.0798249
EBS_SKATE 1 2029 Fofl 0.0931403
EBS_SKATE 1 2029  F_LCI 0.0798249
EBS_SKATE 1 2029  F_UCI 0.0798249
EBS_SKATE 1 2029  F_Median 0.0798249
EBS_SKATE 1 2029  F_Mean 0.0798249
EBS_SKATE 1 2030 F0 0 
EBS_SKATE 1 2030 Fabc 0.0798249
EBS_SKATE 1 2030 Fofl 0.0931403
EBS_SKATE 1 2030  F_LCI 0.0798249
EBS_SKATE 1 2030  F_UCI 0.0798249
EBS_SKATE 1 2030  F_Median 0.0798249
EBS_SKATE 1 2030  F_Mean 0.0798249
EBS_SKATE 1 2031 F0 0 
EBS_SKATE 1 2031 Fabc 0.0798249
EBS_SKATE 1 2031 Fofl 0.0931403
EBS_SKATE 1 2031  F_LCI 0.0798249
EBS_SKATE 1 2031  F_UCI 0.0798249
EBS_SKATE 1 2031  F_Median 0.0798249
EBS_SKATE 1 2031  F_Mean 0.0798249
EBS_SKATE 1 2032 F0 0 
EBS_SKATE 1 2032 Fabc 0.0798249
EBS_SKATE 1 2032 Fofl 0.0931403
EBS_SKATE 1 2032  F_LCI 0.0798249
EBS_SKATE 1 2032  F_UCI 0.0798249
EBS_SKATE 1 2032  F_Median 0.0798249
EBS_SKATE 1 2032  F_Mean 0.0798249
EBS_SKATE 1 2033 F0 0 
EBS_SKATE 1 2033 Fabc 0.0798249
EBS_SKATE 1 2033 Fofl 0.0931403
EBS_SKATE 1 2033  F_LCI 0.0798249
EBS_SKATE 1 2033  F_UCI 0.0798249
EBS_SKATE 1 2033  F_Median 0.0798249
EBS_SKATE 1 2033  F_Mean 0.0798249
EBS_SKATE 1 2034 F0 0 
EBS_SKATE 1 2034 Fabc 0.0798249
EBS_SKATE 1 2034 Fofl 0.0931403
EBS_SKATE 1 2034  F_LCI 0.0798249
EBS_SKATE 1 2034  F_UCI 0.0798249
EBS_SKATE 1 2034  F_Median 0.0798249
EBS_SKATE 1 2034  F_Mean 0.0798239
EBS_SKATE 1 2035 F0 0 
EBS_SKATE 1 2035 Fabc 0.0798249
EBS_SKATE 1 2035 Fofl 0.0931403
EBS_SKATE 1 2035  F_LCI 0.0786258
EBS_SKATE 1 2035  F_UCI 0.0798249
EBS_SKATE 1 2035  F_Median 0.0798249
EBS_SKATE 1 2035  F_Mean 0.0796667
EBS_SKATE 1 2036 F0 0 
EBS_SKATE 1 2036 Fabc 0.0798249
EBS_SKATE 1 2036 Fofl 0.0931403
EBS_SKATE 1 2036  F_LCI 0.077168
EBS_SKATE 1 2036  F_UCI 0.0798249
EBS_SKATE 1 2036  F_Median 0.0798249
EBS_SKATE 1 2036  F_Mean 0.0793122
EBS_SKATE 2 2023 Cabc 24130.7
EBS_SKATE 2 2023 Cofl 25878.4
EBS_SKATE 2 2023 CLCI 25843
EBS_SKATE 2 2023 CUCI 25843
EBS_SKATE 2 2023 CMedian 25843
EBS_SKATE 2 2023 CMean 25843
EBS_SKATE 2 2023 CStdn 1.45519e-11
EBS_SKATE 2 2024 Cabc 24130.7
EBS_SKATE 2 2024 Cofl 25878.4
EBS_SKATE 2 2024 CLCI 27548.5
EBS_SKATE 2 2024 CUCI 27548.5
EBS_SKATE 2 2024 CMedian 27548.5
EBS_SKATE 2 2024 CMean 27548.5
EBS_SKATE 2 2024 CStdn 2.91038e-11
EBS_SKATE 2 2025 Cabc 24130.7
EBS_SKATE 2 2025 Cofl 25878.4
EBS_SKATE 2 2025 CLCI 26399.9
EBS_SKATE 2 2025 CUCI 26418.4
EBS_SKATE 2 2025 CMedian 26407.4
EBS_SKATE 2 2025 CMean 26408.5
EBS_SKATE 2 2025 CStdn 6.04613
EBS_SKATE 2 2026 Cabc 24130.7
EBS_SKATE 2 2026 Cofl 25878.4
EBS_SKATE 2 2026 CLCI 25717.5
EBS_SKATE 2 2026 CUCI 25782
EBS_SKATE 2 2026 CMedian 25743.8
EBS_SKATE 2 2026 CMean 25747.7
EBS_SKATE 2 2026 CStdn 21.1272
EBS_SKATE 2 2027 Cabc 24130.7
EBS_SKATE 2 2027 Cofl 25878.4
EBS_SKATE 2 2027 CLCI 25330.2
EBS_SKATE 2 2027 CUCI 25511.8
EBS_SKATE 2 2027 CMedian 25407.1
EBS_SKATE 2 2027 CMean 25417.9
EBS_SKATE 2 2027 CStdn 62.0823
EBS_SKATE 2 2028 Cabc 24130.7
EBS_SKATE 2 2028 Cofl 25878.4
EBS_SKATE 2 2028 CLCI 25032.9
EBS_SKATE 2 2028 CUCI 25486.5
EBS_SKATE 2 2028 CMedian 25221.6
EBS_SKATE 2 2028 CMean 25245
EBS_SKATE 2 2028 CStdn 151.328
EBS_SKATE 2 2029 Cabc 24130.7
EBS_SKATE 2 2029 Cofl 25878.4
EBS_SKATE 2 2029 CLCI 24684.7
EBS_SKATE 2 2029 CUCI 25605.4
EBS_SKATE 2 2029 CMedian 25061.2
EBS_SKATE 2 2029 CMean 25106.8
EBS_SKATE 2 2029 CStdn 299.932
EBS_SKATE 2 2030 Cabc 24130.7
EBS_SKATE 2 2030 Cofl 25878.4
EBS_SKATE 2 2030 CLCI 24265.9
EBS_SKATE 2 2030 CUCI 25745.1
EBS_SKATE 2 2030 CMedian 24877.6
EBS_SKATE 2 2030 CMean 24955
EBS_SKATE 2 2030 CStdn 494.953
EBS_SKATE 2 2031 Cabc 24130.7
EBS_SKATE 2 2031 Cofl 25878.4
EBS_SKATE 2 2031 CLCI 23747.4
EBS_SKATE 2 2031 CUCI 25879.6
EBS_SKATE 2 2031 CMedian 24744.2
EBS_SKATE 2 2031 CMean 24792.4
EBS_SKATE 2 2031 CStdn 703.628
EBS_SKATE 2 2032 Cabc 24130.7
EBS_SKATE 2 2032 Cofl 25878.4
EBS_SKATE 2 2032 CLCI 23314.9
EBS_SKATE 2 2032 CUCI 25948.3
EBS_SKATE 2 2032 CMedian 24598.6
EBS_SKATE 2 2032 CMean 24639
EBS_SKATE 2 2032 CStdn 899.661
EBS_SKATE 2 2033 Cabc 24130.7
EBS_SKATE 2 2033 Cofl 25878.4
EBS_SKATE 2 2033 CLCI 22970.1
EBS_SKATE 2 2033 CUCI 25955.4
EBS_SKATE 2 2033 CMedian 24422.6
EBS_SKATE 2 2033 CMean 24515.5
EBS_SKATE 2 2033 CStdn 1073.84
EBS_SKATE 2 2034 Cabc 24130.7
EBS_SKATE 2 2034 Cofl 25878.4
EBS_SKATE 2 2034 CLCI 22677.1
EBS_SKATE 2 2034 CUCI 26402.7
EBS_SKATE 2 2034 CMedian 24341
EBS_SKATE 2 2034 CMean 24430.5
EBS_SKATE 2 2034 CStdn 1223.83
EBS_SKATE 2 2035 Cabc 24130.7
EBS_SKATE 2 2035 Cofl 25878.4
EBS_SKATE 2 2035 CLCI 22298.6
EBS_SKATE 2 2035 CUCI 26597.4
EBS_SKATE 2 2035 CMedian 24286.6
EBS_SKATE 2 2035 CMean 24338.1
EBS_SKATE 2 2035 CStdn 1396.88
EBS_SKATE 2 2036 Cabc 24130.7
EBS_SKATE 2 2036 Cofl 25878.4
EBS_SKATE 2 2036 CLCI 21937.9
EBS_SKATE 2 2036 CUCI 26751.3
EBS_SKATE 2 2036 CMedian 24195.8
EBS_SKATE 2 2036 CMean 24217.3
EBS_SKATE 2 2036 CStdn 1578.8
EBS_SKATE 2 2023 SSBF100 172881
EBS_SKATE 2 2023 SSBFabc 69152.4
EBS_SKATE 2 2023 SSBFofl 60508.3
EBS_SKATE 2 2023 SSBLCI 111664
EBS_SKATE 2 2023 SSBUCI 111664
EBS_SKATE 2 2023 SSBMedian 111664
EBS_SKATE 2 2023 SSBMean 111664
EBS_SKATE 2 2024 SSBF100 172881
EBS_SKATE 2 2024 SSBFabc 69152.4
EBS_SKATE 2 2024 SSBFofl 60508.3
EBS_SKATE 2 2024 SSBLCI 104864
EBS_SKATE 2 2024 SSBUCI 104864
EBS_SKATE 2 2024 SSBMedian 104864
EBS_SKATE 2 2024 SSBMean 104864
EBS_SKATE 2 2025 SSBF100 172881
EBS_SKATE 2 2025 SSBFabc 69152.4
EBS_SKATE 2 2025 SSBFofl 60508.3
EBS_SKATE 2 2025 SSBLCI 97325.8
EBS_SKATE 2 2025 SSBUCI 97325.8
EBS_SKATE 2 2025 SSBMedian 97325.8
EBS_SKATE 2 2025 SSBMean 97325.8
EBS_SKATE 2 2026 SSBF100 172881
EBS_SKATE 2 2026 SSBFabc 69152.4
EBS_SKATE 2 2026 SSBFofl 60508.3
EBS_SKATE 2 2026 SSBLCI 90122
EBS_SKATE 2 2026 SSBUCI 90122
EBS_SKATE 2 2026 SSBMedian 90122
EBS_SKATE 2 2026 SSBMean 90122
EBS_SKATE 2 2027 SSBF100 172881
EBS_SKATE 2 2027 SSBFabc 69152.4
EBS_SKATE 2 2027 SSBFofl 60508.3
EBS_SKATE 2 2027 SSBLCI 83788.3
EBS_SKATE 2 2027 SSBUCI 83788.3
EBS_SKATE 2 2027 SSBMedian 83788.3
EBS_SKATE 2 2027 SSBMean 83788.3
EBS_SKATE 2 2028 SSBF100 172881
EBS_SKATE 2 2028 SSBFabc 69152.4
EBS_SKATE 2 2028 SSBFofl 60508.3
EBS_SKATE 2 2028 SSBLCI 78830.4
EBS_SKATE 2 2028 SSBUCI 78830.4
EBS_SKATE 2 2028 SSBMedian 78830.4
EBS_SKATE 2 2028 SSBMean 78830.4
EBS_SKATE 2 2029 SSBF100 172881
EBS_SKATE 2 2029 SSBFabc 69152.4
EBS_SKATE 2 2029 SSBFofl 60508.3
EBS_SKATE 2 2029 SSBLCI 75525.7
EBS_SKATE 2 2029 SSBUCI 75525.7
EBS_SKATE 2 2029 SSBMedian 75525.7
EBS_SKATE 2 2029 SSBMean 75525.7
EBS_SKATE 2 2030 SSBF100 172881
EBS_SKATE 2 2030 SSBFabc 69152.4
EBS_SKATE 2 2030 SSBFofl 60508.3
EBS_SKATE 2 2030 SSBLCI 73726.3
EBS_SKATE 2 2030 SSBUCI 73772
EBS_SKATE 2 2030 SSBMedian 73744.9
EBS_SKATE 2 2030 SSBMean 73747.5
EBS_SKATE 2 2031 SSBF100 172881
EBS_SKATE 2 2031 SSBFabc 69152.4
EBS_SKATE 2 2031 SSBFofl 60508.3
EBS_SKATE 2 2031 SSBLCI 72827.5
EBS_SKATE 2 2031 SSBUCI 73110
EBS_SKATE 2 2031 SSBMedian 72942.3
EBS_SKATE 2 2031 SSBMean 72960
EBS_SKATE 2 2032 SSBF100 172881
EBS_SKATE 2 2032 SSBFabc 69152.4
EBS_SKATE 2 2032 SSBFofl 60508.3
EBS_SKATE 2 2032 SSBLCI 72086.3
EBS_SKATE 2 2032 SSBUCI 73081.3
EBS_SKATE 2 2032 SSBMedian 72503.9
EBS_SKATE 2 2032 SSBMean 72553.8
EBS_SKATE 2 2033 SSBF100 172881
EBS_SKATE 2 2033 SSBFabc 69152.4
EBS_SKATE 2 2033 SSBFofl 60508.3
EBS_SKATE 2 2033 SSBLCI 71064.8
EBS_SKATE 2 2033 SSBUCI 73369.6
EBS_SKATE 2 2033 SSBMedian 72020.4
EBS_SKATE 2 2033 SSBMean 72146.8
EBS_SKATE 2 2034 SSBF100 172881
EBS_SKATE 2 2034 SSBFabc 69152.4
EBS_SKATE 2 2034 SSBFofl 60508.3
EBS_SKATE 2 2034 SSBLCI 69713
EBS_SKATE 2 2034 SSBUCI 73883.6
EBS_SKATE 2 2034 SSBMedian 71389.5
EBS_SKATE 2 2034 SSBMean 71644.7
EBS_SKATE 2 2035 SSBF100 172881
EBS_SKATE 2 2035 SSBFabc 69152.4
EBS_SKATE 2 2035 SSBFofl 60508.3
EBS_SKATE 2 2035 SSBLCI 68165.6
EBS_SKATE 2 2035 SSBUCI 74269.1
EBS_SKATE 2 2035 SSBMedian 70917.4
EBS_SKATE 2 2035 SSBMean 71114.2
EBS_SKATE 2 2036 SSBF100 172881
EBS_SKATE 2 2036 SSBFabc 69152.4
EBS_SKATE 2 2036 SSBFofl 60508.3
EBS_SKATE 2 2036 SSBLCI 66965.9
EBS_SKATE 2 2036 SSBUCI 74480.8
EBS_SKATE 2 2036 SSBMedian 70494.1
EBS_SKATE 2 2036 SSBMean 70643.5
EBS_SKATE 2 2023 F0 0 
EBS_SKATE 2 2023 Fabc 0.0798249
EBS_SKATE 2 2023 Fofl 0.0931403
EBS_SKATE 2 2023  F_LCI 0.0708987
EBS_SKATE 2 2023  F_UCI 0.0708987
EBS_SKATE 2 2023  F_Median 0.0708987
EBS_SKATE 2 2023  F_Mean 0.0708987
EBS_SKATE 2 2024 F0 0 
EBS_SKATE 2 2024 Fabc 0.0798249
EBS_SKATE 2 2024 Fofl 0.0931403
EBS_SKATE 2 2024  F_LCI 0.0798249
EBS_SKATE 2 2024  F_UCI 0.0798249
EBS_SKATE 2 2024  F_Median 0.0798249
EBS_SKATE 2 2024  F_Mean 0.0798249
EBS_SKATE 2 2025 F0 0 
EBS_SKATE 2 2025 Fabc 0.0798249
EBS_SKATE 2 2025 Fofl 0.0931403
EBS_SKATE 2 2025  F_LCI 0.0798249
EBS_SKATE 2 2025  F_UCI 0.0798249
EBS_SKATE 2 2025  F_Median 0.0798249
EBS_SKATE 2 2025  F_Mean 0.0798249
EBS_SKATE 2 2026 F0 0 
EBS_SKATE 2 2026 Fabc 0.0798249
EBS_SKATE 2 2026 Fofl 0.0931403
EBS_SKATE 2 2026  F_LCI 0.0798249
EBS_SKATE 2 2026  F_UCI 0.0798249
EBS_SKATE 2 2026  F_Median 0.0798249
EBS_SKATE 2 2026  F_Mean 0.0798249
EBS_SKATE 2 2027 F0 0 
EBS_SKATE 2 2027 Fabc 0.0798249
EBS_SKATE 2 2027 Fofl 0.0931403
EBS_SKATE 2 2027  F_LCI 0.0798249
EBS_SKATE 2 2027  F_UCI 0.0798249
EBS_SKATE 2 2027  F_Median 0.0798249
EBS_SKATE 2 2027  F_Mean 0.0798249
EBS_SKATE 2 2028 F0 0 
EBS_SKATE 2 2028 Fabc 0.0798249
EBS_SKATE 2 2028 Fofl 0.0931403
EBS_SKATE 2 2028  F_LCI 0.0798249
EBS_SKATE 2 2028  F_UCI 0.0798249
EBS_SKATE 2 2028  F_Median 0.0798249
EBS_SKATE 2 2028  F_Mean 0.0798249
EBS_SKATE 2 2029 F0 0 
EBS_SKATE 2 2029 Fabc 0.0798249
EBS_SKATE 2 2029 Fofl 0.0931403
EBS_SKATE 2 2029  F_LCI 0.0798249
EBS_SKATE 2 2029  F_UCI 0.0798249
EBS_SKATE 2 2029  F_Median 0.0798249
EBS_SKATE 2 2029  F_Mean 0.0798249
EBS_SKATE 2 2030 F0 0 
EBS_SKATE 2 2030 Fabc 0.0798249
EBS_SKATE 2 2030 Fofl 0.0931403
EBS_SKATE 2 2030  F_LCI 0.0798249
EBS_SKATE 2 2030  F_UCI 0.0798249
EBS_SKATE 2 2030  F_Median 0.0798249
EBS_SKATE 2 2030  F_Mean 0.0798249
EBS_SKATE 2 2031 F0 0 
EBS_SKATE 2 2031 Fabc 0.0798249
EBS_SKATE 2 2031 Fofl 0.0931403
EBS_SKATE 2 2031  F_LCI 0.0798249
EBS_SKATE 2 2031  F_UCI 0.0798249
EBS_SKATE 2 2031  F_Median 0.0798249
EBS_SKATE 2 2031  F_Mean 0.0798249
EBS_SKATE 2 2032 F0 0 
EBS_SKATE 2 2032 Fabc 0.0798249
EBS_SKATE 2 2032 Fofl 0.0931403
EBS_SKATE 2 2032  F_LCI 0.0798249
EBS_SKATE 2 2032  F_UCI 0.0798249
EBS_SKATE 2 2032  F_Median 0.0798249
EBS_SKATE 2 2032  F_Mean 0.0798249
EBS_SKATE 2 2033 F0 0 
EBS_SKATE 2 2033 Fabc 0.0798249
EBS_SKATE 2 2033 Fofl 0.0931403
EBS_SKATE 2 2033  F_LCI 0.0798249
EBS_SKATE 2 2033  F_UCI 0.0798249
EBS_SKATE 2 2033  F_Median 0.0798249
EBS_SKATE 2 2033  F_Mean 0.0798249
EBS_SKATE 2 2034 F0 0 
EBS_SKATE 2 2034 Fabc 0.0798249
EBS_SKATE 2 2034 Fofl 0.0931403
EBS_SKATE 2 2034  F_LCI 0.0798249
EBS_SKATE 2 2034  F_UCI 0.0798249
EBS_SKATE 2 2034  F_Median 0.0798249
EBS_SKATE 2 2034  F_Mean 0.0798239
EBS_SKATE 2 2035 F0 0 
EBS_SKATE 2 2035 Fabc 0.0798249
EBS_SKATE 2 2035 Fofl 0.0931403
EBS_SKATE 2 2035  F_LCI 0.0786258
EBS_SKATE 2 2035  F_UCI 0.0798249
EBS_SKATE 2 2035  F_Median 0.0798249
EBS_SKATE 2 2035  F_Mean 0.0796667
EBS_SKATE 2 2036 F0 0 
EBS_SKATE 2 2036 Fabc 0.0798249
EBS_SKATE 2 2036 Fofl 0.0931403
EBS_SKATE 2 2036  F_LCI 0.077168
EBS_SKATE 2 2036  F_UCI 0.0798249
EBS_SKATE 2 2036  F_Median 0.0798249
EBS_SKATE 2 2036  F_Mean 0.0793122
EBS_SKATE 3 2023 Cabc 24130.7
EBS_SKATE 3 2023 Cofl 25878.4
EBS_SKATE 3 2023 CLCI 25843
EBS_SKATE 3 2023 CUCI 25843
EBS_SKATE 3 2023 CMedian 25843
EBS_SKATE 3 2023 CMean 25843
EBS_SKATE 3 2023 CStdn 1.45519e-11
EBS_SKATE 3 2024 Cabc 24130.7
EBS_SKATE 3 2024 Cofl 25878.4
EBS_SKATE 3 2024 CLCI 145320
EBS_SKATE 3 2024 CUCI 145320
EBS_SKATE 3 2024 CMedian 145320
EBS_SKATE 3 2024 CMean 145320
EBS_SKATE 3 2024 CStdn 2.03727e-10
EBS_SKATE 3 2025 Cabc 24130.7
EBS_SKATE 3 2025 Cofl 25878.4
EBS_SKATE 3 2025 CLCI 99160.3
EBS_SKATE 3 2025 CUCI 99274.8
EBS_SKATE 3 2025 CMedian 99207
EBS_SKATE 3 2025 CMean 99213.5
EBS_SKATE 3 2025 CStdn 37.3942
EBS_SKATE 3 2026 Cabc 24130.7
EBS_SKATE 3 2026 Cofl 25878.4
EBS_SKATE 3 2026 CLCI 71932.2
EBS_SKATE 3 2026 CUCI 72317.7
EBS_SKATE 3 2026 CMedian 72089.6
EBS_SKATE 3 2026 CMean 72112.7
EBS_SKATE 3 2026 CStdn 126.3
EBS_SKATE 3 2027 Cabc 24130.7
EBS_SKATE 3 2027 Cofl 25878.4
EBS_SKATE 3 2027 CLCI 55310.9
EBS_SKATE 3 2027 CUCI 56360.9
EBS_SKATE 3 2027 CMedian 55750.3
EBS_SKATE 3 2027 CMean 55810.3
EBS_SKATE 3 2027 CStdn 348.815
EBS_SKATE 3 2028 Cabc 24130.7
EBS_SKATE 3 2028 Cofl 25878.4
EBS_SKATE 3 2028 CLCI 44515.6
EBS_SKATE 3 2028 CUCI 46866.1
EBS_SKATE 3 2028 CMedian 45482.6
EBS_SKATE 3 2028 CMean 45602
EBS_SKATE 3 2028 CStdn 769.199
EBS_SKATE 3 2029 Cabc 24130.7
EBS_SKATE 3 2029 Cofl 25878.4
EBS_SKATE 3 2029 CLCI 37231.6
EBS_SKATE 3 2029 CUCI 41286
EBS_SKATE 3 2029 CMedian 38850.9
EBS_SKATE 3 2029 CMean 39082.6
EBS_SKATE 3 2029 CStdn 1320.26
EBS_SKATE 3 2030 Cabc 24130.7
EBS_SKATE 3 2030 Cofl 25878.4
EBS_SKATE 3 2030 CLCI 32330.4
EBS_SKATE 3 2030 CUCI 37787.4
EBS_SKATE 3 2030 CMedian 34861.1
EBS_SKATE 3 2030 CMean 35008.1
EBS_SKATE 3 2030 CStdn 1829.8
EBS_SKATE 3 2031 Cabc 24130.7
EBS_SKATE 3 2031 Cofl 25878.4
EBS_SKATE 3 2031 CLCI 29377
EBS_SKATE 3 2031 CUCI 35585.6
EBS_SKATE 3 2031 CMedian 32489.3
EBS_SKATE 3 2031 CMean 32587.3
EBS_SKATE 3 2031 CStdn 2181.22
EBS_SKATE 3 2032 Cabc 24130.7
EBS_SKATE 3 2032 Cofl 25878.4
EBS_SKATE 3 2032 CLCI 27690.1
EBS_SKATE 3 2032 CUCI 35094.9
EBS_SKATE 3 2032 CMedian 31046.4
EBS_SKATE 3 2032 CMean 31241.5
EBS_SKATE 3 2032 CStdn 2421.11
EBS_SKATE 3 2033 Cabc 24130.7
EBS_SKATE 3 2033 Cofl 25878.4
EBS_SKATE 3 2033 CLCI 26817.5
EBS_SKATE 3 2033 CUCI 34889.3
EBS_SKATE 3 2033 CMedian 30386.7
EBS_SKATE 3 2033 CMean 30575.6
EBS_SKATE 3 2033 CStdn 2619.74
EBS_SKATE 3 2034 Cabc 24130.7
EBS_SKATE 3 2034 Cofl 25878.4
EBS_SKATE 3 2034 CLCI 26837.9
EBS_SKATE 3 2034 CUCI 34817
EBS_SKATE 3 2034 CMedian 29797.5
EBS_SKATE 3 2034 CMean 30300.5
EBS_SKATE 3 2034 CStdn 2746.41
EBS_SKATE 3 2035 Cabc 24130.7
EBS_SKATE 3 2035 Cofl 25878.4
EBS_SKATE 3 2035 CLCI 26487
EBS_SKATE 3 2035 CUCI 35329.8
EBS_SKATE 3 2035 CMedian 29615
EBS_SKATE 3 2035 CMean 30206.3
EBS_SKATE 3 2035 CStdn 2764.35
EBS_SKATE 3 2036 Cabc 24130.7
EBS_SKATE 3 2036 Cofl 25878.4
EBS_SKATE 3 2036 CLCI 26305.8
EBS_SKATE 3 2036 CUCI 35096.1
EBS_SKATE 3 2036 CMedian 29499.9
EBS_SKATE 3 2036 CMean 30160.5
EBS_SKATE 3 2036 CStdn 2718.77
EBS_SKATE 3 2023 SSBF100 172881
EBS_SKATE 3 2023 SSBFabc 69152.4
EBS_SKATE 3 2023 SSBFofl 60508.3
EBS_SKATE 3 2023 SSBLCI 111664
EBS_SKATE 3 2023 SSBUCI 111664
EBS_SKATE 3 2023 SSBMedian 111664
EBS_SKATE 3 2023 SSBMean 111664
EBS_SKATE 3 2024 SSBF100 172881
EBS_SKATE 3 2024 SSBFabc 69152.4
EBS_SKATE 3 2024 SSBFofl 60508.3
EBS_SKATE 3 2024 SSBLCI 89083.7
EBS_SKATE 3 2024 SSBUCI 89083.7
EBS_SKATE 3 2024 SSBMedian 89083.7
EBS_SKATE 3 2024 SSBMean 89083.7
EBS_SKATE 3 2025 SSBF100 172881
EBS_SKATE 3 2025 SSBFabc 69152.4
EBS_SKATE 3 2025 SSBFofl 60508.3
EBS_SKATE 3 2025 SSBLCI 55918.7
EBS_SKATE 3 2025 SSBUCI 55918.7
EBS_SKATE 3 2025 SSBMedian 55918.7
EBS_SKATE 3 2025 SSBMean 55918.7
EBS_SKATE 3 2026 SSBF100 172881
EBS_SKATE 3 2026 SSBFabc 69152.4
EBS_SKATE 3 2026 SSBFofl 60508.3
EBS_SKATE 3 2026 SSBLCI 35129.1
EBS_SKATE 3 2026 SSBUCI 35129.1
EBS_SKATE 3 2026 SSBMedian 35129.1
EBS_SKATE 3 2026 SSBMean 35129.1
EBS_SKATE 3 2027 SSBF100 172881
EBS_SKATE 3 2027 SSBFabc 69152.4
EBS_SKATE 3 2027 SSBFofl 60508.3
EBS_SKATE 3 2027 SSBLCI 22350.8
EBS_SKATE 3 2027 SSBUCI 22350.8
EBS_SKATE 3 2027 SSBMedian 22350.8
EBS_SKATE 3 2027 SSBMean 22350.8
EBS_SKATE 3 2028 SSBF100 172881
EBS_SKATE 3 2028 SSBFabc 69152.4
EBS_SKATE 3 2028 SSBFofl 60508.3
EBS_SKATE 3 2028 SSBLCI 14672.5
EBS_SKATE 3 2028 SSBUCI 14672.5
EBS_SKATE 3 2028 SSBMedian 14672.5
EBS_SKATE 3 2028 SSBMean 14672.5
EBS_SKATE 3 2029 SSBF100 172881
EBS_SKATE 3 2029 SSBFabc 69152.4
EBS_SKATE 3 2029 SSBFofl 60508.3
EBS_SKATE 3 2029 SSBLCI 10131.4
EBS_SKATE 3 2029 SSBUCI 10131.4
EBS_SKATE 3 2029 SSBMedian 10131.4
EBS_SKATE 3 2029 SSBMean 10131.4
EBS_SKATE 3 2030 SSBF100 172881
EBS_SKATE 3 2030 SSBFabc 69152.4
EBS_SKATE 3 2030 SSBFofl 60508.3
EBS_SKATE 3 2030 SSBLCI 7423.62
EBS_SKATE 3 2030 SSBUCI 7448.17
EBS_SKATE 3 2030 SSBMedian 7433.64
EBS_SKATE 3 2030 SSBMean 7435.02
EBS_SKATE 3 2031 SSBF100 172881
EBS_SKATE 3 2031 SSBFabc 69152.4
EBS_SKATE 3 2031 SSBFofl 60508.3
EBS_SKATE 3 2031 SSBLCI 5727.86
EBS_SKATE 3 2031 SSBUCI 5841.16
EBS_SKATE 3 2031 SSBMedian 5774.13
EBS_SKATE 3 2031 SSBMean 5780.98
EBS_SKATE 3 2032 SSBF100 172881
EBS_SKATE 3 2032 SSBFabc 69152.4
EBS_SKATE 3 2032 SSBFofl 60508.3
EBS_SKATE 3 2032 SSBLCI 4600.83
EBS_SKATE 3 2032 SSBUCI 4879.28
EBS_SKATE 3 2032 SSBMedian 4717.75
EBS_SKATE 3 2032 SSBMean 4733.68
EBS_SKATE 3 2033 SSBF100 172881
EBS_SKATE 3 2033 SSBFabc 69152.4
EBS_SKATE 3 2033 SSBFofl 60508.3
EBS_SKATE 3 2033 SSBLCI 3844.52
EBS_SKATE 3 2033 SSBUCI 4328.94
EBS_SKATE 3 2033 SSBMedian 4040.79
EBS_SKATE 3 2033 SSBMean 4069.34
EBS_SKATE 3 2034 SSBF100 172881
EBS_SKATE 3 2034 SSBFabc 69152.4
EBS_SKATE 3 2034 SSBFofl 60508.3
EBS_SKATE 3 2034 SSBLCI 3353.31
EBS_SKATE 3 2034 SSBUCI 3979.74
EBS_SKATE 3 2034 SSBMedian 3642.41
EBS_SKATE 3 2034 SSBMean 3660.76
EBS_SKATE 3 2035 SSBF100 172881
EBS_SKATE 3 2035 SSBFabc 69152.4
EBS_SKATE 3 2035 SSBFofl 60508.3
EBS_SKATE 3 2035 SSBLCI 3067.85
EBS_SKATE 3 2035 SSBUCI 3745.76
EBS_SKATE 3 2035 SSBMedian 3399.18
EBS_SKATE 3 2035 SSBMean 3421.24
EBS_SKATE 3 2036 SSBF100 172881
EBS_SKATE 3 2036 SSBFabc 69152.4
EBS_SKATE 3 2036 SSBFofl 60508.3
EBS_SKATE 3 2036 SSBLCI 2890.12
EBS_SKATE 3 2036 SSBUCI 3716.38
EBS_SKATE 3 2036 SSBMedian 3261.88
EBS_SKATE 3 2036 SSBMean 3290.93
EBS_SKATE 3 2023 F0 0 
EBS_SKATE 3 2023 Fabc 0.0798249
EBS_SKATE 3 2023 Fofl 0.0931403
EBS_SKATE 3 2023  F_LCI 0.0708987
EBS_SKATE 3 2023  F_UCI 0.0708987
EBS_SKATE 3 2023  F_Median 0.0708987
EBS_SKATE 3 2023  F_Mean 0.0708987
EBS_SKATE 3 2024 F0 0 
EBS_SKATE 3 2024 Fabc 0.0798249
EBS_SKATE 3 2024 Fofl 0.0931403
EBS_SKATE 3 2024  F_LCI 0.5
EBS_SKATE 3 2024  F_UCI 0.5
EBS_SKATE 3 2024  F_Median 0.5
EBS_SKATE 3 2024  F_Mean 0.5
EBS_SKATE 3 2025 F0 0 
EBS_SKATE 3 2025 Fabc 0.0798249
EBS_SKATE 3 2025 Fofl 0.0931403
EBS_SKATE 3 2025  F_LCI 0.5
EBS_SKATE 3 2025  F_UCI 0.5
EBS_SKATE 3 2025  F_Median 0.5
EBS_SKATE 3 2025  F_Mean 0.5
EBS_SKATE 3 2026 F0 0 
EBS_SKATE 3 2026 Fabc 0.0798249
EBS_SKATE 3 2026 Fofl 0.0931403
EBS_SKATE 3 2026  F_LCI 0.5
EBS_SKATE 3 2026  F_UCI 0.5
EBS_SKATE 3 2026  F_Median 0.5
EBS_SKATE 3 2026  F_Mean 0.5
EBS_SKATE 3 2027 F0 0 
EBS_SKATE 3 2027 Fabc 0.0798249
EBS_SKATE 3 2027 Fofl 0.0931403
EBS_SKATE 3 2027  F_LCI 0.5
EBS_SKATE 3 2027  F_UCI 0.5
EBS_SKATE 3 2027  F_Median 0.5
EBS_SKATE 3 2027  F_Mean 0.5
EBS_SKATE 3 2028 F0 0 
EBS_SKATE 3 2028 Fabc 0.0798249
EBS_SKATE 3 2028 Fofl 0.0931403
EBS_SKATE 3 2028  F_LCI 0.5
EBS_SKATE 3 2028  F_UCI 0.5
EBS_SKATE 3 2028  F_Median 0.5
EBS_SKATE 3 2028  F_Mean 0.5
EBS_SKATE 3 2029 F0 0 
EBS_SKATE 3 2029 Fabc 0.0798249
EBS_SKATE 3 2029 Fofl 0.0931403
EBS_SKATE 3 2029  F_LCI 0.5
EBS_SKATE 3 2029  F_UCI 0.5
EBS_SKATE 3 2029  F_Median 0.5
EBS_SKATE 3 2029  F_Mean 0.5
EBS_SKATE 3 2030 F0 0 
EBS_SKATE 3 2030 Fabc 0.0798249
EBS_SKATE 3 2030 Fofl 0.0931403
EBS_SKATE 3 2030  F_LCI 0.5
EBS_SKATE 3 2030  F_UCI 0.5
EBS_SKATE 3 2030  F_Median 0.5
EBS_SKATE 3 2030  F_Mean 0.5
EBS_SKATE 3 2031 F0 0 
EBS_SKATE 3 2031 Fabc 0.0798249
EBS_SKATE 3 2031 Fofl 0.0931403
EBS_SKATE 3 2031  F_LCI 0.5
EBS_SKATE 3 2031  F_UCI 0.5
EBS_SKATE 3 2031  F_Median 0.5
EBS_SKATE 3 2031  F_Mean 0.5
EBS_SKATE 3 2032 F0 0 
EBS_SKATE 3 2032 Fabc 0.0798249
EBS_SKATE 3 2032 Fofl 0.0931403
EBS_SKATE 3 2032  F_LCI 0.5
EBS_SKATE 3 2032  F_UCI 0.5
EBS_SKATE 3 2032  F_Median 0.5
EBS_SKATE 3 2032  F_Mean 0.5
EBS_SKATE 3 2033 F0 0 
EBS_SKATE 3 2033 Fabc 0.0798249
EBS_SKATE 3 2033 Fofl 0.0931403
EBS_SKATE 3 2033  F_LCI 0.5
EBS_SKATE 3 2033  F_UCI 0.5
EBS_SKATE 3 2033  F_Median 0.5
EBS_SKATE 3 2033  F_Mean 0.5
EBS_SKATE 3 2034 F0 0 
EBS_SKATE 3 2034 Fabc 0.0798249
EBS_SKATE 3 2034 Fofl 0.0931403
EBS_SKATE 3 2034  F_LCI 0.5
EBS_SKATE 3 2034  F_UCI 0.5
EBS_SKATE 3 2034  F_Median 0.5
EBS_SKATE 3 2034  F_Mean 0.5
EBS_SKATE 3 2035 F0 0 
EBS_SKATE 3 2035 Fabc 0.0798249
EBS_SKATE 3 2035 Fofl 0.0931403
EBS_SKATE 3 2035  F_LCI 0.5
EBS_SKATE 3 2035  F_UCI 0.5
EBS_SKATE 3 2035  F_Median 0.5
EBS_SKATE 3 2035  F_Mean 0.5
EBS_SKATE 3 2036 F0 0 
EBS_SKATE 3 2036 Fabc 0.0798249
EBS_SKATE 3 2036 Fofl 0.0931403
EBS_SKATE 3 2036  F_LCI 0.5
EBS_SKATE 3 2036  F_UCI 0.5
EBS_SKATE 3 2036  F_Median 0.5
EBS_SKATE 3 2036  F_Mean 0.5
EBS_SKATE 4 2023 Cabc 24130.7
EBS_SKATE 4 2023 Cofl 25878.4
EBS_SKATE 4 2023 CLCI 25843
EBS_SKATE 4 2023 CUCI 25843
EBS_SKATE 4 2023 CMedian 25843
EBS_SKATE 4 2023 CMean 25843
EBS_SKATE 4 2023 CStdn 1.45519e-11
EBS_SKATE 4 2024 Cabc 24130.7
EBS_SKATE 4 2024 Cofl 25878.4
EBS_SKATE 4 2024 CLCI 14733.3
EBS_SKATE 4 2024 CUCI 14733.3
EBS_SKATE 4 2024 CMedian 14733.3
EBS_SKATE 4 2024 CMean 14733.3
EBS_SKATE 4 2024 CStdn 1.27329e-11
EBS_SKATE 4 2025 Cabc 24130.7
EBS_SKATE 4 2025 Cofl 25878.4
EBS_SKATE 4 2025 CLCI 14567.3
EBS_SKATE 4 2025 CUCI 14577
EBS_SKATE 4 2025 CMedian 14571.3
EBS_SKATE 4 2025 CMean 14571.8
EBS_SKATE 4 2025 CStdn 3.18563
EBS_SKATE 4 2026 Cabc 24130.7
EBS_SKATE 4 2026 Cofl 25878.4
EBS_SKATE 4 2026 CLCI 14602.5
EBS_SKATE 4 2026 CUCI 14636.6
EBS_SKATE 4 2026 CMedian 14616.4
EBS_SKATE 4 2026 CMean 14618.4
EBS_SKATE 4 2026 CStdn 11.1659
EBS_SKATE 4 2027 Cabc 24130.7
EBS_SKATE 4 2027 Cofl 25878.4
EBS_SKATE 4 2027 CLCI 14761.9
EBS_SKATE 4 2027 CUCI 14858.2
EBS_SKATE 4 2027 CMedian 14802.7
EBS_SKATE 4 2027 CMean 14808.4
EBS_SKATE 4 2027 CStdn 32.9964
EBS_SKATE 4 2028 Cabc 24130.7
EBS_SKATE 4 2028 Cofl 25878.4
EBS_SKATE 4 2028 CLCI 14941.6
EBS_SKATE 4 2028 CUCI 15185.6
EBS_SKATE 4 2028 CMedian 15042.7
EBS_SKATE 4 2028 CMean 15055.3
EBS_SKATE 4 2028 CStdn 81.1741
EBS_SKATE 4 2029 Cabc 24130.7
EBS_SKATE 4 2029 Cofl 25878.4
EBS_SKATE 4 2029 CLCI 15062.4
EBS_SKATE 4 2029 CUCI 15564.8
EBS_SKATE 4 2029 CMedian 15268.9
EBS_SKATE 4 2029 CMean 15291.8
EBS_SKATE 4 2029 CStdn 163.084
EBS_SKATE 4 2030 Cabc 24130.7
EBS_SKATE 4 2030 Cofl 25878.4
EBS_SKATE 4 2030 CLCI 15105.1
EBS_SKATE 4 2030 CUCI 15927.2
EBS_SKATE 4 2030 CMedian 15443.2
EBS_SKATE 4 2030 CMean 15487.1
EBS_SKATE 4 2030 CStdn 273.854
EBS_SKATE 4 2031 Cabc 24130.7
EBS_SKATE 4 2031 Cofl 25878.4
EBS_SKATE 4 2031 CLCI 15050.9
EBS_SKATE 4 2031 CUCI 16257.2
EBS_SKATE 4 2031 CMedian 15609.6
EBS_SKATE 4 2031 CMean 15639.4
EBS_SKATE 4 2031 CStdn 397.057
EBS_SKATE 4 2032 Cabc 24130.7
EBS_SKATE 4 2032 Cofl 25878.4
EBS_SKATE 4 2032 CLCI 14994.6
EBS_SKATE 4 2032 CUCI 16524.4
EBS_SKATE 4 2032 CMedian 15736.1
EBS_SKATE 4 2032 CMean 15760.2
EBS_SKATE 4 2032 CStdn 517.613
EBS_SKATE 4 2033 Cabc 24130.7
EBS_SKATE 4 2033 Cofl 25878.4
EBS_SKATE 4 2033 CLCI 14971.9
EBS_SKATE 4 2033 CUCI 16724
EBS_SKATE 4 2033 CMedian 15805.2
EBS_SKATE 4 2033 CMean 15864.1
EBS_SKATE 4 2033 CStdn 628.349
EBS_SKATE 4 2034 Cabc 24130.7
EBS_SKATE 4 2034 Cofl 25878.4
EBS_SKATE 4 2034 CLCI 14908
EBS_SKATE 4 2034 CUCI 17173.1
EBS_SKATE 4 2034 CMedian 15898.9
EBS_SKATE 4 2034 CMean 15961.1
EBS_SKATE 4 2034 CStdn 726.222
EBS_SKATE 4 2035 Cabc 24130.7
EBS_SKATE 4 2035 Cofl 25878.4
EBS_SKATE 4 2035 CLCI 14973.2
EBS_SKATE 4 2035 CUCI 17297.9
EBS_SKATE 4 2035 CMedian 16061.2
EBS_SKATE 4 2035 CMean 16054.7
EBS_SKATE 4 2035 CStdn 808.125
EBS_SKATE 4 2036 Cabc 24130.7
EBS_SKATE 4 2036 Cofl 25878.4
EBS_SKATE 4 2036 CLCI 14966.6
EBS_SKATE 4 2036 CUCI 17701.9
EBS_SKATE 4 2036 CMedian 16035.7
EBS_SKATE 4 2036 CMean 16143
EBS_SKATE 4 2036 CStdn 869.132
EBS_SKATE 4 2023 SSBF100 172881
EBS_SKATE 4 2023 SSBFabc 69152.4
EBS_SKATE 4 2023 SSBFofl 60508.3
EBS_SKATE 4 2023 SSBLCI 111664
EBS_SKATE 4 2023 SSBUCI 111664
EBS_SKATE 4 2023 SSBMedian 111664
EBS_SKATE 4 2023 SSBMean 111664
EBS_SKATE 4 2024 SSBF100 172881
EBS_SKATE 4 2024 SSBFabc 69152.4
EBS_SKATE 4 2024 SSBFofl 60508.3
EBS_SKATE 4 2024 SSBLCI 106415
EBS_SKATE 4 2024 SSBUCI 106415
EBS_SKATE 4 2024 SSBMedian 106415
EBS_SKATE 4 2024 SSBMean 106415
EBS_SKATE 4 2025 SSBF100 172881
EBS_SKATE 4 2025 SSBFabc 69152.4
EBS_SKATE 4 2025 SSBFofl 60508.3
EBS_SKATE 4 2025 SSBLCI 102304
EBS_SKATE 4 2025 SSBUCI 102304
EBS_SKATE 4 2025 SSBMedian 102304
EBS_SKATE 4 2025 SSBMean 102304
EBS_SKATE 4 2026 SSBF100 172881
EBS_SKATE 4 2026 SSBFabc 69152.4
EBS_SKATE 4 2026 SSBFofl 60508.3
EBS_SKATE 4 2026 SSBLCI 98103.3
EBS_SKATE 4 2026 SSBUCI 98103.3
EBS_SKATE 4 2026 SSBMedian 98103.3
EBS_SKATE 4 2026 SSBMean 98103.3
EBS_SKATE 4 2027 SSBF100 172881
EBS_SKATE 4 2027 SSBFabc 69152.4
EBS_SKATE 4 2027 SSBFofl 60508.3
EBS_SKATE 4 2027 SSBLCI 94397
EBS_SKATE 4 2027 SSBUCI 94397
EBS_SKATE 4 2027 SSBMedian 94397
EBS_SKATE 4 2027 SSBMean 94397
EBS_SKATE 4 2028 SSBF100 172881
EBS_SKATE 4 2028 SSBFabc 69152.4
EBS_SKATE 4 2028 SSBFofl 60508.3
EBS_SKATE 4 2028 SSBLCI 91800.8
EBS_SKATE 4 2028 SSBUCI 91800.8
EBS_SKATE 4 2028 SSBMedian 91800.8
EBS_SKATE 4 2028 SSBMean 91800.8
EBS_SKATE 4 2029 SSBF100 172881
EBS_SKATE 4 2029 SSBFabc 69152.4
EBS_SKATE 4 2029 SSBFofl 60508.3
EBS_SKATE 4 2029 SSBLCI 90735.1
EBS_SKATE 4 2029 SSBUCI 90735.1
EBS_SKATE 4 2029 SSBMedian 90735.1
EBS_SKATE 4 2029 SSBMean 90735.1
EBS_SKATE 4 2030 SSBF100 172881
EBS_SKATE 4 2030 SSBFabc 69152.4
EBS_SKATE 4 2030 SSBFofl 60508.3
EBS_SKATE 4 2030 SSBLCI 91161.7
EBS_SKATE 4 2030 SSBUCI 91210
EBS_SKATE 4 2030 SSBMedian 91181.4
EBS_SKATE 4 2030 SSBMean 91184.1
EBS_SKATE 4 2031 SSBF100 172881
EBS_SKATE 4 2031 SSBFabc 69152.4
EBS_SKATE 4 2031 SSBFofl 60508.3
EBS_SKATE 4 2031 SSBLCI 92476.6
EBS_SKATE 4 2031 SSBUCI 92783.4
EBS_SKATE 4 2031 SSBMedian 92601.3
EBS_SKATE 4 2031 SSBMean 92620.5
EBS_SKATE 4 2032 SSBF100 172881
EBS_SKATE 4 2032 SSBFabc 69152.4
EBS_SKATE 4 2032 SSBFofl 60508.3
EBS_SKATE 4 2032 SSBLCI 93824.2
EBS_SKATE 4 2032 SSBUCI 94940.5
EBS_SKATE 4 2032 SSBMedian 94292.2
EBS_SKATE 4 2032 SSBMean 94347.7
EBS_SKATE 4 2033 SSBF100 172881
EBS_SKATE 4 2033 SSBFabc 69152.4
EBS_SKATE 4 2033 SSBFofl 60508.3
EBS_SKATE 4 2033 SSBLCI 94630.2
EBS_SKATE 4 2033 SSBUCI 97270.4
EBS_SKATE 4 2033 SSBMedian 95732.4
EBS_SKATE 4 2033 SSBMean 95877.3
EBS_SKATE 4 2034 SSBF100 172881
EBS_SKATE 4 2034 SSBFabc 69152.4
EBS_SKATE 4 2034 SSBFofl 60508.3
EBS_SKATE 4 2034 SSBLCI 94748.8
EBS_SKATE 4 2034 SSBUCI 99685.9
EBS_SKATE 4 2034 SSBMedian 96766
EBS_SKATE 4 2034 SSBMean 97054.6
EBS_SKATE 4 2035 SSBF100 172881
EBS_SKATE 4 2035 SSBFabc 69152.4
EBS_SKATE 4 2035 SSBFofl 60508.3
EBS_SKATE 4 2035 SSBLCI 94364.8
EBS_SKATE 4 2035 SSBUCI 101840
EBS_SKATE 4 2035 SSBMedian 97600.5
EBS_SKATE 4 2035 SSBMean 97940.6
EBS_SKATE 4 2036 SSBF100 172881
EBS_SKATE 4 2036 SSBFabc 69152.4
EBS_SKATE 4 2036 SSBFofl 60508.3
EBS_SKATE 4 2036 SSBLCI 93921.7
EBS_SKATE 4 2036 SSBUCI 103558
EBS_SKATE 4 2036 SSBMedian 98489.3
EBS_SKATE 4 2036 SSBMean 98641
EBS_SKATE 4 2023 F0 0 
EBS_SKATE 4 2023 Fabc 0.0798249
EBS_SKATE 4 2023 Fofl 0.0931403
EBS_SKATE 4 2023  F_LCI 0.0708987
EBS_SKATE 4 2023  F_UCI 0.0708987
EBS_SKATE 4 2023  F_Median 0.0708987
EBS_SKATE 4 2023  F_Mean 0.0708987
EBS_SKATE 4 2024 F0 0 
EBS_SKATE 4 2024 Fabc 0.0798249
EBS_SKATE 4 2024 Fofl 0.0931403
EBS_SKATE 4 2024  F_LCI 0.0420106
EBS_SKATE 4 2024  F_UCI 0.0420106
EBS_SKATE 4 2024  F_Median 0.0420106
EBS_SKATE 4 2024  F_Mean 0.0420106
EBS_SKATE 4 2025 F0 0 
EBS_SKATE 4 2025 Fabc 0.0798249
EBS_SKATE 4 2025 Fofl 0.0931403
EBS_SKATE 4 2025  F_LCI 0.0420106
EBS_SKATE 4 2025  F_UCI 0.0420106
EBS_SKATE 4 2025  F_Median 0.0420106
EBS_SKATE 4 2025  F_Mean 0.0420106
EBS_SKATE 4 2026 F0 0 
EBS_SKATE 4 2026 Fabc 0.0798249
EBS_SKATE 4 2026 Fofl 0.0931403
EBS_SKATE 4 2026  F_LCI 0.0420106
EBS_SKATE 4 2026  F_UCI 0.0420106
EBS_SKATE 4 2026  F_Median 0.0420106
EBS_SKATE 4 2026  F_Mean 0.0420106
EBS_SKATE 4 2027 F0 0 
EBS_SKATE 4 2027 Fabc 0.0798249
EBS_SKATE 4 2027 Fofl 0.0931403
EBS_SKATE 4 2027  F_LCI 0.0420106
EBS_SKATE 4 2027  F_UCI 0.0420106
EBS_SKATE 4 2027  F_Median 0.0420106
EBS_SKATE 4 2027  F_Mean 0.0420106
EBS_SKATE 4 2028 F0 0 
EBS_SKATE 4 2028 Fabc 0.0798249
EBS_SKATE 4 2028 Fofl 0.0931403
EBS_SKATE 4 2028  F_LCI 0.0420106
EBS_SKATE 4 2028  F_UCI 0.0420106
EBS_SKATE 4 2028  F_Median 0.0420106
EBS_SKATE 4 2028  F_Mean 0.0420106
EBS_SKATE 4 2029 F0 0 
EBS_SKATE 4 2029 Fabc 0.0798249
EBS_SKATE 4 2029 Fofl 0.0931403
EBS_SKATE 4 2029  F_LCI 0.0420106
EBS_SKATE 4 2029  F_UCI 0.0420106
EBS_SKATE 4 2029  F_Median 0.0420106
EBS_SKATE 4 2029  F_Mean 0.0420106
EBS_SKATE 4 2030 F0 0 
EBS_SKATE 4 2030 Fabc 0.0798249
EBS_SKATE 4 2030 Fofl 0.0931403
EBS_SKATE 4 2030  F_LCI 0.0420106
EBS_SKATE 4 2030  F_UCI 0.0420106
EBS_SKATE 4 2030  F_Median 0.0420106
EBS_SKATE 4 2030  F_Mean 0.0420106
EBS_SKATE 4 2031 F0 0 
EBS_SKATE 4 2031 Fabc 0.0798249
EBS_SKATE 4 2031 Fofl 0.0931403
EBS_SKATE 4 2031  F_LCI 0.0420106
EBS_SKATE 4 2031  F_UCI 0.0420106
EBS_SKATE 4 2031  F_Median 0.0420106
EBS_SKATE 4 2031  F_Mean 0.0420106
EBS_SKATE 4 2032 F0 0 
EBS_SKATE 4 2032 Fabc 0.0798249
EBS_SKATE 4 2032 Fofl 0.0931403
EBS_SKATE 4 2032  F_LCI 0.0420106
EBS_SKATE 4 2032  F_UCI 0.0420106
EBS_SKATE 4 2032  F_Median 0.0420106
EBS_SKATE 4 2032  F_Mean 0.0420106
EBS_SKATE 4 2033 F0 0 
EBS_SKATE 4 2033 Fabc 0.0798249
EBS_SKATE 4 2033 Fofl 0.0931403
EBS_SKATE 4 2033  F_LCI 0.0420106
EBS_SKATE 4 2033  F_UCI 0.0420106
EBS_SKATE 4 2033  F_Median 0.0420106
EBS_SKATE 4 2033  F_Mean 0.0420106
EBS_SKATE 4 2034 F0 0 
EBS_SKATE 4 2034 Fabc 0.0798249
EBS_SKATE 4 2034 Fofl 0.0931403
EBS_SKATE 4 2034  F_LCI 0.0420106
EBS_SKATE 4 2034  F_UCI 0.0420106
EBS_SKATE 4 2034  F_Median 0.0420106
EBS_SKATE 4 2034  F_Mean 0.0420106
EBS_SKATE 4 2035 F0 0 
EBS_SKATE 4 2035 Fabc 0.0798249
EBS_SKATE 4 2035 Fofl 0.0931403
EBS_SKATE 4 2035  F_LCI 0.0420106
EBS_SKATE 4 2035  F_UCI 0.0420106
EBS_SKATE 4 2035  F_Median 0.0420106
EBS_SKATE 4 2035  F_Mean 0.0420106
EBS_SKATE 4 2036 F0 0 
EBS_SKATE 4 2036 Fabc 0.0798249
EBS_SKATE 4 2036 Fofl 0.0931403
EBS_SKATE 4 2036  F_LCI 0.0420106
EBS_SKATE 4 2036  F_UCI 0.0420106
EBS_SKATE 4 2036  F_Median 0.0420106
EBS_SKATE 4 2036  F_Mean 0.0420106
EBS_SKATE 5 2023 Cabc 24130.7
EBS_SKATE 5 2023 Cofl 25878.4
EBS_SKATE 5 2023 CLCI 25843
EBS_SKATE 5 2023 CUCI 25843
EBS_SKATE 5 2023 CMedian 25843
EBS_SKATE 5 2023 CMean 25843
EBS_SKATE 5 2023 CStdn 1.45519e-11
EBS_SKATE 5 2024 Cabc 24130.7
EBS_SKATE 5 2024 Cofl 25878.4
EBS_SKATE 5 2024 CLCI 0
EBS_SKATE 5 2024 CUCI 0
EBS_SKATE 5 2024 CMedian 0
EBS_SKATE 5 2024 CMean 0
EBS_SKATE 5 2024 CStdn 0
EBS_SKATE 5 2025 Cabc 24130.7
EBS_SKATE 5 2025 Cofl 25878.4
EBS_SKATE 5 2025 CLCI 0
EBS_SKATE 5 2025 CUCI 0
EBS_SKATE 5 2025 CMedian 0
EBS_SKATE 5 2025 CMean 0
EBS_SKATE 5 2025 CStdn 0
EBS_SKATE 5 2026 Cabc 24130.7
EBS_SKATE 5 2026 Cofl 25878.4
EBS_SKATE 5 2026 CLCI 0
EBS_SKATE 5 2026 CUCI 0
EBS_SKATE 5 2026 CMedian 0
EBS_SKATE 5 2026 CMean 0
EBS_SKATE 5 2026 CStdn 0
EBS_SKATE 5 2027 Cabc 24130.7
EBS_SKATE 5 2027 Cofl 25878.4
EBS_SKATE 5 2027 CLCI 0
EBS_SKATE 5 2027 CUCI 0
EBS_SKATE 5 2027 CMedian 0
EBS_SKATE 5 2027 CMean 0
EBS_SKATE 5 2027 CStdn 0
EBS_SKATE 5 2028 Cabc 24130.7
EBS_SKATE 5 2028 Cofl 25878.4
EBS_SKATE 5 2028 CLCI 0
EBS_SKATE 5 2028 CUCI 0
EBS_SKATE 5 2028 CMedian 0
EBS_SKATE 5 2028 CMean 0
EBS_SKATE 5 2028 CStdn 0
EBS_SKATE 5 2029 Cabc 24130.7
EBS_SKATE 5 2029 Cofl 25878.4
EBS_SKATE 5 2029 CLCI 0
EBS_SKATE 5 2029 CUCI 0
EBS_SKATE 5 2029 CMedian 0
EBS_SKATE 5 2029 CMean 0
EBS_SKATE 5 2029 CStdn 0
EBS_SKATE 5 2030 Cabc 24130.7
EBS_SKATE 5 2030 Cofl 25878.4
EBS_SKATE 5 2030 CLCI 0
EBS_SKATE 5 2030 CUCI 0
EBS_SKATE 5 2030 CMedian 0
EBS_SKATE 5 2030 CMean 0
EBS_SKATE 5 2030 CStdn 0
EBS_SKATE 5 2031 Cabc 24130.7
EBS_SKATE 5 2031 Cofl 25878.4
EBS_SKATE 5 2031 CLCI 0
EBS_SKATE 5 2031 CUCI 0
EBS_SKATE 5 2031 CMedian 0
EBS_SKATE 5 2031 CMean 0
EBS_SKATE 5 2031 CStdn 0
EBS_SKATE 5 2032 Cabc 24130.7
EBS_SKATE 5 2032 Cofl 25878.4
EBS_SKATE 5 2032 CLCI 0
EBS_SKATE 5 2032 CUCI 0
EBS_SKATE 5 2032 CMedian 0
EBS_SKATE 5 2032 CMean 0
EBS_SKATE 5 2032 CStdn 0
EBS_SKATE 5 2033 Cabc 24130.7
EBS_SKATE 5 2033 Cofl 25878.4
EBS_SKATE 5 2033 CLCI 0
EBS_SKATE 5 2033 CUCI 0
EBS_SKATE 5 2033 CMedian 0
EBS_SKATE 5 2033 CMean 0
EBS_SKATE 5 2033 CStdn 0
EBS_SKATE 5 2034 Cabc 24130.7
EBS_SKATE 5 2034 Cofl 25878.4
EBS_SKATE 5 2034 CLCI 0
EBS_SKATE 5 2034 CUCI 0
EBS_SKATE 5 2034 CMedian 0
EBS_SKATE 5 2034 CMean 0
EBS_SKATE 5 2034 CStdn 0
EBS_SKATE 5 2035 Cabc 24130.7
EBS_SKATE 5 2035 Cofl 25878.4
EBS_SKATE 5 2035 CLCI 0
EBS_SKATE 5 2035 CUCI 0
EBS_SKATE 5 2035 CMedian 0
EBS_SKATE 5 2035 CMean 0
EBS_SKATE 5 2035 CStdn 0
EBS_SKATE 5 2036 Cabc 24130.7
EBS_SKATE 5 2036 Cofl 25878.4
EBS_SKATE 5 2036 CLCI 0
EBS_SKATE 5 2036 CUCI 0
EBS_SKATE 5 2036 CMedian 0
EBS_SKATE 5 2036 CMean 0
EBS_SKATE 5 2036 CStdn 0
EBS_SKATE 5 2023 SSBF100 172881
EBS_SKATE 5 2023 SSBFabc 69152.4
EBS_SKATE 5 2023 SSBFofl 60508.3
EBS_SKATE 5 2023 SSBLCI 111664
EBS_SKATE 5 2023 SSBUCI 111664
EBS_SKATE 5 2023 SSBMedian 111664
EBS_SKATE 5 2023 SSBMean 111664
EBS_SKATE 5 2024 SSBF100 172881
EBS_SKATE 5 2024 SSBFabc 69152.4
EBS_SKATE 5 2024 SSBFofl 60508.3
EBS_SKATE 5 2024 SSBLCI 108164
EBS_SKATE 5 2024 SSBUCI 108164
EBS_SKATE 5 2024 SSBMedian 108164
EBS_SKATE 5 2024 SSBMean 108164
EBS_SKATE 5 2025 SSBF100 172881
EBS_SKATE 5 2025 SSBFabc 69152.4
EBS_SKATE 5 2025 SSBFofl 60508.3
EBS_SKATE 5 2025 SSBLCI 108134
EBS_SKATE 5 2025 SSBUCI 108134
EBS_SKATE 5 2025 SSBMedian 108134
EBS_SKATE 5 2025 SSBMean 108134
EBS_SKATE 5 2026 SSBF100 172881
EBS_SKATE 5 2026 SSBFabc 69152.4
EBS_SKATE 5 2026 SSBFofl 60508.3
EBS_SKATE 5 2026 SSBLCI 107803
EBS_SKATE 5 2026 SSBUCI 107803
EBS_SKATE 5 2026 SSBMedian 107803
EBS_SKATE 5 2026 SSBMean 107803
EBS_SKATE 5 2027 SSBF100 172881
EBS_SKATE 5 2027 SSBFabc 69152.4
EBS_SKATE 5 2027 SSBFofl 60508.3
EBS_SKATE 5 2027 SSBLCI 107771
EBS_SKATE 5 2027 SSBUCI 107771
EBS_SKATE 5 2027 SSBMedian 107771
EBS_SKATE 5 2027 SSBMean 107771
EBS_SKATE 5 2028 SSBF100 172881
EBS_SKATE 5 2028 SSBFabc 69152.4
EBS_SKATE 5 2028 SSBFofl 60508.3
EBS_SKATE 5 2028 SSBLCI 108745
EBS_SKATE 5 2028 SSBUCI 108745
EBS_SKATE 5 2028 SSBMedian 108745
EBS_SKATE 5 2028 SSBMean 108745
EBS_SKATE 5 2029 SSBF100 172881
EBS_SKATE 5 2029 SSBFabc 69152.4
EBS_SKATE 5 2029 SSBFofl 60508.3
EBS_SKATE 5 2029 SSBLCI 111294
EBS_SKATE 5 2029 SSBUCI 111294
EBS_SKATE 5 2029 SSBMedian 111294
EBS_SKATE 5 2029 SSBMean 111294
EBS_SKATE 5 2030 SSBF100 172881
EBS_SKATE 5 2030 SSBFabc 69152.4
EBS_SKATE 5 2030 SSBFofl 60508.3
EBS_SKATE 5 2030 SSBLCI 115503
EBS_SKATE 5 2030 SSBUCI 115555
EBS_SKATE 5 2030 SSBMedian 115524
EBS_SKATE 5 2030 SSBMean 115527
EBS_SKATE 5 2031 SSBF100 172881
EBS_SKATE 5 2031 SSBFabc 69152.4
EBS_SKATE 5 2031 SSBFofl 60508.3
EBS_SKATE 5 2031 SSBLCI 120758
EBS_SKATE 5 2031 SSBUCI 121094
EBS_SKATE 5 2031 SSBMedian 120894
EBS_SKATE 5 2031 SSBMean 120916
EBS_SKATE 5 2032 SSBF100 172881
EBS_SKATE 5 2032 SSBFabc 69152.4
EBS_SKATE 5 2032 SSBFofl 60508.3
EBS_SKATE 5 2032 SSBLCI 126032
EBS_SKATE 5 2032 SSBUCI 127298
EBS_SKATE 5 2032 SSBMedian 126562
EBS_SKATE 5 2032 SSBMean 126626
EBS_SKATE 5 2033 SSBF100 172881
EBS_SKATE 5 2033 SSBFabc 69152.4
EBS_SKATE 5 2033 SSBFofl 60508.3
EBS_SKATE 5 2033 SSBLCI 130527
EBS_SKATE 5 2033 SSBUCI 133634
EBS_SKATE 5 2033 SSBMedian 131818
EBS_SKATE 5 2033 SSBMean 131987
EBS_SKATE 5 2034 SSBF100 172881
EBS_SKATE 5 2034 SSBFabc 69152.4
EBS_SKATE 5 2034 SSBFofl 60508.3
EBS_SKATE 5 2034 SSBLCI 133905
EBS_SKATE 5 2034 SSBUCI 139923
EBS_SKATE 5 2034 SSBMedian 136368
EBS_SKATE 5 2034 SSBMean 136712
EBS_SKATE 5 2035 SSBF100 172881
EBS_SKATE 5 2035 SSBFabc 69152.4
EBS_SKATE 5 2035 SSBFofl 60508.3
EBS_SKATE 5 2035 SSBLCI 136423
EBS_SKATE 5 2035 SSBUCI 145742
EBS_SKATE 5 2035 SSBMedian 140345
EBS_SKATE 5 2035 SSBMean 140812
EBS_SKATE 5 2036 SSBF100 172881
EBS_SKATE 5 2036 SSBFabc 69152.4
EBS_SKATE 5 2036 SSBFofl 60508.3
EBS_SKATE 5 2036 SSBLCI 138227
EBS_SKATE 5 2036 SSBUCI 150834
EBS_SKATE 5 2036 SSBMedian 144151
EBS_SKATE 5 2036 SSBMean 144393
EBS_SKATE 5 2023 F0 0 
EBS_SKATE 5 2023 Fabc 0.0798249
EBS_SKATE 5 2023 Fofl 0.0931403
EBS_SKATE 5 2023  F_LCI 0.0708987
EBS_SKATE 5 2023  F_UCI 0.0708987
EBS_SKATE 5 2023  F_Median 0.0708987
EBS_SKATE 5 2023  F_Mean 0.0708987
EBS_SKATE 5 2024 F0 0 
EBS_SKATE 5 2024 Fabc 0.0798249
EBS_SKATE 5 2024 Fofl 0.0931403
EBS_SKATE 5 2024  F_LCI 0
EBS_SKATE 5 2024  F_UCI 0
EBS_SKATE 5 2024  F_Median 0
EBS_SKATE 5 2024  F_Mean 0
EBS_SKATE 5 2025 F0 0 
EBS_SKATE 5 2025 Fabc 0.0798249
EBS_SKATE 5 2025 Fofl 0.0931403
EBS_SKATE 5 2025  F_LCI 0
EBS_SKATE 5 2025  F_UCI 0
EBS_SKATE 5 2025  F_Median 0
EBS_SKATE 5 2025  F_Mean 0
EBS_SKATE 5 2026 F0 0 
EBS_SKATE 5 2026 Fabc 0.0798249
EBS_SKATE 5 2026 Fofl 0.0931403
EBS_SKATE 5 2026  F_LCI 0
EBS_SKATE 5 2026  F_UCI 0
EBS_SKATE 5 2026  F_Median 0
EBS_SKATE 5 2026  F_Mean 0
EBS_SKATE 5 2027 F0 0 
EBS_SKATE 5 2027 Fabc 0.0798249
EBS_SKATE 5 2027 Fofl 0.0931403
EBS_SKATE 5 2027  F_LCI 0
EBS_SKATE 5 2027  F_UCI 0
EBS_SKATE 5 2027  F_Median 0
EBS_SKATE 5 2027  F_Mean 0
EBS_SKATE 5 2028 F0 0 
EBS_SKATE 5 2028 Fabc 0.0798249
EBS_SKATE 5 2028 Fofl 0.0931403
EBS_SKATE 5 2028  F_LCI 0
EBS_SKATE 5 2028  F_UCI 0
EBS_SKATE 5 2028  F_Median 0
EBS_SKATE 5 2028  F_Mean 0
EBS_SKATE 5 2029 F0 0 
EBS_SKATE 5 2029 Fabc 0.0798249
EBS_SKATE 5 2029 Fofl 0.0931403
EBS_SKATE 5 2029  F_LCI 0
EBS_SKATE 5 2029  F_UCI 0
EBS_SKATE 5 2029  F_Median 0
EBS_SKATE 5 2029  F_Mean 0
EBS_SKATE 5 2030 F0 0 
EBS_SKATE 5 2030 Fabc 0.0798249
EBS_SKATE 5 2030 Fofl 0.0931403
EBS_SKATE 5 2030  F_LCI 0
EBS_SKATE 5 2030  F_UCI 0
EBS_SKATE 5 2030  F_Median 0
EBS_SKATE 5 2030  F_Mean 0
EBS_SKATE 5 2031 F0 0 
EBS_SKATE 5 2031 Fabc 0.0798249
EBS_SKATE 5 2031 Fofl 0.0931403
EBS_SKATE 5 2031  F_LCI 0
EBS_SKATE 5 2031  F_UCI 0
EBS_SKATE 5 2031  F_Median 0
EBS_SKATE 5 2031  F_Mean 0
EBS_SKATE 5 2032 F0 0 
EBS_SKATE 5 2032 Fabc 0.0798249
EBS_SKATE 5 2032 Fofl 0.0931403
EBS_SKATE 5 2032  F_LCI 0
EBS_SKATE 5 2032  F_UCI 0
EBS_SKATE 5 2032  F_Median 0
EBS_SKATE 5 2032  F_Mean 0
EBS_SKATE 5 2033 F0 0 
EBS_SKATE 5 2033 Fabc 0.0798249
EBS_SKATE 5 2033 Fofl 0.0931403
EBS_SKATE 5 2033  F_LCI 0
EBS_SKATE 5 2033  F_UCI 0
EBS_SKATE 5 2033  F_Median 0
EBS_SKATE 5 2033  F_Mean 0
EBS_SKATE 5 2034 F0 0 
EBS_SKATE 5 2034 Fabc 0.0798249
EBS_SKATE 5 2034 Fofl 0.0931403
EBS_SKATE 5 2034  F_LCI 0
EBS_SKATE 5 2034  F_UCI 0
EBS_SKATE 5 2034  F_Median 0
EBS_SKATE 5 2034  F_Mean 0
EBS_SKATE 5 2035 F0 0 
EBS_SKATE 5 2035 Fabc 0.0798249
EBS_SKATE 5 2035 Fofl 0.0931403
EBS_SKATE 5 2035  F_LCI 0
EBS_SKATE 5 2035  F_UCI 0
EBS_SKATE 5 2035  F_Median 0
EBS_SKATE 5 2035  F_Mean 0
EBS_SKATE 5 2036 F0 0 
EBS_SKATE 5 2036 Fabc 0.0798249
EBS_SKATE 5 2036 Fofl 0.0931403
EBS_SKATE 5 2036  F_LCI 0
EBS_SKATE 5 2036  F_UCI 0
EBS_SKATE 5 2036  F_Median 0
EBS_SKATE 5 2036  F_Mean 0
EBS_SKATE 6 2023 Cabc 24130.7
EBS_SKATE 6 2023 Cofl 25878.4
EBS_SKATE 6 2023 CLCI 25843
EBS_SKATE 6 2023 CUCI 25843
EBS_SKATE 6 2023 CMedian 25843
EBS_SKATE 6 2023 CMean 25843
EBS_SKATE 6 2023 CStdn 1.45519e-11
EBS_SKATE 6 2024 Cabc 24130.7
EBS_SKATE 6 2024 Cofl 25878.4
EBS_SKATE 6 2024 CLCI 31963.2
EBS_SKATE 6 2024 CUCI 31963.2
EBS_SKATE 6 2024 CMedian 31963.2
EBS_SKATE 6 2024 CMean 31963.2
EBS_SKATE 6 2024 CStdn 1.09139e-11
EBS_SKATE 6 2025 Cabc 24130.7
EBS_SKATE 6 2025 Cofl 25878.4
EBS_SKATE 6 2025 CLCI 30296
EBS_SKATE 6 2025 CUCI 30317.6
EBS_SKATE 6 2025 CMedian 30304.8
EBS_SKATE 6 2025 CMean 30306
EBS_SKATE 6 2025 CStdn 7.05183
EBS_SKATE 6 2026 Cabc 24130.7
EBS_SKATE 6 2026 Cofl 25878.4
EBS_SKATE 6 2026 CLCI 29219.3
EBS_SKATE 6 2026 CUCI 29294.5
EBS_SKATE 6 2026 CMedian 29250
EBS_SKATE 6 2026 CMean 29254.5
EBS_SKATE 6 2026 CStdn 24.6148
EBS_SKATE 6 2027 Cabc 24130.7
EBS_SKATE 6 2027 Cofl 25878.4
EBS_SKATE 6 2027 CLCI 28520.3
EBS_SKATE 6 2027 CUCI 28731.7
EBS_SKATE 6 2027 CMedian 28609.7
EBS_SKATE 6 2027 CMean 28622.3
EBS_SKATE 6 2027 CStdn 72.1875
EBS_SKATE 6 2028 Cabc 24130.7
EBS_SKATE 6 2028 Cofl 25878.4
EBS_SKATE 6 2028 CLCI 27954.6
EBS_SKATE 6 2028 CUCI 28480.4
EBS_SKATE 6 2028 CMedian 28173.3
EBS_SKATE 6 2028 CMean 28200.4
EBS_SKATE 6 2028 CStdn 175.392
EBS_SKATE 6 2029 Cabc 24130.7
EBS_SKATE 6 2029 Cofl 25878.4
EBS_SKATE 6 2029 CLCI 27359.2
EBS_SKATE 6 2029 CUCI 28419.9
EBS_SKATE 6 2029 CMedian 27792.1
EBS_SKATE 6 2029 CMean 27846.1
EBS_SKATE 6 2029 CStdn 345.977
EBS_SKATE 6 2030 Cabc 24130.7
EBS_SKATE 6 2030 Cofl 25878.4
EBS_SKATE 6 2030 CLCI 26445
EBS_SKATE 6 2030 CUCI 28137.7
EBS_SKATE 6 2030 CMedian 27142.6
EBS_SKATE 6 2030 CMean 27232.8
EBS_SKATE 6 2030 CStdn 566.352
EBS_SKATE 6 2031 Cabc 24130.7
EBS_SKATE 6 2031 Cofl 25878.4
EBS_SKATE 6 2031 CLCI 25233
EBS_SKATE 6 2031 CUCI 27695.7
EBS_SKATE 6 2031 CMedian 26390.9
EBS_SKATE 6 2031 CMean 26438.6
EBS_SKATE 6 2031 CStdn 806.04
EBS_SKATE 6 2032 Cabc 24130.7
EBS_SKATE 6 2032 Cofl 25878.4
EBS_SKATE 6 2032 CLCI 24372
EBS_SKATE 6 2032 CUCI 27541.1
EBS_SKATE 6 2032 CMedian 25858.4
EBS_SKATE 6 2032 CMean 25929.7
EBS_SKATE 6 2032 CStdn 1069.39
EBS_SKATE 6 2033 Cabc 24130.7
EBS_SKATE 6 2033 Cofl 25878.4
EBS_SKATE 6 2033 CLCI 23578.7
EBS_SKATE 6 2033 CUCI 27503.3
EBS_SKATE 6 2033 CMedian 25399.1
EBS_SKATE 6 2033 CMean 25546.2
EBS_SKATE 6 2033 CStdn 1353.66
EBS_SKATE 6 2034 Cabc 24130.7
EBS_SKATE 6 2034 Cofl 25878.4
EBS_SKATE 6 2034 CLCI 22930.2
EBS_SKATE 6 2034 CUCI 27609.4
EBS_SKATE 6 2034 CMedian 25083.7
EBS_SKATE 6 2034 CMean 25246.5
EBS_SKATE 6 2034 CStdn 1639.45
EBS_SKATE 6 2035 Cabc 24130.7
EBS_SKATE 6 2035 Cofl 25878.4
EBS_SKATE 6 2035 CLCI 22388.2
EBS_SKATE 6 2035 CUCI 28255.5
EBS_SKATE 6 2035 CMedian 24920.5
EBS_SKATE 6 2035 CMean 25036.5
EBS_SKATE 6 2035 CStdn 1897.58
EBS_SKATE 6 2036 Cabc 24130.7
EBS_SKATE 6 2036 Cofl 25878.4
EBS_SKATE 6 2036 CLCI 22123.9
EBS_SKATE 6 2036 CUCI 28229.3
EBS_SKATE 6 2036 CMedian 24843.7
EBS_SKATE 6 2036 CMean 24909.3
EBS_SKATE 6 2036 CStdn 2087.24
EBS_SKATE 6 2023 SSBF100 172881
EBS_SKATE 6 2023 SSBFabc 69152.4
EBS_SKATE 6 2023 SSBFofl 60508.3
EBS_SKATE 6 2023 SSBLCI 111664
EBS_SKATE 6 2023 SSBUCI 111664
EBS_SKATE 6 2023 SSBMedian 111664
EBS_SKATE 6 2023 SSBMean 111664
EBS_SKATE 6 2024 SSBF100 172881
EBS_SKATE 6 2024 SSBFabc 69152.4
EBS_SKATE 6 2024 SSBFofl 60508.3
EBS_SKATE 6 2024 SSBLCI 104324
EBS_SKATE 6 2024 SSBUCI 104324
EBS_SKATE 6 2024 SSBMedian 104324
EBS_SKATE 6 2024 SSBMean 104324
EBS_SKATE 6 2025 SSBF100 172881
EBS_SKATE 6 2025 SSBFabc 69152.4
EBS_SKATE 6 2025 SSBFofl 60508.3
EBS_SKATE 6 2025 SSBLCI 95631.1
EBS_SKATE 6 2025 SSBUCI 95631.1
EBS_SKATE 6 2025 SSBMedian 95631.1
EBS_SKATE 6 2025 SSBMean 95631.1
EBS_SKATE 6 2026 SSBF100 172881
EBS_SKATE 6 2026 SSBFabc 69152.4
EBS_SKATE 6 2026 SSBFofl 60508.3
EBS_SKATE 6 2026 SSBLCI 87469.2
EBS_SKATE 6 2026 SSBUCI 87469.2
EBS_SKATE 6 2026 SSBMedian 87469.2
EBS_SKATE 6 2026 SSBMean 87469.2
EBS_SKATE 6 2027 SSBF100 172881
EBS_SKATE 6 2027 SSBFabc 69152.4
EBS_SKATE 6 2027 SSBFofl 60508.3
EBS_SKATE 6 2027 SSBLCI 80344.5
EBS_SKATE 6 2027 SSBUCI 80344.5
EBS_SKATE 6 2027 SSBMedian 80344.5
EBS_SKATE 6 2027 SSBMean 80344.5
EBS_SKATE 6 2028 SSBF100 172881
EBS_SKATE 6 2028 SSBFabc 69152.4
EBS_SKATE 6 2028 SSBFofl 60508.3
EBS_SKATE 6 2028 SSBLCI 74716.1
EBS_SKATE 6 2028 SSBUCI 74716.1
EBS_SKATE 6 2028 SSBMedian 74716.1
EBS_SKATE 6 2028 SSBMean 74716.1
EBS_SKATE 6 2029 SSBF100 172881
EBS_SKATE 6 2029 SSBFabc 69152.4
EBS_SKATE 6 2029 SSBFofl 60508.3
EBS_SKATE 6 2029 SSBLCI 70806.7
EBS_SKATE 6 2029 SSBUCI 70806.7
EBS_SKATE 6 2029 SSBMedian 70806.7
EBS_SKATE 6 2029 SSBMean 70806.7
EBS_SKATE 6 2030 SSBF100 172881
EBS_SKATE 6 2030 SSBFabc 69152.4
EBS_SKATE 6 2030 SSBFofl 60508.3
EBS_SKATE 6 2030 SSBLCI 68454.7
EBS_SKATE 6 2030 SSBUCI 68497.9
EBS_SKATE 6 2030 SSBMedian 68472.3
EBS_SKATE 6 2030 SSBMean 68474.8
EBS_SKATE 6 2031 SSBF100 172881
EBS_SKATE 6 2031 SSBFabc 69152.4
EBS_SKATE 6 2031 SSBFofl 60508.3
EBS_SKATE 6 2031 SSBLCI 67110.5
EBS_SKATE 6 2031 SSBUCI 67372
EBS_SKATE 6 2031 SSBMedian 67216.8
EBS_SKATE 6 2031 SSBMean 67233.2
EBS_SKATE 6 2032 SSBF100 172881
EBS_SKATE 6 2032 SSBFabc 69152.4
EBS_SKATE 6 2032 SSBFofl 60508.3
EBS_SKATE 6 2032 SSBLCI 66079.7
EBS_SKATE 6 2032 SSBUCI 66976.4
EBS_SKATE 6 2032 SSBMedian 66457.6
EBS_SKATE 6 2032 SSBMean 66502.9
EBS_SKATE 6 2033 SSBF100 172881
EBS_SKATE 6 2033 SSBFabc 69152.4
EBS_SKATE 6 2033 SSBFofl 60508.3
EBS_SKATE 6 2033 SSBLCI 64936.8
EBS_SKATE 6 2033 SSBUCI 66985.9
EBS_SKATE 6 2033 SSBMedian 65782.6
EBS_SKATE 6 2033 SSBMean 65894
EBS_SKATE 6 2034 SSBF100 172881
EBS_SKATE 6 2034 SSBFabc 69152.4
EBS_SKATE 6 2034 SSBFofl 60508.3
EBS_SKATE 6 2034 SSBLCI 63657.8
EBS_SKATE 6 2034 SSBUCI 67269.9
EBS_SKATE 6 2034 SSBMedian 65100.3
EBS_SKATE 6 2034 SSBMean 65310.7
EBS_SKATE 6 2035 SSBF100 172881
EBS_SKATE 6 2035 SSBFabc 69152.4
EBS_SKATE 6 2035 SSBFofl 60508.3
EBS_SKATE 6 2035 SSBLCI 62286.2
EBS_SKATE 6 2035 SSBUCI 67378
EBS_SKATE 6 2035 SSBMedian 64626.3
EBS_SKATE 6 2035 SSBMean 64800.6
EBS_SKATE 6 2036 SSBF100 172881
EBS_SKATE 6 2036 SSBFabc 69152.4
EBS_SKATE 6 2036 SSBFofl 60508.3
EBS_SKATE 6 2036 SSBLCI 61273.1
EBS_SKATE 6 2036 SSBUCI 67334.1
EBS_SKATE 6 2036 SSBMedian 64424.2
EBS_SKATE 6 2036 SSBMean 64417.3
EBS_SKATE 6 2023 F0 0 
EBS_SKATE 6 2023 Fabc 0.0798249
EBS_SKATE 6 2023 Fofl 0.0931403
EBS_SKATE 6 2023  F_LCI 0.0708987
EBS_SKATE 6 2023  F_UCI 0.0708987
EBS_SKATE 6 2023  F_Median 0.0708987
EBS_SKATE 6 2023  F_Mean 0.0708987
EBS_SKATE 6 2024 F0 0 
EBS_SKATE 6 2024 Fabc 0.0798249
EBS_SKATE 6 2024 Fofl 0.0931403
EBS_SKATE 6 2024  F_LCI 0.0931403
EBS_SKATE 6 2024  F_UCI 0.0931403
EBS_SKATE 6 2024  F_Median 0.0931403
EBS_SKATE 6 2024  F_Mean 0.0931403
EBS_SKATE 6 2025 F0 0 
EBS_SKATE 6 2025 Fabc 0.0798249
EBS_SKATE 6 2025 Fofl 0.0931403
EBS_SKATE 6 2025  F_LCI 0.0931403
EBS_SKATE 6 2025  F_UCI 0.0931403
EBS_SKATE 6 2025  F_Median 0.0931403
EBS_SKATE 6 2025  F_Mean 0.0931403
EBS_SKATE 6 2026 F0 0 
EBS_SKATE 6 2026 Fabc 0.0798249
EBS_SKATE 6 2026 Fofl 0.0931403
EBS_SKATE 6 2026  F_LCI 0.0931403
EBS_SKATE 6 2026  F_UCI 0.0931403
EBS_SKATE 6 2026  F_Median 0.0931403
EBS_SKATE 6 2026  F_Mean 0.0931403
EBS_SKATE 6 2027 F0 0 
EBS_SKATE 6 2027 Fabc 0.0798249
EBS_SKATE 6 2027 Fofl 0.0931403
EBS_SKATE 6 2027  F_LCI 0.0931403
EBS_SKATE 6 2027  F_UCI 0.0931403
EBS_SKATE 6 2027  F_Median 0.0931403
EBS_SKATE 6 2027  F_Mean 0.0931403
EBS_SKATE 6 2028 F0 0 
EBS_SKATE 6 2028 Fabc 0.0798249
EBS_SKATE 6 2028 Fofl 0.0931403
EBS_SKATE 6 2028  F_LCI 0.0931403
EBS_SKATE 6 2028  F_UCI 0.0931403
EBS_SKATE 6 2028  F_Median 0.0931403
EBS_SKATE 6 2028  F_Mean 0.0931403
EBS_SKATE 6 2029 F0 0 
EBS_SKATE 6 2029 Fabc 0.0798249
EBS_SKATE 6 2029 Fofl 0.0931403
EBS_SKATE 6 2029  F_LCI 0.0931403
EBS_SKATE 6 2029  F_UCI 0.0931403
EBS_SKATE 6 2029  F_Median 0.0931403
EBS_SKATE 6 2029  F_Mean 0.0931403
EBS_SKATE 6 2030 F0 0 
EBS_SKATE 6 2030 Fabc 0.0798249
EBS_SKATE 6 2030 Fofl 0.0931403
EBS_SKATE 6 2030  F_LCI 0.0921518
EBS_SKATE 6 2030  F_UCI 0.0922131
EBS_SKATE 6 2030  F_Median 0.0921768
EBS_SKATE 6 2030  F_Mean 0.0921803
EBS_SKATE 6 2031 F0 0 
EBS_SKATE 6 2031 Fabc 0.0798249
EBS_SKATE 6 2031 Fofl 0.0931403
EBS_SKATE 6 2031  F_LCI 0.0902459
EBS_SKATE 6 2031  F_UCI 0.0906166
EBS_SKATE 6 2031  F_Median 0.0903966
EBS_SKATE 6 2031  F_Mean 0.0904198
EBS_SKATE 6 2032 F0 0 
EBS_SKATE 6 2032 Fabc 0.0798249
EBS_SKATE 6 2032 Fofl 0.0931403
EBS_SKATE 6 2032  F_LCI 0.0887844
EBS_SKATE 6 2032  F_UCI 0.0900557
EBS_SKATE 6 2032  F_Median 0.0893202
EBS_SKATE 6 2032  F_Mean 0.0893843
EBS_SKATE 6 2033 F0 0 
EBS_SKATE 6 2033 Fabc 0.0798249
EBS_SKATE 6 2033 Fofl 0.0931403
EBS_SKATE 6 2033  F_LCI 0.0871639
EBS_SKATE 6 2033  F_UCI 0.0900692
EBS_SKATE 6 2033  F_Median 0.0883631
EBS_SKATE 6 2033  F_Mean 0.088521
EBS_SKATE 6 2034 F0 0 
EBS_SKATE 6 2034 Fabc 0.0798249
EBS_SKATE 6 2034 Fofl 0.0931403
EBS_SKATE 6 2034  F_LCI 0.0853504
EBS_SKATE 6 2034  F_UCI 0.0904718
EBS_SKATE 6 2034  F_Median 0.0873958
EBS_SKATE 6 2034  F_Mean 0.0876941
EBS_SKATE 6 2035 F0 0 
EBS_SKATE 6 2035 Fabc 0.0798249
EBS_SKATE 6 2035 Fofl 0.0931403
EBS_SKATE 6 2035  F_LCI 0.0834057
EBS_SKATE 6 2035  F_UCI 0.0906252
EBS_SKATE 6 2035  F_Median 0.0867237
EBS_SKATE 6 2035  F_Mean 0.0869705
EBS_SKATE 6 2036 F0 0 
EBS_SKATE 6 2036 Fabc 0.0798249
EBS_SKATE 6 2036 Fofl 0.0931403
EBS_SKATE 6 2036  F_LCI 0.0819693
EBS_SKATE 6 2036  F_UCI 0.0905629
EBS_SKATE 6 2036  F_Median 0.0864371
EBS_SKATE 6 2036  F_Mean 0.0864056
EBS_SKATE 7 2023 Cabc 24130.7
EBS_SKATE 7 2023 Cofl 25878.4
EBS_SKATE 7 2023 CLCI 25843
EBS_SKATE 7 2023 CUCI 25843
EBS_SKATE 7 2023 CMedian 25843
EBS_SKATE 7 2023 CMean 25843
EBS_SKATE 7 2023 CStdn 1.45519e-11
EBS_SKATE 7 2024 Cabc 24130.7
EBS_SKATE 7 2024 Cofl 25878.4
EBS_SKATE 7 2024 CLCI 27548.5
EBS_SKATE 7 2024 CUCI 27548.5
EBS_SKATE 7 2024 CMedian 27548.5
EBS_SKATE 7 2024 CMean 27548.5
EBS_SKATE 7 2024 CStdn 2.91038e-11
EBS_SKATE 7 2025 Cabc 24130.7
EBS_SKATE 7 2025 Cofl 25878.4
EBS_SKATE 7 2025 CLCI 26399.9
EBS_SKATE 7 2025 CUCI 26418.4
EBS_SKATE 7 2025 CMedian 26407.4
EBS_SKATE 7 2025 CMean 26408.5
EBS_SKATE 7 2025 CStdn 6.04613
EBS_SKATE 7 2026 Cabc 24130.7
EBS_SKATE 7 2026 Cofl 25878.4
EBS_SKATE 7 2026 CLCI 29842.1
EBS_SKATE 7 2026 CUCI 29917.3
EBS_SKATE 7 2026 CMedian 29872.8
EBS_SKATE 7 2026 CMean 29877.3
EBS_SKATE 7 2026 CStdn 24.6338
EBS_SKATE 7 2027 Cabc 24130.7
EBS_SKATE 7 2027 Cofl 25878.4
EBS_SKATE 7 2027 CLCI 29076.2
EBS_SKATE 7 2027 CUCI 29287.6
EBS_SKATE 7 2027 CMedian 29165.6
EBS_SKATE 7 2027 CMean 29178.2
EBS_SKATE 7 2027 CStdn 72.2418
EBS_SKATE 7 2028 Cabc 24130.7
EBS_SKATE 7 2028 Cofl 25878.4
EBS_SKATE 7 2028 CLCI 28444.4
EBS_SKATE 7 2028 CUCI 28970.6
EBS_SKATE 7 2028 CMedian 28663.2
EBS_SKATE 7 2028 CMean 28690.4
EBS_SKATE 7 2028 CStdn 175.517
EBS_SKATE 7 2029 Cabc 24130.7
EBS_SKATE 7 2029 Cofl 25878.4
EBS_SKATE 7 2029 CLCI 27784.3
EBS_SKATE 7 2029 CUCI 28845.8
EBS_SKATE 7 2029 CMedian 28217.6
EBS_SKATE 7 2029 CMean 28271.5
EBS_SKATE 7 2029 CStdn 346.202
EBS_SKATE 7 2030 Cabc 24130.7
EBS_SKATE 7 2030 Cofl 25878.4
EBS_SKATE 7 2030 CLCI 27078.8
EBS_SKATE 7 2030 CUCI 28774.1
EBS_SKATE 7 2030 CMedian 27781.3
EBS_SKATE 7 2030 CMean 27868.7
EBS_SKATE 7 2030 CStdn 567.797
EBS_SKATE 7 2031 Cabc 24130.7
EBS_SKATE 7 2031 Cofl 25878.4
EBS_SKATE 7 2031 CLCI 25976.5
EBS_SKATE 7 2031 CUCI 28486
EBS_SKATE 7 2031 CMedian 27156.5
EBS_SKATE 7 2031 CMean 27204.7
EBS_SKATE 7 2031 CStdn 821.236
EBS_SKATE 7 2032 Cabc 24130.7
EBS_SKATE 7 2032 Cofl 25878.4
EBS_SKATE 7 2032 CLCI 24925.5
EBS_SKATE 7 2032 CUCI 28136.5
EBS_SKATE 7 2032 CMedian 26431.8
EBS_SKATE 7 2032 CMean 26504
EBS_SKATE 7 2032 CStdn 1083.39
EBS_SKATE 7 2033 Cabc 24130.7
EBS_SKATE 7 2033 Cofl 25878.4
EBS_SKATE 7 2033 CLCI 23977.1
EBS_SKATE 7 2033 CUCI 27938.4
EBS_SKATE 7 2033 CMedian 25813.6
EBS_SKATE 7 2033 CMean 25961.5
EBS_SKATE 7 2033 CStdn 1364.54
EBS_SKATE 7 2034 Cabc 24130.7
EBS_SKATE 7 2034 Cofl 25878.4
EBS_SKATE 7 2034 CLCI 23206.8
EBS_SKATE 7 2034 CUCI 27905.1
EBS_SKATE 7 2034 CMedian 25370.6
EBS_SKATE 7 2034 CMean 25532.8
EBS_SKATE 7 2034 CStdn 1645.89
EBS_SKATE 7 2035 Cabc 24130.7
EBS_SKATE 7 2035 Cofl 25878.4
EBS_SKATE 7 2035 CLCI 22571.9
EBS_SKATE 7 2035 CUCI 28437.2
EBS_SKATE 7 2035 CMedian 25098.3
EBS_SKATE 7 2035 CMean 25219.8
EBS_SKATE 7 2035 CStdn 1894.38
EBS_SKATE 7 2036 Cabc 24130.7
EBS_SKATE 7 2036 Cofl 25878.4
EBS_SKATE 7 2036 CLCI 22237.5
EBS_SKATE 7 2036 CUCI 28326.9
EBS_SKATE 7 2036 CMedian 24948.8
EBS_SKATE 7 2036 CMean 25014.5
EBS_SKATE 7 2036 CStdn 2077.78
EBS_SKATE 7 2023 SSBF100 172881
EBS_SKATE 7 2023 SSBFabc 69152.4
EBS_SKATE 7 2023 SSBFofl 60508.3
EBS_SKATE 7 2023 SSBLCI 111664
EBS_SKATE 7 2023 SSBUCI 111664
EBS_SKATE 7 2023 SSBMedian 111664
EBS_SKATE 7 2023 SSBMean 111664
EBS_SKATE 7 2024 SSBF100 172881
EBS_SKATE 7 2024 SSBFabc 69152.4
EBS_SKATE 7 2024 SSBFofl 60508.3
EBS_SKATE 7 2024 SSBLCI 104864
EBS_SKATE 7 2024 SSBUCI 104864
EBS_SKATE 7 2024 SSBMedian 104864
EBS_SKATE 7 2024 SSBMean 104864
EBS_SKATE 7 2025 SSBF100 172881
EBS_SKATE 7 2025 SSBFabc 69152.4
EBS_SKATE 7 2025 SSBFofl 60508.3
EBS_SKATE 7 2025 SSBLCI 97325.8
EBS_SKATE 7 2025 SSBUCI 97325.8
EBS_SKATE 7 2025 SSBMedian 97325.8
EBS_SKATE 7 2025 SSBMean 97325.8
EBS_SKATE 7 2026 SSBF100 172881
EBS_SKATE 7 2026 SSBFabc 69152.4
EBS_SKATE 7 2026 SSBFofl 60508.3
EBS_SKATE 7 2026 SSBLCI 89658.7
EBS_SKATE 7 2026 SSBUCI 89658.7
EBS_SKATE 7 2026 SSBMedian 89658.7
EBS_SKATE 7 2026 SSBMean 89658.7
EBS_SKATE 7 2027 SSBF100 172881
EBS_SKATE 7 2027 SSBFabc 69152.4
EBS_SKATE 7 2027 SSBFofl 60508.3
EBS_SKATE 7 2027 SSBLCI 82334.6
EBS_SKATE 7 2027 SSBUCI 82334.6
EBS_SKATE 7 2027 SSBMedian 82334.6
EBS_SKATE 7 2027 SSBMean 82334.6
EBS_SKATE 7 2028 SSBF100 172881
EBS_SKATE 7 2028 SSBFabc 69152.4
EBS_SKATE 7 2028 SSBFofl 60508.3
EBS_SKATE 7 2028 SSBLCI 76521.8
EBS_SKATE 7 2028 SSBUCI 76521.8
EBS_SKATE 7 2028 SSBMedian 76521.8
EBS_SKATE 7 2028 SSBMean 76521.8
EBS_SKATE 7 2029 SSBF100 172881
EBS_SKATE 7 2029 SSBFabc 69152.4
EBS_SKATE 7 2029 SSBFofl 60508.3
EBS_SKATE 7 2029 SSBLCI 72442.4
EBS_SKATE 7 2029 SSBUCI 72442.4
EBS_SKATE 7 2029 SSBMedian 72442.4
EBS_SKATE 7 2029 SSBMean 72442.4
EBS_SKATE 7 2030 SSBF100 172881
EBS_SKATE 7 2030 SSBFabc 69152.4
EBS_SKATE 7 2030 SSBFofl 60508.3
EBS_SKATE 7 2030 SSBLCI 69904.1
EBS_SKATE 7 2030 SSBUCI 69949
EBS_SKATE 7 2030 SSBMedian 69922.4
EBS_SKATE 7 2030 SSBMean 69925
EBS_SKATE 7 2031 SSBF100 172881
EBS_SKATE 7 2031 SSBFabc 69152.4
EBS_SKATE 7 2031 SSBFofl 60508.3
EBS_SKATE 7 2031 SSBLCI 68324.2
EBS_SKATE 7 2031 SSBUCI 68589
EBS_SKATE 7 2031 SSBMedian 68431.9
EBS_SKATE 7 2031 SSBMean 68448.4
EBS_SKATE 7 2032 SSBF100 172881
EBS_SKATE 7 2032 SSBFabc 69152.4
EBS_SKATE 7 2032 SSBFofl 60508.3
EBS_SKATE 7 2032 SSBLCI 67045
EBS_SKATE 7 2032 SSBUCI 67943
EBS_SKATE 7 2032 SSBMedian 67423.2
EBS_SKATE 7 2032 SSBMean 67468.5
EBS_SKATE 7 2033 SSBF100 172881
EBS_SKATE 7 2033 SSBFabc 69152.4
EBS_SKATE 7 2033 SSBFofl 60508.3
EBS_SKATE 7 2033 SSBLCI 65681.8
EBS_SKATE 7 2033 SSBUCI 67725
EBS_SKATE 7 2033 SSBMedian 66525.2
EBS_SKATE 7 2033 SSBMean 66636.3
EBS_SKATE 7 2034 SSBF100 172881
EBS_SKATE 7 2034 SSBFabc 69152.4
EBS_SKATE 7 2034 SSBFofl 60508.3
EBS_SKATE 7 2034 SSBLCI 64212
EBS_SKATE 7 2034 SSBUCI 67809
EBS_SKATE 7 2034 SSBMedian 65647.9
EBS_SKATE 7 2034 SSBMean 65858.1
EBS_SKATE 7 2035 SSBF100 172881
EBS_SKATE 7 2035 SSBFabc 69152.4
EBS_SKATE 7 2035 SSBFofl 60508.3
EBS_SKATE 7 2035 SSBLCI 62681.6
EBS_SKATE 7 2035 SSBUCI 67748.7
EBS_SKATE 7 2035 SSBMedian 65009.4
EBS_SKATE 7 2035 SSBMean 65183.6
EBS_SKATE 7 2036 SSBF100 172881
EBS_SKATE 7 2036 SSBFabc 69152.4
EBS_SKATE 7 2036 SSBFofl 60508.3
EBS_SKATE 7 2036 SSBLCI 61540
EBS_SKATE 7 2036 SSBUCI 67569.4
EBS_SKATE 7 2036 SSBMedian 64672.9
EBS_SKATE 7 2036 SSBMean 64667.5
EBS_SKATE 7 2023 F0 0 
EBS_SKATE 7 2023 Fabc 0.0798249
EBS_SKATE 7 2023 Fofl 0.0931403
EBS_SKATE 7 2023  F_LCI 0.0708987
EBS_SKATE 7 2023  F_UCI 0.0708987
EBS_SKATE 7 2023  F_Median 0.0708987
EBS_SKATE 7 2023  F_Mean 0.0708987
EBS_SKATE 7 2024 F0 0 
EBS_SKATE 7 2024 Fabc 0.0798249
EBS_SKATE 7 2024 Fofl 0.0931403
EBS_SKATE 7 2024  F_LCI 0.0798249
EBS_SKATE 7 2024  F_UCI 0.0798249
EBS_SKATE 7 2024  F_Median 0.0798249
EBS_SKATE 7 2024  F_Mean 0.0798249
EBS_SKATE 7 2025 F0 0 
EBS_SKATE 7 2025 Fabc 0.0798249
EBS_SKATE 7 2025 Fofl 0.0931403
EBS_SKATE 7 2025  F_LCI 0.0798249
EBS_SKATE 7 2025  F_UCI 0.0798249
EBS_SKATE 7 2025  F_Median 0.0798249
EBS_SKATE 7 2025  F_Mean 0.0798249
EBS_SKATE 7 2026 F0 0 
EBS_SKATE 7 2026 Fabc 0.0798249
EBS_SKATE 7 2026 Fofl 0.0931403
EBS_SKATE 7 2026  F_LCI 0.0931403
EBS_SKATE 7 2026  F_UCI 0.0931403
EBS_SKATE 7 2026  F_Median 0.0931403
EBS_SKATE 7 2026  F_Mean 0.0931403
EBS_SKATE 7 2027 F0 0 
EBS_SKATE 7 2027 Fabc 0.0798249
EBS_SKATE 7 2027 Fofl 0.0931403
EBS_SKATE 7 2027  F_LCI 0.0931403
EBS_SKATE 7 2027  F_UCI 0.0931403
EBS_SKATE 7 2027  F_Median 0.0931403
EBS_SKATE 7 2027  F_Mean 0.0931403
EBS_SKATE 7 2028 F0 0 
EBS_SKATE 7 2028 Fabc 0.0798249
EBS_SKATE 7 2028 Fofl 0.0931403
EBS_SKATE 7 2028  F_LCI 0.0931403
EBS_SKATE 7 2028  F_UCI 0.0931403
EBS_SKATE 7 2028  F_Median 0.0931403
EBS_SKATE 7 2028  F_Mean 0.0931403
EBS_SKATE 7 2029 F0 0 
EBS_SKATE 7 2029 Fabc 0.0798249
EBS_SKATE 7 2029 Fofl 0.0931403
EBS_SKATE 7 2029  F_LCI 0.0931403
EBS_SKATE 7 2029  F_UCI 0.0931403
EBS_SKATE 7 2029  F_Median 0.0931403
EBS_SKATE 7 2029  F_Mean 0.0931403
EBS_SKATE 7 2030 F0 0 
EBS_SKATE 7 2030 Fabc 0.0798249
EBS_SKATE 7 2030 Fofl 0.0931403
EBS_SKATE 7 2030  F_LCI 0.0931403
EBS_SKATE 7 2030  F_UCI 0.0931403
EBS_SKATE 7 2030  F_Median 0.0931403
EBS_SKATE 7 2030  F_Mean 0.0931403
EBS_SKATE 7 2031 F0 0 
EBS_SKATE 7 2031 Fabc 0.0798249
EBS_SKATE 7 2031 Fofl 0.0931403
EBS_SKATE 7 2031  F_LCI 0.0919668
EBS_SKATE 7 2031  F_UCI 0.0923422
EBS_SKATE 7 2031  F_Median 0.0921194
EBS_SKATE 7 2031  F_Mean 0.0921429
EBS_SKATE 7 2032 F0 0 
EBS_SKATE 7 2032 Fabc 0.0798249
EBS_SKATE 7 2032 Fofl 0.0931403
EBS_SKATE 7 2032  F_LCI 0.090153
EBS_SKATE 7 2032  F_UCI 0.0914263
EBS_SKATE 7 2032  F_Median 0.0906893
EBS_SKATE 7 2032  F_Mean 0.0907535
EBS_SKATE 7 2033 F0 0 
EBS_SKATE 7 2033 Fabc 0.0798249
EBS_SKATE 7 2033 Fofl 0.0931403
EBS_SKATE 7 2033  F_LCI 0.0882202
EBS_SKATE 7 2033  F_UCI 0.0911173
EBS_SKATE 7 2033  F_Median 0.0894161
EBS_SKATE 7 2033  F_Mean 0.0895736
EBS_SKATE 7 2034 F0 0 
EBS_SKATE 7 2034 Fabc 0.0798249
EBS_SKATE 7 2034 Fofl 0.0931403
EBS_SKATE 7 2034  F_LCI 0.0861363
EBS_SKATE 7 2034  F_UCI 0.0912362
EBS_SKATE 7 2034  F_Median 0.0881721
EBS_SKATE 7 2034  F_Mean 0.0884701
EBS_SKATE 7 2035 F0 0 
EBS_SKATE 7 2035 Fabc 0.0798249
EBS_SKATE 7 2035 Fofl 0.0931403
EBS_SKATE 7 2035  F_LCI 0.0839663
EBS_SKATE 7 2035  F_UCI 0.0911507
EBS_SKATE 7 2035  F_Median 0.0872668
EBS_SKATE 7 2035  F_Mean 0.0875081
EBS_SKATE 7 2036 F0 0 
EBS_SKATE 7 2036 Fabc 0.0798249
EBS_SKATE 7 2036 Fofl 0.0931403
EBS_SKATE 7 2036  F_LCI 0.0823477
EBS_SKATE 7 2036  F_UCI 0.0908966
EBS_SKATE 7 2036  F_Median 0.0867898
EBS_SKATE 7 2036  F_Mean 0.0867501
