Alternative 1 Catch
     EBS_SKATE 
Equil_Fabc 26700.5 
Year 
2014 26060 
2015 34388.9 
2016 32199 
2017 30047.8 
2018 28148.6 
2019 26671.1 
2020 25683.2 
2021 25138.2 
2022 24921.7 
2023 24914.8 
2024 24116.9 
2025 23824.5 
2026 23975.2 
2027 24369.9 

Alternative 1 ABCs
     EBS_SKATE 

Year 
2014 35718.1 
2015 34388.9 
2016 32199 
2017 30047.8 
2018 28148.6 
2019 26671.1 
2020 25683.2 
2021 25138.2 
2022 24921.7 
2023 24914.8 
2024 24116.9 
2025 23824.5 
2026 23975.2 
2027 24369.9 

Alternative 1 TACs
     EBS_SKATE 

Year 
2014  NA 
2015 34388.9 
2016 32199 
2017 30047.8 
2018 28148.6 
2019 26671.1 
2020 25683.2 
2021 25138.2 
2022 24921.7 
2023 24914.8 
2024 24116.9 
2025 23824.5 
2026 23975.2 
2027 24369.9 

Alternative 1 Sp_Biomass
     EBS_SKATE 
Equil_Fabc 74769.2 
Year 
2014 116996 
2015 115490 
2016 112195 
2017 108234 
2018 103451 
2019 97854.1 
2020 91685.4 
2021 85434.9 
2022 79734.3 
2023 75150.1 
2024 72068.1 
2025 70516.6 
2026 70107 
2027 70401.8 

Alternative 1 Fishing Mortality
     EBS_SKATE 
Equil_Fabc 0.0773503 
Year 
2014 0.0558978 
2015 0.0773503 
2016 0.0773503 
2017 0.0773503 
2018 0.0773503 
2019 0.0773503 
2020 0.0773503 
2021 0.0773503 
2022 0.0773503 
2023 0.0773483 
2024 0.0744088 
2025 0.0727191 
2026 0.0722732 
2027 0.0725927 

Alternative 1 Biomass
     EBS_SKATE 

Year 
2014 547984 
2015 528391 
2016 498957 
2017 472048 
2018 449077 
2019 431063 
2020 418344 
2021 410558 
2022 406796 
2023 406005 
2024 407065 
2025 410161 
2026 414232 
2027 418404 

Alternative 1 Implied SPR rate 
     EBS_SKATE 
Equil_Fabc 0.4 
Year 
2014 0.504705 
2015 0.4 
2016 0.4 
2017 0.4 
2018 0.4 
2019 0.4 
2020 0.4 
2021 0.4 
2022 0.4 
2023 0.400008 
2024 0.41265 
2025 0.420156 
2026 0.422196 
2027 0.420798 

  EBS_SKATE 
EquilAvgAgeF0  7.92384 
EquilAvgAgeFabc  5.93766 
AvgAgeYr2027 5.94032 
Alternative 2 Catch
     EBS_SKATE 
Equil_Fabc 26700.5 
Year 
2014 26060 
2015 34388.9 
2016 32199 
2017 30047.8 
2018 28148.6 
2019 26671.1 
2020 25683.2 
2021 25138.2 
2022 24921.7 
2023 24914.8 
2024 24116.9 
2025 23824.5 
2026 23975.2 
2027 24369.9 

Alternative 2 ABCs
     EBS_SKATE 

Year 
2014 35718.1 
2015 34388.9 
2016 32199 
2017 30047.8 
2018 28148.6 
2019 26671.1 
2020 25683.2 
2021 25138.2 
2022 24921.7 
2023 24914.8 
2024 24116.9 
2025 23824.5 
2026 23975.2 
2027 24369.9 

Alternative 2 TACs
     EBS_SKATE 

Year 
2014  NA 
2015 34388.9 
2016 32199 
2017 30047.8 
2018 28148.6 
2019 26671.1 
2020 25683.2 
2021 25138.2 
2022 24921.7 
2023 24914.8 
2024 24116.9 
2025 23824.5 
2026 23975.2 
2027 24369.9 

Alternative 2 Sp_Biomass
     EBS_SKATE 
Equil_Fabc 74769.2 
Year 
2014 116996 
2015 115490 
2016 112195 
2017 108234 
2018 103451 
2019 97854.1 
2020 91685.4 
2021 85434.9 
2022 79734.3 
2023 75150.1 
2024 72068.1 
2025 70516.6 
2026 70107 
2027 70401.8 

Alternative 2 Fishing Mortality
     EBS_SKATE 
Equil_Fabc 0.0773503 
Year 
2014 0.0558978 
2015 0.0773503 
2016 0.0773503 
2017 0.0773503 
2018 0.0773503 
2019 0.0773503 
2020 0.0773503 
2021 0.0773503 
2022 0.0773503 
2023 0.0773483 
2024 0.0744088 
2025 0.0727191 
2026 0.0722732 
2027 0.0725927 

Alternative 2 Biomass
     EBS_SKATE 

Year 
2014 547984 
2015 528391 
2016 498957 
2017 472048 
2018 449077 
2019 431063 
2020 418344 
2021 410558 
2022 406796 
2023 406005 
2024 407065 
2025 410161 
2026 414232 
2027 418404 

Alternative 2 Implied SPR rate 
     EBS_SKATE 
Equil_Fabc 0.4 
Year 
2014 0.504705 
2015 0.4 
2016 0.4 
2017 0.4 
2018 0.4 
2019 0.4 
2020 0.4 
2021 0.4 
2022 0.4 
2023 0.400008 
2024 0.41265 
2025 0.420156 
2026 0.422196 
2027 0.420798 

  EBS_SKATE 
EquilAvgAgeF0  7.92384 
EquilAvgAgeFabc  5.93766 
AvgAgeYr2027 5.94032 
Alternative 3 Catch
     EBS_SKATE 
Equil_Fabc 26700.5 
Year 
2014 26060 
2015 19413.8 
2016 18747.6 
2017 18017.3 
2018 17340.3 
2019 16821.3 
2020 16516 
2021 16417.7 
2022 16477.5 
2023 16637.8 
2024 16854.4 
2025 17097 
2026 17343 
2027 17575.5 

Alternative 3 ABCs
     EBS_SKATE 

Year 
2014 20162.9 
2015 19413.8 
2016 18747.6 
2017 18017.3 
2018 17340.3 
2019 16821.3 
2020 16516 
2021 16417.7 
2022 16477.5 
2023 16637.8 
2024 16854.4 
2025 17097 
2026 17343 
2027 17575.5 

Alternative 3 TACs
     EBS_SKATE 

Year 
2014  NA 
2015 19413.8 
2016 18747.6 
2017 18017.3 
2018 17340.3 
2019 16821.3 
2020 16516 
2021 16417.7 
2022 16477.5 
2023 16637.8 
2024 16854.4 
2025 17097 
2026 17343 
2027 17575.5 

Alternative 3 Sp_Biomass
     EBS_SKATE 
Equil_Fabc 74769.2 
Year 
2014 116996 
2015 117075 
2016 117522 
2017 117141 
2018 115661 
2019 112964 
2020 109194 
2021 104820 
2022 100545 
2023 97080.1 
2024 94886.1 
2025 94036.2 
2026 94273.9 
2027 95218.7 

Alternative 3 Fishing Mortality
     EBS_SKATE 
Equil_Fabc 0.0773503 
Year 
2014 0.0558978 
2015 0.043 
2016 0.043 
2017 0.043 
2018 0.043 
2019 0.043 
2020 0.043 
2021 0.043 
2022 0.043 
2023 0.043 
2024 0.043 
2025 0.043 
2026 0.043 
2027 0.043 

Alternative 3 Biomass
     EBS_SKATE 

Year 
2014 547984 
2015 528391 
2016 513804 
2017 499558 
2018 487038 
2019 477461 
2020 471533 
2021 469333 
2022 470345 
2023 473792 
2024 478705 
2025 484420 
2026 490354 
2027 496082 

Alternative 3 Implied SPR rate 
     EBS_SKATE 
Equil_Fabc 0.4 
Year 
2014 0.504705 
2015 0.584433 
2016 0.584433 
2017 0.584433 
2018 0.584433 
2019 0.584433 
2020 0.584433 
2021 0.584433 
2022 0.584433 
2023 0.584433 
2024 0.584433 
2025 0.584433 
2026 0.584433 
2027 0.584433 

  EBS_SKATE 
EquilAvgAgeF0  7.92384 
EquilAvgAgeFabc  5.93766 
AvgAgeYr2027 6.45801 
Alternative 4 Catch
     EBS_SKATE 
Equil_Fabc 26700.5 
Year 
2014 26060 
2015 18412.3 
2016 17816.7 
2017 17155.9 
2018 16540.8 
2019 16071 
2020 15800.3 
2021 15723.2 
2022 15794.3 
2023 15959.5 
2024 16177.2 
2025 16418.7 
2026 16662.5 
2027 16892.7 

Alternative 4 ABCs
     EBS_SKATE 

Year 
2014 19122.7 
2015 18412.3 
2016 17816.7 
2017 17155.9 
2018 16540.8 
2019 16071 
2020 15800.3 
2021 15723.2 
2022 15794.3 
2023 15959.5 
2024 16177.2 
2025 16418.7 
2026 16662.5 
2027 16892.7 

Alternative 4 TACs
     EBS_SKATE 

Year 
2014  NA 
2015 18412.3 
2016 17816.7 
2017 17155.9 
2018 16540.8 
2019 16071 
2020 15800.3 
2021 15723.2 
2022 15794.3 
2023 15959.5 
2024 16177.2 
2025 16418.7 
2026 16662.5 
2027 16892.7 

Alternative 4 Sp_Biomass
     EBS_SKATE 
Equil_Fabc 74769.2 
Year 
2014 116996 
2015 117180 
2016 117881 
2017 117752 
2018 116514 
2019 114036 
2020 110457 
2021 106240 
2022 102093 
2023 98734.4 
2024 96635.4 
2025 95877.6 
2026 96207.9 
2027 97245.3 

Alternative 4 Fishing Mortality
     EBS_SKATE 
Equil_Fabc 0.0773503 
Year 
2014 0.0558978 
2015 0.0407404 
2016 0.0407404 
2017 0.0407404 
2018 0.0407404 
2019 0.0407404 
2020 0.0407404 
2021 0.0407404 
2022 0.0407404 
2023 0.0407404 
2024 0.0407404 
2025 0.0407404 
2026 0.0407404 
2027 0.0407404 

Alternative 4 Biomass
     EBS_SKATE 

Year 
2014 547984 
2015 528391 
2016 514797 
2017 501429 
2018 489662 
2019 480717 
2020 475319 
2021 473573 
2022 474983 
2023 478792 
2024 484039 
2025 490066 
2026 496288 
2027 502283 

Alternative 4 Implied SPR rate 
     EBS_SKATE 
Equil_Fabc 0.4 
Year 
2014 0.504705 
2015 0.6 
2016 0.6 
2017 0.6 
2018 0.6 
2019 0.6 
2020 0.6 
2021 0.6 
2022 0.6 
2023 0.6 
2024 0.6 
2025 0.6 
2026 0.6 
2027 0.6 

  EBS_SKATE 
EquilAvgAgeF0  7.92384 
EquilAvgAgeFabc  5.93766 
AvgAgeYr2027 6.49811 
Alternative 5 Catch
     EBS_SKATE 
Equil_Fabc 26700.5 
Year 
2014 26060 
2015  NA 
2016  NA 
2017  NA 
2018  NA 
2019  NA 
2020  NA 
2021  NA 
2022  NA 
2023  NA 
2024  NA 
2025  NA 
2026  NA 
2027  NA 

Alternative 5 ABCs
     EBS_SKATE 

Year 
2014  NA 
2015  NA 
2016  NA 
2017  NA 
2018  NA 
2019  NA 
2020  NA 
2021  NA 
2022  NA 
2023  NA 
2024  NA 
2025  NA 
2026  NA 
2027  NA 

Alternative 5 TACs
     EBS_SKATE 

Year 
2014  NA 
2015  NA 
2016  NA 
2017  NA 
2018  NA 
2019  NA 
2020  NA 
2021  NA 
2022  NA 
2023  NA 
2024  NA 
2025  NA 
2026  NA 
2027  NA 

Alternative 5 Sp_Biomass
     EBS_SKATE 
Equil_Fabc 74769.2 
Year 
2014 116996 
2015 119089 
2016 124547 
2017 129332 
2018 133000 
2019 135216 
2020 135919 
2021 135456 
2022 134548 
2023 134042 
2024 134591 
2025 136427 
2026 139362 
2027 143001 

Alternative 5 Fishing Mortality
     EBS_SKATE 
Equil_Fabc 0.0773503 
Year 
2014 0.0558978 
2015  NA 
2016  NA 
2017  NA 
2018  NA 
2019  NA 
2020  NA 
2021  NA 
2022  NA 
2023  NA 
2024  NA 
2025  NA 
2026  NA 
2027  NA 

Alternative 5 Biomass
     EBS_SKATE 

Year 
2014 547984 
2015 528391 
2016 533065 
2017 536527 
2018 539840 
2019 544174 
2020 550447 
2021 559103 
2022 570008 
2023 582673 
2024 596285 
2025 610241 
2026 623964 
2027 637021 

Alternative 5 Implied SPR rate 
     EBS_SKATE 
Equil_Fabc 0.4 
Year 
2014 0.504705 
2015 1 
2016 1 
2017 1 
2018 1 
2019 1 
2020 1 
2021 1 
2022 1 
2023 1 
2024 1 
2025 1 
2026 1 
2027 1 

  EBS_SKATE 
EquilAvgAgeF0  7.92384 
EquilAvgAgeFabc  5.93766 
AvgAgeYr2027 7.32163 
Alternative 6 Catch
     EBS_SKATE 
Equil_Fabc 26700.5 
Year 
2014 26060 
2015 39883.1 
2016 36914 
2017 34071.8 
2018 31600.5 
2019 29685.3 
2020 28388.1 
2021 27637.3 
2022 26696.5 
2023 24975.2 
2024 24146 
2025 24007.1 
2026 24332.3 
2027 24906.2 

Alternative 6 ABCs
     EBS_SKATE 

Year 
2014 41425.7 
2015 39883.1 
2016 36914 
2017 34071.8 
2018 31600.5 
2019 29685.3 
2020 28388.1 
2021 27637.3 
2022 26696.5 
2023 24975.2 
2024 24146 
2025 24007.1 
2026 24332.3 
2027 24906.2 

Alternative 6 TACs
     EBS_SKATE 

Year 
2014  NA 
2015 39883.1 
2016 36914 
2017 34071.8 
2018 31600.5 
2019 29685.3 
2020 28388.1 
2021 27637.3 
2022 26696.5 
2023 24975.2 
2024 24146 
2025 24007.1 
2026 24332.3 
2027 24906.2 

Alternative 6 Sp_Biomass
     EBS_SKATE 
Equil_Fabc 74769.2 
Year 
2014 116996 
2015 114902 
2016 110262 
2017 105073 
2018 99214.2 
2019 92727.8 
2020 85874.9 
2021 79138.1 
2022 73169.6 
2023 68644.1 
2024 65854.4 
2025 64580.6 
2026 64415.5 
2027 64925.5 

Alternative 6 Fishing Mortality
     EBS_SKATE 
Equil_Fabc 0.0773503 
Year 
2014 0.0558978 
2015 0.0902253 
2016 0.0902253 
2017 0.0902253 
2018 0.0902253 
2019 0.0902253 
2020 0.0902253 
2021 0.0902253 
2022 0.0881939 
2023 0.0824452 
2024 0.0789015 
2025 0.0772834 
2026 0.0770737 
2027 0.0777215 

Alternative 6 Biomass
     EBS_SKATE 

Year 
2014 547984 
2015 528391 
2016 493512 
2017 462174 
2018 435737 
2019 415084 
2020 400369 
2021 391039 
2022 386018 
2023 384739 
2024 387056 
2025 391449 
2026 396655 
2027 401759 

Alternative 6 Implied SPR rate 
     EBS_SKATE 
Equil_Fabc 0.4 
Year 
2014 0.504705 
2015 0.35 
2016 0.35 
2017 0.35 
2018 0.35 
2019 0.35 
2020 0.35 
2021 0.35 
2022 0.357354 
2023 0.379224 
2024 0.393539 
2025 0.400318 
2026 0.401244 
2027 0.398559 

  EBS_SKATE 
EquilAvgAgeF0  7.92384 
EquilAvgAgeFabc  5.93766 
AvgAgeYr2027 5.82369 
Alternative 7 Catch
     EBS_SKATE 
Equil_Fabc 26700.5 
Year 
2014 26060 
2015 34388.9 
2016 32199 
2017 34849.1 
2018 32277.8 
2019 30266.4 
2020 28880 
2021 28049 
2022 27605 
2023 25644.6 
2024 24632.6 
2025 24350.7 
2026 24562 
2027 25046.2 

Alternative 7 ABCs
     EBS_SKATE 

Year 
2014 41425.7 
2015 39883.1 
2016 37343.1 
2017 34849.1 
2018 32277.8 
2019 30266.4 
2020 28880 
2021 28049 
2022 27605 
2023 25644.6 
2024 24632.6 
2025 24350.7 
2026 24562 
2027 25046.2 

Alternative 7 TACs
     EBS_SKATE 

Year 
2014  NA 
2015 39883.1 
2016 37343.1 
2017 34849.1 
2018 32277.8 
2019 30266.4 
2020 28880 
2021 28049 
2022 27605 
2023 25644.6 
2024 24632.6 
2025 24350.7 
2026 24562 
2027 25046.2 

Alternative 7 Sp_Biomass
     EBS_SKATE 
Equil_Fabc 74769.2 
Year 
2014 116996 
2015 115490 
2016 112195 
2017 107683 
2018 101669 
2019 94997.8 
2020 87934.2 
2021 80970.1 
2022 74713 
2023 69853.2 
2024 66782 
2025 65269.2 
2026 64902.6 
2027 65247.3 

Alternative 7 Fishing Mortality
     EBS_SKATE 
Equil_Fabc 0.0773503 
Year 
2014 0.0558978 
2015 0.0773503 
2016 0.0773503 
2017 0.0902253 
2018 0.0902253 
2019 0.0902253 
2020 0.0902253 
2021 0.0902253 
2022 0.0901442 
2023 0.0839811 
2024 0.0800799 
2025 0.0781581 
2026 0.0776924 
2027 0.0781303 

Alternative 7 Biomass
     EBS_SKATE 

Year 
2014 547984 
2015 528391 
2016 498957 
2017 472048 
2018 444342 
2019 422481 
2020 406649 
2021 396312 
2022 390407 
2023 387796 
2024 389080 
2025 392687 
2026 397311 
2027 402007 

Alternative 7 Implied SPR rate 
     EBS_SKATE 
Equil_Fabc 0.4 
Year 
2014 0.504705 
2015 0.4 
2016 0.4 
2017 0.35 
2018 0.35 
2019 0.35 
2020 0.35 
2021 0.35 
2022 0.35029 
2023 0.373223 
2024 0.388709 
2025 0.396649 
2026 0.398636 
2027 0.396847 

  EBS_SKATE 
EquilAvgAgeF0  7.92384 
EquilAvgAgeFabc  5.93766 
AvgAgeYr2027 5.82905 
