Alternative 1 Catch
     EBS_SKATE 
Equil_Fabc 24130.7 
Year 
2023 21481 
2024 27836.6 
2025 26665.3 
2026 25974.6 
2027 25616.1 
2028 25416.2 
2029 25252.8 
2030 25078.2 
2031 24895.2 
2032 24724.3 
2033 24585.8 
2034 24488.5 
2035 24401.2 
2036 24278.2 

Alternative 1 ABCs
     EBS_SKATE 

Year 
2023 28985.4 
2024 27836.6 
2025 26665.3 
2026 25974.6 
2027 25616.1 
2028 25416.2 
2029 25252.8 
2030 25078.2 
2031 24895.2 
2032 24724.3 
2033 24585.8 
2034 24488.5 
2035 24401.2 
2036 24278.2 

Alternative 1 TACs
     EBS_SKATE 

Year 
2023  NA 
2024 27836.6 
2025 26665.3 
2026 25974.6 
2027 25616.1 
2028 25416.2 
2029 25252.8 
2030 25078.2 
2031 24895.2 
2032 24724.3 
2033 24585.8 
2034 24488.5 
2035 24401.2 
2036 24278.2 

Alternative 1 Sp_Biomass
     EBS_SKATE 
Equil_Fabc 69152.4 
Year 
2023 112198 
2024 106073 
2025 98442.9 
2026 91144.5 
2027 84716 
2028 79665.2 
2029 76270.7 
2030 74406.4 
2031 73536.4 
2032 73051.7 
2033 72571.5 
2034 72002.7 
2035 71411.5 
2036 70885.5 

Alternative 1 Fishing Mortality
     EBS_SKATE 
Equil_Fabc 0.0798249 
Year 
2023 0.0586214 
2024 0.0798249 
2025 0.0798249 
2026 0.0798249 
2027 0.0798249 
2028 0.0798249 
2029 0.0798249 
2030 0.0798249 
2031 0.0798249 
2032 0.0798249 
2033 0.0798249 
2034 0.0798249 
2035 0.0797238 
2036 0.0793949 

Alternative 1 Biomass
     EBS_SKATE 

Year 
2023 463795 
2024 451348 
2025 436238 
2026 425822 
2027 418751 
2028 413780 
2029 409961 
2030 406777 
2031 404000 
2032 401744 
2033 399951 
2034 398662 
2035 397784 
2036 397145 

Alternative 1 Implied SPR rate 
     EBS_SKATE 
Equil_Fabc 0.4 
Year 
2023 0.499488 
2024 0.4 
2025 0.4 
2026 0.4 
2027 0.4 
2028 0.4 
2029 0.4 
2030 0.4 
2031 0.4 
2032 0.4 
2033 0.4 
2034 0.4 
2035 0.400415 
2036 0.401777 

  EBS_SKATE 
EquilAvgAgeF0  7.92384 
EquilAvgAgeFabc  5.94219 
AvgAgeYr2036 6.03665 
Alternative 2 Catch
     EBS_SKATE 
Equil_Fabc 24130.7 
Year 
2023 21481 
2024 27836.6 
2025 26665.3 
2026 25974.6 
2027 25616.1 
2028 25416.2 
2029 25252.8 
2030 25078.2 
2031 24895.2 
2032 24724.3 
2033 24585.8 
2034 24488.5 
2035 24401.2 
2036 24278.2 

Alternative 2 ABCs
     EBS_SKATE 

Year 
2023 28985.4 
2024 27836.6 
2025 26665.3 
2026 25974.6 
2027 25616.1 
2028 25416.2 
2029 25252.8 
2030 25078.2 
2031 24895.2 
2032 24724.3 
2033 24585.8 
2034 24488.5 
2035 24401.2 
2036 24278.2 

Alternative 2 TACs
     EBS_SKATE 

Year 
2023  NA 
2024 27836.6 
2025 26665.3 
2026 25974.6 
2027 25616.1 
2028 25416.2 
2029 25252.8 
2030 25078.2 
2031 24895.2 
2032 24724.3 
2033 24585.8 
2034 24488.5 
2035 24401.2 
2036 24278.2 

Alternative 2 Sp_Biomass
     EBS_SKATE 
Equil_Fabc 69152.4 
Year 
2023 112198 
2024 106073 
2025 98442.9 
2026 91144.5 
2027 84716 
2028 79665.2 
2029 76270.7 
2030 74406.4 
2031 73536.4 
2032 73051.7 
2033 72571.5 
2034 72002.7 
2035 71411.5 
2036 70885.5 

Alternative 2 Fishing Mortality
     EBS_SKATE 
Equil_Fabc 0.0798249 
Year 
2023 0.0586214 
2024 0.0798249 
2025 0.0798249 
2026 0.0798249 
2027 0.0798249 
2028 0.0798249 
2029 0.0798249 
2030 0.0798249 
2031 0.0798249 
2032 0.0798249 
2033 0.0798249 
2034 0.0798249 
2035 0.0797238 
2036 0.0793949 

Alternative 2 Biomass
     EBS_SKATE 

Year 
2023 463795 
2024 451348 
2025 436238 
2026 425822 
2027 418751 
2028 413780 
2029 409961 
2030 406777 
2031 404000 
2032 401744 
2033 399951 
2034 398662 
2035 397784 
2036 397145 

Alternative 2 Implied SPR rate 
     EBS_SKATE 
Equil_Fabc 0.4 
Year 
2023 0.499488 
2024 0.4 
2025 0.4 
2026 0.4 
2027 0.4 
2028 0.4 
2029 0.4 
2030 0.4 
2031 0.4 
2032 0.4 
2033 0.4 
2034 0.4 
2035 0.400415 
2036 0.401777 

  EBS_SKATE 
EquilAvgAgeF0  7.92384 
EquilAvgAgeFabc  5.94219 
AvgAgeYr2036 6.03665 
Alternative 3 Catch
     EBS_SKATE 
Equil_Fabc 24130.7 
Year 
2023 21481 
2024 146828 
2025 100137 
2026 72677.9 
2027 56154.7 
2028 45809.9 
2029 39206.1 
2030 35080.2 
2031 32628.7 
2032 31265 
2033 30588.8 
2034 30307.9 
2035 30210.4 
2036 30162.8 

Alternative 3 ABCs
     EBS_SKATE 

Year 
2023 152570 
2024 146828 
2025 100137 
2026 72677.9 
2027 56154.7 
2028 45809.9 
2029 39206.1 
2030 35080.2 
2031 32628.7 
2032 31265 
2033 30588.8 
2034 30307.9 
2035 30210.4 
2036 30162.8 

Alternative 3 TACs
     EBS_SKATE 

Year 
2023  NA 
2024 146828 
2025 100137 
2026 72677.9 
2027 56154.7 
2028 45809.9 
2029 39206.1 
2030 35080.2 
2031 32628.7 
2032 31265 
2033 30588.8 
2034 30307.9 
2035 30210.4 
2036 30162.8 

Alternative 3 Sp_Biomass
     EBS_SKATE 
Equil_Fabc 69152.4 
Year 
2023 112198 
2024 90110.2 
2025 56560.1 
2026 35526.5 
2027 22595.7 
2028 14823 
2029 10223.8 
2030 7491.67 
2031 5815.49 
2032 4754.46 
2033 4081.65 
2034 3667.94 
2035 3425.36 
2036 3293.28 

Alternative 3 Fishing Mortality
     EBS_SKATE 
Equil_Fabc 0.0798249 
Year 
2023 0.0586214 
2024 0.5 
2025 0.5 
2026 0.5 
2027 0.5 
2028 0.5 
2029 0.5 
2030 0.5 
2031 0.5 
2032 0.5 
2033 0.5 
2034 0.5 
2035 0.5 
2036 0.5 

Alternative 3 Biomass
     EBS_SKATE 

Year 
2023 463795 
2024 451348 
2025 318319 
2026 238519 
2027 189800 
2028 159516 
2029 140680 
2030 129267 
2031 122623 
2032 119063 
2033 117273 
2034 116482 
2035 116146 
2036 115888 

Alternative 3 Implied SPR rate 
     EBS_SKATE 
Equil_Fabc 0.4 
Year 
2023 0.499488 
2024 0.0182403 
2025 0.0182403 
2026 0.0182403 
2027 0.0182403 
2028 0.0182403 
2029 0.0182403 
2030 0.0182403 
2031 0.0182403 
2032 0.0182403 
2033 0.0182403 
2034 0.0182403 
2035 0.0182403 
2036 0.0182403 

  EBS_SKATE 
EquilAvgAgeF0  7.92384 
EquilAvgAgeFabc  5.94219 
AvgAgeYr2036 3.70693 
Alternative 4 Catch
     EBS_SKATE 
Equil_Fabc 24130.7 
Year 
2023 21481 
2024 14887.5 
2025 14714 
2026 14748.3 
2027 14925.8 
2028 15160 
2029 15384.2 
2030 15567.8 
2031 15709.1 
2032 15820 
2033 15915.2 
2034 16004.5 
2035 16091.5 
2036 16174.2 

Alternative 4 ABCs
     EBS_SKATE 

Year 
2023 15504.8 
2024 14887.5 
2025 14714 
2026 14748.3 
2027 14925.8 
2028 15160 
2029 15384.2 
2030 15567.8 
2031 15709.1 
2032 15820 
2033 15915.2 
2034 16004.5 
2035 16091.5 
2036 16174.2 

Alternative 4 TACs
     EBS_SKATE 

Year 
2023  NA 
2024 14887.5 
2025 14714 
2026 14748.3 
2027 14925.8 
2028 15160 
2029 15384.2 
2030 15567.8 
2031 15709.1 
2032 15820 
2033 15915.2 
2034 16004.5 
2035 16091.5 
2036 16174.2 

Alternative 4 Sp_Biomass
     EBS_SKATE 
Equil_Fabc 69152.4 
Year 
2023 112198 
2024 107641 
2025 103478 
2026 99216.6 
2027 95443.1 
2028 92775.1 
2029 91634.7 
2030 92006.8 
2031 93364.5 
2032 95012.2 
2033 96463.3 
2034 97565.5 
2035 98381.8 
2036 99019.5 

Alternative 4 Fishing Mortality
     EBS_SKATE 
Equil_Fabc 0.0798249 
Year 
2023 0.0586214 
2024 0.0420106 
2025 0.0420106 
2026 0.0420106 
2027 0.0420106 
2028 0.0420106 
2029 0.0420106 
2030 0.0420106 
2031 0.0420106 
2032 0.0420106 
2033 0.0420106 
2034 0.0420106 
2035 0.0420106 
2036 0.0420106 

Alternative 4 Biomass
     EBS_SKATE 

Year 
2023 463795 
2024 451348 
2025 449102 
2026 450083 
2027 453261 
2028 457581 
2029 462146 
2030 466414 
2031 470136 
2032 473453 
2033 476386 
2034 479086 
2035 481578 
2036 483765 

Alternative 4 Implied SPR rate 
     EBS_SKATE 
Equil_Fabc 0.4 
Year 
2023 0.499488 
2024 0.6 
2025 0.6 
2026 0.6 
2027 0.6 
2028 0.6 
2029 0.6 
2030 0.6 
2031 0.6 
2032 0.6 
2033 0.6 
2034 0.6 
2035 0.6 
2036 0.6 

  EBS_SKATE 
EquilAvgAgeF0  7.92384 
EquilAvgAgeFabc  5.94219 
AvgAgeYr2036 6.63639 
Alternative 5 Catch
     EBS_SKATE 
Equil_Fabc 24130.7 
Year 
2023 21481 
2024  NA 
2025  NA 
2026  NA 
2027  NA 
2028  NA 
2029  NA 
2030  NA 
2031  NA 
2032  NA 
2033  NA 
2034  NA 
2035  NA 
2036  NA 

Alternative 5 ABCs
     EBS_SKATE 

Year 
2023  NA 
2024  NA 
2025  NA 
2026  NA 
2027  NA 
2028  NA 
2029  NA 
2030  NA 
2031  NA 
2032  NA 
2033  NA 
2034  NA 
2035  NA 
2036  NA 

Alternative 5 TACs
     EBS_SKATE 

Year 
2023  NA 
2024  NA 
2025  NA 
2026  NA 
2027  NA 
2028  NA 
2029  NA 
2030  NA 
2031  NA 
2032  NA 
2033  NA 
2034  NA 
2035  NA 
2036  NA 

Alternative 5 Sp_Biomass
     EBS_SKATE 
Equil_Fabc 69152.4 
Year 
2023 112198 
2024 109411 
2025 109376 
2026 109027 
2027 108966 
2028 109902 
2029 112404 
2030 116580 
2031 121904 
2032 127542 
2033 132825 
2034 137471 
2035 141492 
2036 144999 

Alternative 5 Fishing Mortality
     EBS_SKATE 
Equil_Fabc 0.0798249 
Year 
2023 0.0586214 
2024  NA 
2025  NA 
2026  NA 
2027  NA 
2028  NA 
2029  NA 
2030  NA 
2031  NA 
2032  NA 
2033  NA 
2034  NA 
2035  NA 
2036  NA 

Alternative 5 Biomass
     EBS_SKATE 

Year 
2023 463795 
2024 451348 
2025 463897 
2026 478934 
2027 495626 
2028 513009 
2029 530133 
2030 546301 
2031 561104 
2032 574581 
2033 586727 
2034 597725 
2035 607668 
2036 616543 

Alternative 5 Implied SPR rate 
     EBS_SKATE 
Equil_Fabc 0.4 
Year 
2023 0.499488 
2024 1 
2025 1 
2026 1 
2027 1 
2028 1 
2029 1 
2030 1 
2031 1 
2032 1 
2033 1 
2034 1 
2035 1 
2036 1 

  EBS_SKATE 
EquilAvgAgeF0  7.92384 
EquilAvgAgeFabc  5.94219 
AvgAgeYr2036 7.46956 
Alternative 6 Catch
     EBS_SKATE 
Equil_Fabc 24130.7 
Year 
2023 21481 
2024 32297.3 
2025 30600.3 
2026 29511.4 
2027 28844.2 
2028 28389.8 
2029 28005.9 
2030 27602 
2031 26710.9 
2032 26124.2 
2033 25679 
2034 25331.6 
2035 25085.7 
2036 24932.8 

Alternative 6 ABCs
     EBS_SKATE 

Year 
2023 33627.9 
2024 32297.3 
2025 30600.3 
2026 29511.4 
2027 28844.2 
2028 28389.8 
2029 28005.9 
2030 27602 
2031 26710.9 
2032 26124.2 
2033 25679 
2034 25331.6 
2035 25085.7 
2036 24932.8 

Alternative 6 TACs
     EBS_SKATE 

Year 
2023  NA 
2024 32297.3 
2025 30600.3 
2026 29511.4 
2027 28844.2 
2028 28389.8 
2029 28005.9 
2030 27602 
2031 26710.9 
2032 26124.2 
2033 25679 
2034 25331.6 
2035 25085.7 
2036 24932.8 

Alternative 6 Sp_Biomass
     EBS_SKATE 
Equil_Fabc 69152.4 
Year 
2023 112198 
2024 105526 
2025 96728.8 
2026 88461.5 
2027 81233.8 
2028 75506.7 
2029 71503.9 
2030 69062 
2031 67691.5 
2032 66850.2 
2033 66147.2 
2034 65486.4 
2035 64914.8 
2036 64484.6 

Alternative 6 Fishing Mortality
     EBS_SKATE 
Equil_Fabc 0.0798249 
Year 
2023 0.0586214 
2024 0.0931403 
2025 0.0931403 
2026 0.0931403 
2027 0.0931403 
2028 0.0931403 
2029 0.0931403 
2030 0.0930124 
2031 0.0910697 
2032 0.0898769 
2033 0.0888801 
2034 0.0879432 
2035 0.0871307 
2036 0.0864984 

Alternative 6 Biomass
     EBS_SKATE 

Year 
2023 463795 
2024 451348 
2025 431807 
2026 417643 
2027 407351 
2028 399589 
2029 393364 
2030 388141 
2031 383711 
2032 380666 
2033 378630 
2034 377501 
2035 377097 
2036 377123 

Alternative 6 Implied SPR rate 
     EBS_SKATE 
Equil_Fabc 0.4 
Year 
2023 0.499488 
2024 0.35 
2025 0.35 
2026 0.35 
2027 0.35 
2028 0.35 
2029 0.35 
2030 0.350442 
2031 0.357245 
2032 0.361506 
2033 0.365129 
2034 0.368601 
2035 0.371674 
2036 0.374102 

  EBS_SKATE 
EquilAvgAgeF0  7.92384 
EquilAvgAgeFabc  5.94219 
AvgAgeYr2036 5.89311 
Alternative 7 Catch
     EBS_SKATE 
Equil_Fabc 24130.7 
Year 
2023 21481 
2024 27836.6 
2025 26665.3 
2026 30140.4 
2027 29405.4 
2028 28884.2 
2029 28434.8 
2030 28004.8 
2031 27525.4 
2032 26737.4 
2033 26125.3 
2034 25642.5 
2035 25287.9 
2036 25052.2 

Alternative 7 ABCs
     EBS_SKATE 

Year 
2023 33627.9 
2024 32297.3 
2025 30940.5 
2026 30140.4 
2027 29405.4 
2028 28884.2 
2029 28434.8 
2030 28004.8 
2031 27525.4 
2032 26737.4 
2033 26125.3 
2034 25642.5 
2035 25287.9 
2036 25052.2 

Alternative 7 TACs
     EBS_SKATE 

Year 
2023  NA 
2024 32297.3 
2025 30940.5 
2026 30140.4 
2027 29405.4 
2028 28884.2 
2029 28434.8 
2030 28004.8 
2031 27525.4 
2032 26737.4 
2033 26125.3 
2034 25642.5 
2035 25287.9 
2036 25052.2 

Alternative 7 Sp_Biomass
     EBS_SKATE 
Equil_Fabc 69152.4 
Year 
2023 112198 
2024 106073 
2025 98442.9 
2026 90676 
2027 83246.2 
2028 77332 
2029 73156.6 
2030 70548.9 
2031 68968.2 
2032 67868.1 
2033 66934 
2034 66071.2 
2035 65328.7 
2036 64759.9 

Alternative 7 Fishing Mortality
     EBS_SKATE 
Equil_Fabc 0.0798249 
Year 
2023 0.0586214 
2024 0.0798249 
2025 0.0798249 
2026 0.0931403 
2027 0.0931403 
2028 0.0931403 
2029 0.0931403 
2030 0.0931403 
2031 0.0928782 
2032 0.0913201 
2033 0.0899956 
2034 0.0887723 
2035 0.0877119 
2036 0.0868772 

Alternative 7 Biomass
     EBS_SKATE 

Year 
2023 463795 
2024 451348 
2025 436238 
2026 425822 
2027 414581 
2028 405909 
2029 398820 
2030 392794 
2031 387596 
2032 383391 
2033 380438 
2034 378609 
2035 377693 
2036 377364 

Alternative 7 Implied SPR rate 
     EBS_SKATE 
Equil_Fabc 0.4 
Year 
2023 0.499488 
2024 0.4 
2025 0.4 
2026 0.35 
2027 0.35 
2028 0.35 
2029 0.35 
2030 0.35 
2031 0.350907 
2032 0.356362 
2033 0.361095 
2034 0.365562 
2035 0.369516 
2036 0.372679 

  EBS_SKATE 
EquilAvgAgeF0  7.92384 
EquilAvgAgeFabc  5.94219 
AvgAgeYr2036 5.89805 
