EBS_SKATE 1 2014 Cabc 26700.5
EBS_SKATE 1 2014 Cofl 28654.2
EBS_SKATE 1 2014 CLCI 26060
EBS_SKATE 1 2014 CUCI 26060
EBS_SKATE 1 2014 CMedian 26060
EBS_SKATE 1 2014 CMean 26060
EBS_SKATE 1 2014 CStdn 1.81899e-11
EBS_SKATE 1 2015 Cabc 26700.5
EBS_SKATE 1 2015 Cofl 28654.2
EBS_SKATE 1 2015 CLCI 34388.9
EBS_SKATE 1 2015 CUCI 34388.9
EBS_SKATE 1 2015 CMedian 34388.9
EBS_SKATE 1 2015 CMean 34388.9
EBS_SKATE 1 2015 CStdn 5.82077e-11
EBS_SKATE 1 2016 Cabc 26700.5
EBS_SKATE 1 2016 Cofl 28654.2
EBS_SKATE 1 2016 CLCI 32195.3
EBS_SKATE 1 2016 CUCI 32203.2
EBS_SKATE 1 2016 CMedian 32198.6
EBS_SKATE 1 2016 CMean 32199
EBS_SKATE 1 2016 CStdn 2.44238
EBS_SKATE 1 2017 Cabc 26700.5
EBS_SKATE 1 2017 Cofl 28654.2
EBS_SKATE 1 2017 CLCI 30029.9
EBS_SKATE 1 2017 CUCI 30067.8
EBS_SKATE 1 2017 CMedian 30045.7
EBS_SKATE 1 2017 CMean 30047.8
EBS_SKATE 1 2017 CStdn 12.0256
EBS_SKATE 1 2018 Cabc 26700.5
EBS_SKATE 1 2018 Cofl 28654.2
EBS_SKATE 1 2018 CLCI 28086.9
EBS_SKATE 1 2018 CUCI 28215.7
EBS_SKATE 1 2018 CMedian 28143.1
EBS_SKATE 1 2018 CMean 28148.6
EBS_SKATE 1 2018 CStdn 43.2226
EBS_SKATE 1 2019 Cabc 26700.5
EBS_SKATE 1 2019 Cofl 28654.2
EBS_SKATE 1 2019 CLCI 26497.6
EBS_SKATE 1 2019 CUCI 26850.7
EBS_SKATE 1 2019 CMedian 26661
EBS_SKATE 1 2019 CMean 26671.1
EBS_SKATE 1 2019 CStdn 118.405
EBS_SKATE 1 2020 Cabc 26700.5
EBS_SKATE 1 2020 Cofl 28654.2
EBS_SKATE 1 2020 CLCI 25315.6
EBS_SKATE 1 2020 CUCI 26069.7
EBS_SKATE 1 2020 CMedian 25644.4
EBS_SKATE 1 2020 CMean 25683.2
EBS_SKATE 1 2020 CStdn 248.885
EBS_SKATE 1 2021 Cabc 26700.5
EBS_SKATE 1 2021 Cofl 28654.2
EBS_SKATE 1 2021 CLCI 24532.6
EBS_SKATE 1 2021 CUCI 25774.2
EBS_SKATE 1 2021 CMedian 25073.7
EBS_SKATE 1 2021 CMean 25138.2
EBS_SKATE 1 2021 CStdn 415.925
EBS_SKATE 1 2022 Cabc 26700.5
EBS_SKATE 1 2022 Cofl 28654.2
EBS_SKATE 1 2022 CLCI 24022.1
EBS_SKATE 1 2022 CUCI 25772.7
EBS_SKATE 1 2022 CMedian 24882.4
EBS_SKATE 1 2022 CMean 24921.7
EBS_SKATE 1 2022 CStdn 584.985
EBS_SKATE 1 2023 Cabc 26700.5
EBS_SKATE 1 2023 Cofl 28654.2
EBS_SKATE 1 2023 CLCI 23798
EBS_SKATE 1 2023 CUCI 26183.2
EBS_SKATE 1 2023 CMedian 24924.3
EBS_SKATE 1 2023 CMean 24914.8
EBS_SKATE 1 2023 CStdn 733.788
EBS_SKATE 1 2024 Cabc 26700.5
EBS_SKATE 1 2024 Cofl 28654.2
EBS_SKATE 1 2024 CLCI 22703.1
EBS_SKATE 1 2024 CUCI 25782.8
EBS_SKATE 1 2024 CMedian 24075.1
EBS_SKATE 1 2024 CMean 24116.9
EBS_SKATE 1 2024 CStdn 967.957
EBS_SKATE 1 2025 Cabc 26700.5
EBS_SKATE 1 2025 Cofl 28654.2
EBS_SKATE 1 2025 CLCI 22172.8
EBS_SKATE 1 2025 CUCI 25715.4
EBS_SKATE 1 2025 CMedian 23683.7
EBS_SKATE 1 2025 CMean 23824.5
EBS_SKATE 1 2025 CStdn 1150.77
EBS_SKATE 1 2026 Cabc 26700.5
EBS_SKATE 1 2026 Cofl 28654.2
EBS_SKATE 1 2026 CLCI 22015.8
EBS_SKATE 1 2026 CUCI 26069.4
EBS_SKATE 1 2026 CMedian 23885.7
EBS_SKATE 1 2026 CMean 23975.2
EBS_SKATE 1 2026 CStdn 1336.86
EBS_SKATE 1 2027 Cabc 26700.5
EBS_SKATE 1 2027 Cofl 28654.2
EBS_SKATE 1 2027 CLCI 22278
EBS_SKATE 1 2027 CUCI 27109.7
EBS_SKATE 1 2027 CMedian 24279.2
EBS_SKATE 1 2027 CMean 24369.9
EBS_SKATE 1 2027 CStdn 1498.32
EBS_SKATE 1 2014 SSBF100 186923
EBS_SKATE 1 2014 SSBFabc 74769.2
EBS_SKATE 1 2014 SSBFofl 65423.1
EBS_SKATE 1 2014 SSBLCI 116996
EBS_SKATE 1 2014 SSBUCI 116996
EBS_SKATE 1 2014 SSBMedian 116996
EBS_SKATE 1 2014 SSBMean 116996
EBS_SKATE 1 2015 SSBF100 186923
EBS_SKATE 1 2015 SSBFabc 74769.2
EBS_SKATE 1 2015 SSBFofl 65423.1
EBS_SKATE 1 2015 SSBLCI 115490
EBS_SKATE 1 2015 SSBUCI 115490
EBS_SKATE 1 2015 SSBMedian 115490
EBS_SKATE 1 2015 SSBMean 115490
EBS_SKATE 1 2016 SSBF100 186923
EBS_SKATE 1 2016 SSBFabc 74769.2
EBS_SKATE 1 2016 SSBFofl 65423.1
EBS_SKATE 1 2016 SSBLCI 112195
EBS_SKATE 1 2016 SSBUCI 112195
EBS_SKATE 1 2016 SSBMedian 112195
EBS_SKATE 1 2016 SSBMean 112195
EBS_SKATE 1 2017 SSBF100 186923
EBS_SKATE 1 2017 SSBFabc 74769.2
EBS_SKATE 1 2017 SSBFofl 65423.1
EBS_SKATE 1 2017 SSBLCI 108234
EBS_SKATE 1 2017 SSBUCI 108234
EBS_SKATE 1 2017 SSBMedian 108234
EBS_SKATE 1 2017 SSBMean 108234
EBS_SKATE 1 2018 SSBF100 186923
EBS_SKATE 1 2018 SSBFabc 74769.2
EBS_SKATE 1 2018 SSBFofl 65423.1
EBS_SKATE 1 2018 SSBLCI 103451
EBS_SKATE 1 2018 SSBUCI 103451
EBS_SKATE 1 2018 SSBMedian 103451
EBS_SKATE 1 2018 SSBMean 103451
EBS_SKATE 1 2019 SSBF100 186923
EBS_SKATE 1 2019 SSBFabc 74769.2
EBS_SKATE 1 2019 SSBFofl 65423.1
EBS_SKATE 1 2019 SSBLCI 97854.1
EBS_SKATE 1 2019 SSBUCI 97854.1
EBS_SKATE 1 2019 SSBMedian 97854.1
EBS_SKATE 1 2019 SSBMean 97854.1
EBS_SKATE 1 2020 SSBF100 186923
EBS_SKATE 1 2020 SSBFabc 74769.2
EBS_SKATE 1 2020 SSBFofl 65423.1
EBS_SKATE 1 2020 SSBLCI 91684.6
EBS_SKATE 1 2020 SSBUCI 91686.2
EBS_SKATE 1 2020 SSBMedian 91685.3
EBS_SKATE 1 2020 SSBMean 91685.4
EBS_SKATE 1 2021 SSBF100 186923
EBS_SKATE 1 2021 SSBFabc 74769.2
EBS_SKATE 1 2021 SSBFofl 65423.1
EBS_SKATE 1 2021 SSBLCI 85419.2
EBS_SKATE 1 2021 SSBUCI 85453
EBS_SKATE 1 2021 SSBMedian 85433.1
EBS_SKATE 1 2021 SSBMean 85434.9
EBS_SKATE 1 2022 SSBF100 186923
EBS_SKATE 1 2022 SSBFabc 74769.2
EBS_SKATE 1 2022 SSBFofl 65423.1
EBS_SKATE 1 2022 SSBLCI 79630.8
EBS_SKATE 1 2022 SSBUCI 79850.9
EBS_SKATE 1 2022 SSBMedian 79723.8
EBS_SKATE 1 2022 SSBMean 79734.3
EBS_SKATE 1 2023 SSBF100 186923
EBS_SKATE 1 2023 SSBFabc 74769.2
EBS_SKATE 1 2023 SSBFofl 65423.1
EBS_SKATE 1 2023 SSBLCI 74806.5
EBS_SKATE 1 2023 SSBUCI 75523.4
EBS_SKATE 1 2023 SSBMedian 75116.5
EBS_SKATE 1 2023 SSBMean 75150.1
EBS_SKATE 1 2024 SSBF100 186923
EBS_SKATE 1 2024 SSBFabc 74769.2
EBS_SKATE 1 2024 SSBFofl 65423.1
EBS_SKATE 1 2024 SSBLCI 71250.1
EBS_SKATE 1 2024 SSBUCI 72924.6
EBS_SKATE 1 2024 SSBMedian 71995.6
EBS_SKATE 1 2024 SSBMean 72068.1
EBS_SKATE 1 2025 SSBF100 186923
EBS_SKATE 1 2025 SSBFabc 74769.2
EBS_SKATE 1 2025 SSBFofl 65423.1
EBS_SKATE 1 2025 SSBLCI 69099.5
EBS_SKATE 1 2025 SSBUCI 72031
EBS_SKATE 1 2025 SSBMedian 70361.2
EBS_SKATE 1 2025 SSBMean 70516.6
EBS_SKATE 1 2026 SSBF100 186923
EBS_SKATE 1 2026 SSBFabc 74769.2
EBS_SKATE 1 2026 SSBFofl 65423.1
EBS_SKATE 1 2026 SSBLCI 67975.6
EBS_SKATE 1 2026 SSBUCI 72153
EBS_SKATE 1 2026 SSBMedian 70076.5
EBS_SKATE 1 2026 SSBMean 70107
EBS_SKATE 1 2027 SSBF100 186923
EBS_SKATE 1 2027 SSBFabc 74769.2
EBS_SKATE 1 2027 SSBFofl 65423.1
EBS_SKATE 1 2027 SSBLCI 67808.3
EBS_SKATE 1 2027 SSBUCI 73270.2
EBS_SKATE 1 2027 SSBMedian 70388.8
EBS_SKATE 1 2027 SSBMean 70401.8
EBS_SKATE 1 2014 F0 0 
EBS_SKATE 1 2014 Fabc 0.0773503
EBS_SKATE 1 2014 Fofl 0.0902253
EBS_SKATE 1 2014  F_LCI 0.0558978
EBS_SKATE 1 2014  F_UCI 0.0558978
EBS_SKATE 1 2014  F_Median 0.0558978
EBS_SKATE 1 2014  F_Mean 0.0558978
EBS_SKATE 1 2015 F0 0 
EBS_SKATE 1 2015 Fabc 0.0773503
EBS_SKATE 1 2015 Fofl 0.0902253
EBS_SKATE 1 2015  F_LCI 0.0773503
EBS_SKATE 1 2015  F_UCI 0.0773503
EBS_SKATE 1 2015  F_Median 0.0773503
EBS_SKATE 1 2015  F_Mean 0.0773503
EBS_SKATE 1 2016 F0 0 
EBS_SKATE 1 2016 Fabc 0.0773503
EBS_SKATE 1 2016 Fofl 0.0902253
EBS_SKATE 1 2016  F_LCI 0.0773503
EBS_SKATE 1 2016  F_UCI 0.0773503
EBS_SKATE 1 2016  F_Median 0.0773503
EBS_SKATE 1 2016  F_Mean 0.0773503
EBS_SKATE 1 2017 F0 0 
EBS_SKATE 1 2017 Fabc 0.0773503
EBS_SKATE 1 2017 Fofl 0.0902253
EBS_SKATE 1 2017  F_LCI 0.0773503
EBS_SKATE 1 2017  F_UCI 0.0773503
EBS_SKATE 1 2017  F_Median 0.0773503
EBS_SKATE 1 2017  F_Mean 0.0773503
EBS_SKATE 1 2018 F0 0 
EBS_SKATE 1 2018 Fabc 0.0773503
EBS_SKATE 1 2018 Fofl 0.0902253
EBS_SKATE 1 2018  F_LCI 0.0773503
EBS_SKATE 1 2018  F_UCI 0.0773503
EBS_SKATE 1 2018  F_Median 0.0773503
EBS_SKATE 1 2018  F_Mean 0.0773503
EBS_SKATE 1 2019 F0 0 
EBS_SKATE 1 2019 Fabc 0.0773503
EBS_SKATE 1 2019 Fofl 0.0902253
EBS_SKATE 1 2019  F_LCI 0.0773503
EBS_SKATE 1 2019  F_UCI 0.0773503
EBS_SKATE 1 2019  F_Median 0.0773503
EBS_SKATE 1 2019  F_Mean 0.0773503
EBS_SKATE 1 2020 F0 0 
EBS_SKATE 1 2020 Fabc 0.0773503
EBS_SKATE 1 2020 Fofl 0.0902253
EBS_SKATE 1 2020  F_LCI 0.0773503
EBS_SKATE 1 2020  F_UCI 0.0773503
EBS_SKATE 1 2020  F_Median 0.0773503
EBS_SKATE 1 2020  F_Mean 0.0773503
EBS_SKATE 1 2021 F0 0 
EBS_SKATE 1 2021 Fabc 0.0773503
EBS_SKATE 1 2021 Fofl 0.0902253
EBS_SKATE 1 2021  F_LCI 0.0773503
EBS_SKATE 1 2021  F_UCI 0.0773503
EBS_SKATE 1 2021  F_Median 0.0773503
EBS_SKATE 1 2021  F_Mean 0.0773503
EBS_SKATE 1 2022 F0 0 
EBS_SKATE 1 2022 Fabc 0.0773503
EBS_SKATE 1 2022 Fofl 0.0902253
EBS_SKATE 1 2022  F_LCI 0.0773503
EBS_SKATE 1 2022  F_UCI 0.0773503
EBS_SKATE 1 2022  F_Median 0.0773503
EBS_SKATE 1 2022  F_Mean 0.0773503
EBS_SKATE 1 2023 F0 0 
EBS_SKATE 1 2023 Fabc 0.0773503
EBS_SKATE 1 2023 Fofl 0.0902253
EBS_SKATE 1 2023  F_LCI 0.0773503
EBS_SKATE 1 2023  F_UCI 0.0773503
EBS_SKATE 1 2023  F_Median 0.0773503
EBS_SKATE 1 2023  F_Mean 0.0773483
EBS_SKATE 1 2024 F0 0 
EBS_SKATE 1 2024 Fabc 0.0773503
EBS_SKATE 1 2024 Fofl 0.0902253
EBS_SKATE 1 2024  F_LCI 0.0735179
EBS_SKATE 1 2024  F_UCI 0.0753415
EBS_SKATE 1 2024  F_Median 0.0743298
EBS_SKATE 1 2024  F_Mean 0.0744088
EBS_SKATE 1 2025 F0 0 
EBS_SKATE 1 2025 Fabc 0.0773503
EBS_SKATE 1 2025 Fofl 0.0902253
EBS_SKATE 1 2025  F_LCI 0.0711759
EBS_SKATE 1 2025  F_UCI 0.0743683
EBS_SKATE 1 2025  F_Median 0.0725499
EBS_SKATE 1 2025  F_Mean 0.0727191
EBS_SKATE 1 2026 F0 0 
EBS_SKATE 1 2026 Fabc 0.0773503
EBS_SKATE 1 2026 Fofl 0.0902253
EBS_SKATE 1 2026  F_LCI 0.0699521
EBS_SKATE 1 2026  F_UCI 0.0745012
EBS_SKATE 1 2026  F_Median 0.0722399
EBS_SKATE 1 2026  F_Mean 0.0722732
EBS_SKATE 1 2027 F0 0 
EBS_SKATE 1 2027 Fabc 0.0773503
EBS_SKATE 1 2027 Fofl 0.0902253
EBS_SKATE 1 2027  F_LCI 0.0697699
EBS_SKATE 1 2027  F_UCI 0.0757179
EBS_SKATE 1 2027  F_Median 0.07258
EBS_SKATE 1 2027  F_Mean 0.0725927
EBS_SKATE 2 2014 Cabc 26700.5
EBS_SKATE 2 2014 Cofl 28654.2
EBS_SKATE 2 2014 CLCI 26060
EBS_SKATE 2 2014 CUCI 26060
EBS_SKATE 2 2014 CMedian 26060
EBS_SKATE 2 2014 CMean 26060
EBS_SKATE 2 2014 CStdn 1.81899e-11
EBS_SKATE 2 2015 Cabc 26700.5
EBS_SKATE 2 2015 Cofl 28654.2
EBS_SKATE 2 2015 CLCI 34388.9
EBS_SKATE 2 2015 CUCI 34388.9
EBS_SKATE 2 2015 CMedian 34388.9
EBS_SKATE 2 2015 CMean 34388.9
EBS_SKATE 2 2015 CStdn 5.82077e-11
EBS_SKATE 2 2016 Cabc 26700.5
EBS_SKATE 2 2016 Cofl 28654.2
EBS_SKATE 2 2016 CLCI 32195.3
EBS_SKATE 2 2016 CUCI 32203.2
EBS_SKATE 2 2016 CMedian 32198.6
EBS_SKATE 2 2016 CMean 32199
EBS_SKATE 2 2016 CStdn 2.44238
EBS_SKATE 2 2017 Cabc 26700.5
EBS_SKATE 2 2017 Cofl 28654.2
EBS_SKATE 2 2017 CLCI 30029.9
EBS_SKATE 2 2017 CUCI 30067.8
EBS_SKATE 2 2017 CMedian 30045.7
EBS_SKATE 2 2017 CMean 30047.8
EBS_SKATE 2 2017 CStdn 12.0256
EBS_SKATE 2 2018 Cabc 26700.5
EBS_SKATE 2 2018 Cofl 28654.2
EBS_SKATE 2 2018 CLCI 28086.9
EBS_SKATE 2 2018 CUCI 28215.7
EBS_SKATE 2 2018 CMedian 28143.1
EBS_SKATE 2 2018 CMean 28148.6
EBS_SKATE 2 2018 CStdn 43.2226
EBS_SKATE 2 2019 Cabc 26700.5
EBS_SKATE 2 2019 Cofl 28654.2
EBS_SKATE 2 2019 CLCI 26497.6
EBS_SKATE 2 2019 CUCI 26850.7
EBS_SKATE 2 2019 CMedian 26661
EBS_SKATE 2 2019 CMean 26671.1
EBS_SKATE 2 2019 CStdn 118.405
EBS_SKATE 2 2020 Cabc 26700.5
EBS_SKATE 2 2020 Cofl 28654.2
EBS_SKATE 2 2020 CLCI 25315.6
EBS_SKATE 2 2020 CUCI 26069.7
EBS_SKATE 2 2020 CMedian 25644.4
EBS_SKATE 2 2020 CMean 25683.2
EBS_SKATE 2 2020 CStdn 248.885
EBS_SKATE 2 2021 Cabc 26700.5
EBS_SKATE 2 2021 Cofl 28654.2
EBS_SKATE 2 2021 CLCI 24532.6
EBS_SKATE 2 2021 CUCI 25774.2
EBS_SKATE 2 2021 CMedian 25073.7
EBS_SKATE 2 2021 CMean 25138.2
EBS_SKATE 2 2021 CStdn 415.925
EBS_SKATE 2 2022 Cabc 26700.5
EBS_SKATE 2 2022 Cofl 28654.2
EBS_SKATE 2 2022 CLCI 24022.1
EBS_SKATE 2 2022 CUCI 25772.7
EBS_SKATE 2 2022 CMedian 24882.4
EBS_SKATE 2 2022 CMean 24921.7
EBS_SKATE 2 2022 CStdn 584.985
EBS_SKATE 2 2023 Cabc 26700.5
EBS_SKATE 2 2023 Cofl 28654.2
EBS_SKATE 2 2023 CLCI 23798
EBS_SKATE 2 2023 CUCI 26183.2
EBS_SKATE 2 2023 CMedian 24924.3
EBS_SKATE 2 2023 CMean 24914.8
EBS_SKATE 2 2023 CStdn 733.788
EBS_SKATE 2 2024 Cabc 26700.5
EBS_SKATE 2 2024 Cofl 28654.2
EBS_SKATE 2 2024 CLCI 22703.1
EBS_SKATE 2 2024 CUCI 25782.8
EBS_SKATE 2 2024 CMedian 24075.1
EBS_SKATE 2 2024 CMean 24116.9
EBS_SKATE 2 2024 CStdn 967.957
EBS_SKATE 2 2025 Cabc 26700.5
EBS_SKATE 2 2025 Cofl 28654.2
EBS_SKATE 2 2025 CLCI 22172.8
EBS_SKATE 2 2025 CUCI 25715.4
EBS_SKATE 2 2025 CMedian 23683.7
EBS_SKATE 2 2025 CMean 23824.5
EBS_SKATE 2 2025 CStdn 1150.77
EBS_SKATE 2 2026 Cabc 26700.5
EBS_SKATE 2 2026 Cofl 28654.2
EBS_SKATE 2 2026 CLCI 22015.8
EBS_SKATE 2 2026 CUCI 26069.4
EBS_SKATE 2 2026 CMedian 23885.7
EBS_SKATE 2 2026 CMean 23975.2
EBS_SKATE 2 2026 CStdn 1336.86
EBS_SKATE 2 2027 Cabc 26700.5
EBS_SKATE 2 2027 Cofl 28654.2
EBS_SKATE 2 2027 CLCI 22278
EBS_SKATE 2 2027 CUCI 27109.7
EBS_SKATE 2 2027 CMedian 24279.2
EBS_SKATE 2 2027 CMean 24369.9
EBS_SKATE 2 2027 CStdn 1498.32
EBS_SKATE 2 2014 SSBF100 186923
EBS_SKATE 2 2014 SSBFabc 74769.2
EBS_SKATE 2 2014 SSBFofl 65423.1
EBS_SKATE 2 2014 SSBLCI 116996
EBS_SKATE 2 2014 SSBUCI 116996
EBS_SKATE 2 2014 SSBMedian 116996
EBS_SKATE 2 2014 SSBMean 116996
EBS_SKATE 2 2015 SSBF100 186923
EBS_SKATE 2 2015 SSBFabc 74769.2
EBS_SKATE 2 2015 SSBFofl 65423.1
EBS_SKATE 2 2015 SSBLCI 115490
EBS_SKATE 2 2015 SSBUCI 115490
EBS_SKATE 2 2015 SSBMedian 115490
EBS_SKATE 2 2015 SSBMean 115490
EBS_SKATE 2 2016 SSBF100 186923
EBS_SKATE 2 2016 SSBFabc 74769.2
EBS_SKATE 2 2016 SSBFofl 65423.1
EBS_SKATE 2 2016 SSBLCI 112195
EBS_SKATE 2 2016 SSBUCI 112195
EBS_SKATE 2 2016 SSBMedian 112195
EBS_SKATE 2 2016 SSBMean 112195
EBS_SKATE 2 2017 SSBF100 186923
EBS_SKATE 2 2017 SSBFabc 74769.2
EBS_SKATE 2 2017 SSBFofl 65423.1
EBS_SKATE 2 2017 SSBLCI 108234
EBS_SKATE 2 2017 SSBUCI 108234
EBS_SKATE 2 2017 SSBMedian 108234
EBS_SKATE 2 2017 SSBMean 108234
EBS_SKATE 2 2018 SSBF100 186923
EBS_SKATE 2 2018 SSBFabc 74769.2
EBS_SKATE 2 2018 SSBFofl 65423.1
EBS_SKATE 2 2018 SSBLCI 103451
EBS_SKATE 2 2018 SSBUCI 103451
EBS_SKATE 2 2018 SSBMedian 103451
EBS_SKATE 2 2018 SSBMean 103451
EBS_SKATE 2 2019 SSBF100 186923
EBS_SKATE 2 2019 SSBFabc 74769.2
EBS_SKATE 2 2019 SSBFofl 65423.1
EBS_SKATE 2 2019 SSBLCI 97854.1
EBS_SKATE 2 2019 SSBUCI 97854.1
EBS_SKATE 2 2019 SSBMedian 97854.1
EBS_SKATE 2 2019 SSBMean 97854.1
EBS_SKATE 2 2020 SSBF100 186923
EBS_SKATE 2 2020 SSBFabc 74769.2
EBS_SKATE 2 2020 SSBFofl 65423.1
EBS_SKATE 2 2020 SSBLCI 91684.6
EBS_SKATE 2 2020 SSBUCI 91686.2
EBS_SKATE 2 2020 SSBMedian 91685.3
EBS_SKATE 2 2020 SSBMean 91685.4
EBS_SKATE 2 2021 SSBF100 186923
EBS_SKATE 2 2021 SSBFabc 74769.2
EBS_SKATE 2 2021 SSBFofl 65423.1
EBS_SKATE 2 2021 SSBLCI 85419.2
EBS_SKATE 2 2021 SSBUCI 85453
EBS_SKATE 2 2021 SSBMedian 85433.1
EBS_SKATE 2 2021 SSBMean 85434.9
EBS_SKATE 2 2022 SSBF100 186923
EBS_SKATE 2 2022 SSBFabc 74769.2
EBS_SKATE 2 2022 SSBFofl 65423.1
EBS_SKATE 2 2022 SSBLCI 79630.8
EBS_SKATE 2 2022 SSBUCI 79850.9
EBS_SKATE 2 2022 SSBMedian 79723.8
EBS_SKATE 2 2022 SSBMean 79734.3
EBS_SKATE 2 2023 SSBF100 186923
EBS_SKATE 2 2023 SSBFabc 74769.2
EBS_SKATE 2 2023 SSBFofl 65423.1
EBS_SKATE 2 2023 SSBLCI 74806.5
EBS_SKATE 2 2023 SSBUCI 75523.4
EBS_SKATE 2 2023 SSBMedian 75116.5
EBS_SKATE 2 2023 SSBMean 75150.1
EBS_SKATE 2 2024 SSBF100 186923
EBS_SKATE 2 2024 SSBFabc 74769.2
EBS_SKATE 2 2024 SSBFofl 65423.1
EBS_SKATE 2 2024 SSBLCI 71250.1
EBS_SKATE 2 2024 SSBUCI 72924.6
EBS_SKATE 2 2024 SSBMedian 71995.6
EBS_SKATE 2 2024 SSBMean 72068.1
EBS_SKATE 2 2025 SSBF100 186923
EBS_SKATE 2 2025 SSBFabc 74769.2
EBS_SKATE 2 2025 SSBFofl 65423.1
EBS_SKATE 2 2025 SSBLCI 69099.5
EBS_SKATE 2 2025 SSBUCI 72031
EBS_SKATE 2 2025 SSBMedian 70361.2
EBS_SKATE 2 2025 SSBMean 70516.6
EBS_SKATE 2 2026 SSBF100 186923
EBS_SKATE 2 2026 SSBFabc 74769.2
EBS_SKATE 2 2026 SSBFofl 65423.1
EBS_SKATE 2 2026 SSBLCI 67975.6
EBS_SKATE 2 2026 SSBUCI 72153
EBS_SKATE 2 2026 SSBMedian 70076.5
EBS_SKATE 2 2026 SSBMean 70107
EBS_SKATE 2 2027 SSBF100 186923
EBS_SKATE 2 2027 SSBFabc 74769.2
EBS_SKATE 2 2027 SSBFofl 65423.1
EBS_SKATE 2 2027 SSBLCI 67808.3
EBS_SKATE 2 2027 SSBUCI 73270.2
EBS_SKATE 2 2027 SSBMedian 70388.8
EBS_SKATE 2 2027 SSBMean 70401.8
EBS_SKATE 2 2014 F0 0 
EBS_SKATE 2 2014 Fabc 0.0773503
EBS_SKATE 2 2014 Fofl 0.0902253
EBS_SKATE 2 2014  F_LCI 0.0558978
EBS_SKATE 2 2014  F_UCI 0.0558978
EBS_SKATE 2 2014  F_Median 0.0558978
EBS_SKATE 2 2014  F_Mean 0.0558978
EBS_SKATE 2 2015 F0 0 
EBS_SKATE 2 2015 Fabc 0.0773503
EBS_SKATE 2 2015 Fofl 0.0902253
EBS_SKATE 2 2015  F_LCI 0.0773503
EBS_SKATE 2 2015  F_UCI 0.0773503
EBS_SKATE 2 2015  F_Median 0.0773503
EBS_SKATE 2 2015  F_Mean 0.0773503
EBS_SKATE 2 2016 F0 0 
EBS_SKATE 2 2016 Fabc 0.0773503
EBS_SKATE 2 2016 Fofl 0.0902253
EBS_SKATE 2 2016  F_LCI 0.0773503
EBS_SKATE 2 2016  F_UCI 0.0773503
EBS_SKATE 2 2016  F_Median 0.0773503
EBS_SKATE 2 2016  F_Mean 0.0773503
EBS_SKATE 2 2017 F0 0 
EBS_SKATE 2 2017 Fabc 0.0773503
EBS_SKATE 2 2017 Fofl 0.0902253
EBS_SKATE 2 2017  F_LCI 0.0773503
EBS_SKATE 2 2017  F_UCI 0.0773503
EBS_SKATE 2 2017  F_Median 0.0773503
EBS_SKATE 2 2017  F_Mean 0.0773503
EBS_SKATE 2 2018 F0 0 
EBS_SKATE 2 2018 Fabc 0.0773503
EBS_SKATE 2 2018 Fofl 0.0902253
EBS_SKATE 2 2018  F_LCI 0.0773503
EBS_SKATE 2 2018  F_UCI 0.0773503
EBS_SKATE 2 2018  F_Median 0.0773503
EBS_SKATE 2 2018  F_Mean 0.0773503
EBS_SKATE 2 2019 F0 0 
EBS_SKATE 2 2019 Fabc 0.0773503
EBS_SKATE 2 2019 Fofl 0.0902253
EBS_SKATE 2 2019  F_LCI 0.0773503
EBS_SKATE 2 2019  F_UCI 0.0773503
EBS_SKATE 2 2019  F_Median 0.0773503
EBS_SKATE 2 2019  F_Mean 0.0773503
EBS_SKATE 2 2020 F0 0 
EBS_SKATE 2 2020 Fabc 0.0773503
EBS_SKATE 2 2020 Fofl 0.0902253
EBS_SKATE 2 2020  F_LCI 0.0773503
EBS_SKATE 2 2020  F_UCI 0.0773503
EBS_SKATE 2 2020  F_Median 0.0773503
EBS_SKATE 2 2020  F_Mean 0.0773503
EBS_SKATE 2 2021 F0 0 
EBS_SKATE 2 2021 Fabc 0.0773503
EBS_SKATE 2 2021 Fofl 0.0902253
EBS_SKATE 2 2021  F_LCI 0.0773503
EBS_SKATE 2 2021  F_UCI 0.0773503
EBS_SKATE 2 2021  F_Median 0.0773503
EBS_SKATE 2 2021  F_Mean 0.0773503
EBS_SKATE 2 2022 F0 0 
EBS_SKATE 2 2022 Fabc 0.0773503
EBS_SKATE 2 2022 Fofl 0.0902253
EBS_SKATE 2 2022  F_LCI 0.0773503
EBS_SKATE 2 2022  F_UCI 0.0773503
EBS_SKATE 2 2022  F_Median 0.0773503
EBS_SKATE 2 2022  F_Mean 0.0773503
EBS_SKATE 2 2023 F0 0 
EBS_SKATE 2 2023 Fabc 0.0773503
EBS_SKATE 2 2023 Fofl 0.0902253
EBS_SKATE 2 2023  F_LCI 0.0773503
EBS_SKATE 2 2023  F_UCI 0.0773503
EBS_SKATE 2 2023  F_Median 0.0773503
EBS_SKATE 2 2023  F_Mean 0.0773483
EBS_SKATE 2 2024 F0 0 
EBS_SKATE 2 2024 Fabc 0.0773503
EBS_SKATE 2 2024 Fofl 0.0902253
EBS_SKATE 2 2024  F_LCI 0.0735179
EBS_SKATE 2 2024  F_UCI 0.0753415
EBS_SKATE 2 2024  F_Median 0.0743298
EBS_SKATE 2 2024  F_Mean 0.0744088
EBS_SKATE 2 2025 F0 0 
EBS_SKATE 2 2025 Fabc 0.0773503
EBS_SKATE 2 2025 Fofl 0.0902253
EBS_SKATE 2 2025  F_LCI 0.0711759
EBS_SKATE 2 2025  F_UCI 0.0743683
EBS_SKATE 2 2025  F_Median 0.0725499
EBS_SKATE 2 2025  F_Mean 0.0727191
EBS_SKATE 2 2026 F0 0 
EBS_SKATE 2 2026 Fabc 0.0773503
EBS_SKATE 2 2026 Fofl 0.0902253
EBS_SKATE 2 2026  F_LCI 0.0699521
EBS_SKATE 2 2026  F_UCI 0.0745012
EBS_SKATE 2 2026  F_Median 0.0722399
EBS_SKATE 2 2026  F_Mean 0.0722732
EBS_SKATE 2 2027 F0 0 
EBS_SKATE 2 2027 Fabc 0.0773503
EBS_SKATE 2 2027 Fofl 0.0902253
EBS_SKATE 2 2027  F_LCI 0.0697699
EBS_SKATE 2 2027  F_UCI 0.0757179
EBS_SKATE 2 2027  F_Median 0.07258
EBS_SKATE 2 2027  F_Mean 0.0725927
EBS_SKATE 3 2014 Cabc 26700.5
EBS_SKATE 3 2014 Cofl 28654.2
EBS_SKATE 3 2014 CLCI 26060
EBS_SKATE 3 2014 CUCI 26060
EBS_SKATE 3 2014 CMedian 26060
EBS_SKATE 3 2014 CMean 26060
EBS_SKATE 3 2014 CStdn 1.81899e-11
EBS_SKATE 3 2015 Cabc 26700.5
EBS_SKATE 3 2015 Cofl 28654.2
EBS_SKATE 3 2015 CLCI 19413.8
EBS_SKATE 3 2015 CUCI 19413.8
EBS_SKATE 3 2015 CMedian 19413.8
EBS_SKATE 3 2015 CMean 19413.8
EBS_SKATE 3 2015 CStdn 2.91038e-11
EBS_SKATE 3 2016 Cabc 26700.5
EBS_SKATE 3 2016 Cofl 28654.2
EBS_SKATE 3 2016 CLCI 18745.6
EBS_SKATE 3 2016 CUCI 18749.9
EBS_SKATE 3 2016 CMedian 18747.4
EBS_SKATE 3 2016 CMean 18747.6
EBS_SKATE 3 2016 CStdn 1.35842
EBS_SKATE 3 2017 Cabc 26700.5
EBS_SKATE 3 2017 Cofl 28654.2
EBS_SKATE 3 2017 CLCI 18007.3
EBS_SKATE 3 2017 CUCI 18028.4
EBS_SKATE 3 2017 CMedian 18016.1
EBS_SKATE 3 2017 CMean 18017.3
EBS_SKATE 3 2017 CStdn 6.70046
EBS_SKATE 3 2018 Cabc 26700.5
EBS_SKATE 3 2018 Cofl 28654.2
EBS_SKATE 3 2018 CLCI 17305.7
EBS_SKATE 3 2018 CUCI 17377.8
EBS_SKATE 3 2018 CMedian 17337.1
EBS_SKATE 3 2018 CMean 17340.3
EBS_SKATE 3 2018 CStdn 24.1839
EBS_SKATE 3 2019 Cabc 26700.5
EBS_SKATE 3 2019 Cofl 28654.2
EBS_SKATE 3 2019 CLCI 16723.5
EBS_SKATE 3 2019 CUCI 16922
EBS_SKATE 3 2019 CMedian 16815.5
EBS_SKATE 3 2019 CMean 16821.3
EBS_SKATE 3 2019 CStdn 66.7892
EBS_SKATE 3 2020 Cabc 26700.5
EBS_SKATE 3 2020 Cofl 28654.2
EBS_SKATE 3 2020 CLCI 16306
EBS_SKATE 3 2020 CUCI 16736.4
EBS_SKATE 3 2020 CMedian 16494.9
EBS_SKATE 3 2020 CMean 16516
EBS_SKATE 3 2020 CStdn 142.223
EBS_SKATE 3 2021 Cabc 26700.5
EBS_SKATE 3 2021 Cofl 28654.2
EBS_SKATE 3 2021 CLCI 16064.9
EBS_SKATE 3 2021 CUCI 16787.5
EBS_SKATE 3 2021 CMedian 16380.2
EBS_SKATE 3 2021 CMean 16417.7
EBS_SKATE 3 2021 CStdn 241.798
EBS_SKATE 3 2022 Cabc 26700.5
EBS_SKATE 3 2022 Cofl 28654.2
EBS_SKATE 3 2022 CLCI 15947
EBS_SKATE 3 2022 CUCI 16985.6
EBS_SKATE 3 2022 CMedian 16459.5
EBS_SKATE 3 2022 CMean 16477.5
EBS_SKATE 3 2022 CStdn 346.704
EBS_SKATE 3 2023 Cabc 26700.5
EBS_SKATE 3 2023 Cofl 28654.2
EBS_SKATE 3 2023 CLCI 15973.6
EBS_SKATE 3 2023 CUCI 17371
EBS_SKATE 3 2023 CMedian 16635.6
EBS_SKATE 3 2023 CMean 16637.8
EBS_SKATE 3 2023 CStdn 442.537
EBS_SKATE 3 2024 Cabc 26700.5
EBS_SKATE 3 2024 Cofl 28654.2
EBS_SKATE 3 2024 CLCI 16083.9
EBS_SKATE 3 2024 CUCI 17749.2
EBS_SKATE 3 2024 CMedian 16797.8
EBS_SKATE 3 2024 CMean 16854.4
EBS_SKATE 3 2024 CStdn 525.808
EBS_SKATE 3 2025 Cabc 26700.5
EBS_SKATE 3 2025 Cofl 28654.2
EBS_SKATE 3 2025 CLCI 16252.3
EBS_SKATE 3 2025 CUCI 18078.1
EBS_SKATE 3 2025 CMedian 17034.8
EBS_SKATE 3 2025 CMean 17097
EBS_SKATE 3 2025 CStdn 597.656
EBS_SKATE 3 2026 Cabc 26700.5
EBS_SKATE 3 2026 Cofl 28654.2
EBS_SKATE 3 2026 CLCI 16402.4
EBS_SKATE 3 2026 CUCI 18431.3
EBS_SKATE 3 2026 CMedian 17321.4
EBS_SKATE 3 2026 CMean 17343
EBS_SKATE 3 2026 CStdn 655.753
EBS_SKATE 3 2027 Cabc 26700.5
EBS_SKATE 3 2027 Cofl 28654.2
EBS_SKATE 3 2027 CLCI 16667.3
EBS_SKATE 3 2027 CUCI 18729.2
EBS_SKATE 3 2027 CMedian 17522.5
EBS_SKATE 3 2027 CMean 17575.5
EBS_SKATE 3 2027 CStdn 696.12
EBS_SKATE 3 2014 SSBF100 186923
EBS_SKATE 3 2014 SSBFabc 74769.2
EBS_SKATE 3 2014 SSBFofl 65423.1
EBS_SKATE 3 2014 SSBLCI 116996
EBS_SKATE 3 2014 SSBUCI 116996
EBS_SKATE 3 2014 SSBMedian 116996
EBS_SKATE 3 2014 SSBMean 116996
EBS_SKATE 3 2015 SSBF100 186923
EBS_SKATE 3 2015 SSBFabc 74769.2
EBS_SKATE 3 2015 SSBFofl 65423.1
EBS_SKATE 3 2015 SSBLCI 117075
EBS_SKATE 3 2015 SSBUCI 117075
EBS_SKATE 3 2015 SSBMedian 117075
EBS_SKATE 3 2015 SSBMean 117075
EBS_SKATE 3 2016 SSBF100 186923
EBS_SKATE 3 2016 SSBFabc 74769.2
EBS_SKATE 3 2016 SSBFofl 65423.1
EBS_SKATE 3 2016 SSBLCI 117522
EBS_SKATE 3 2016 SSBUCI 117522
EBS_SKATE 3 2016 SSBMedian 117522
EBS_SKATE 3 2016 SSBMean 117522
EBS_SKATE 3 2017 SSBF100 186923
EBS_SKATE 3 2017 SSBFabc 74769.2
EBS_SKATE 3 2017 SSBFofl 65423.1
EBS_SKATE 3 2017 SSBLCI 117141
EBS_SKATE 3 2017 SSBUCI 117141
EBS_SKATE 3 2017 SSBMedian 117141
EBS_SKATE 3 2017 SSBMean 117141
EBS_SKATE 3 2018 SSBF100 186923
EBS_SKATE 3 2018 SSBFabc 74769.2
EBS_SKATE 3 2018 SSBFofl 65423.1
EBS_SKATE 3 2018 SSBLCI 115661
EBS_SKATE 3 2018 SSBUCI 115661
EBS_SKATE 3 2018 SSBMedian 115661
EBS_SKATE 3 2018 SSBMean 115661
EBS_SKATE 3 2019 SSBF100 186923
EBS_SKATE 3 2019 SSBFabc 74769.2
EBS_SKATE 3 2019 SSBFofl 65423.1
EBS_SKATE 3 2019 SSBLCI 112964
EBS_SKATE 3 2019 SSBUCI 112964
EBS_SKATE 3 2019 SSBMedian 112964
EBS_SKATE 3 2019 SSBMean 112964
EBS_SKATE 3 2020 SSBF100 186923
EBS_SKATE 3 2020 SSBFabc 74769.2
EBS_SKATE 3 2020 SSBFofl 65423.1
EBS_SKATE 3 2020 SSBLCI 109193
EBS_SKATE 3 2020 SSBUCI 109195
EBS_SKATE 3 2020 SSBMedian 109194
EBS_SKATE 3 2020 SSBMean 109194
EBS_SKATE 3 2021 SSBF100 186923
EBS_SKATE 3 2021 SSBFabc 74769.2
EBS_SKATE 3 2021 SSBFofl 65423.1
EBS_SKATE 3 2021 SSBLCI 104803
EBS_SKATE 3 2021 SSBUCI 104839
EBS_SKATE 3 2021 SSBMedian 104818
EBS_SKATE 3 2021 SSBMean 104820
EBS_SKATE 3 2022 SSBF100 186923
EBS_SKATE 3 2022 SSBFabc 74769.2
EBS_SKATE 3 2022 SSBFofl 65423.1
EBS_SKATE 3 2022 SSBLCI 100433
EBS_SKATE 3 2022 SSBUCI 100672
EBS_SKATE 3 2022 SSBMedian 100534
EBS_SKATE 3 2022 SSBMean 100545
EBS_SKATE 3 2023 SSBF100 186923
EBS_SKATE 3 2023 SSBFabc 74769.2
EBS_SKATE 3 2023 SSBFofl 65423.1
EBS_SKATE 3 2023 SSBLCI 96697.8
EBS_SKATE 3 2023 SSBUCI 97496.1
EBS_SKATE 3 2023 SSBMedian 97042.7
EBS_SKATE 3 2023 SSBMean 97080.1
EBS_SKATE 3 2024 SSBF100 186923
EBS_SKATE 3 2024 SSBFabc 74769.2
EBS_SKATE 3 2024 SSBFofl 65423.1
EBS_SKATE 3 2024 SSBLCI 93920.8
EBS_SKATE 3 2024 SSBUCI 95900.8
EBS_SKATE 3 2024 SSBMedian 94798.6
EBS_SKATE 3 2024 SSBMean 94886.1
EBS_SKATE 3 2025 SSBF100 186923
EBS_SKATE 3 2025 SSBFabc 74769.2
EBS_SKATE 3 2025 SSBFofl 65423.1
EBS_SKATE 3 2025 SSBLCI 92246.3
EBS_SKATE 3 2025 SSBUCI 96006.1
EBS_SKATE 3 2025 SSBMedian 93843.8
EBS_SKATE 3 2025 SSBMean 94036.2
EBS_SKATE 3 2026 SSBF100 186923
EBS_SKATE 3 2026 SSBFabc 74769.2
EBS_SKATE 3 2026 SSBFofl 65423.1
EBS_SKATE 3 2026 SSBLCI 91524.9
EBS_SKATE 3 2026 SSBUCI 97118.2
EBS_SKATE 3 2026 SSBMedian 94185.5
EBS_SKATE 3 2026 SSBMean 94273.9
EBS_SKATE 3 2027 SSBF100 186923
EBS_SKATE 3 2027 SSBFabc 74769.2
EBS_SKATE 3 2027 SSBFofl 65423.1
EBS_SKATE 3 2027 SSBLCI 91472.6
EBS_SKATE 3 2027 SSBUCI 98821.6
EBS_SKATE 3 2027 SSBMedian 95174.7
EBS_SKATE 3 2027 SSBMean 95218.7
EBS_SKATE 3 2014 F0 0 
EBS_SKATE 3 2014 Fabc 0.0773503
EBS_SKATE 3 2014 Fofl 0.0902253
EBS_SKATE 3 2014  F_LCI 0.0558978
EBS_SKATE 3 2014  F_UCI 0.0558978
EBS_SKATE 3 2014  F_Median 0.0558978
EBS_SKATE 3 2014  F_Mean 0.0558978
EBS_SKATE 3 2015 F0 0 
EBS_SKATE 3 2015 Fabc 0.0773503
EBS_SKATE 3 2015 Fofl 0.0902253
EBS_SKATE 3 2015  F_LCI 0.043
EBS_SKATE 3 2015  F_UCI 0.043
EBS_SKATE 3 2015  F_Median 0.043
EBS_SKATE 3 2015  F_Mean 0.043
EBS_SKATE 3 2016 F0 0 
EBS_SKATE 3 2016 Fabc 0.0773503
EBS_SKATE 3 2016 Fofl 0.0902253
EBS_SKATE 3 2016  F_LCI 0.043
EBS_SKATE 3 2016  F_UCI 0.043
EBS_SKATE 3 2016  F_Median 0.043
EBS_SKATE 3 2016  F_Mean 0.043
EBS_SKATE 3 2017 F0 0 
EBS_SKATE 3 2017 Fabc 0.0773503
EBS_SKATE 3 2017 Fofl 0.0902253
EBS_SKATE 3 2017  F_LCI 0.043
EBS_SKATE 3 2017  F_UCI 0.043
EBS_SKATE 3 2017  F_Median 0.043
EBS_SKATE 3 2017  F_Mean 0.043
EBS_SKATE 3 2018 F0 0 
EBS_SKATE 3 2018 Fabc 0.0773503
EBS_SKATE 3 2018 Fofl 0.0902253
EBS_SKATE 3 2018  F_LCI 0.043
EBS_SKATE 3 2018  F_UCI 0.043
EBS_SKATE 3 2018  F_Median 0.043
EBS_SKATE 3 2018  F_Mean 0.043
EBS_SKATE 3 2019 F0 0 
EBS_SKATE 3 2019 Fabc 0.0773503
EBS_SKATE 3 2019 Fofl 0.0902253
EBS_SKATE 3 2019  F_LCI 0.043
EBS_SKATE 3 2019  F_UCI 0.043
EBS_SKATE 3 2019  F_Median 0.043
EBS_SKATE 3 2019  F_Mean 0.043
EBS_SKATE 3 2020 F0 0 
EBS_SKATE 3 2020 Fabc 0.0773503
EBS_SKATE 3 2020 Fofl 0.0902253
EBS_SKATE 3 2020  F_LCI 0.043
EBS_SKATE 3 2020  F_UCI 0.043
EBS_SKATE 3 2020  F_Median 0.043
EBS_SKATE 3 2020  F_Mean 0.043
EBS_SKATE 3 2021 F0 0 
EBS_SKATE 3 2021 Fabc 0.0773503
EBS_SKATE 3 2021 Fofl 0.0902253
EBS_SKATE 3 2021  F_LCI 0.043
EBS_SKATE 3 2021  F_UCI 0.043
EBS_SKATE 3 2021  F_Median 0.043
EBS_SKATE 3 2021  F_Mean 0.043
EBS_SKATE 3 2022 F0 0 
EBS_SKATE 3 2022 Fabc 0.0773503
EBS_SKATE 3 2022 Fofl 0.0902253
EBS_SKATE 3 2022  F_LCI 0.043
EBS_SKATE 3 2022  F_UCI 0.043
EBS_SKATE 3 2022  F_Median 0.043
EBS_SKATE 3 2022  F_Mean 0.043
EBS_SKATE 3 2023 F0 0 
EBS_SKATE 3 2023 Fabc 0.0773503
EBS_SKATE 3 2023 Fofl 0.0902253
EBS_SKATE 3 2023  F_LCI 0.043
EBS_SKATE 3 2023  F_UCI 0.043
EBS_SKATE 3 2023  F_Median 0.043
EBS_SKATE 3 2023  F_Mean 0.043
EBS_SKATE 3 2024 F0 0 
EBS_SKATE 3 2024 Fabc 0.0773503
EBS_SKATE 3 2024 Fofl 0.0902253
EBS_SKATE 3 2024  F_LCI 0.043
EBS_SKATE 3 2024  F_UCI 0.043
EBS_SKATE 3 2024  F_Median 0.043
EBS_SKATE 3 2024  F_Mean 0.043
EBS_SKATE 3 2025 F0 0 
EBS_SKATE 3 2025 Fabc 0.0773503
EBS_SKATE 3 2025 Fofl 0.0902253
EBS_SKATE 3 2025  F_LCI 0.043
EBS_SKATE 3 2025  F_UCI 0.043
EBS_SKATE 3 2025  F_Median 0.043
EBS_SKATE 3 2025  F_Mean 0.043
EBS_SKATE 3 2026 F0 0 
EBS_SKATE 3 2026 Fabc 0.0773503
EBS_SKATE 3 2026 Fofl 0.0902253
EBS_SKATE 3 2026  F_LCI 0.043
EBS_SKATE 3 2026  F_UCI 0.043
EBS_SKATE 3 2026  F_Median 0.043
EBS_SKATE 3 2026  F_Mean 0.043
EBS_SKATE 3 2027 F0 0 
EBS_SKATE 3 2027 Fabc 0.0773503
EBS_SKATE 3 2027 Fofl 0.0902253
EBS_SKATE 3 2027  F_LCI 0.043
EBS_SKATE 3 2027  F_UCI 0.043
EBS_SKATE 3 2027  F_Median 0.043
EBS_SKATE 3 2027  F_Mean 0.043
EBS_SKATE 4 2014 Cabc 26700.5
EBS_SKATE 4 2014 Cofl 28654.2
EBS_SKATE 4 2014 CLCI 26060
EBS_SKATE 4 2014 CUCI 26060
EBS_SKATE 4 2014 CMedian 26060
EBS_SKATE 4 2014 CMean 26060
EBS_SKATE 4 2014 CStdn 1.81899e-11
EBS_SKATE 4 2015 Cabc 26700.5
EBS_SKATE 4 2015 Cofl 28654.2
EBS_SKATE 4 2015 CLCI 18412.3
EBS_SKATE 4 2015 CUCI 18412.3
EBS_SKATE 4 2015 CMedian 18412.3
EBS_SKATE 4 2015 CMean 18412.3
EBS_SKATE 4 2015 CStdn 2.54659e-11
EBS_SKATE 4 2016 Cabc 26700.5
EBS_SKATE 4 2016 Cofl 28654.2
EBS_SKATE 4 2016 CLCI 17814.7
EBS_SKATE 4 2016 CUCI 17818.9
EBS_SKATE 4 2016 CMedian 17816.5
EBS_SKATE 4 2016 CMean 17816.7
EBS_SKATE 4 2016 CStdn 1.28708
EBS_SKATE 4 2017 Cabc 26700.5
EBS_SKATE 4 2017 Cofl 28654.2
EBS_SKATE 4 2017 CLCI 17146.4
EBS_SKATE 4 2017 CUCI 17166.4
EBS_SKATE 4 2017 CMedian 17154.8
EBS_SKATE 4 2017 CMean 17155.9
EBS_SKATE 4 2017 CStdn 6.34932
EBS_SKATE 4 2018 Cabc 26700.5
EBS_SKATE 4 2018 Cofl 28654.2
EBS_SKATE 4 2018 CLCI 16508
EBS_SKATE 4 2018 CUCI 16576.4
EBS_SKATE 4 2018 CMedian 16537.9
EBS_SKATE 4 2018 CMean 16540.8
EBS_SKATE 4 2018 CStdn 22.9228
EBS_SKATE 4 2019 Cabc 26700.5
EBS_SKATE 4 2019 Cofl 28654.2
EBS_SKATE 4 2019 CLCI 15978.4
EBS_SKATE 4 2019 CUCI 16166.5
EBS_SKATE 4 2019 CMedian 16065.5
EBS_SKATE 4 2019 CMean 16071
EBS_SKATE 4 2019 CStdn 63.3403
EBS_SKATE 4 2020 Cabc 26700.5
EBS_SKATE 4 2020 Cofl 28654.2
EBS_SKATE 4 2020 CLCI 15601
EBS_SKATE 4 2020 CUCI 16009.5
EBS_SKATE 4 2020 CMedian 15780.3
EBS_SKATE 4 2020 CMean 15800.3
EBS_SKATE 4 2020 CStdn 134.994
EBS_SKATE 4 2021 Cabc 26700.5
EBS_SKATE 4 2021 Cofl 28654.2
EBS_SKATE 4 2021 CLCI 15387.9
EBS_SKATE 4 2021 CUCI 16074.8
EBS_SKATE 4 2021 CMedian 15687.5
EBS_SKATE 4 2021 CMean 15723.2
EBS_SKATE 4 2021 CStdn 229.77
EBS_SKATE 4 2022 Cabc 26700.5
EBS_SKATE 4 2022 Cofl 28654.2
EBS_SKATE 4 2022 CLCI 15289.1
EBS_SKATE 4 2022 CUCI 16277.9
EBS_SKATE 4 2022 CMedian 15777.5
EBS_SKATE 4 2022 CMean 15794.3
EBS_SKATE 4 2022 CStdn 329.882
EBS_SKATE 4 2023 Cabc 26700.5
EBS_SKATE 4 2023 Cofl 28654.2
EBS_SKATE 4 2023 CLCI 15327.7
EBS_SKATE 4 2023 CUCI 16656
EBS_SKATE 4 2023 CMedian 15956.9
EBS_SKATE 4 2023 CMean 15959.5
EBS_SKATE 4 2023 CStdn 421.596
EBS_SKATE 4 2024 Cabc 26700.5
EBS_SKATE 4 2024 Cofl 28654.2
EBS_SKATE 4 2024 CLCI 15442.6
EBS_SKATE 4 2024 CUCI 17031.5
EBS_SKATE 4 2024 CMedian 16124.7
EBS_SKATE 4 2024 CMean 16177.2
EBS_SKATE 4 2024 CStdn 501.473
EBS_SKATE 4 2025 Cabc 26700.5
EBS_SKATE 4 2025 Cofl 28654.2
EBS_SKATE 4 2025 CLCI 15612.7
EBS_SKATE 4 2025 CUCI 17349.7
EBS_SKATE 4 2025 CMedian 16357.6
EBS_SKATE 4 2025 CMean 16418.7
EBS_SKATE 4 2025 CStdn 570.52
EBS_SKATE 4 2026 Cabc 26700.5
EBS_SKATE 4 2026 Cofl 28654.2
EBS_SKATE 4 2026 CLCI 15762.1
EBS_SKATE 4 2026 CUCI 17704.6
EBS_SKATE 4 2026 CMedian 16643.7
EBS_SKATE 4 2026 CMean 16662.5
EBS_SKATE 4 2026 CStdn 626.523
EBS_SKATE 4 2027 Cabc 26700.5
EBS_SKATE 4 2027 Cofl 28654.2
EBS_SKATE 4 2027 CLCI 16021.7
EBS_SKATE 4 2027 CUCI 17993.9
EBS_SKATE 4 2027 CMedian 16847.2
EBS_SKATE 4 2027 CMean 16892.7
EBS_SKATE 4 2027 CStdn 665.68
EBS_SKATE 4 2014 SSBF100 186923
EBS_SKATE 4 2014 SSBFabc 74769.2
EBS_SKATE 4 2014 SSBFofl 65423.1
EBS_SKATE 4 2014 SSBLCI 116996
EBS_SKATE 4 2014 SSBUCI 116996
EBS_SKATE 4 2014 SSBMedian 116996
EBS_SKATE 4 2014 SSBMean 116996
EBS_SKATE 4 2015 SSBF100 186923
EBS_SKATE 4 2015 SSBFabc 74769.2
EBS_SKATE 4 2015 SSBFofl 65423.1
EBS_SKATE 4 2015 SSBLCI 117180
EBS_SKATE 4 2015 SSBUCI 117180
EBS_SKATE 4 2015 SSBMedian 117180
EBS_SKATE 4 2015 SSBMean 117180
EBS_SKATE 4 2016 SSBF100 186923
EBS_SKATE 4 2016 SSBFabc 74769.2
EBS_SKATE 4 2016 SSBFofl 65423.1
EBS_SKATE 4 2016 SSBLCI 117881
EBS_SKATE 4 2016 SSBUCI 117881
EBS_SKATE 4 2016 SSBMedian 117881
EBS_SKATE 4 2016 SSBMean 117881
EBS_SKATE 4 2017 SSBF100 186923
EBS_SKATE 4 2017 SSBFabc 74769.2
EBS_SKATE 4 2017 SSBFofl 65423.1
EBS_SKATE 4 2017 SSBLCI 117752
EBS_SKATE 4 2017 SSBUCI 117752
EBS_SKATE 4 2017 SSBMedian 117752
EBS_SKATE 4 2017 SSBMean 117752
EBS_SKATE 4 2018 SSBF100 186923
EBS_SKATE 4 2018 SSBFabc 74769.2
EBS_SKATE 4 2018 SSBFofl 65423.1
EBS_SKATE 4 2018 SSBLCI 116514
EBS_SKATE 4 2018 SSBUCI 116514
EBS_SKATE 4 2018 SSBMedian 116514
EBS_SKATE 4 2018 SSBMean 116514
EBS_SKATE 4 2019 SSBF100 186923
EBS_SKATE 4 2019 SSBFabc 74769.2
EBS_SKATE 4 2019 SSBFofl 65423.1
EBS_SKATE 4 2019 SSBLCI 114036
EBS_SKATE 4 2019 SSBUCI 114036
EBS_SKATE 4 2019 SSBMedian 114036
EBS_SKATE 4 2019 SSBMean 114036
EBS_SKATE 4 2020 SSBF100 186923
EBS_SKATE 4 2020 SSBFabc 74769.2
EBS_SKATE 4 2020 SSBFofl 65423.1
EBS_SKATE 4 2020 SSBLCI 110456
EBS_SKATE 4 2020 SSBUCI 110458
EBS_SKATE 4 2020 SSBMedian 110457
EBS_SKATE 4 2020 SSBMean 110457
EBS_SKATE 4 2021 SSBF100 186923
EBS_SKATE 4 2021 SSBFabc 74769.2
EBS_SKATE 4 2021 SSBFofl 65423.1
EBS_SKATE 4 2021 SSBLCI 106224
EBS_SKATE 4 2021 SSBUCI 106259
EBS_SKATE 4 2021 SSBMedian 106238
EBS_SKATE 4 2021 SSBMean 106240
EBS_SKATE 4 2022 SSBF100 186923
EBS_SKATE 4 2022 SSBFabc 74769.2
EBS_SKATE 4 2022 SSBFofl 65423.1
EBS_SKATE 4 2022 SSBLCI 101981
EBS_SKATE 4 2022 SSBUCI 102221
EBS_SKATE 4 2022 SSBMedian 102082
EBS_SKATE 4 2022 SSBMean 102093
EBS_SKATE 4 2023 SSBF100 186923
EBS_SKATE 4 2023 SSBFabc 74769.2
EBS_SKATE 4 2023 SSBFofl 65423.1
EBS_SKATE 4 2023 SSBLCI 98349.2
EBS_SKATE 4 2023 SSBUCI 99153.4
EBS_SKATE 4 2023 SSBMedian 98696.8
EBS_SKATE 4 2023 SSBMean 98734.4
EBS_SKATE 4 2024 SSBF100 186923
EBS_SKATE 4 2024 SSBFabc 74769.2
EBS_SKATE 4 2024 SSBFofl 65423.1
EBS_SKATE 4 2024 SSBLCI 95661.4
EBS_SKATE 4 2024 SSBUCI 97659.5
EBS_SKATE 4 2024 SSBMedian 96547.3
EBS_SKATE 4 2024 SSBMean 96635.4
EBS_SKATE 4 2025 SSBF100 186923
EBS_SKATE 4 2025 SSBFabc 74769.2
EBS_SKATE 4 2025 SSBFofl 65423.1
EBS_SKATE 4 2025 SSBLCI 94067.6
EBS_SKATE 4 2025 SSBUCI 97873.5
EBS_SKATE 4 2025 SSBMedian 95684.1
EBS_SKATE 4 2025 SSBMean 95877.6
EBS_SKATE 4 2026 SSBF100 186923
EBS_SKATE 4 2026 SSBFabc 74769.2
EBS_SKATE 4 2026 SSBFofl 65423.1
EBS_SKATE 4 2026 SSBLCI 93427
EBS_SKATE 4 2026 SSBUCI 99093.1
EBS_SKATE 4 2026 SSBMedian 96112.6
EBS_SKATE 4 2026 SSBMean 96207.9
EBS_SKATE 4 2027 SSBF100 186923
EBS_SKATE 4 2027 SSBFabc 74769.2
EBS_SKATE 4 2027 SSBFofl 65423.1
EBS_SKATE 4 2027 SSBLCI 93440.8
EBS_SKATE 4 2027 SSBUCI 100886
EBS_SKATE 4 2027 SSBMedian 97200.4
EBS_SKATE 4 2027 SSBMean 97245.3
EBS_SKATE 4 2014 F0 0 
EBS_SKATE 4 2014 Fabc 0.0773503
EBS_SKATE 4 2014 Fofl 0.0902253
EBS_SKATE 4 2014  F_LCI 0.0558978
EBS_SKATE 4 2014  F_UCI 0.0558978
EBS_SKATE 4 2014  F_Median 0.0558978
EBS_SKATE 4 2014  F_Mean 0.0558978
EBS_SKATE 4 2015 F0 0 
EBS_SKATE 4 2015 Fabc 0.0773503
EBS_SKATE 4 2015 Fofl 0.0902253
EBS_SKATE 4 2015  F_LCI 0.0407404
EBS_SKATE 4 2015  F_UCI 0.0407404
EBS_SKATE 4 2015  F_Median 0.0407404
EBS_SKATE 4 2015  F_Mean 0.0407404
EBS_SKATE 4 2016 F0 0 
EBS_SKATE 4 2016 Fabc 0.0773503
EBS_SKATE 4 2016 Fofl 0.0902253
EBS_SKATE 4 2016  F_LCI 0.0407404
EBS_SKATE 4 2016  F_UCI 0.0407404
EBS_SKATE 4 2016  F_Median 0.0407404
EBS_SKATE 4 2016  F_Mean 0.0407404
EBS_SKATE 4 2017 F0 0 
EBS_SKATE 4 2017 Fabc 0.0773503
EBS_SKATE 4 2017 Fofl 0.0902253
EBS_SKATE 4 2017  F_LCI 0.0407404
EBS_SKATE 4 2017  F_UCI 0.0407404
EBS_SKATE 4 2017  F_Median 0.0407404
EBS_SKATE 4 2017  F_Mean 0.0407404
EBS_SKATE 4 2018 F0 0 
EBS_SKATE 4 2018 Fabc 0.0773503
EBS_SKATE 4 2018 Fofl 0.0902253
EBS_SKATE 4 2018  F_LCI 0.0407404
EBS_SKATE 4 2018  F_UCI 0.0407404
EBS_SKATE 4 2018  F_Median 0.0407404
EBS_SKATE 4 2018  F_Mean 0.0407404
EBS_SKATE 4 2019 F0 0 
EBS_SKATE 4 2019 Fabc 0.0773503
EBS_SKATE 4 2019 Fofl 0.0902253
EBS_SKATE 4 2019  F_LCI 0.0407404
EBS_SKATE 4 2019  F_UCI 0.0407404
EBS_SKATE 4 2019  F_Median 0.0407404
EBS_SKATE 4 2019  F_Mean 0.0407404
EBS_SKATE 4 2020 F0 0 
EBS_SKATE 4 2020 Fabc 0.0773503
EBS_SKATE 4 2020 Fofl 0.0902253
EBS_SKATE 4 2020  F_LCI 0.0407404
EBS_SKATE 4 2020  F_UCI 0.0407404
EBS_SKATE 4 2020  F_Median 0.0407404
EBS_SKATE 4 2020  F_Mean 0.0407404
EBS_SKATE 4 2021 F0 0 
EBS_SKATE 4 2021 Fabc 0.0773503
EBS_SKATE 4 2021 Fofl 0.0902253
EBS_SKATE 4 2021  F_LCI 0.0407404
EBS_SKATE 4 2021  F_UCI 0.0407404
EBS_SKATE 4 2021  F_Median 0.0407404
EBS_SKATE 4 2021  F_Mean 0.0407404
EBS_SKATE 4 2022 F0 0 
EBS_SKATE 4 2022 Fabc 0.0773503
EBS_SKATE 4 2022 Fofl 0.0902253
EBS_SKATE 4 2022  F_LCI 0.0407404
EBS_SKATE 4 2022  F_UCI 0.0407404
EBS_SKATE 4 2022  F_Median 0.0407404
EBS_SKATE 4 2022  F_Mean 0.0407404
EBS_SKATE 4 2023 F0 0 
EBS_SKATE 4 2023 Fabc 0.0773503
EBS_SKATE 4 2023 Fofl 0.0902253
EBS_SKATE 4 2023  F_LCI 0.0407404
EBS_SKATE 4 2023  F_UCI 0.0407404
EBS_SKATE 4 2023  F_Median 0.0407404
EBS_SKATE 4 2023  F_Mean 0.0407404
EBS_SKATE 4 2024 F0 0 
EBS_SKATE 4 2024 Fabc 0.0773503
EBS_SKATE 4 2024 Fofl 0.0902253
EBS_SKATE 4 2024  F_LCI 0.0407404
EBS_SKATE 4 2024  F_UCI 0.0407404
EBS_SKATE 4 2024  F_Median 0.0407404
EBS_SKATE 4 2024  F_Mean 0.0407404
EBS_SKATE 4 2025 F0 0 
EBS_SKATE 4 2025 Fabc 0.0773503
EBS_SKATE 4 2025 Fofl 0.0902253
EBS_SKATE 4 2025  F_LCI 0.0407404
EBS_SKATE 4 2025  F_UCI 0.0407404
EBS_SKATE 4 2025  F_Median 0.0407404
EBS_SKATE 4 2025  F_Mean 0.0407404
EBS_SKATE 4 2026 F0 0 
EBS_SKATE 4 2026 Fabc 0.0773503
EBS_SKATE 4 2026 Fofl 0.0902253
EBS_SKATE 4 2026  F_LCI 0.0407404
EBS_SKATE 4 2026  F_UCI 0.0407404
EBS_SKATE 4 2026  F_Median 0.0407404
EBS_SKATE 4 2026  F_Mean 0.0407404
EBS_SKATE 4 2027 F0 0 
EBS_SKATE 4 2027 Fabc 0.0773503
EBS_SKATE 4 2027 Fofl 0.0902253
EBS_SKATE 4 2027  F_LCI 0.0407404
EBS_SKATE 4 2027  F_UCI 0.0407404
EBS_SKATE 4 2027  F_Median 0.0407404
EBS_SKATE 4 2027  F_Mean 0.0407404
EBS_SKATE 5 2014 Cabc 26700.5
EBS_SKATE 5 2014 Cofl 28654.2
EBS_SKATE 5 2014 CLCI 26060
EBS_SKATE 5 2014 CUCI 26060
EBS_SKATE 5 2014 CMedian 26060
EBS_SKATE 5 2014 CMean 26060
EBS_SKATE 5 2014 CStdn 1.81899e-11
EBS_SKATE 5 2015 Cabc 26700.5
EBS_SKATE 5 2015 Cofl 28654.2
EBS_SKATE 5 2015 CLCI 0
EBS_SKATE 5 2015 CUCI 0
EBS_SKATE 5 2015 CMedian 0
EBS_SKATE 5 2015 CMean 0
EBS_SKATE 5 2015 CStdn 0
EBS_SKATE 5 2016 Cabc 26700.5
EBS_SKATE 5 2016 Cofl 28654.2
EBS_SKATE 5 2016 CLCI 0
EBS_SKATE 5 2016 CUCI 0
EBS_SKATE 5 2016 CMedian 0
EBS_SKATE 5 2016 CMean 0
EBS_SKATE 5 2016 CStdn 0
EBS_SKATE 5 2017 Cabc 26700.5
EBS_SKATE 5 2017 Cofl 28654.2
EBS_SKATE 5 2017 CLCI 0
EBS_SKATE 5 2017 CUCI 0
EBS_SKATE 5 2017 CMedian 0
EBS_SKATE 5 2017 CMean 0
EBS_SKATE 5 2017 CStdn 0
EBS_SKATE 5 2018 Cabc 26700.5
EBS_SKATE 5 2018 Cofl 28654.2
EBS_SKATE 5 2018 CLCI 0
EBS_SKATE 5 2018 CUCI 0
EBS_SKATE 5 2018 CMedian 0
EBS_SKATE 5 2018 CMean 0
EBS_SKATE 5 2018 CStdn 0
EBS_SKATE 5 2019 Cabc 26700.5
EBS_SKATE 5 2019 Cofl 28654.2
EBS_SKATE 5 2019 CLCI 0
EBS_SKATE 5 2019 CUCI 0
EBS_SKATE 5 2019 CMedian 0
EBS_SKATE 5 2019 CMean 0
EBS_SKATE 5 2019 CStdn 0
EBS_SKATE 5 2020 Cabc 26700.5
EBS_SKATE 5 2020 Cofl 28654.2
EBS_SKATE 5 2020 CLCI 0
EBS_SKATE 5 2020 CUCI 0
EBS_SKATE 5 2020 CMedian 0
EBS_SKATE 5 2020 CMean 0
EBS_SKATE 5 2020 CStdn 0
EBS_SKATE 5 2021 Cabc 26700.5
EBS_SKATE 5 2021 Cofl 28654.2
EBS_SKATE 5 2021 CLCI 0
EBS_SKATE 5 2021 CUCI 0
EBS_SKATE 5 2021 CMedian 0
EBS_SKATE 5 2021 CMean 0
EBS_SKATE 5 2021 CStdn 0
EBS_SKATE 5 2022 Cabc 26700.5
EBS_SKATE 5 2022 Cofl 28654.2
EBS_SKATE 5 2022 CLCI 0
EBS_SKATE 5 2022 CUCI 0
EBS_SKATE 5 2022 CMedian 0
EBS_SKATE 5 2022 CMean 0
EBS_SKATE 5 2022 CStdn 0
EBS_SKATE 5 2023 Cabc 26700.5
EBS_SKATE 5 2023 Cofl 28654.2
EBS_SKATE 5 2023 CLCI 0
EBS_SKATE 5 2023 CUCI 0
EBS_SKATE 5 2023 CMedian 0
EBS_SKATE 5 2023 CMean 0
EBS_SKATE 5 2023 CStdn 0
EBS_SKATE 5 2024 Cabc 26700.5
EBS_SKATE 5 2024 Cofl 28654.2
EBS_SKATE 5 2024 CLCI 0
EBS_SKATE 5 2024 CUCI 0
EBS_SKATE 5 2024 CMedian 0
EBS_SKATE 5 2024 CMean 0
EBS_SKATE 5 2024 CStdn 0
EBS_SKATE 5 2025 Cabc 26700.5
EBS_SKATE 5 2025 Cofl 28654.2
EBS_SKATE 5 2025 CLCI 0
EBS_SKATE 5 2025 CUCI 0
EBS_SKATE 5 2025 CMedian 0
EBS_SKATE 5 2025 CMean 0
EBS_SKATE 5 2025 CStdn 0
EBS_SKATE 5 2026 Cabc 26700.5
EBS_SKATE 5 2026 Cofl 28654.2
EBS_SKATE 5 2026 CLCI 0
EBS_SKATE 5 2026 CUCI 0
EBS_SKATE 5 2026 CMedian 0
EBS_SKATE 5 2026 CMean 0
EBS_SKATE 5 2026 CStdn 0
EBS_SKATE 5 2027 Cabc 26700.5
EBS_SKATE 5 2027 Cofl 28654.2
EBS_SKATE 5 2027 CLCI 0
EBS_SKATE 5 2027 CUCI 0
EBS_SKATE 5 2027 CMedian 0
EBS_SKATE 5 2027 CMean 0
EBS_SKATE 5 2027 CStdn 0
EBS_SKATE 5 2014 SSBF100 186923
EBS_SKATE 5 2014 SSBFabc 74769.2
EBS_SKATE 5 2014 SSBFofl 65423.1
EBS_SKATE 5 2014 SSBLCI 116996
EBS_SKATE 5 2014 SSBUCI 116996
EBS_SKATE 5 2014 SSBMedian 116996
EBS_SKATE 5 2014 SSBMean 116996
EBS_SKATE 5 2015 SSBF100 186923
EBS_SKATE 5 2015 SSBFabc 74769.2
EBS_SKATE 5 2015 SSBFofl 65423.1
EBS_SKATE 5 2015 SSBLCI 119089
EBS_SKATE 5 2015 SSBUCI 119089
EBS_SKATE 5 2015 SSBMedian 119089
EBS_SKATE 5 2015 SSBMean 119089
EBS_SKATE 5 2016 SSBF100 186923
EBS_SKATE 5 2016 SSBFabc 74769.2
EBS_SKATE 5 2016 SSBFofl 65423.1
EBS_SKATE 5 2016 SSBLCI 124547
EBS_SKATE 5 2016 SSBUCI 124547
EBS_SKATE 5 2016 SSBMedian 124547
EBS_SKATE 5 2016 SSBMean 124547
EBS_SKATE 5 2017 SSBF100 186923
EBS_SKATE 5 2017 SSBFabc 74769.2
EBS_SKATE 5 2017 SSBFofl 65423.1
EBS_SKATE 5 2017 SSBLCI 129332
EBS_SKATE 5 2017 SSBUCI 129332
EBS_SKATE 5 2017 SSBMedian 129332
EBS_SKATE 5 2017 SSBMean 129332
EBS_SKATE 5 2018 SSBF100 186923
EBS_SKATE 5 2018 SSBFabc 74769.2
EBS_SKATE 5 2018 SSBFofl 65423.1
EBS_SKATE 5 2018 SSBLCI 133000
EBS_SKATE 5 2018 SSBUCI 133000
EBS_SKATE 5 2018 SSBMedian 133000
EBS_SKATE 5 2018 SSBMean 133000
EBS_SKATE 5 2019 SSBF100 186923
EBS_SKATE 5 2019 SSBFabc 74769.2
EBS_SKATE 5 2019 SSBFofl 65423.1
EBS_SKATE 5 2019 SSBLCI 135216
EBS_SKATE 5 2019 SSBUCI 135216
EBS_SKATE 5 2019 SSBMedian 135216
EBS_SKATE 5 2019 SSBMean 135216
EBS_SKATE 5 2020 SSBF100 186923
EBS_SKATE 5 2020 SSBFabc 74769.2
EBS_SKATE 5 2020 SSBFofl 65423.1
EBS_SKATE 5 2020 SSBLCI 135918
EBS_SKATE 5 2020 SSBUCI 135920
EBS_SKATE 5 2020 SSBMedian 135919
EBS_SKATE 5 2020 SSBMean 135919
EBS_SKATE 5 2021 SSBF100 186923
EBS_SKATE 5 2021 SSBFabc 74769.2
EBS_SKATE 5 2021 SSBFofl 65423.1
EBS_SKATE 5 2021 SSBLCI 135439
EBS_SKATE 5 2021 SSBUCI 135477
EBS_SKATE 5 2021 SSBMedian 135454
EBS_SKATE 5 2021 SSBMean 135456
EBS_SKATE 5 2022 SSBF100 186923
EBS_SKATE 5 2022 SSBFabc 74769.2
EBS_SKATE 5 2022 SSBFofl 65423.1
EBS_SKATE 5 2022 SSBLCI 134425
EBS_SKATE 5 2022 SSBUCI 134688
EBS_SKATE 5 2022 SSBMedian 134536
EBS_SKATE 5 2022 SSBMean 134548
EBS_SKATE 5 2023 SSBF100 186923
EBS_SKATE 5 2023 SSBFabc 74769.2
EBS_SKATE 5 2023 SSBFofl 65423.1
EBS_SKATE 5 2023 SSBLCI 133601
EBS_SKATE 5 2023 SSBUCI 134518
EBS_SKATE 5 2023 SSBMedian 133999
EBS_SKATE 5 2023 SSBMean 134042
EBS_SKATE 5 2024 SSBF100 186923
EBS_SKATE 5 2024 SSBFabc 74769.2
EBS_SKATE 5 2024 SSBFofl 65423.1
EBS_SKATE 5 2024 SSBLCI 133440
EBS_SKATE 5 2024 SSBUCI 135800
EBS_SKATE 5 2024 SSBMedian 134493
EBS_SKATE 5 2024 SSBMean 134591
EBS_SKATE 5 2025 SSBF100 186923
EBS_SKATE 5 2025 SSBFabc 74769.2
EBS_SKATE 5 2025 SSBFofl 65423.1
EBS_SKATE 5 2025 SSBLCI 134214
EBS_SKATE 5 2025 SSBUCI 138879
EBS_SKATE 5 2025 SSBMedian 136212
EBS_SKATE 5 2025 SSBMean 136427
EBS_SKATE 5 2026 SSBF100 186923
EBS_SKATE 5 2026 SSBFabc 74769.2
EBS_SKATE 5 2026 SSBFofl 65423.1
EBS_SKATE 5 2026 SSBLCI 135935
EBS_SKATE 5 2026 SSBUCI 143092
EBS_SKATE 5 2026 SSBMedian 139115
EBS_SKATE 5 2026 SSBMean 139362
EBS_SKATE 5 2027 SSBF100 186923
EBS_SKATE 5 2027 SSBFabc 74769.2
EBS_SKATE 5 2027 SSBFofl 65423.1
EBS_SKATE 5 2027 SSBLCI 137980
EBS_SKATE 5 2027 SSBUCI 147645
EBS_SKATE 5 2027 SSBMedian 142844
EBS_SKATE 5 2027 SSBMean 143001
EBS_SKATE 5 2014 F0 0 
EBS_SKATE 5 2014 Fabc 0.0773503
EBS_SKATE 5 2014 Fofl 0.0902253
EBS_SKATE 5 2014  F_LCI 0.0558978
EBS_SKATE 5 2014  F_UCI 0.0558978
EBS_SKATE 5 2014  F_Median 0.0558978
EBS_SKATE 5 2014  F_Mean 0.0558978
EBS_SKATE 5 2015 F0 0 
EBS_SKATE 5 2015 Fabc 0.0773503
EBS_SKATE 5 2015 Fofl 0.0902253
EBS_SKATE 5 2015  F_LCI 0
EBS_SKATE 5 2015  F_UCI 0
EBS_SKATE 5 2015  F_Median 0
EBS_SKATE 5 2015  F_Mean 0
EBS_SKATE 5 2016 F0 0 
EBS_SKATE 5 2016 Fabc 0.0773503
EBS_SKATE 5 2016 Fofl 0.0902253
EBS_SKATE 5 2016  F_LCI 0
EBS_SKATE 5 2016  F_UCI 0
EBS_SKATE 5 2016  F_Median 0
EBS_SKATE 5 2016  F_Mean 0
EBS_SKATE 5 2017 F0 0 
EBS_SKATE 5 2017 Fabc 0.0773503
EBS_SKATE 5 2017 Fofl 0.0902253
EBS_SKATE 5 2017  F_LCI 0
EBS_SKATE 5 2017  F_UCI 0
EBS_SKATE 5 2017  F_Median 0
EBS_SKATE 5 2017  F_Mean 0
EBS_SKATE 5 2018 F0 0 
EBS_SKATE 5 2018 Fabc 0.0773503
EBS_SKATE 5 2018 Fofl 0.0902253
EBS_SKATE 5 2018  F_LCI 0
EBS_SKATE 5 2018  F_UCI 0
EBS_SKATE 5 2018  F_Median 0
EBS_SKATE 5 2018  F_Mean 0
EBS_SKATE 5 2019 F0 0 
EBS_SKATE 5 2019 Fabc 0.0773503
EBS_SKATE 5 2019 Fofl 0.0902253
EBS_SKATE 5 2019  F_LCI 0
EBS_SKATE 5 2019  F_UCI 0
EBS_SKATE 5 2019  F_Median 0
EBS_SKATE 5 2019  F_Mean 0
EBS_SKATE 5 2020 F0 0 
EBS_SKATE 5 2020 Fabc 0.0773503
EBS_SKATE 5 2020 Fofl 0.0902253
EBS_SKATE 5 2020  F_LCI 0
EBS_SKATE 5 2020  F_UCI 0
EBS_SKATE 5 2020  F_Median 0
EBS_SKATE 5 2020  F_Mean 0
EBS_SKATE 5 2021 F0 0 
EBS_SKATE 5 2021 Fabc 0.0773503
EBS_SKATE 5 2021 Fofl 0.0902253
EBS_SKATE 5 2021  F_LCI 0
EBS_SKATE 5 2021  F_UCI 0
EBS_SKATE 5 2021  F_Median 0
EBS_SKATE 5 2021  F_Mean 0
EBS_SKATE 5 2022 F0 0 
EBS_SKATE 5 2022 Fabc 0.0773503
EBS_SKATE 5 2022 Fofl 0.0902253
EBS_SKATE 5 2022  F_LCI 0
EBS_SKATE 5 2022  F_UCI 0
EBS_SKATE 5 2022  F_Median 0
EBS_SKATE 5 2022  F_Mean 0
EBS_SKATE 5 2023 F0 0 
EBS_SKATE 5 2023 Fabc 0.0773503
EBS_SKATE 5 2023 Fofl 0.0902253
EBS_SKATE 5 2023  F_LCI 0
EBS_SKATE 5 2023  F_UCI 0
EBS_SKATE 5 2023  F_Median 0
EBS_SKATE 5 2023  F_Mean 0
EBS_SKATE 5 2024 F0 0 
EBS_SKATE 5 2024 Fabc 0.0773503
EBS_SKATE 5 2024 Fofl 0.0902253
EBS_SKATE 5 2024  F_LCI 0
EBS_SKATE 5 2024  F_UCI 0
EBS_SKATE 5 2024  F_Median 0
EBS_SKATE 5 2024  F_Mean 0
EBS_SKATE 5 2025 F0 0 
EBS_SKATE 5 2025 Fabc 0.0773503
EBS_SKATE 5 2025 Fofl 0.0902253
EBS_SKATE 5 2025  F_LCI 0
EBS_SKATE 5 2025  F_UCI 0
EBS_SKATE 5 2025  F_Median 0
EBS_SKATE 5 2025  F_Mean 0
EBS_SKATE 5 2026 F0 0 
EBS_SKATE 5 2026 Fabc 0.0773503
EBS_SKATE 5 2026 Fofl 0.0902253
EBS_SKATE 5 2026  F_LCI 0
EBS_SKATE 5 2026  F_UCI 0
EBS_SKATE 5 2026  F_Median 0
EBS_SKATE 5 2026  F_Mean 0
EBS_SKATE 5 2027 F0 0 
EBS_SKATE 5 2027 Fabc 0.0773503
EBS_SKATE 5 2027 Fofl 0.0902253
EBS_SKATE 5 2027  F_LCI 0
EBS_SKATE 5 2027  F_UCI 0
EBS_SKATE 5 2027  F_Median 0
EBS_SKATE 5 2027  F_Mean 0
EBS_SKATE 6 2014 Cabc 26700.5
EBS_SKATE 6 2014 Cofl 28654.2
EBS_SKATE 6 2014 CLCI 26060
EBS_SKATE 6 2014 CUCI 26060
EBS_SKATE 6 2014 CMedian 26060
EBS_SKATE 6 2014 CMean 26060
EBS_SKATE 6 2014 CStdn 1.81899e-11
EBS_SKATE 6 2015 Cabc 26700.5
EBS_SKATE 6 2015 Cofl 28654.2
EBS_SKATE 6 2015 CLCI 39883.1
EBS_SKATE 6 2015 CUCI 39883.1
EBS_SKATE 6 2015 CMedian 39883.1
EBS_SKATE 6 2015 CMean 39883.1
EBS_SKATE 6 2015 CStdn 5.09317e-11
EBS_SKATE 6 2016 Cabc 26700.5
EBS_SKATE 6 2016 Cofl 28654.2
EBS_SKATE 6 2016 CLCI 36909.8
EBS_SKATE 6 2016 CUCI 36918.9
EBS_SKATE 6 2016 CMedian 36913.6
EBS_SKATE 6 2016 CMean 36914
EBS_SKATE 6 2016 CStdn 2.84839
EBS_SKATE 6 2017 Cabc 26700.5
EBS_SKATE 6 2017 Cofl 28654.2
EBS_SKATE 6 2017 CLCI 34050.9
EBS_SKATE 6 2017 CUCI 34095.1
EBS_SKATE 6 2017 CMedian 34069.4
EBS_SKATE 6 2017 CMean 34071.8
EBS_SKATE 6 2017 CStdn 14.0152
EBS_SKATE 6 2018 Cabc 26700.5
EBS_SKATE 6 2018 Cofl 28654.2
EBS_SKATE 6 2018 CLCI 31528.7
EBS_SKATE 6 2018 CUCI 31678.5
EBS_SKATE 6 2018 CMedian 31594
EBS_SKATE 6 2018 CMean 31600.5
EBS_SKATE 6 2018 CStdn 50.295
EBS_SKATE 6 2019 Cabc 26700.5
EBS_SKATE 6 2019 Cofl 28654.2
EBS_SKATE 6 2019 CLCI 29483.8
EBS_SKATE 6 2019 CUCI 29894
EBS_SKATE 6 2019 CMedian 29673.6
EBS_SKATE 6 2019 CMean 29685.3
EBS_SKATE 6 2019 CStdn 137.363
EBS_SKATE 6 2020 Cabc 26700.5
EBS_SKATE 6 2020 Cofl 28654.2
EBS_SKATE 6 2020 CLCI 27963.6
EBS_SKATE 6 2020 CUCI 28835.5
EBS_SKATE 6 2020 CMedian 28343.2
EBS_SKATE 6 2020 CMean 28388.1
EBS_SKATE 6 2020 CStdn 287.338
EBS_SKATE 6 2021 Cabc 26700.5
EBS_SKATE 6 2021 Cofl 28654.2
EBS_SKATE 6 2021 CLCI 26943.1
EBS_SKATE 6 2021 CUCI 28368.9
EBS_SKATE 6 2021 CMedian 27563.3
EBS_SKATE 6 2021 CMean 27637.3
EBS_SKATE 6 2021 CStdn 477.134
EBS_SKATE 6 2022 Cabc 26700.5
EBS_SKATE 6 2022 Cofl 28654.2
EBS_SKATE 6 2022 CLCI 25671.2
EBS_SKATE 6 2022 CUCI 27679.3
EBS_SKATE 6 2022 CMedian 26659.6
EBS_SKATE 6 2022 CMean 26696.5
EBS_SKATE 6 2022 CStdn 670.48
EBS_SKATE 6 2023 Cabc 26700.5
EBS_SKATE 6 2023 Cofl 28654.2
EBS_SKATE 6 2023 CLCI 23729.2
EBS_SKATE 6 2023 CUCI 26295.5
EBS_SKATE 6 2023 CMedian 24955.7
EBS_SKATE 6 2023 CMean 24975.2
EBS_SKATE 6 2023 CStdn 822.081
EBS_SKATE 6 2024 Cabc 26700.5
EBS_SKATE 6 2024 Cofl 28654.2
EBS_SKATE 6 2024 CLCI 22707.9
EBS_SKATE 6 2024 CUCI 25850.9
EBS_SKATE 6 2024 CMedian 24110.6
EBS_SKATE 6 2024 CMean 24146
EBS_SKATE 6 2024 CStdn 992.242
EBS_SKATE 6 2025 Cabc 26700.5
EBS_SKATE 6 2025 Cofl 28654.2
EBS_SKATE 6 2025 CLCI 22285.7
EBS_SKATE 6 2025 CUCI 25949.5
EBS_SKATE 6 2025 CMedian 23867.4
EBS_SKATE 6 2025 CMean 24007.1
EBS_SKATE 6 2025 CStdn 1187.43
EBS_SKATE 6 2026 Cabc 26700.5
EBS_SKATE 6 2026 Cofl 28654.2
EBS_SKATE 6 2026 CLCI 22314.8
EBS_SKATE 6 2026 CUCI 26528
EBS_SKATE 6 2026 CMedian 24258.1
EBS_SKATE 6 2026 CMean 24332.3
EBS_SKATE 6 2026 CStdn 1387.23
EBS_SKATE 6 2027 Cabc 26700.5
EBS_SKATE 6 2027 Cofl 28654.2
EBS_SKATE 6 2027 CLCI 22757.8
EBS_SKATE 6 2027 CUCI 27787.5
EBS_SKATE 6 2027 CMedian 24782.5
EBS_SKATE 6 2027 CMean 24906.2
EBS_SKATE 6 2027 CStdn 1562.7
EBS_SKATE 6 2014 SSBF100 186923
EBS_SKATE 6 2014 SSBFabc 74769.2
EBS_SKATE 6 2014 SSBFofl 65423.1
EBS_SKATE 6 2014 SSBLCI 116996
EBS_SKATE 6 2014 SSBUCI 116996
EBS_SKATE 6 2014 SSBMedian 116996
EBS_SKATE 6 2014 SSBMean 116996
EBS_SKATE 6 2015 SSBF100 186923
EBS_SKATE 6 2015 SSBFabc 74769.2
EBS_SKATE 6 2015 SSBFofl 65423.1
EBS_SKATE 6 2015 SSBLCI 114902
EBS_SKATE 6 2015 SSBUCI 114902
EBS_SKATE 6 2015 SSBMedian 114902
EBS_SKATE 6 2015 SSBMean 114902
EBS_SKATE 6 2016 SSBF100 186923
EBS_SKATE 6 2016 SSBFabc 74769.2
EBS_SKATE 6 2016 SSBFofl 65423.1
EBS_SKATE 6 2016 SSBLCI 110262
EBS_SKATE 6 2016 SSBUCI 110262
EBS_SKATE 6 2016 SSBMedian 110262
EBS_SKATE 6 2016 SSBMean 110262
EBS_SKATE 6 2017 SSBF100 186923
EBS_SKATE 6 2017 SSBFabc 74769.2
EBS_SKATE 6 2017 SSBFofl 65423.1
EBS_SKATE 6 2017 SSBLCI 105073
EBS_SKATE 6 2017 SSBUCI 105073
EBS_SKATE 6 2017 SSBMedian 105073
EBS_SKATE 6 2017 SSBMean 105073
EBS_SKATE 6 2018 SSBF100 186923
EBS_SKATE 6 2018 SSBFabc 74769.2
EBS_SKATE 6 2018 SSBFofl 65423.1
EBS_SKATE 6 2018 SSBLCI 99214.2
EBS_SKATE 6 2018 SSBUCI 99214.2
EBS_SKATE 6 2018 SSBMedian 99214.2
EBS_SKATE 6 2018 SSBMean 99214.2
EBS_SKATE 6 2019 SSBF100 186923
EBS_SKATE 6 2019 SSBFabc 74769.2
EBS_SKATE 6 2019 SSBFofl 65423.1
EBS_SKATE 6 2019 SSBLCI 92727.8
EBS_SKATE 6 2019 SSBUCI 92727.8
EBS_SKATE 6 2019 SSBMedian 92727.8
EBS_SKATE 6 2019 SSBMean 92727.8
EBS_SKATE 6 2020 SSBF100 186923
EBS_SKATE 6 2020 SSBFabc 74769.2
EBS_SKATE 6 2020 SSBFofl 65423.1
EBS_SKATE 6 2020 SSBLCI 85874.1
EBS_SKATE 6 2020 SSBUCI 85875.7
EBS_SKATE 6 2020 SSBMedian 85874.8
EBS_SKATE 6 2020 SSBMean 85874.9
EBS_SKATE 6 2021 SSBF100 186923
EBS_SKATE 6 2021 SSBFabc 74769.2
EBS_SKATE 6 2021 SSBFofl 65423.1
EBS_SKATE 6 2021 SSBLCI 79122.7
EBS_SKATE 6 2021 SSBUCI 79155.9
EBS_SKATE 6 2021 SSBMedian 79136.3
EBS_SKATE 6 2021 SSBMean 79138.1
EBS_SKATE 6 2022 SSBF100 186923
EBS_SKATE 6 2022 SSBFabc 74769.2
EBS_SKATE 6 2022 SSBFofl 65423.1
EBS_SKATE 6 2022 SSBLCI 73072.6
EBS_SKATE 6 2022 SSBUCI 73278.8
EBS_SKATE 6 2022 SSBMedian 73159.7
EBS_SKATE 6 2022 SSBMean 73169.6
EBS_SKATE 6 2023 SSBF100 186923
EBS_SKATE 6 2023 SSBFabc 74769.2
EBS_SKATE 6 2023 SSBFofl 65423.1
EBS_SKATE 6 2023 SSBLCI 68330
EBS_SKATE 6 2023 SSBUCI 68984.4
EBS_SKATE 6 2023 SSBMedian 68613.4
EBS_SKATE 6 2023 SSBMean 68644.1
EBS_SKATE 6 2024 SSBF100 186923
EBS_SKATE 6 2024 SSBFabc 74769.2
EBS_SKATE 6 2024 SSBFofl 65423.1
EBS_SKATE 6 2024 SSBLCI 65099.5
EBS_SKATE 6 2024 SSBUCI 66642
EBS_SKATE 6 2024 SSBMedian 65789.6
EBS_SKATE 6 2024 SSBMean 65854.4
EBS_SKATE 6 2025 SSBF100 186923
EBS_SKATE 6 2025 SSBFabc 74769.2
EBS_SKATE 6 2025 SSBFofl 65423.1
EBS_SKATE 6 2025 SSBLCI 63256.6
EBS_SKATE 6 2025 SSBUCI 66011.9
EBS_SKATE 6 2025 SSBMedian 64435.2
EBS_SKATE 6 2025 SSBMean 64580.6
EBS_SKATE 6 2026 SSBF100 186923
EBS_SKATE 6 2026 SSBFabc 74769.2
EBS_SKATE 6 2026 SSBFofl 65423.1
EBS_SKATE 6 2026 SSBLCI 62391.2
EBS_SKATE 6 2026 SSBUCI 66325.3
EBS_SKATE 6 2026 SSBMedian 64371.9
EBS_SKATE 6 2026 SSBMean 64415.5
EBS_SKATE 6 2027 SSBF100 186923
EBS_SKATE 6 2027 SSBFabc 74769.2
EBS_SKATE 6 2027 SSBFofl 65423.1
EBS_SKATE 6 2027 SSBLCI 62454.3
EBS_SKATE 6 2027 SSBUCI 67699.2
EBS_SKATE 6 2027 SSBMedian 64920
EBS_SKATE 6 2027 SSBMean 64925.5
EBS_SKATE 6 2014 F0 0 
EBS_SKATE 6 2014 Fabc 0.0773503
EBS_SKATE 6 2014 Fofl 0.0902253
EBS_SKATE 6 2014  F_LCI 0.0558978
EBS_SKATE 6 2014  F_UCI 0.0558978
EBS_SKATE 6 2014  F_Median 0.0558978
EBS_SKATE 6 2014  F_Mean 0.0558978
EBS_SKATE 6 2015 F0 0 
EBS_SKATE 6 2015 Fabc 0.0773503
EBS_SKATE 6 2015 Fofl 0.0902253
EBS_SKATE 6 2015  F_LCI 0.0902253
EBS_SKATE 6 2015  F_UCI 0.0902253
EBS_SKATE 6 2015  F_Median 0.0902253
EBS_SKATE 6 2015  F_Mean 0.0902253
EBS_SKATE 6 2016 F0 0 
EBS_SKATE 6 2016 Fabc 0.0773503
EBS_SKATE 6 2016 Fofl 0.0902253
EBS_SKATE 6 2016  F_LCI 0.0902253
EBS_SKATE 6 2016  F_UCI 0.0902253
EBS_SKATE 6 2016  F_Median 0.0902253
EBS_SKATE 6 2016  F_Mean 0.0902253
EBS_SKATE 6 2017 F0 0 
EBS_SKATE 6 2017 Fabc 0.0773503
EBS_SKATE 6 2017 Fofl 0.0902253
EBS_SKATE 6 2017  F_LCI 0.0902253
EBS_SKATE 6 2017  F_UCI 0.0902253
EBS_SKATE 6 2017  F_Median 0.0902253
EBS_SKATE 6 2017  F_Mean 0.0902253
EBS_SKATE 6 2018 F0 0 
EBS_SKATE 6 2018 Fabc 0.0773503
EBS_SKATE 6 2018 Fofl 0.0902253
EBS_SKATE 6 2018  F_LCI 0.0902253
EBS_SKATE 6 2018  F_UCI 0.0902253
EBS_SKATE 6 2018  F_Median 0.0902253
EBS_SKATE 6 2018  F_Mean 0.0902253
EBS_SKATE 6 2019 F0 0 
EBS_SKATE 6 2019 Fabc 0.0773503
EBS_SKATE 6 2019 Fofl 0.0902253
EBS_SKATE 6 2019  F_LCI 0.0902253
EBS_SKATE 6 2019  F_UCI 0.0902253
EBS_SKATE 6 2019  F_Median 0.0902253
EBS_SKATE 6 2019  F_Mean 0.0902253
EBS_SKATE 6 2020 F0 0 
EBS_SKATE 6 2020 Fabc 0.0773503
EBS_SKATE 6 2020 Fofl 0.0902253
EBS_SKATE 6 2020  F_LCI 0.0902253
EBS_SKATE 6 2020  F_UCI 0.0902253
EBS_SKATE 6 2020  F_Median 0.0902253
EBS_SKATE 6 2020  F_Mean 0.0902253
EBS_SKATE 6 2021 F0 0 
EBS_SKATE 6 2021 Fabc 0.0773503
EBS_SKATE 6 2021 Fofl 0.0902253
EBS_SKATE 6 2021  F_LCI 0.0902253
EBS_SKATE 6 2021  F_UCI 0.0902253
EBS_SKATE 6 2021  F_Median 0.0902253
EBS_SKATE 6 2021  F_Mean 0.0902253
EBS_SKATE 6 2022 F0 0 
EBS_SKATE 6 2022 Fabc 0.0773503
EBS_SKATE 6 2022 Fofl 0.0902253
EBS_SKATE 6 2022  F_LCI 0.0880708
EBS_SKATE 6 2022  F_UCI 0.0883327
EBS_SKATE 6 2022  F_Median 0.0881814
EBS_SKATE 6 2022  F_Mean 0.0881939
EBS_SKATE 6 2023 F0 0 
EBS_SKATE 6 2023 Fabc 0.0773503
EBS_SKATE 6 2023 Fofl 0.0902253
EBS_SKATE 6 2023  F_LCI 0.0820462
EBS_SKATE 6 2023  F_UCI 0.0828774
EBS_SKATE 6 2023  F_Median 0.0824062
EBS_SKATE 6 2023  F_Mean 0.0824452
EBS_SKATE 6 2024 F0 0 
EBS_SKATE 6 2024 Fabc 0.0773503
EBS_SKATE 6 2024 Fofl 0.0902253
EBS_SKATE 6 2024  F_LCI 0.0779426
EBS_SKATE 6 2024  F_UCI 0.0799019
EBS_SKATE 6 2024  F_Median 0.0788191
EBS_SKATE 6 2024  F_Mean 0.0789015
EBS_SKATE 6 2025 F0 0 
EBS_SKATE 6 2025 Fabc 0.0773503
EBS_SKATE 6 2025 Fofl 0.0902253
EBS_SKATE 6 2025  F_LCI 0.0756016
EBS_SKATE 6 2025  F_UCI 0.0791016
EBS_SKATE 6 2025  F_Median 0.0770987
EBS_SKATE 6 2025  F_Mean 0.0772834
EBS_SKATE 6 2026 F0 0 
EBS_SKATE 6 2026 Fabc 0.0773503
EBS_SKATE 6 2026 Fofl 0.0902253
EBS_SKATE 6 2026  F_LCI 0.0745023
EBS_SKATE 6 2026  F_UCI 0.0794997
EBS_SKATE 6 2026  F_Median 0.0770183
EBS_SKATE 6 2026  F_Mean 0.0770737
EBS_SKATE 6 2027 F0 0 
EBS_SKATE 6 2027 Fabc 0.0773503
EBS_SKATE 6 2027 Fofl 0.0902253
EBS_SKATE 6 2027  F_LCI 0.0745825
EBS_SKATE 6 2027  F_UCI 0.0812449
EBS_SKATE 6 2027  F_Median 0.0777145
EBS_SKATE 6 2027  F_Mean 0.0777215
EBS_SKATE 7 2014 Cabc 26700.5
EBS_SKATE 7 2014 Cofl 28654.2
EBS_SKATE 7 2014 CLCI 26060
EBS_SKATE 7 2014 CUCI 26060
EBS_SKATE 7 2014 CMedian 26060
EBS_SKATE 7 2014 CMean 26060
EBS_SKATE 7 2014 CStdn 1.81899e-11
EBS_SKATE 7 2015 Cabc 26700.5
EBS_SKATE 7 2015 Cofl 28654.2
EBS_SKATE 7 2015 CLCI 34388.9
EBS_SKATE 7 2015 CUCI 34388.9
EBS_SKATE 7 2015 CMedian 34388.9
EBS_SKATE 7 2015 CMean 34388.9
EBS_SKATE 7 2015 CStdn 5.82077e-11
EBS_SKATE 7 2016 Cabc 26700.5
EBS_SKATE 7 2016 Cofl 28654.2
EBS_SKATE 7 2016 CLCI 32195.3
EBS_SKATE 7 2016 CUCI 32203.2
EBS_SKATE 7 2016 CMedian 32198.6
EBS_SKATE 7 2016 CMean 32199
EBS_SKATE 7 2016 CStdn 2.44238
EBS_SKATE 7 2017 Cabc 26700.5
EBS_SKATE 7 2017 Cofl 28654.2
EBS_SKATE 7 2017 CLCI 34828.2
EBS_SKATE 7 2017 CUCI 34872.4
EBS_SKATE 7 2017 CMedian 34846.7
EBS_SKATE 7 2017 CMean 34849.1
EBS_SKATE 7 2017 CStdn 14.0204
EBS_SKATE 7 2018 Cabc 26700.5
EBS_SKATE 7 2018 Cofl 28654.2
EBS_SKATE 7 2018 CLCI 32206
EBS_SKATE 7 2018 CUCI 32355.9
EBS_SKATE 7 2018 CMedian 32271.3
EBS_SKATE 7 2018 CMean 32277.8
EBS_SKATE 7 2018 CStdn 50.313
EBS_SKATE 7 2019 Cabc 26700.5
EBS_SKATE 7 2019 Cofl 28654.2
EBS_SKATE 7 2019 CLCI 30064.9
EBS_SKATE 7 2019 CUCI 30475.2
EBS_SKATE 7 2019 CMedian 30254.8
EBS_SKATE 7 2019 CMean 30266.4
EBS_SKATE 7 2019 CStdn 137.409
EBS_SKATE 7 2020 Cabc 26700.5
EBS_SKATE 7 2020 Cofl 28654.2
EBS_SKATE 7 2020 CLCI 28455.4
EBS_SKATE 7 2020 CUCI 29327.5
EBS_SKATE 7 2020 CMedian 28835.2
EBS_SKATE 7 2020 CMean 28880
EBS_SKATE 7 2020 CStdn 287.426
EBS_SKATE 7 2021 Cabc 26700.5
EBS_SKATE 7 2021 Cofl 28654.2
EBS_SKATE 7 2021 CLCI 27354.7
EBS_SKATE 7 2021 CUCI 28780.7
EBS_SKATE 7 2021 CMedian 27974.9
EBS_SKATE 7 2021 CMean 28049
EBS_SKATE 7 2021 CStdn 477.256
EBS_SKATE 7 2022 Cabc 26700.5
EBS_SKATE 7 2022 Cofl 28654.2
EBS_SKATE 7 2022 CLCI 26560.5
EBS_SKATE 7 2022 CUCI 28595.4
EBS_SKATE 7 2022 CMedian 27568
EBS_SKATE 7 2022 CMean 27605
EBS_SKATE 7 2022 CStdn 681.563
EBS_SKATE 7 2023 Cabc 26700.5
EBS_SKATE 7 2023 Cofl 28654.2
EBS_SKATE 7 2023 CLCI 24379.2
EBS_SKATE 7 2023 CUCI 26987.4
EBS_SKATE 7 2023 CMedian 25624.9
EBS_SKATE 7 2023 CMean 25644.6
EBS_SKATE 7 2023 CStdn 835.437
EBS_SKATE 7 2024 Cabc 26700.5
EBS_SKATE 7 2024 Cofl 28654.2
EBS_SKATE 7 2024 CLCI 23180.6
EBS_SKATE 7 2024 CUCI 26353.3
EBS_SKATE 7 2024 CMedian 24596.2
EBS_SKATE 7 2024 CMean 24632.6
EBS_SKATE 7 2024 CStdn 1002.69
EBS_SKATE 7 2025 Cabc 26700.5
EBS_SKATE 7 2025 Cofl 28654.2
EBS_SKATE 7 2025 CLCI 22616.9
EBS_SKATE 7 2025 CUCI 26300.1
EBS_SKATE 7 2025 CMedian 24211.3
EBS_SKATE 7 2025 CMean 24350.7
EBS_SKATE 7 2025 CStdn 1193.97
EBS_SKATE 7 2026 Cabc 26700.5
EBS_SKATE 7 2026 Cofl 28654.2
EBS_SKATE 7 2026 CLCI 22543.2
EBS_SKATE 7 2026 CUCI 26773
EBS_SKATE 7 2026 CMedian 24492
EBS_SKATE 7 2026 CMean 24562
EBS_SKATE 7 2026 CStdn 1389.5
EBS_SKATE 7 2027 Cabc 26700.5
EBS_SKATE 7 2027 Cofl 28654.2
EBS_SKATE 7 2027 CLCI 22901.5
EBS_SKATE 7 2027 CUCI 27923.8
EBS_SKATE 7 2027 CMedian 24930.1
EBS_SKATE 7 2027 CMean 25046.2
EBS_SKATE 7 2027 CStdn 1561.14
EBS_SKATE 7 2014 SSBF100 186923
EBS_SKATE 7 2014 SSBFabc 74769.2
EBS_SKATE 7 2014 SSBFofl 65423.1
EBS_SKATE 7 2014 SSBLCI 116996
EBS_SKATE 7 2014 SSBUCI 116996
EBS_SKATE 7 2014 SSBMedian 116996
EBS_SKATE 7 2014 SSBMean 116996
EBS_SKATE 7 2015 SSBF100 186923
EBS_SKATE 7 2015 SSBFabc 74769.2
EBS_SKATE 7 2015 SSBFofl 65423.1
EBS_SKATE 7 2015 SSBLCI 115490
EBS_SKATE 7 2015 SSBUCI 115490
EBS_SKATE 7 2015 SSBMedian 115490
EBS_SKATE 7 2015 SSBMean 115490
EBS_SKATE 7 2016 SSBF100 186923
EBS_SKATE 7 2016 SSBFabc 74769.2
EBS_SKATE 7 2016 SSBFofl 65423.1
EBS_SKATE 7 2016 SSBLCI 112195
EBS_SKATE 7 2016 SSBUCI 112195
EBS_SKATE 7 2016 SSBMedian 112195
EBS_SKATE 7 2016 SSBMean 112195
EBS_SKATE 7 2017 SSBF100 186923
EBS_SKATE 7 2017 SSBFabc 74769.2
EBS_SKATE 7 2017 SSBFofl 65423.1
EBS_SKATE 7 2017 SSBLCI 107683
EBS_SKATE 7 2017 SSBUCI 107683
EBS_SKATE 7 2017 SSBMedian 107683
EBS_SKATE 7 2017 SSBMean 107683
EBS_SKATE 7 2018 SSBF100 186923
EBS_SKATE 7 2018 SSBFabc 74769.2
EBS_SKATE 7 2018 SSBFofl 65423.1
EBS_SKATE 7 2018 SSBLCI 101669
EBS_SKATE 7 2018 SSBUCI 101669
EBS_SKATE 7 2018 SSBMedian 101669
EBS_SKATE 7 2018 SSBMean 101669
EBS_SKATE 7 2019 SSBF100 186923
EBS_SKATE 7 2019 SSBFabc 74769.2
EBS_SKATE 7 2019 SSBFofl 65423.1
EBS_SKATE 7 2019 SSBLCI 94997.8
EBS_SKATE 7 2019 SSBUCI 94997.8
EBS_SKATE 7 2019 SSBMedian 94997.8
EBS_SKATE 7 2019 SSBMean 94997.8
EBS_SKATE 7 2020 SSBF100 186923
EBS_SKATE 7 2020 SSBFabc 74769.2
EBS_SKATE 7 2020 SSBFofl 65423.1
EBS_SKATE 7 2020 SSBLCI 87933.5
EBS_SKATE 7 2020 SSBUCI 87935.1
EBS_SKATE 7 2020 SSBMedian 87934.2
EBS_SKATE 7 2020 SSBMean 87934.2
EBS_SKATE 7 2021 SSBF100 186923
EBS_SKATE 7 2021 SSBFabc 74769.2
EBS_SKATE 7 2021 SSBFofl 65423.1
EBS_SKATE 7 2021 SSBLCI 80954.6
EBS_SKATE 7 2021 SSBUCI 80987.8
EBS_SKATE 7 2021 SSBMedian 80968.3
EBS_SKATE 7 2021 SSBMean 80970.1
EBS_SKATE 7 2022 SSBF100 186923
EBS_SKATE 7 2022 SSBFabc 74769.2
EBS_SKATE 7 2022 SSBFofl 65423.1
EBS_SKATE 7 2022 SSBLCI 74615.9
EBS_SKATE 7 2022 SSBUCI 74823.8
EBS_SKATE 7 2022 SSBMedian 74702.8
EBS_SKATE 7 2022 SSBMean 74713
EBS_SKATE 7 2023 SSBF100 186923
EBS_SKATE 7 2023 SSBFabc 74769.2
EBS_SKATE 7 2023 SSBFofl 65423.1
EBS_SKATE 7 2023 SSBLCI 69539.4
EBS_SKATE 7 2023 SSBUCI 70195.2
EBS_SKATE 7 2023 SSBMedian 69822
EBS_SKATE 7 2023 SSBMean 69853.2
EBS_SKATE 7 2024 SSBF100 186923
EBS_SKATE 7 2024 SSBFabc 74769.2
EBS_SKATE 7 2024 SSBFofl 65423.1
EBS_SKATE 7 2024 SSBLCI 66029.9
EBS_SKATE 7 2024 SSBUCI 67569.9
EBS_SKATE 7 2024 SSBMedian 66717
EBS_SKATE 7 2024 SSBMean 66782
EBS_SKATE 7 2025 SSBF100 186923
EBS_SKATE 7 2025 SSBFabc 74769.2
EBS_SKATE 7 2025 SSBFofl 65423.1
EBS_SKATE 7 2025 SSBLCI 63951.9
EBS_SKATE 7 2025 SSBUCI 66695.7
EBS_SKATE 7 2025 SSBMedian 65124.1
EBS_SKATE 7 2025 SSBMean 65269.2
EBS_SKATE 7 2026 SSBF100 186923
EBS_SKATE 7 2026 SSBFabc 74769.2
EBS_SKATE 7 2026 SSBFofl 65423.1
EBS_SKATE 7 2026 SSBLCI 62889.3
EBS_SKATE 7 2026 SSBUCI 66802.9
EBS_SKATE 7 2026 SSBMedian 64858.3
EBS_SKATE 7 2026 SSBMean 64902.6
EBS_SKATE 7 2027 SSBF100 186923
EBS_SKATE 7 2027 SSBFabc 74769.2
EBS_SKATE 7 2027 SSBFofl 65423.1
EBS_SKATE 7 2027 SSBLCI 62789.2
EBS_SKATE 7 2027 SSBUCI 68006.8
EBS_SKATE 7 2027 SSBMedian 65241.1
EBS_SKATE 7 2027 SSBMean 65247.3
EBS_SKATE 7 2014 F0 0 
EBS_SKATE 7 2014 Fabc 0.0773503
EBS_SKATE 7 2014 Fofl 0.0902253
EBS_SKATE 7 2014  F_LCI 0.0558978
EBS_SKATE 7 2014  F_UCI 0.0558978
EBS_SKATE 7 2014  F_Median 0.0558978
EBS_SKATE 7 2014  F_Mean 0.0558978
EBS_SKATE 7 2015 F0 0 
EBS_SKATE 7 2015 Fabc 0.0773503
EBS_SKATE 7 2015 Fofl 0.0902253
EBS_SKATE 7 2015  F_LCI 0.0773503
EBS_SKATE 7 2015  F_UCI 0.0773503
EBS_SKATE 7 2015  F_Median 0.0773503
EBS_SKATE 7 2015  F_Mean 0.0773503
EBS_SKATE 7 2016 F0 0 
EBS_SKATE 7 2016 Fabc 0.0773503
EBS_SKATE 7 2016 Fofl 0.0902253
EBS_SKATE 7 2016  F_LCI 0.0773503
EBS_SKATE 7 2016  F_UCI 0.0773503
EBS_SKATE 7 2016  F_Median 0.0773503
EBS_SKATE 7 2016  F_Mean 0.0773503
EBS_SKATE 7 2017 F0 0 
EBS_SKATE 7 2017 Fabc 0.0773503
EBS_SKATE 7 2017 Fofl 0.0902253
EBS_SKATE 7 2017  F_LCI 0.0902253
EBS_SKATE 7 2017  F_UCI 0.0902253
EBS_SKATE 7 2017  F_Median 0.0902253
EBS_SKATE 7 2017  F_Mean 0.0902253
EBS_SKATE 7 2018 F0 0 
EBS_SKATE 7 2018 Fabc 0.0773503
EBS_SKATE 7 2018 Fofl 0.0902253
EBS_SKATE 7 2018  F_LCI 0.0902253
EBS_SKATE 7 2018  F_UCI 0.0902253
EBS_SKATE 7 2018  F_Median 0.0902253
EBS_SKATE 7 2018  F_Mean 0.0902253
EBS_SKATE 7 2019 F0 0 
EBS_SKATE 7 2019 Fabc 0.0773503
EBS_SKATE 7 2019 Fofl 0.0902253
EBS_SKATE 7 2019  F_LCI 0.0902253
EBS_SKATE 7 2019  F_UCI 0.0902253
EBS_SKATE 7 2019  F_Median 0.0902253
EBS_SKATE 7 2019  F_Mean 0.0902253
EBS_SKATE 7 2020 F0 0 
EBS_SKATE 7 2020 Fabc 0.0773503
EBS_SKATE 7 2020 Fofl 0.0902253
EBS_SKATE 7 2020  F_LCI 0.0902253
EBS_SKATE 7 2020  F_UCI 0.0902253
EBS_SKATE 7 2020  F_Median 0.0902253
EBS_SKATE 7 2020  F_Mean 0.0902253
EBS_SKATE 7 2021 F0 0 
EBS_SKATE 7 2021 Fabc 0.0773503
EBS_SKATE 7 2021 Fofl 0.0902253
EBS_SKATE 7 2021  F_LCI 0.0902253
EBS_SKATE 7 2021  F_UCI 0.0902253
EBS_SKATE 7 2021  F_Median 0.0902253
EBS_SKATE 7 2021  F_Mean 0.0902253
EBS_SKATE 7 2022 F0 0 
EBS_SKATE 7 2022 Fabc 0.0773503
EBS_SKATE 7 2022 Fofl 0.0902253
EBS_SKATE 7 2022  F_LCI 0.0900308
EBS_SKATE 7 2022  F_UCI 0.0902253
EBS_SKATE 7 2022  F_Median 0.0901411
EBS_SKATE 7 2022  F_Mean 0.0901442
EBS_SKATE 7 2023 F0 0 
EBS_SKATE 7 2023 Fabc 0.0773503
EBS_SKATE 7 2023 Fofl 0.0902253
EBS_SKATE 7 2023  F_LCI 0.0835825
EBS_SKATE 7 2023  F_UCI 0.0844156
EBS_SKATE 7 2023  F_Median 0.0839414
EBS_SKATE 7 2023  F_Mean 0.0839811
EBS_SKATE 7 2024 F0 0 
EBS_SKATE 7 2024 Fabc 0.0773503
EBS_SKATE 7 2024 Fofl 0.0902253
EBS_SKATE 7 2024  F_LCI 0.0791245
EBS_SKATE 7 2024  F_UCI 0.0810807
EBS_SKATE 7 2024  F_Median 0.0799972
EBS_SKATE 7 2024  F_Mean 0.0800799
EBS_SKATE 7 2025 F0 0 
EBS_SKATE 7 2025 Fabc 0.0773503
EBS_SKATE 7 2025 Fofl 0.0902253
EBS_SKATE 7 2025  F_LCI 0.0764849
EBS_SKATE 7 2025  F_UCI 0.0799702
EBS_SKATE 7 2025  F_Median 0.0779738
EBS_SKATE 7 2025  F_Mean 0.0781581
EBS_SKATE 7 2026 F0 0 
EBS_SKATE 7 2026 Fabc 0.0773503
EBS_SKATE 7 2026 Fofl 0.0902253
EBS_SKATE 7 2026  F_LCI 0.075135
EBS_SKATE 7 2026  F_UCI 0.0801063
EBS_SKATE 7 2026  F_Median 0.0776362
EBS_SKATE 7 2026  F_Mean 0.0776924
EBS_SKATE 7 2027 F0 0 
EBS_SKATE 7 2027 Fabc 0.0773503
EBS_SKATE 7 2027 Fofl 0.0902253
EBS_SKATE 7 2027  F_LCI 0.0750079
EBS_SKATE 7 2027  F_UCI 0.0816356
EBS_SKATE 7 2027  F_Median 0.0781224
EBS_SKATE 7 2027  F_Mean 0.0781303
