EBS_SKATE 1 2020 Cabc 0
EBS_SKATE 1 2020 Cofl 0
EBS_SKATE 1 2020 CLCI 14779
EBS_SKATE 1 2020 CUCI 14779
EBS_SKATE 1 2020 CMedian 14779
EBS_SKATE 1 2020 CMean 14779
EBS_SKATE 1 2020 CStdn 3.31056e-10
EBS_SKATE 1 2021 Cabc 0
EBS_SKATE 1 2021 Cofl 0
EBS_SKATE 1 2021 CLCI 33269.2
EBS_SKATE 1 2021 CUCI 33269.2
EBS_SKATE 1 2021 CMedian 33269.2
EBS_SKATE 1 2021 CMean 33269.2
EBS_SKATE 1 2021 CStdn 8.29459e-10
EBS_SKATE 1 2022 Cabc 0
EBS_SKATE 1 2022 Cofl 0
EBS_SKATE 1 2022 CLCI 30821
EBS_SKATE 1 2022 CUCI 30830.3
EBS_SKATE 1 2022 CMedian 30824.5
EBS_SKATE 1 2022 CMean 30824.9
EBS_SKATE 1 2022 CStdn 2.89632
EBS_SKATE 1 2023 Cabc 0
EBS_SKATE 1 2023 Cofl 0
EBS_SKATE 1 2023 CLCI 28806.6
EBS_SKATE 1 2023 CUCI 28850.4
EBS_SKATE 1 2023 CMedian 28824.1
EBS_SKATE 1 2023 CMean 28825.5
EBS_SKATE 1 2023 CStdn 13.9058
EBS_SKATE 1 2024 Cabc 0
EBS_SKATE 1 2024 Cofl 0
EBS_SKATE 1 2024 CLCI 27205.2
EBS_SKATE 1 2024 CUCI 27368.2
EBS_SKATE 1 2024 CMedian 27272
EBS_SKATE 1 2024 CMean 27277.7
EBS_SKATE 1 2024 CStdn 52.0332
EBS_SKATE 1 2025 Cabc 0
EBS_SKATE 1 2025 Cofl 0
EBS_SKATE 1 2025 CLCI 25929.9
EBS_SKATE 1 2025 CUCI 26401.6
EBS_SKATE 1 2025 CMedian 26126.7
EBS_SKATE 1 2025 CMean 26144
EBS_SKATE 1 2025 CStdn 150.171
EBS_SKATE 1 2026 Cabc 0
EBS_SKATE 1 2026 Cofl 0
EBS_SKATE 1 2026 CLCI 24917.6
EBS_SKATE 1 2026 CUCI 25954.3
EBS_SKATE 1 2026 CMedian 25347.3
EBS_SKATE 1 2026 CMean 25384.1
EBS_SKATE 1 2026 CStdn 332.584
EBS_SKATE 1 2027 Cabc 0
EBS_SKATE 1 2027 Cofl 0
EBS_SKATE 1 2027 CLCI 24107.6
EBS_SKATE 1 2027 CUCI 25920.8
EBS_SKATE 1 2027 CMedian 24887
EBS_SKATE 1 2027 CMean 24947.3
EBS_SKATE 1 2027 CStdn 586.052
EBS_SKATE 1 2028 Cabc 0
EBS_SKATE 1 2028 Cofl 0
EBS_SKATE 1 2028 CLCI 23511.3
EBS_SKATE 1 2028 CUCI 26224.8
EBS_SKATE 1 2028 CMedian 24677.1
EBS_SKATE 1 2028 CMean 24763.5
EBS_SKATE 1 2028 CStdn 866.756
EBS_SKATE 1 2029 Cabc 0
EBS_SKATE 1 2029 Cofl 0
EBS_SKATE 1 2029 CLCI 23054.5
EBS_SKATE 1 2029 CUCI 26654.4
EBS_SKATE 1 2029 CMedian 24656.9
EBS_SKATE 1 2029 CMean 24752.9
EBS_SKATE 1 2029 CStdn 1133.68
EBS_SKATE 1 2030 Cabc 0
EBS_SKATE 1 2030 Cofl 0
EBS_SKATE 1 2030 CLCI 22805.9
EBS_SKATE 1 2030 CUCI 27252.6
EBS_SKATE 1 2030 CMedian 24735.2
EBS_SKATE 1 2030 CMean 24842.4
EBS_SKATE 1 2030 CStdn 1366.8
EBS_SKATE 1 2031 Cabc 0
EBS_SKATE 1 2031 Cofl 0
EBS_SKATE 1 2031 CLCI 22655.2
EBS_SKATE 1 2031 CUCI 27628
EBS_SKATE 1 2031 CMedian 24877.2
EBS_SKATE 1 2031 CMean 24978
EBS_SKATE 1 2031 CStdn 1557.87
EBS_SKATE 1 2032 Cabc 0
EBS_SKATE 1 2032 Cofl 0
EBS_SKATE 1 2032 CLCI 22608.7
EBS_SKATE 1 2032 CUCI 27988.8
EBS_SKATE 1 2032 CMedian 25046.5
EBS_SKATE 1 2032 CMean 25125
EBS_SKATE 1 2032 CStdn 1702.81
EBS_SKATE 1 2033 Cabc 0
EBS_SKATE 1 2033 Cofl 0
EBS_SKATE 1 2033 CLCI 22571.6
EBS_SKATE 1 2033 CUCI 28271
EBS_SKATE 1 2033 CMedian 25190.8
EBS_SKATE 1 2033 CMean 25266
EBS_SKATE 1 2033 CStdn 1804.45
EBS_SKATE 1 2034 Cabc 0
EBS_SKATE 1 2034 Cofl 0
EBS_SKATE 1 2034 CLCI 22570
EBS_SKATE 1 2034 CUCI 28628.5
EBS_SKATE 1 2034 CMedian 25345.9
EBS_SKATE 1 2034 CMean 25393.6
EBS_SKATE 1 2034 CStdn 1868.95
EBS_SKATE 1 2020 SSBF100 178425
EBS_SKATE 1 2020 SSBFabc 0
EBS_SKATE 1 2020 SSBFofl 0
EBS_SKATE 1 2020 SSBLCI 124451
EBS_SKATE 1 2020 SSBUCI 124451
EBS_SKATE 1 2020 SSBMedian 124451
EBS_SKATE 1 2020 SSBMean 124451
EBS_SKATE 1 2021 SSBF100 178425
EBS_SKATE 1 2021 SSBFabc 0
EBS_SKATE 1 2021 SSBFofl 0
EBS_SKATE 1 2021 SSBLCI 122201
EBS_SKATE 1 2021 SSBUCI 122201
EBS_SKATE 1 2021 SSBMedian 122201
EBS_SKATE 1 2021 SSBMean 122201
EBS_SKATE 1 2022 SSBF100 178425
EBS_SKATE 1 2022 SSBFabc 0
EBS_SKATE 1 2022 SSBFofl 0
EBS_SKATE 1 2022 SSBLCI 115309
EBS_SKATE 1 2022 SSBUCI 115309
EBS_SKATE 1 2022 SSBMedian 115309
EBS_SKATE 1 2022 SSBMean 115309
EBS_SKATE 1 2023 SSBF100 178425
EBS_SKATE 1 2023 SSBFabc 0
EBS_SKATE 1 2023 SSBFofl 0
EBS_SKATE 1 2023 SSBLCI 107459
EBS_SKATE 1 2023 SSBUCI 107459
EBS_SKATE 1 2023 SSBMedian 107459
EBS_SKATE 1 2023 SSBMean 107459
EBS_SKATE 1 2024 SSBF100 178425
EBS_SKATE 1 2024 SSBFabc 0
EBS_SKATE 1 2024 SSBFofl 0
EBS_SKATE 1 2024 SSBLCI 99236.9
EBS_SKATE 1 2024 SSBUCI 99236.9
EBS_SKATE 1 2024 SSBMedian 99236.9
EBS_SKATE 1 2024 SSBMean 99236.9
EBS_SKATE 1 2025 SSBF100 178425
EBS_SKATE 1 2025 SSBFabc 0
EBS_SKATE 1 2025 SSBFofl 0
EBS_SKATE 1 2025 SSBLCI 91377.4
EBS_SKATE 1 2025 SSBUCI 91377.4
EBS_SKATE 1 2025 SSBMedian 91377.4
EBS_SKATE 1 2025 SSBMean 91377.4
EBS_SKATE 1 2026 SSBF100 178425
EBS_SKATE 1 2026 SSBFabc 0
EBS_SKATE 1 2026 SSBFofl 0
EBS_SKATE 1 2026 SSBLCI 84499.2
EBS_SKATE 1 2026 SSBUCI 84499.2
EBS_SKATE 1 2026 SSBMedian 84499.2
EBS_SKATE 1 2026 SSBMean 84499.2
EBS_SKATE 1 2027 SSBF100 178425
EBS_SKATE 1 2027 SSBFabc 0
EBS_SKATE 1 2027 SSBFofl 0
EBS_SKATE 1 2027 SSBLCI 78896.8
EBS_SKATE 1 2027 SSBUCI 78949.8
EBS_SKATE 1 2027 SSBMedian 78916.6
EBS_SKATE 1 2027 SSBMean 78919.2
EBS_SKATE 1 2028 SSBF100 178425
EBS_SKATE 1 2028 SSBFabc 0
EBS_SKATE 1 2028 SSBFofl 0
EBS_SKATE 1 2028 SSBLCI 74507.1
EBS_SKATE 1 2028 SSBUCI 74833.5
EBS_SKATE 1 2028 SSBMedian 74635.6
EBS_SKATE 1 2028 SSBMean 74647.7
EBS_SKATE 1 2029 SSBF100 178425
EBS_SKATE 1 2029 SSBFabc 0
EBS_SKATE 1 2029 SSBFofl 0
EBS_SKATE 1 2029 SSBLCI 71052.3
EBS_SKATE 1 2029 SSBUCI 72203.8
EBS_SKATE 1 2029 SSBMedian 71530
EBS_SKATE 1 2029 SSBMean 71567.4
EBS_SKATE 1 2030 SSBF100 178425
EBS_SKATE 1 2030 SSBFabc 0
EBS_SKATE 1 2030 SSBFofl 0
EBS_SKATE 1 2030 SSBLCI 68298.9
EBS_SKATE 1 2030 SSBUCI 71041.8
EBS_SKATE 1 2030 SSBMedian 69439.5
EBS_SKATE 1 2030 SSBMean 69538.5
EBS_SKATE 1 2031 SSBF100 178425
EBS_SKATE 1 2031 SSBFabc 0
EBS_SKATE 1 2031 SSBFofl 0
EBS_SKATE 1 2031 SSBLCI 66115.5
EBS_SKATE 1 2031 SSBUCI 71036.7
EBS_SKATE 1 2031 SSBMedian 68248.7
EBS_SKATE 1 2031 SSBMean 68411.6
EBS_SKATE 1 2032 SSBF100 178425
EBS_SKATE 1 2032 SSBFabc 0
EBS_SKATE 1 2032 SSBFofl 0
EBS_SKATE 1 2032 SSBLCI 64550.2
EBS_SKATE 1 2032 SSBUCI 72069.4
EBS_SKATE 1 2032 SSBMedian 67746
EBS_SKATE 1 2032 SSBMean 67988.1
EBS_SKATE 1 2033 SSBF100 178425
EBS_SKATE 1 2033 SSBFabc 0
EBS_SKATE 1 2033 SSBFofl 0
EBS_SKATE 1 2033 SSBLCI 63311.5
EBS_SKATE 1 2033 SSBUCI 73302.6
EBS_SKATE 1 2033 SSBMedian 67763.9
EBS_SKATE 1 2033 SSBMean 68038.9
EBS_SKATE 1 2034 SSBF100 178425
EBS_SKATE 1 2034 SSBFabc 0
EBS_SKATE 1 2034 SSBFofl 0
EBS_SKATE 1 2034 SSBLCI 62672.6
EBS_SKATE 1 2034 SSBUCI 75131.2
EBS_SKATE 1 2034 SSBMedian 68061.2
EBS_SKATE 1 2034 SSBMean 68356.6
EBS_SKATE 1 2020 F0 0 
EBS_SKATE 1 2020 Fabc 0.079212
EBS_SKATE 1 2020 Fofl 0.0925522
EBS_SKATE 1 2020  F_LCI 0.033203
EBS_SKATE 1 2020  F_UCI 0.033203
EBS_SKATE 1 2020  F_Median 0.033203
EBS_SKATE 1 2020  F_Mean 0.033203
EBS_SKATE 1 2021 F0 0 
EBS_SKATE 1 2021 Fabc 0.079212
EBS_SKATE 1 2021 Fofl 0.0925522
EBS_SKATE 1 2021  F_LCI 0.079212
EBS_SKATE 1 2021  F_UCI 0.079212
EBS_SKATE 1 2021  F_Median 0.079212
EBS_SKATE 1 2021  F_Mean 0.079212
EBS_SKATE 1 2022 F0 0 
EBS_SKATE 1 2022 Fabc 0.079212
EBS_SKATE 1 2022 Fofl 0.0925522
EBS_SKATE 1 2022  F_LCI 0.079212
EBS_SKATE 1 2022  F_UCI 0.079212
EBS_SKATE 1 2022  F_Median 0.079212
EBS_SKATE 1 2022  F_Mean 0.079212
EBS_SKATE 1 2023 F0 0 
EBS_SKATE 1 2023 Fabc 0.079212
EBS_SKATE 1 2023 Fofl 0.0925522
EBS_SKATE 1 2023  F_LCI 0.079212
EBS_SKATE 1 2023  F_UCI 0.079212
EBS_SKATE 1 2023  F_Median 0.079212
EBS_SKATE 1 2023  F_Mean 0.079212
EBS_SKATE 1 2024 F0 0 
EBS_SKATE 1 2024 Fabc 0.079212
EBS_SKATE 1 2024 Fofl 0.0925522
EBS_SKATE 1 2024  F_LCI 0.079212
EBS_SKATE 1 2024  F_UCI 0.079212
EBS_SKATE 1 2024  F_Median 0.079212
EBS_SKATE 1 2024  F_Mean 0.079212
EBS_SKATE 1 2025 F0 0 
EBS_SKATE 1 2025 Fabc 0.079212
EBS_SKATE 1 2025 Fofl 0.0925522
EBS_SKATE 1 2025  F_LCI 0.079212
EBS_SKATE 1 2025  F_UCI 0.079212
EBS_SKATE 1 2025  F_Median 0.079212
EBS_SKATE 1 2025  F_Mean 0.079212
EBS_SKATE 1 2026 F0 0 
EBS_SKATE 1 2026 Fabc 0.079212
EBS_SKATE 1 2026 Fofl 0.0925522
EBS_SKATE 1 2026  F_LCI 0.079212
EBS_SKATE 1 2026  F_UCI 0.079212
EBS_SKATE 1 2026  F_Median 0.079212
EBS_SKATE 1 2026  F_Mean 0.079212
EBS_SKATE 1 2027 F0 0 
EBS_SKATE 1 2027 Fabc 0.079212
EBS_SKATE 1 2027 Fofl 0.0925522
EBS_SKATE 1 2027  F_LCI 0.079212
EBS_SKATE 1 2027  F_UCI 0.079212
EBS_SKATE 1 2027  F_Median 0.079212
EBS_SKATE 1 2027  F_Mean 0.079212
EBS_SKATE 1 2028 F0 0 
EBS_SKATE 1 2028 Fabc 0.079212
EBS_SKATE 1 2028 Fofl 0.0925522
EBS_SKATE 1 2028  F_LCI 0.079212
EBS_SKATE 1 2028  F_UCI 0.079212
EBS_SKATE 1 2028  F_Median 0.079212
EBS_SKATE 1 2028  F_Mean 0.079212
EBS_SKATE 1 2029 F0 0 
EBS_SKATE 1 2029 Fabc 0.079212
EBS_SKATE 1 2029 Fofl 0.0925522
EBS_SKATE 1 2029  F_LCI 0.079212
EBS_SKATE 1 2029  F_UCI 0.079212
EBS_SKATE 1 2029  F_Median 0.079212
EBS_SKATE 1 2029  F_Mean 0.079212
EBS_SKATE 1 2030 F0 0 
EBS_SKATE 1 2030 Fabc 0.079212
EBS_SKATE 1 2030 Fofl 0.0925522
EBS_SKATE 1 2030  F_LCI 0.079212
EBS_SKATE 1 2030  F_UCI 0.079212
EBS_SKATE 1 2030  F_Median 0.079212
EBS_SKATE 1 2030  F_Mean 0.079212
EBS_SKATE 1 2031 F0 0 
EBS_SKATE 1 2031 Fabc 0.079212
EBS_SKATE 1 2031 Fofl 0.0925522
EBS_SKATE 1 2031  F_LCI 0.079212
EBS_SKATE 1 2031  F_UCI 0.079212
EBS_SKATE 1 2031  F_Median 0.079212
EBS_SKATE 1 2031  F_Mean 0.079212
EBS_SKATE 1 2032 F0 0 
EBS_SKATE 1 2032 Fabc 0.079212
EBS_SKATE 1 2032 Fofl 0.0925522
EBS_SKATE 1 2032  F_LCI 0.079212
EBS_SKATE 1 2032  F_UCI 0.079212
EBS_SKATE 1 2032  F_Median 0.079212
EBS_SKATE 1 2032  F_Mean 0.079212
EBS_SKATE 1 2033 F0 0 
EBS_SKATE 1 2033 Fabc 0.079212
EBS_SKATE 1 2033 Fofl 0.0925522
EBS_SKATE 1 2033  F_LCI 0.079212
EBS_SKATE 1 2033  F_UCI 0.079212
EBS_SKATE 1 2033  F_Median 0.079212
EBS_SKATE 1 2033  F_Mean 0.079212
EBS_SKATE 1 2034 F0 0 
EBS_SKATE 1 2034 Fabc 0.079212
EBS_SKATE 1 2034 Fofl 0.0925522
EBS_SKATE 1 2034  F_LCI 0.079212
EBS_SKATE 1 2034  F_UCI 0.079212
EBS_SKATE 1 2034  F_Median 0.079212
EBS_SKATE 1 2034  F_Mean 0.079212
EBS_SKATE 2 2020 Cabc 0
EBS_SKATE 2 2020 Cofl 0
EBS_SKATE 2 2020 CLCI 14779
EBS_SKATE 2 2020 CUCI 14779
EBS_SKATE 2 2020 CMedian 14779
EBS_SKATE 2 2020 CMean 14779
EBS_SKATE 2 2020 CStdn 3.31056e-10
EBS_SKATE 2 2021 Cabc 0
EBS_SKATE 2 2021 Cofl 0
EBS_SKATE 2 2021 CLCI 16317.8
EBS_SKATE 2 2021 CUCI 16317.8
EBS_SKATE 2 2021 CMedian 16317.8
EBS_SKATE 2 2021 CMean 16317.8
EBS_SKATE 2 2021 CStdn 3.76531e-10
EBS_SKATE 2 2022 Cabc 0
EBS_SKATE 2 2022 Cofl 0
EBS_SKATE 2 2022 CLCI 21380.8
EBS_SKATE 2 2022 CUCI 21380.8
EBS_SKATE 2 2022 CMedian 21380.8
EBS_SKATE 2 2022 CMean 21380.8
EBS_SKATE 2 2022 CStdn 1.11276e-05
EBS_SKATE 2 2023 Cabc 0
EBS_SKATE 2 2023 Cofl 0
EBS_SKATE 2 2023 CLCI 30547.7
EBS_SKATE 2 2023 CUCI 30592
EBS_SKATE 2 2023 CMedian 30565.4
EBS_SKATE 2 2023 CMean 30566.9
EBS_SKATE 2 2023 CStdn 14.0427
EBS_SKATE 2 2024 Cabc 0
EBS_SKATE 2 2024 Cofl 0
EBS_SKATE 2 2024 CLCI 28726
EBS_SKATE 2 2024 CUCI 28889.4
EBS_SKATE 2 2024 CMedian 28792.9
EBS_SKATE 2 2024 CMean 28798.7
EBS_SKATE 2 2024 CStdn 52.1782
EBS_SKATE 2 2025 Cabc 0
EBS_SKATE 2 2025 Cofl 0
EBS_SKATE 2 2025 CLCI 27241.9
EBS_SKATE 2 2025 CUCI 27714.1
EBS_SKATE 2 2025 CMedian 27438.9
EBS_SKATE 2 2025 CMean 27456.2
EBS_SKATE 2 2025 CStdn 150.358
EBS_SKATE 2 2026 Cabc 0
EBS_SKATE 2 2026 Cofl 0
EBS_SKATE 2 2026 CLCI 26035.9
EBS_SKATE 2 2026 CUCI 27073.5
EBS_SKATE 2 2026 CMedian 26465.9
EBS_SKATE 2 2026 CMean 26502.7
EBS_SKATE 2 2026 CStdn 332.849
EBS_SKATE 2 2027 Cabc 0
EBS_SKATE 2 2027 Cofl 0
EBS_SKATE 2 2027 CLCI 25050.3
EBS_SKATE 2 2027 CUCI 26864.2
EBS_SKATE 2 2027 CMedian 25830.2
EBS_SKATE 2 2027 CMean 25890.5
EBS_SKATE 2 2027 CStdn 586.394
EBS_SKATE 2 2028 Cabc 0
EBS_SKATE 2 2028 Cofl 0
EBS_SKATE 2 2028 CLCI 24298.8
EBS_SKATE 2 2028 CUCI 27012.9
EBS_SKATE 2 2028 CMedian 25465.5
EBS_SKATE 2 2028 CMean 25551.5
EBS_SKATE 2 2028 CStdn 867.131
EBS_SKATE 2 2029 Cabc 0
EBS_SKATE 2 2029 Cofl 0
EBS_SKATE 2 2029 CLCI 23707.4
EBS_SKATE 2 2029 CUCI 27307.5
EBS_SKATE 2 2029 CMedian 25310.4
EBS_SKATE 2 2029 CMean 25406.2
EBS_SKATE 2 2029 CStdn 1134.04
EBS_SKATE 2 2030 Cabc 0
EBS_SKATE 2 2030 Cofl 0
EBS_SKATE 2 2030 CLCI 23344.5
EBS_SKATE 2 2030 CUCI 27791.6
EBS_SKATE 2 2030 CMedian 25273.6
EBS_SKATE 2 2030 CMean 25381.1
EBS_SKATE 2 2030 CStdn 1367.1
EBS_SKATE 2 2031 Cabc 0
EBS_SKATE 2 2031 Cofl 0
EBS_SKATE 2 2031 CLCI 23097.2
EBS_SKATE 2 2031 CUCI 28069.8
EBS_SKATE 2 2031 CMedian 25318.8
EBS_SKATE 2 2031 CMean 25420.3
EBS_SKATE 2 2031 CStdn 1558.1
EBS_SKATE 2 2032 Cabc 0
EBS_SKATE 2 2032 Cofl 0
EBS_SKATE 2 2032 CLCI 22970.6
EBS_SKATE 2 2032 CUCI 28350.7
EBS_SKATE 2 2032 CMedian 25409.2
EBS_SKATE 2 2032 CMean 25487.1
EBS_SKATE 2 2032 CStdn 1702.99
EBS_SKATE 2 2033 Cabc 0
EBS_SKATE 2 2033 Cofl 0
EBS_SKATE 2 2033 CLCI 22867.1
EBS_SKATE 2 2033 CUCI 28567.4
EBS_SKATE 2 2033 CMedian 25486.5
EBS_SKATE 2 2033 CMean 25561.9
EBS_SKATE 2 2033 CStdn 1804.58
EBS_SKATE 2 2034 Cabc 0
EBS_SKATE 2 2034 Cofl 0
EBS_SKATE 2 2034 CLCI 22811.4
EBS_SKATE 2 2034 CUCI 28869.8
EBS_SKATE 2 2034 CMedian 25587
EBS_SKATE 2 2034 CMean 25635
EBS_SKATE 2 2034 CStdn 1869.05
EBS_SKATE 2 2020 SSBF100 178425
EBS_SKATE 2 2020 SSBFabc 0
EBS_SKATE 2 2020 SSBFofl 0
EBS_SKATE 2 2020 SSBLCI 124451
EBS_SKATE 2 2020 SSBUCI 124451
EBS_SKATE 2 2020 SSBMedian 124451
EBS_SKATE 2 2020 SSBMean 124451
EBS_SKATE 2 2021 SSBF100 178425
EBS_SKATE 2 2021 SSBFabc 0
EBS_SKATE 2 2021 SSBFofl 0
EBS_SKATE 2 2021 SSBLCI 124260
EBS_SKATE 2 2021 SSBUCI 124260
EBS_SKATE 2 2021 SSBMedian 124260
EBS_SKATE 2 2021 SSBMean 124260
EBS_SKATE 2 2022 SSBF100 178425
EBS_SKATE 2 2022 SSBFabc 0
EBS_SKATE 2 2022 SSBFofl 0
EBS_SKATE 2 2022 SSBLCI 121343
EBS_SKATE 2 2022 SSBUCI 121344
EBS_SKATE 2 2022 SSBMedian 121343
EBS_SKATE 2 2022 SSBMean 121343
EBS_SKATE 2 2023 SSBF100 178425
EBS_SKATE 2 2023 SSBFabc 0
EBS_SKATE 2 2023 SSBFofl 0
EBS_SKATE 2 2023 SSBLCI 114803
EBS_SKATE 2 2023 SSBUCI 114805
EBS_SKATE 2 2023 SSBMedian 114804
EBS_SKATE 2 2023 SSBMean 114804
EBS_SKATE 2 2024 SSBF100 178425
EBS_SKATE 2 2024 SSBFabc 0
EBS_SKATE 2 2024 SSBFofl 0
EBS_SKATE 2 2024 SSBLCI 105959
EBS_SKATE 2 2024 SSBUCI 105960
EBS_SKATE 2 2024 SSBMedian 105959
EBS_SKATE 2 2024 SSBMean 105959
EBS_SKATE 2 2025 SSBF100 178425
EBS_SKATE 2 2025 SSBFabc 0
EBS_SKATE 2 2025 SSBFofl 0
EBS_SKATE 2 2025 SSBLCI 97447.8
EBS_SKATE 2 2025 SSBUCI 97449.3
EBS_SKATE 2 2025 SSBMedian 97448.4
EBS_SKATE 2 2025 SSBMean 97448.4
EBS_SKATE 2 2026 SSBF100 178425
EBS_SKATE 2 2026 SSBFabc 0
EBS_SKATE 2 2026 SSBFofl 0
EBS_SKATE 2 2026 SSBLCI 89916.8
EBS_SKATE 2 2026 SSBUCI 89918.1
EBS_SKATE 2 2026 SSBMedian 89917.3
EBS_SKATE 2 2026 SSBMean 89917.4
EBS_SKATE 2 2027 SSBF100 178425
EBS_SKATE 2 2027 SSBFabc 0
EBS_SKATE 2 2027 SSBFofl 0
EBS_SKATE 2 2027 SSBLCI 83677.5
EBS_SKATE 2 2027 SSBUCI 83731.7
EBS_SKATE 2 2027 SSBMedian 83697.8
EBS_SKATE 2 2027 SSBMean 83700.4
EBS_SKATE 2 2028 SSBF100 178425
EBS_SKATE 2 2028 SSBFabc 0
EBS_SKATE 2 2028 SSBFofl 0
EBS_SKATE 2 2028 SSBLCI 78676.3
EBS_SKATE 2 2028 SSBUCI 79003.8
EBS_SKATE 2 2028 SSBMedian 78805.3
EBS_SKATE 2 2028 SSBMean 78817.3
EBS_SKATE 2 2029 SSBF100 178425
EBS_SKATE 2 2029 SSBFabc 0
EBS_SKATE 2 2029 SSBFofl 0
EBS_SKATE 2 2029 SSBLCI 74643.3
EBS_SKATE 2 2029 SSBUCI 75796.3
EBS_SKATE 2 2029 SSBMedian 75121.5
EBS_SKATE 2 2029 SSBMean 75159
EBS_SKATE 2 2030 SSBF100 178425
EBS_SKATE 2 2030 SSBFabc 0
EBS_SKATE 2 2030 SSBFofl 0
EBS_SKATE 2 2030 SSBLCI 71353.3
EBS_SKATE 2 2030 SSBUCI 74099.4
EBS_SKATE 2 2030 SSBMedian 72495.3
EBS_SKATE 2 2030 SSBMean 72594.2
EBS_SKATE 2 2031 SSBF100 178425
EBS_SKATE 2 2031 SSBFabc 0
EBS_SKATE 2 2031 SSBFofl 0
EBS_SKATE 2 2031 SSBLCI 68685.1
EBS_SKATE 2 2031 SSBUCI 73607.9
EBS_SKATE 2 2031 SSBMedian 70818.8
EBS_SKATE 2 2031 SSBMean 70982.4
EBS_SKATE 2 2032 SSBF100 178425
EBS_SKATE 2 2032 SSBFabc 0
EBS_SKATE 2 2032 SSBFofl 0
EBS_SKATE 2 2032 SSBLCI 66691.8
EBS_SKATE 2 2032 SSBUCI 74213
EBS_SKATE 2 2032 SSBMedian 69888.6
EBS_SKATE 2 2032 SSBMean 70130.5
EBS_SKATE 2 2033 SSBF100 178425
EBS_SKATE 2 2033 SSBFabc 0
EBS_SKATE 2 2033 SSBFofl 0
EBS_SKATE 2 2033 SSBLCI 65082.6
EBS_SKATE 2 2033 SSBUCI 75074.4
EBS_SKATE 2 2033 SSBMedian 69535.6
EBS_SKATE 2 2033 SSBMean 69811.2
EBS_SKATE 2 2034 SSBF100 178425
EBS_SKATE 2 2034 SSBFabc 0
EBS_SKATE 2 2034 SSBFofl 0
EBS_SKATE 2 2034 SSBLCI 64130.3
EBS_SKATE 2 2034 SSBUCI 76587.4
EBS_SKATE 2 2034 SSBMedian 69519.9
EBS_SKATE 2 2034 SSBMean 69814.8
EBS_SKATE 2 2020 F0 0 
EBS_SKATE 2 2020 Fabc 0.079212
EBS_SKATE 2 2020 Fofl 0.0925522
EBS_SKATE 2 2020  F_LCI 0.033203
EBS_SKATE 2 2020  F_UCI 0.033203
EBS_SKATE 2 2020  F_Median 0.033203
EBS_SKATE 2 2020  F_Mean 0.033203
EBS_SKATE 2 2021 F0 0 
EBS_SKATE 2 2021 Fabc 0.079212
EBS_SKATE 2 2021 Fofl 0.0925522
EBS_SKATE 2 2021  F_LCI 0.0381346
EBS_SKATE 2 2021  F_UCI 0.0381346
EBS_SKATE 2 2021  F_Median 0.0381346
EBS_SKATE 2 2021  F_Mean 0.0381346
EBS_SKATE 2 2022 F0 0 
EBS_SKATE 2 2022 Fabc 0.079212
EBS_SKATE 2 2022 Fofl 0.0925522
EBS_SKATE 2 2022  F_LCI 0.0523043
EBS_SKATE 2 2022  F_UCI 0.0523197
EBS_SKATE 2 2022  F_Median 0.0523139
EBS_SKATE 2 2022  F_Mean 0.0523132
EBS_SKATE 2 2023 F0 0 
EBS_SKATE 2 2023 Fabc 0.079212
EBS_SKATE 2 2023 Fofl 0.0925522
EBS_SKATE 2 2023  F_LCI 0.079212
EBS_SKATE 2 2023  F_UCI 0.079212
EBS_SKATE 2 2023  F_Median 0.079212
EBS_SKATE 2 2023  F_Mean 0.079212
EBS_SKATE 2 2024 F0 0 
EBS_SKATE 2 2024 Fabc 0.079212
EBS_SKATE 2 2024 Fofl 0.0925522
EBS_SKATE 2 2024  F_LCI 0.079212
EBS_SKATE 2 2024  F_UCI 0.079212
EBS_SKATE 2 2024  F_Median 0.079212
EBS_SKATE 2 2024  F_Mean 0.079212
EBS_SKATE 2 2025 F0 0 
EBS_SKATE 2 2025 Fabc 0.079212
EBS_SKATE 2 2025 Fofl 0.0925522
EBS_SKATE 2 2025  F_LCI 0.079212
EBS_SKATE 2 2025  F_UCI 0.079212
EBS_SKATE 2 2025  F_Median 0.079212
EBS_SKATE 2 2025  F_Mean 0.079212
EBS_SKATE 2 2026 F0 0 
EBS_SKATE 2 2026 Fabc 0.079212
EBS_SKATE 2 2026 Fofl 0.0925522
EBS_SKATE 2 2026  F_LCI 0.079212
EBS_SKATE 2 2026  F_UCI 0.079212
EBS_SKATE 2 2026  F_Median 0.079212
EBS_SKATE 2 2026  F_Mean 0.079212
EBS_SKATE 2 2027 F0 0 
EBS_SKATE 2 2027 Fabc 0.079212
EBS_SKATE 2 2027 Fofl 0.0925522
EBS_SKATE 2 2027  F_LCI 0.079212
EBS_SKATE 2 2027  F_UCI 0.079212
EBS_SKATE 2 2027  F_Median 0.079212
EBS_SKATE 2 2027  F_Mean 0.079212
EBS_SKATE 2 2028 F0 0 
EBS_SKATE 2 2028 Fabc 0.079212
EBS_SKATE 2 2028 Fofl 0.0925522
EBS_SKATE 2 2028  F_LCI 0.079212
EBS_SKATE 2 2028  F_UCI 0.079212
EBS_SKATE 2 2028  F_Median 0.079212
EBS_SKATE 2 2028  F_Mean 0.079212
EBS_SKATE 2 2029 F0 0 
EBS_SKATE 2 2029 Fabc 0.079212
EBS_SKATE 2 2029 Fofl 0.0925522
EBS_SKATE 2 2029  F_LCI 0.079212
EBS_SKATE 2 2029  F_UCI 0.079212
EBS_SKATE 2 2029  F_Median 0.079212
EBS_SKATE 2 2029  F_Mean 0.079212
EBS_SKATE 2 2030 F0 0 
EBS_SKATE 2 2030 Fabc 0.079212
EBS_SKATE 2 2030 Fofl 0.0925522
EBS_SKATE 2 2030  F_LCI 0.079212
EBS_SKATE 2 2030  F_UCI 0.079212
EBS_SKATE 2 2030  F_Median 0.079212
EBS_SKATE 2 2030  F_Mean 0.079212
EBS_SKATE 2 2031 F0 0 
EBS_SKATE 2 2031 Fabc 0.079212
EBS_SKATE 2 2031 Fofl 0.0925522
EBS_SKATE 2 2031  F_LCI 0.079212
EBS_SKATE 2 2031  F_UCI 0.079212
EBS_SKATE 2 2031  F_Median 0.079212
EBS_SKATE 2 2031  F_Mean 0.079212
EBS_SKATE 2 2032 F0 0 
EBS_SKATE 2 2032 Fabc 0.079212
EBS_SKATE 2 2032 Fofl 0.0925522
EBS_SKATE 2 2032  F_LCI 0.079212
EBS_SKATE 2 2032  F_UCI 0.079212
EBS_SKATE 2 2032  F_Median 0.079212
EBS_SKATE 2 2032  F_Mean 0.079212
EBS_SKATE 2 2033 F0 0 
EBS_SKATE 2 2033 Fabc 0.079212
EBS_SKATE 2 2033 Fofl 0.0925522
EBS_SKATE 2 2033  F_LCI 0.079212
EBS_SKATE 2 2033  F_UCI 0.079212
EBS_SKATE 2 2033  F_Median 0.079212
EBS_SKATE 2 2033  F_Mean 0.079212
EBS_SKATE 2 2034 F0 0 
EBS_SKATE 2 2034 Fabc 0.079212
EBS_SKATE 2 2034 Fofl 0.0925522
EBS_SKATE 2 2034  F_LCI 0.079212
EBS_SKATE 2 2034  F_UCI 0.079212
EBS_SKATE 2 2034  F_Median 0.079212
EBS_SKATE 2 2034  F_Mean 0.079212
EBS_SKATE 3 2020 Cabc 0
EBS_SKATE 3 2020 Cofl 0
EBS_SKATE 3 2020 CLCI 14779
EBS_SKATE 3 2020 CUCI 14779
EBS_SKATE 3 2020 CMedian 14779
EBS_SKATE 3 2020 CMean 14779
EBS_SKATE 3 2020 CStdn 3.31056e-10
EBS_SKATE 3 2021 Cabc 0
EBS_SKATE 3 2021 Cofl 0
EBS_SKATE 3 2021 CLCI 174835
EBS_SKATE 3 2021 CUCI 174835
EBS_SKATE 3 2021 CMedian 174835
EBS_SKATE 3 2021 CMean 174835
EBS_SKATE 3 2021 CStdn 1.30967e-09
EBS_SKATE 3 2022 Cabc 0
EBS_SKATE 3 2022 Cofl 0
EBS_SKATE 3 2022 CLCI 111826
EBS_SKATE 3 2022 CUCI 111884
EBS_SKATE 3 2022 CMedian 111848
EBS_SKATE 3 2022 CMean 111850
EBS_SKATE 3 2022 CStdn 18.1839
EBS_SKATE 3 2023 Cabc 0
EBS_SKATE 3 2023 Cofl 0
EBS_SKATE 3 2023 CLCI 75372.6
EBS_SKATE 3 2023 CUCI 75643.4
EBS_SKATE 3 2023 CMedian 75480.8
EBS_SKATE 3 2023 CMean 75490
EBS_SKATE 3 2023 CStdn 85.7603
EBS_SKATE 3 2024 Cabc 0
EBS_SKATE 3 2024 Cofl 0
EBS_SKATE 3 2024 CLCI 54493.1
EBS_SKATE 3 2024 CUCI 55460.7
EBS_SKATE 3 2024 CMedian 54892.6
EBS_SKATE 3 2024 CMean 54925.8
EBS_SKATE 3 2024 CStdn 308.227
EBS_SKATE 3 2025 Cabc 0
EBS_SKATE 3 2025 Cofl 0
EBS_SKATE 3 2025 CLCI 42493.6
EBS_SKATE 3 2025 CUCI 45071.2
EBS_SKATE 3 2025 CMedian 43561
EBS_SKATE 3 2025 CMean 43655
EBS_SKATE 3 2025 CStdn 821.929
EBS_SKATE 3 2026 Cabc 0
EBS_SKATE 3 2026 Cofl 0
EBS_SKATE 3 2026 CLCI 35619.2
EBS_SKATE 3 2026 CUCI 40553
EBS_SKATE 3 2026 CMedian 37705.5
EBS_SKATE 3 2026 CMean 37883
EBS_SKATE 3 2026 CStdn 1601.62
EBS_SKATE 3 2027 Cabc 0
EBS_SKATE 3 2027 Cofl 0
EBS_SKATE 3 2027 CLCI 31792.5
EBS_SKATE 3 2027 CUCI 39283.2
EBS_SKATE 3 2027 CMedian 35018.6
EBS_SKATE 3 2027 CMean 35259.1
EBS_SKATE 3 2027 CStdn 2387.63
EBS_SKATE 3 2028 Cabc 0
EBS_SKATE 3 2028 Cofl 0
EBS_SKATE 3 2028 CLCI 29854.9
EBS_SKATE 3 2028 CUCI 39359.3
EBS_SKATE 3 2028 CMedian 34012.2
EBS_SKATE 3 2028 CMean 34266.9
EBS_SKATE 3 2028 CStdn 2961.31
EBS_SKATE 3 2029 Cabc 0
EBS_SKATE 3 2029 Cofl 0
EBS_SKATE 3 2029 CLCI 28969.1
EBS_SKATE 3 2029 CUCI 40025
EBS_SKATE 3 2029 CMedian 33782
EBS_SKATE 3 2029 CMean 33999.6
EBS_SKATE 3 2029 CStdn 3328.74
EBS_SKATE 3 2030 Cabc 0
EBS_SKATE 3 2030 Cofl 0
EBS_SKATE 3 2030 CLCI 28662.4
EBS_SKATE 3 2030 CUCI 39906
EBS_SKATE 3 2030 CMedian 33777.2
EBS_SKATE 3 2030 CMean 33986.8
EBS_SKATE 3 2030 CStdn 3556.7
EBS_SKATE 3 2031 Cabc 0
EBS_SKATE 3 2031 Cofl 0
EBS_SKATE 3 2031 CLCI 28468.3
EBS_SKATE 3 2031 CUCI 40021.2
EBS_SKATE 3 2031 CMedian 33815.8
EBS_SKATE 3 2031 CMean 34024.8
EBS_SKATE 3 2031 CStdn 3656.01
EBS_SKATE 3 2032 Cabc 0
EBS_SKATE 3 2032 Cofl 0
EBS_SKATE 3 2032 CLCI 28492.5
EBS_SKATE 3 2032 CUCI 40370.3
EBS_SKATE 3 2032 CMedian 33854.5
EBS_SKATE 3 2032 CMean 34054.5
EBS_SKATE 3 2032 CStdn 3666.35
EBS_SKATE 3 2033 Cabc 0
EBS_SKATE 3 2033 Cofl 0
EBS_SKATE 3 2033 CLCI 28416
EBS_SKATE 3 2033 CUCI 40427.3
EBS_SKATE 3 2033 CMedian 33801.7
EBS_SKATE 3 2033 CMean 34075.8
EBS_SKATE 3 2033 CStdn 3644.9
EBS_SKATE 3 2034 Cabc 0
EBS_SKATE 3 2034 Cofl 0
EBS_SKATE 3 2034 CLCI 28575.9
EBS_SKATE 3 2034 CUCI 40285.2
EBS_SKATE 3 2034 CMedian 33839.4
EBS_SKATE 3 2034 CMean 34095
EBS_SKATE 3 2034 CStdn 3612.92
EBS_SKATE 3 2020 SSBF100 178425
EBS_SKATE 3 2020 SSBFabc 0
EBS_SKATE 3 2020 SSBFofl 0
EBS_SKATE 3 2020 SSBLCI 124451
EBS_SKATE 3 2020 SSBUCI 124451
EBS_SKATE 3 2020 SSBMedian 124451
EBS_SKATE 3 2020 SSBMean 124451
EBS_SKATE 3 2021 SSBF100 178425
EBS_SKATE 3 2021 SSBFabc 0
EBS_SKATE 3 2021 SSBFofl 0
EBS_SKATE 3 2021 SSBLCI 102973
EBS_SKATE 3 2021 SSBUCI 102973
EBS_SKATE 3 2021 SSBMedian 102973
EBS_SKATE 3 2021 SSBMean 102973
EBS_SKATE 3 2022 SSBF100 178425
EBS_SKATE 3 2022 SSBFabc 0
EBS_SKATE 3 2022 SSBFofl 0
EBS_SKATE 3 2022 SSBLCI 64464
EBS_SKATE 3 2022 SSBUCI 64464
EBS_SKATE 3 2022 SSBMedian 64464
EBS_SKATE 3 2022 SSBMean 64464
EBS_SKATE 3 2023 SSBF100 178425
EBS_SKATE 3 2023 SSBFabc 0
EBS_SKATE 3 2023 SSBFofl 0
EBS_SKATE 3 2023 SSBLCI 39954.2
EBS_SKATE 3 2023 SSBUCI 39954.2
EBS_SKATE 3 2023 SSBMedian 39954.2
EBS_SKATE 3 2023 SSBMean 39954.2
EBS_SKATE 3 2024 SSBF100 178425
EBS_SKATE 3 2024 SSBFabc 0
EBS_SKATE 3 2024 SSBFofl 0
EBS_SKATE 3 2024 SSBLCI 24708.5
EBS_SKATE 3 2024 SSBUCI 24708.5
EBS_SKATE 3 2024 SSBMedian 24708.5
EBS_SKATE 3 2024 SSBMean 24708.5
EBS_SKATE 3 2025 SSBF100 178425
EBS_SKATE 3 2025 SSBFabc 0
EBS_SKATE 3 2025 SSBFofl 0
EBS_SKATE 3 2025 SSBLCI 15481
EBS_SKATE 3 2025 SSBUCI 15481
EBS_SKATE 3 2025 SSBMedian 15481
EBS_SKATE 3 2025 SSBMean 15481
EBS_SKATE 3 2026 SSBF100 178425
EBS_SKATE 3 2026 SSBFabc 0
EBS_SKATE 3 2026 SSBFofl 0
EBS_SKATE 3 2026 SSBLCI 10042
EBS_SKATE 3 2026 SSBUCI 10042
EBS_SKATE 3 2026 SSBMedian 10042
EBS_SKATE 3 2026 SSBMean 10042
EBS_SKATE 3 2027 SSBF100 178425
EBS_SKATE 3 2027 SSBFabc 0
EBS_SKATE 3 2027 SSBFofl 0
EBS_SKATE 3 2027 SSBLCI 6896.41
EBS_SKATE 3 2027 SSBUCI 6927.65
EBS_SKATE 3 2027 SSBMedian 6908.12
EBS_SKATE 3 2027 SSBMean 6909.61
EBS_SKATE 3 2028 SSBF100 178425
EBS_SKATE 3 2028 SSBFabc 0
EBS_SKATE 3 2028 SSBFofl 0
EBS_SKATE 3 2028 SSBLCI 5088.11
EBS_SKATE 3 2028 SSBUCI 5230.26
EBS_SKATE 3 2028 SSBMedian 5145.02
EBS_SKATE 3 2028 SSBMean 5149.8
EBS_SKATE 3 2029 SSBF100 178425
EBS_SKATE 3 2029 SSBFabc 0
EBS_SKATE 3 2029 SSBFofl 0
EBS_SKATE 3 2029 SSBLCI 4040.09
EBS_SKATE 3 2029 SSBUCI 4400.53
EBS_SKATE 3 2029 SSBMedian 4190.11
EBS_SKATE 3 2029 SSBMean 4203.71
EBS_SKATE 3 2030 SSBF100 178425
EBS_SKATE 3 2030 SSBFabc 0
EBS_SKATE 3 2030 SSBFofl 0
EBS_SKATE 3 2030 SSBLCI 3446.52
EBS_SKATE 3 2030 SSBUCI 4062.73
EBS_SKATE 3 2030 SSBMedian 3712.26
EBS_SKATE 3 2030 SSBMean 3732.69
EBS_SKATE 3 2031 SSBF100 178425
EBS_SKATE 3 2031 SSBFabc 0
EBS_SKATE 3 2031 SSBFofl 0
EBS_SKATE 3 2031 SSBLCI 3140.45
EBS_SKATE 3 2031 SSBUCI 3983.67
EBS_SKATE 3 2031 SSBMedian 3498.81
EBS_SKATE 3 2031 SSBMean 3525.07
EBS_SKATE 3 2032 SSBF100 178425
EBS_SKATE 3 2032 SSBFabc 0
EBS_SKATE 3 2032 SSBFofl 0
EBS_SKATE 3 2032 SSBLCI 2989.98
EBS_SKATE 3 2032 SSBUCI 4007.21
EBS_SKATE 3 2032 SSBMedian 3423.49
EBS_SKATE 3 2032 SSBMean 3449.61
EBS_SKATE 3 2033 SSBF100 178425
EBS_SKATE 3 2033 SSBFabc 0
EBS_SKATE 3 2033 SSBFofl 0
EBS_SKATE 3 2033 SSBLCI 2914.9
EBS_SKATE 3 2033 SSBUCI 4018.16
EBS_SKATE 3 2033 SSBMedian 3399.93
EBS_SKATE 3 2033 SSBMean 3430.74
EBS_SKATE 3 2034 SSBF100 178425
EBS_SKATE 3 2034 SSBFabc 0
EBS_SKATE 3 2034 SSBFofl 0
EBS_SKATE 3 2034 SSBLCI 2887.6
EBS_SKATE 3 2034 SSBUCI 4045.55
EBS_SKATE 3 2034 SSBMedian 3402.74
EBS_SKATE 3 2034 SSBMean 3430.47
EBS_SKATE 3 2020 F0 0 
EBS_SKATE 3 2020 Fabc 0.079212
EBS_SKATE 3 2020 Fofl 0.0925522
EBS_SKATE 3 2020  F_LCI 0.033203
EBS_SKATE 3 2020  F_UCI 0.033203
EBS_SKATE 3 2020  F_Median 0.033203
EBS_SKATE 3 2020  F_Mean 0.033203
EBS_SKATE 3 2021 F0 0 
EBS_SKATE 3 2021 Fabc 0.079212
EBS_SKATE 3 2021 Fofl 0.0925522
EBS_SKATE 3 2021  F_LCI 0.5
EBS_SKATE 3 2021  F_UCI 0.5
EBS_SKATE 3 2021  F_Median 0.5
EBS_SKATE 3 2021  F_Mean 0.5
EBS_SKATE 3 2022 F0 0 
EBS_SKATE 3 2022 Fabc 0.079212
EBS_SKATE 3 2022 Fofl 0.0925522
EBS_SKATE 3 2022  F_LCI 0.5
EBS_SKATE 3 2022  F_UCI 0.5
EBS_SKATE 3 2022  F_Median 0.5
EBS_SKATE 3 2022  F_Mean 0.5
EBS_SKATE 3 2023 F0 0 
EBS_SKATE 3 2023 Fabc 0.079212
EBS_SKATE 3 2023 Fofl 0.0925522
EBS_SKATE 3 2023  F_LCI 0.5
EBS_SKATE 3 2023  F_UCI 0.5
EBS_SKATE 3 2023  F_Median 0.5
EBS_SKATE 3 2023  F_Mean 0.5
EBS_SKATE 3 2024 F0 0 
EBS_SKATE 3 2024 Fabc 0.079212
EBS_SKATE 3 2024 Fofl 0.0925522
EBS_SKATE 3 2024  F_LCI 0.5
EBS_SKATE 3 2024  F_UCI 0.5
EBS_SKATE 3 2024  F_Median 0.5
EBS_SKATE 3 2024  F_Mean 0.5
EBS_SKATE 3 2025 F0 0 
EBS_SKATE 3 2025 Fabc 0.079212
EBS_SKATE 3 2025 Fofl 0.0925522
EBS_SKATE 3 2025  F_LCI 0.5
EBS_SKATE 3 2025  F_UCI 0.5
EBS_SKATE 3 2025  F_Median 0.5
EBS_SKATE 3 2025  F_Mean 0.5
EBS_SKATE 3 2026 F0 0 
EBS_SKATE 3 2026 Fabc 0.079212
EBS_SKATE 3 2026 Fofl 0.0925522
EBS_SKATE 3 2026  F_LCI 0.5
EBS_SKATE 3 2026  F_UCI 0.5
EBS_SKATE 3 2026  F_Median 0.5
EBS_SKATE 3 2026  F_Mean 0.5
EBS_SKATE 3 2027 F0 0 
EBS_SKATE 3 2027 Fabc 0.079212
EBS_SKATE 3 2027 Fofl 0.0925522
EBS_SKATE 3 2027  F_LCI 0.5
EBS_SKATE 3 2027  F_UCI 0.5
EBS_SKATE 3 2027  F_Median 0.5
EBS_SKATE 3 2027  F_Mean 0.5
EBS_SKATE 3 2028 F0 0 
EBS_SKATE 3 2028 Fabc 0.079212
EBS_SKATE 3 2028 Fofl 0.0925522
EBS_SKATE 3 2028  F_LCI 0.5
EBS_SKATE 3 2028  F_UCI 0.5
EBS_SKATE 3 2028  F_Median 0.5
EBS_SKATE 3 2028  F_Mean 0.5
EBS_SKATE 3 2029 F0 0 
EBS_SKATE 3 2029 Fabc 0.079212
EBS_SKATE 3 2029 Fofl 0.0925522
EBS_SKATE 3 2029  F_LCI 0.5
EBS_SKATE 3 2029  F_UCI 0.5
EBS_SKATE 3 2029  F_Median 0.5
EBS_SKATE 3 2029  F_Mean 0.5
EBS_SKATE 3 2030 F0 0 
EBS_SKATE 3 2030 Fabc 0.079212
EBS_SKATE 3 2030 Fofl 0.0925522
EBS_SKATE 3 2030  F_LCI 0.5
EBS_SKATE 3 2030  F_UCI 0.5
EBS_SKATE 3 2030  F_Median 0.5
EBS_SKATE 3 2030  F_Mean 0.5
EBS_SKATE 3 2031 F0 0 
EBS_SKATE 3 2031 Fabc 0.079212
EBS_SKATE 3 2031 Fofl 0.0925522
EBS_SKATE 3 2031  F_LCI 0.5
EBS_SKATE 3 2031  F_UCI 0.5
EBS_SKATE 3 2031  F_Median 0.5
EBS_SKATE 3 2031  F_Mean 0.5
EBS_SKATE 3 2032 F0 0 
EBS_SKATE 3 2032 Fabc 0.079212
EBS_SKATE 3 2032 Fofl 0.0925522
EBS_SKATE 3 2032  F_LCI 0.5
EBS_SKATE 3 2032  F_UCI 0.5
EBS_SKATE 3 2032  F_Median 0.5
EBS_SKATE 3 2032  F_Mean 0.5
EBS_SKATE 3 2033 F0 0 
EBS_SKATE 3 2033 Fabc 0.079212
EBS_SKATE 3 2033 Fofl 0.0925522
EBS_SKATE 3 2033  F_LCI 0.5
EBS_SKATE 3 2033  F_UCI 0.5
EBS_SKATE 3 2033  F_Median 0.5
EBS_SKATE 3 2033  F_Mean 0.5
EBS_SKATE 3 2034 F0 0 
EBS_SKATE 3 2034 Fabc 0.079212
EBS_SKATE 3 2034 Fofl 0.0925522
EBS_SKATE 3 2034  F_LCI 0.5
EBS_SKATE 3 2034  F_UCI 0.5
EBS_SKATE 3 2034  F_Median 0.5
EBS_SKATE 3 2034  F_Mean 0.5
EBS_SKATE 4 2020 Cabc 0
EBS_SKATE 4 2020 Cofl 0
EBS_SKATE 4 2020 CLCI 14779
EBS_SKATE 4 2020 CUCI 14779
EBS_SKATE 4 2020 CMedian 14779
EBS_SKATE 4 2020 CMean 14779
EBS_SKATE 4 2020 CStdn 3.31056e-10
EBS_SKATE 4 2021 Cabc 0
EBS_SKATE 4 2021 Cofl 0
EBS_SKATE 4 2021 CLCI 17732.7
EBS_SKATE 4 2021 CUCI 17732.7
EBS_SKATE 4 2021 CMedian 17732.7
EBS_SKATE 4 2021 CMean 17732.7
EBS_SKATE 4 2021 CStdn 2.03727e-10
EBS_SKATE 4 2022 Cabc 0
EBS_SKATE 4 2022 Cofl 0
EBS_SKATE 4 2022 CLCI 16992.6
EBS_SKATE 4 2022 CUCI 16997.4
EBS_SKATE 4 2022 CMedian 16994.4
EBS_SKATE 4 2022 CMean 16994.6
EBS_SKATE 4 2022 CStdn 1.51832
EBS_SKATE 4 2023 Cabc 0
EBS_SKATE 4 2023 Cofl 0
EBS_SKATE 4 2023 CLCI 16388.8
EBS_SKATE 4 2023 CUCI 16411.9
EBS_SKATE 4 2023 CMedian 16398
EBS_SKATE 4 2023 CMean 16398.8
EBS_SKATE 4 2023 CStdn 7.30141
EBS_SKATE 4 2024 Cabc 0
EBS_SKATE 4 2024 Cofl 0
EBS_SKATE 4 2024 CLCI 15925.3
EBS_SKATE 4 2024 CUCI 16011.2
EBS_SKATE 4 2024 CMedian 15960.5
EBS_SKATE 4 2024 CMean 15963.5
EBS_SKATE 4 2024 CStdn 27.4202
EBS_SKATE 4 2025 Cabc 0
EBS_SKATE 4 2025 Cofl 0
EBS_SKATE 4 2025 CLCI 15569.9
EBS_SKATE 4 2025 CUCI 15819.8
EBS_SKATE 4 2025 CMedian 15674.3
EBS_SKATE 4 2025 CMean 15683.3
EBS_SKATE 4 2025 CStdn 79.7081
EBS_SKATE 4 2026 Cabc 0
EBS_SKATE 4 2026 Cofl 0
EBS_SKATE 4 2026 CLCI 15298.9
EBS_SKATE 4 2026 CUCI 15853.6
EBS_SKATE 4 2026 CMedian 15529.8
EBS_SKATE 4 2026 CMean 15549.3
EBS_SKATE 4 2026 CStdn 178.652
EBS_SKATE 4 2027 Cabc 0
EBS_SKATE 4 2027 Cofl 0
EBS_SKATE 4 2027 CLCI 15086.3
EBS_SKATE 4 2027 CUCI 16079.5
EBS_SKATE 4 2027 CMedian 15512.7
EBS_SKATE 4 2027 CMean 15545.8
EBS_SKATE 4 2027 CStdn 320.045
EBS_SKATE 4 2028 Cabc 0
EBS_SKATE 4 2028 Cofl 0
EBS_SKATE 4 2028 CLCI 14954.8
EBS_SKATE 4 2028 CUCI 16454.3
EBS_SKATE 4 2028 CMedian 15599
EBS_SKATE 4 2028 CMean 15646
EBS_SKATE 4 2028 CStdn 482.539
EBS_SKATE 4 2029 Cabc 0
EBS_SKATE 4 2029 Cofl 0
EBS_SKATE 4 2029 CLCI 14857
EBS_SKATE 4 2029 CUCI 16866.5
EBS_SKATE 4 2029 CMedian 15763.1
EBS_SKATE 4 2029 CMean 15815.1
EBS_SKATE 4 2029 CStdn 643.525
EBS_SKATE 4 2030 Cabc 0
EBS_SKATE 4 2030 Cofl 0
EBS_SKATE 4 2030 CLCI 14850.2
EBS_SKATE 4 2030 CUCI 17383
EBS_SKATE 4 2030 CMedian 15954
EBS_SKATE 4 2030 CMean 16019.3
EBS_SKATE 4 2030 CStdn 789.947
EBS_SKATE 4 2031 Cabc 0
EBS_SKATE 4 2031 Cofl 0
EBS_SKATE 4 2031 CLCI 14846.8
EBS_SKATE 4 2031 CUCI 17804.6
EBS_SKATE 4 2031 CMedian 16172.4
EBS_SKATE 4 2031 CMean 16232.6
EBS_SKATE 4 2031 CStdn 915.388
EBS_SKATE 4 2032 Cabc 0
EBS_SKATE 4 2032 Cofl 0
EBS_SKATE 4 2032 CLCI 14950.4
EBS_SKATE 4 2032 CUCI 18142.7
EBS_SKATE 4 2032 CMedian 16380.6
EBS_SKATE 4 2032 CMean 16437.6
EBS_SKATE 4 2032 CStdn 1016.05
EBS_SKATE 4 2033 Cabc 0
EBS_SKATE 4 2033 Cofl 0
EBS_SKATE 4 2033 CLCI 15003.2
EBS_SKATE 4 2033 CUCI 18467.8
EBS_SKATE 4 2033 CMedian 16577.8
EBS_SKATE 4 2033 CMean 16625.9
EBS_SKATE 4 2033 CStdn 1091.91
EBS_SKATE 4 2034 Cabc 0
EBS_SKATE 4 2034 Cofl 0
EBS_SKATE 4 2034 CLCI 15079.2
EBS_SKATE 4 2034 CUCI 18740.2
EBS_SKATE 4 2034 CMedian 16755.1
EBS_SKATE 4 2034 CMean 16794.1
EBS_SKATE 4 2034 CStdn 1145.12
EBS_SKATE 4 2020 SSBF100 178425
EBS_SKATE 4 2020 SSBFabc 0
EBS_SKATE 4 2020 SSBFofl 0
EBS_SKATE 4 2020 SSBLCI 124451
EBS_SKATE 4 2020 SSBUCI 124451
EBS_SKATE 4 2020 SSBMedian 124451
EBS_SKATE 4 2020 SSBMean 124451
EBS_SKATE 4 2021 SSBF100 178425
EBS_SKATE 4 2021 SSBFabc 0
EBS_SKATE 4 2021 SSBFofl 0
EBS_SKATE 4 2021 SSBLCI 124090
EBS_SKATE 4 2021 SSBUCI 124090
EBS_SKATE 4 2021 SSBMedian 124090
EBS_SKATE 4 2021 SSBMean 124090
EBS_SKATE 4 2022 SSBF100 178425
EBS_SKATE 4 2022 SSBFabc 0
EBS_SKATE 4 2022 SSBFofl 0
EBS_SKATE 4 2022 SSBLCI 121478
EBS_SKATE 4 2022 SSBUCI 121478
EBS_SKATE 4 2022 SSBMedian 121478
EBS_SKATE 4 2022 SSBMean 121478
EBS_SKATE 4 2023 SSBF100 178425
EBS_SKATE 4 2023 SSBFabc 0
EBS_SKATE 4 2023 SSBFofl 0
EBS_SKATE 4 2023 SSBLCI 117427
EBS_SKATE 4 2023 SSBUCI 117427
EBS_SKATE 4 2023 SSBMedian 117427
EBS_SKATE 4 2023 SSBMean 117427
EBS_SKATE 4 2024 SSBF100 178425
EBS_SKATE 4 2024 SSBFabc 0
EBS_SKATE 4 2024 SSBFofl 0
EBS_SKATE 4 2024 SSBLCI 112431
EBS_SKATE 4 2024 SSBUCI 112431
EBS_SKATE 4 2024 SSBMedian 112431
EBS_SKATE 4 2024 SSBMean 112431
EBS_SKATE 4 2025 SSBF100 178425
EBS_SKATE 4 2025 SSBFabc 0
EBS_SKATE 4 2025 SSBFofl 0
EBS_SKATE 4 2025 SSBLCI 107230
EBS_SKATE 4 2025 SSBUCI 107230
EBS_SKATE 4 2025 SSBMedian 107230
EBS_SKATE 4 2025 SSBMean 107230
EBS_SKATE 4 2026 SSBF100 178425
EBS_SKATE 4 2026 SSBFabc 0
EBS_SKATE 4 2026 SSBFofl 0
EBS_SKATE 4 2026 SSBLCI 102537
EBS_SKATE 4 2026 SSBUCI 102537
EBS_SKATE 4 2026 SSBMedian 102537
EBS_SKATE 4 2026 SSBMean 102537
EBS_SKATE 4 2027 SSBF100 178425
EBS_SKATE 4 2027 SSBFabc 0
EBS_SKATE 4 2027 SSBFofl 0
EBS_SKATE 4 2027 SSBLCI 98771.4
EBS_SKATE 4 2027 SSBUCI 98826.9
EBS_SKATE 4 2027 SSBMedian 98792.2
EBS_SKATE 4 2027 SSBMean 98794.8
EBS_SKATE 4 2028 SSBF100 178425
EBS_SKATE 4 2028 SSBFabc 0
EBS_SKATE 4 2028 SSBFofl 0
EBS_SKATE 4 2028 SSBLCI 95960.8
EBS_SKATE 4 2028 SSBUCI 96311.8
EBS_SKATE 4 2028 SSBMedian 96098.7
EBS_SKATE 4 2028 SSBMean 96111.8
EBS_SKATE 4 2029 SSBF100 178425
EBS_SKATE 4 2029 SSBFabc 0
EBS_SKATE 4 2029 SSBFofl 0
EBS_SKATE 4 2029 SSBLCI 93867.8
EBS_SKATE 4 2029 SSBUCI 95145.3
EBS_SKATE 4 2029 SSBMedian 94394.5
EBS_SKATE 4 2029 SSBMean 94436
EBS_SKATE 4 2030 SSBF100 178425
EBS_SKATE 4 2030 SSBFabc 0
EBS_SKATE 4 2030 SSBFofl 0
EBS_SKATE 4 2030 SSBLCI 92245.4
EBS_SKATE 4 2030 SSBUCI 95413.8
EBS_SKATE 4 2030 SSBMedian 93562
EBS_SKATE 4 2030 SSBMean 93676.6
EBS_SKATE 4 2031 SSBF100 178425
EBS_SKATE 4 2031 SSBFabc 0
EBS_SKATE 4 2031 SSBFofl 0
EBS_SKATE 4 2031 SSBLCI 91028.5
EBS_SKATE 4 2031 SSBUCI 96849.4
EBS_SKATE 4 2031 SSBMedian 93534.9
EBS_SKATE 4 2031 SSBMean 93730.2
EBS_SKATE 4 2032 SSBF100 178425
EBS_SKATE 4 2032 SSBFabc 0
EBS_SKATE 4 2032 SSBFofl 0
EBS_SKATE 4 2032 SSBLCI 90237
EBS_SKATE 4 2032 SSBUCI 99357.6
EBS_SKATE 4 2032 SSBMedian 94150.7
EBS_SKATE 4 2032 SSBMean 94427.8
EBS_SKATE 4 2033 SSBF100 178425
EBS_SKATE 4 2033 SSBFabc 0
EBS_SKATE 4 2033 SSBFofl 0
EBS_SKATE 4 2033 SSBLCI 89708.7
EBS_SKATE 4 2033 SSBUCI 102154
EBS_SKATE 4 2033 SSBMedian 95186.3
EBS_SKATE 4 2033 SSBMean 95547.4
EBS_SKATE 4 2034 SSBF100 178425
EBS_SKATE 4 2034 SSBFabc 0
EBS_SKATE 4 2034 SSBFofl 0
EBS_SKATE 4 2034 SSBLCI 89608.2
EBS_SKATE 4 2034 SSBUCI 105223
EBS_SKATE 4 2034 SSBMedian 96454.9
EBS_SKATE 4 2034 SSBMean 96873.2
EBS_SKATE 4 2020 F0 0 
EBS_SKATE 4 2020 Fabc 0.079212
EBS_SKATE 4 2020 Fofl 0.0925522
EBS_SKATE 4 2020  F_LCI 0.033203
EBS_SKATE 4 2020  F_UCI 0.033203
EBS_SKATE 4 2020  F_Median 0.033203
EBS_SKATE 4 2020  F_Mean 0.033203
EBS_SKATE 4 2021 F0 0 
EBS_SKATE 4 2021 Fabc 0.079212
EBS_SKATE 4 2021 Fofl 0.0925522
EBS_SKATE 4 2021  F_LCI 0.0415047
EBS_SKATE 4 2021  F_UCI 0.0415047
EBS_SKATE 4 2021  F_Median 0.0415047
EBS_SKATE 4 2021  F_Mean 0.0415047
EBS_SKATE 4 2022 F0 0 
EBS_SKATE 4 2022 Fabc 0.079212
EBS_SKATE 4 2022 Fofl 0.0925522
EBS_SKATE 4 2022  F_LCI 0.0415047
EBS_SKATE 4 2022  F_UCI 0.0415047
EBS_SKATE 4 2022  F_Median 0.0415047
EBS_SKATE 4 2022  F_Mean 0.0415047
EBS_SKATE 4 2023 F0 0 
EBS_SKATE 4 2023 Fabc 0.079212
EBS_SKATE 4 2023 Fofl 0.0925522
EBS_SKATE 4 2023  F_LCI 0.0415047
EBS_SKATE 4 2023  F_UCI 0.0415047
EBS_SKATE 4 2023  F_Median 0.0415047
EBS_SKATE 4 2023  F_Mean 0.0415047
EBS_SKATE 4 2024 F0 0 
EBS_SKATE 4 2024 Fabc 0.079212
EBS_SKATE 4 2024 Fofl 0.0925522
EBS_SKATE 4 2024  F_LCI 0.0415047
EBS_SKATE 4 2024  F_UCI 0.0415047
EBS_SKATE 4 2024  F_Median 0.0415047
EBS_SKATE 4 2024  F_Mean 0.0415047
EBS_SKATE 4 2025 F0 0 
EBS_SKATE 4 2025 Fabc 0.079212
EBS_SKATE 4 2025 Fofl 0.0925522
EBS_SKATE 4 2025  F_LCI 0.0415047
EBS_SKATE 4 2025  F_UCI 0.0415047
EBS_SKATE 4 2025  F_Median 0.0415047
EBS_SKATE 4 2025  F_Mean 0.0415047
EBS_SKATE 4 2026 F0 0 
EBS_SKATE 4 2026 Fabc 0.079212
EBS_SKATE 4 2026 Fofl 0.0925522
EBS_SKATE 4 2026  F_LCI 0.0415047
EBS_SKATE 4 2026  F_UCI 0.0415047
EBS_SKATE 4 2026  F_Median 0.0415047
EBS_SKATE 4 2026  F_Mean 0.0415047
EBS_SKATE 4 2027 F0 0 
EBS_SKATE 4 2027 Fabc 0.079212
EBS_SKATE 4 2027 Fofl 0.0925522
EBS_SKATE 4 2027  F_LCI 0.0415047
EBS_SKATE 4 2027  F_UCI 0.0415047
EBS_SKATE 4 2027  F_Median 0.0415047
EBS_SKATE 4 2027  F_Mean 0.0415047
EBS_SKATE 4 2028 F0 0 
EBS_SKATE 4 2028 Fabc 0.079212
EBS_SKATE 4 2028 Fofl 0.0925522
EBS_SKATE 4 2028  F_LCI 0.0415047
EBS_SKATE 4 2028  F_UCI 0.0415047
EBS_SKATE 4 2028  F_Median 0.0415047
EBS_SKATE 4 2028  F_Mean 0.0415047
EBS_SKATE 4 2029 F0 0 
EBS_SKATE 4 2029 Fabc 0.079212
EBS_SKATE 4 2029 Fofl 0.0925522
EBS_SKATE 4 2029  F_LCI 0.0415047
EBS_SKATE 4 2029  F_UCI 0.0415047
EBS_SKATE 4 2029  F_Median 0.0415047
EBS_SKATE 4 2029  F_Mean 0.0415047
EBS_SKATE 4 2030 F0 0 
EBS_SKATE 4 2030 Fabc 0.079212
EBS_SKATE 4 2030 Fofl 0.0925522
EBS_SKATE 4 2030  F_LCI 0.0415047
EBS_SKATE 4 2030  F_UCI 0.0415047
EBS_SKATE 4 2030  F_Median 0.0415047
EBS_SKATE 4 2030  F_Mean 0.0415047
EBS_SKATE 4 2031 F0 0 
EBS_SKATE 4 2031 Fabc 0.079212
EBS_SKATE 4 2031 Fofl 0.0925522
EBS_SKATE 4 2031  F_LCI 0.0415047
EBS_SKATE 4 2031  F_UCI 0.0415047
EBS_SKATE 4 2031  F_Median 0.0415047
EBS_SKATE 4 2031  F_Mean 0.0415047
EBS_SKATE 4 2032 F0 0 
EBS_SKATE 4 2032 Fabc 0.079212
EBS_SKATE 4 2032 Fofl 0.0925522
EBS_SKATE 4 2032  F_LCI 0.0415047
EBS_SKATE 4 2032  F_UCI 0.0415047
EBS_SKATE 4 2032  F_Median 0.0415047
EBS_SKATE 4 2032  F_Mean 0.0415047
EBS_SKATE 4 2033 F0 0 
EBS_SKATE 4 2033 Fabc 0.079212
EBS_SKATE 4 2033 Fofl 0.0925522
EBS_SKATE 4 2033  F_LCI 0.0415047
EBS_SKATE 4 2033  F_UCI 0.0415047
EBS_SKATE 4 2033  F_Median 0.0415047
EBS_SKATE 4 2033  F_Mean 0.0415047
EBS_SKATE 4 2034 F0 0 
EBS_SKATE 4 2034 Fabc 0.079212
EBS_SKATE 4 2034 Fofl 0.0925522
EBS_SKATE 4 2034  F_LCI 0.0415047
EBS_SKATE 4 2034  F_UCI 0.0415047
EBS_SKATE 4 2034  F_Median 0.0415047
EBS_SKATE 4 2034  F_Mean 0.0415047
EBS_SKATE 5 2020 Cabc 0
EBS_SKATE 5 2020 Cofl 0
EBS_SKATE 5 2020 CLCI 14779
EBS_SKATE 5 2020 CUCI 14779
EBS_SKATE 5 2020 CMedian 14779
EBS_SKATE 5 2020 CMean 14779
EBS_SKATE 5 2020 CStdn 3.31056e-10
EBS_SKATE 5 2021 Cabc 0
EBS_SKATE 5 2021 Cofl 0
EBS_SKATE 5 2021 CLCI 0
EBS_SKATE 5 2021 CUCI 0
EBS_SKATE 5 2021 CMedian 0
EBS_SKATE 5 2021 CMean 0
EBS_SKATE 5 2021 CStdn 0
EBS_SKATE 5 2022 Cabc 0
EBS_SKATE 5 2022 Cofl 0
EBS_SKATE 5 2022 CLCI 0
EBS_SKATE 5 2022 CUCI 0
EBS_SKATE 5 2022 CMedian 0
EBS_SKATE 5 2022 CMean 0
EBS_SKATE 5 2022 CStdn 0
EBS_SKATE 5 2023 Cabc 0
EBS_SKATE 5 2023 Cofl 0
EBS_SKATE 5 2023 CLCI 0
EBS_SKATE 5 2023 CUCI 0
EBS_SKATE 5 2023 CMedian 0
EBS_SKATE 5 2023 CMean 0
EBS_SKATE 5 2023 CStdn 0
EBS_SKATE 5 2024 Cabc 0
EBS_SKATE 5 2024 Cofl 0
EBS_SKATE 5 2024 CLCI 0
EBS_SKATE 5 2024 CUCI 0
EBS_SKATE 5 2024 CMedian 0
EBS_SKATE 5 2024 CMean 0
EBS_SKATE 5 2024 CStdn 0
EBS_SKATE 5 2025 Cabc 0
EBS_SKATE 5 2025 Cofl 0
EBS_SKATE 5 2025 CLCI 0
EBS_SKATE 5 2025 CUCI 0
EBS_SKATE 5 2025 CMedian 0
EBS_SKATE 5 2025 CMean 0
EBS_SKATE 5 2025 CStdn 0
EBS_SKATE 5 2026 Cabc 0
EBS_SKATE 5 2026 Cofl 0
EBS_SKATE 5 2026 CLCI 0
EBS_SKATE 5 2026 CUCI 0
EBS_SKATE 5 2026 CMedian 0
EBS_SKATE 5 2026 CMean 0
EBS_SKATE 5 2026 CStdn 0
EBS_SKATE 5 2027 Cabc 0
EBS_SKATE 5 2027 Cofl 0
EBS_SKATE 5 2027 CLCI 0
EBS_SKATE 5 2027 CUCI 0
EBS_SKATE 5 2027 CMedian 0
EBS_SKATE 5 2027 CMean 0
EBS_SKATE 5 2027 CStdn 0
EBS_SKATE 5 2028 Cabc 0
EBS_SKATE 5 2028 Cofl 0
EBS_SKATE 5 2028 CLCI 0
EBS_SKATE 5 2028 CUCI 0
EBS_SKATE 5 2028 CMedian 0
EBS_SKATE 5 2028 CMean 0
EBS_SKATE 5 2028 CStdn 0
EBS_SKATE 5 2029 Cabc 0
EBS_SKATE 5 2029 Cofl 0
EBS_SKATE 5 2029 CLCI 0
EBS_SKATE 5 2029 CUCI 0
EBS_SKATE 5 2029 CMedian 0
EBS_SKATE 5 2029 CMean 0
EBS_SKATE 5 2029 CStdn 0
EBS_SKATE 5 2030 Cabc 0
EBS_SKATE 5 2030 Cofl 0
EBS_SKATE 5 2030 CLCI 0
EBS_SKATE 5 2030 CUCI 0
EBS_SKATE 5 2030 CMedian 0
EBS_SKATE 5 2030 CMean 0
EBS_SKATE 5 2030 CStdn 0
EBS_SKATE 5 2031 Cabc 0
EBS_SKATE 5 2031 Cofl 0
EBS_SKATE 5 2031 CLCI 0
EBS_SKATE 5 2031 CUCI 0
EBS_SKATE 5 2031 CMedian 0
EBS_SKATE 5 2031 CMean 0
EBS_SKATE 5 2031 CStdn 0
EBS_SKATE 5 2032 Cabc 0
EBS_SKATE 5 2032 Cofl 0
EBS_SKATE 5 2032 CLCI 0
EBS_SKATE 5 2032 CUCI 0
EBS_SKATE 5 2032 CMedian 0
EBS_SKATE 5 2032 CMean 0
EBS_SKATE 5 2032 CStdn 0
EBS_SKATE 5 2033 Cabc 0
EBS_SKATE 5 2033 Cofl 0
EBS_SKATE 5 2033 CLCI 0
EBS_SKATE 5 2033 CUCI 0
EBS_SKATE 5 2033 CMedian 0
EBS_SKATE 5 2033 CMean 0
EBS_SKATE 5 2033 CStdn 0
EBS_SKATE 5 2034 Cabc 0
EBS_SKATE 5 2034 Cofl 0
EBS_SKATE 5 2034 CLCI 0
EBS_SKATE 5 2034 CUCI 0
EBS_SKATE 5 2034 CMedian 0
EBS_SKATE 5 2034 CMean 0
EBS_SKATE 5 2034 CStdn 0
EBS_SKATE 5 2020 SSBF100 178425
EBS_SKATE 5 2020 SSBFabc 0
EBS_SKATE 5 2020 SSBFofl 0
EBS_SKATE 5 2020 SSBLCI 124451
EBS_SKATE 5 2020 SSBUCI 124451
EBS_SKATE 5 2020 SSBMedian 124451
EBS_SKATE 5 2020 SSBMean 124451
EBS_SKATE 5 2021 SSBF100 178425
EBS_SKATE 5 2021 SSBFabc 0
EBS_SKATE 5 2021 SSBFofl 0
EBS_SKATE 5 2021 SSBLCI 126203
EBS_SKATE 5 2021 SSBUCI 126203
EBS_SKATE 5 2021 SSBMedian 126203
EBS_SKATE 5 2021 SSBMean 126203
EBS_SKATE 5 2022 SSBF100 178425
EBS_SKATE 5 2022 SSBFabc 0
EBS_SKATE 5 2022 SSBFofl 0
EBS_SKATE 5 2022 SSBLCI 128650
EBS_SKATE 5 2022 SSBUCI 128650
EBS_SKATE 5 2022 SSBMedian 128650
EBS_SKATE 5 2022 SSBMean 128650
EBS_SKATE 5 2023 SSBF100 178425
EBS_SKATE 5 2023 SSBFabc 0
EBS_SKATE 5 2023 SSBFofl 0
EBS_SKATE 5 2023 SSBLCI 129472
EBS_SKATE 5 2023 SSBUCI 129472
EBS_SKATE 5 2023 SSBMedian 129472
EBS_SKATE 5 2023 SSBMean 129472
EBS_SKATE 5 2024 SSBF100 178425
EBS_SKATE 5 2024 SSBFabc 0
EBS_SKATE 5 2024 SSBFofl 0
EBS_SKATE 5 2024 SSBLCI 128994
EBS_SKATE 5 2024 SSBUCI 128994
EBS_SKATE 5 2024 SSBMedian 128994
EBS_SKATE 5 2024 SSBMean 128994
EBS_SKATE 5 2025 SSBF100 178425
EBS_SKATE 5 2025 SSBFabc 0
EBS_SKATE 5 2025 SSBFofl 0
EBS_SKATE 5 2025 SSBLCI 127893
EBS_SKATE 5 2025 SSBUCI 127893
EBS_SKATE 5 2025 SSBMedian 127893
EBS_SKATE 5 2025 SSBMean 127893
EBS_SKATE 5 2026 SSBF100 178425
EBS_SKATE 5 2026 SSBFabc 0
EBS_SKATE 5 2026 SSBFofl 0
EBS_SKATE 5 2026 SSBLCI 126920
EBS_SKATE 5 2026 SSBUCI 126920
EBS_SKATE 5 2026 SSBMedian 126920
EBS_SKATE 5 2026 SSBMean 126920
EBS_SKATE 5 2027 SSBF100 178425
EBS_SKATE 5 2027 SSBFabc 0
EBS_SKATE 5 2027 SSBFofl 0
EBS_SKATE 5 2027 SSBLCI 126586
EBS_SKATE 5 2027 SSBUCI 126645
EBS_SKATE 5 2027 SSBMedian 126608
EBS_SKATE 5 2027 SSBMean 126611
EBS_SKATE 5 2028 SSBF100 178425
EBS_SKATE 5 2028 SSBFabc 0
EBS_SKATE 5 2028 SSBFofl 0
EBS_SKATE 5 2028 SSBLCI 126987
EBS_SKATE 5 2028 SSBUCI 127368
EBS_SKATE 5 2028 SSBMedian 127136
EBS_SKATE 5 2028 SSBMean 127151
EBS_SKATE 5 2029 SSBF100 178425
EBS_SKATE 5 2029 SSBFabc 0
EBS_SKATE 5 2029 SSBFofl 0
EBS_SKATE 5 2029 SSBLCI 127892
EBS_SKATE 5 2029 SSBUCI 129326
EBS_SKATE 5 2029 SSBMedian 128478
EBS_SKATE 5 2029 SSBMean 128527
EBS_SKATE 5 2030 SSBF100 178425
EBS_SKATE 5 2030 SSBFabc 0
EBS_SKATE 5 2030 SSBFofl 0
EBS_SKATE 5 2030 SSBLCI 129020
EBS_SKATE 5 2030 SSBUCI 132688
EBS_SKATE 5 2030 SSBMedian 130539
EBS_SKATE 5 2030 SSBMean 130675
EBS_SKATE 5 2031 SSBF100 178425
EBS_SKATE 5 2031 SSBFabc 0
EBS_SKATE 5 2031 SSBFofl 0
EBS_SKATE 5 2031 SSBLCI 130295
EBS_SKATE 5 2031 SSBUCI 137352
EBS_SKATE 5 2031 SSBMedian 133288
EBS_SKATE 5 2031 SSBMean 133524
EBS_SKATE 5 2032 SSBF100 178425
EBS_SKATE 5 2032 SSBFabc 0
EBS_SKATE 5 2032 SSBFofl 0
EBS_SKATE 5 2032 SSBLCI 131734
EBS_SKATE 5 2032 SSBUCI 143021
EBS_SKATE 5 2032 SSBMedian 136569
EBS_SKATE 5 2032 SSBMean 136927
EBS_SKATE 5 2033 SSBF100 178425
EBS_SKATE 5 2033 SSBFabc 0
EBS_SKATE 5 2033 SSBFofl 0
EBS_SKATE 5 2033 SSBLCI 133258
EBS_SKATE 5 2033 SSBUCI 149217
EBS_SKATE 5 2033 SSBMedian 140206
EBS_SKATE 5 2033 SSBMean 140658
EBS_SKATE 5 2034 SSBF100 178425
EBS_SKATE 5 2034 SSBFabc 0
EBS_SKATE 5 2034 SSBFofl 0
EBS_SKATE 5 2034 SSBLCI 134917
EBS_SKATE 5 2034 SSBUCI 154996
EBS_SKATE 5 2034 SSBMedian 143974
EBS_SKATE 5 2034 SSBMean 144483
EBS_SKATE 5 2020 F0 0 
EBS_SKATE 5 2020 Fabc 0.079212
EBS_SKATE 5 2020 Fofl 0.0925522
EBS_SKATE 5 2020  F_LCI 0.033203
EBS_SKATE 5 2020  F_UCI 0.033203
EBS_SKATE 5 2020  F_Median 0.033203
EBS_SKATE 5 2020  F_Mean 0.033203
EBS_SKATE 5 2021 F0 0 
EBS_SKATE 5 2021 Fabc 0.079212
EBS_SKATE 5 2021 Fofl 0.0925522
EBS_SKATE 5 2021  F_LCI 0
EBS_SKATE 5 2021  F_UCI 0
EBS_SKATE 5 2021  F_Median 0
EBS_SKATE 5 2021  F_Mean 0
EBS_SKATE 5 2022 F0 0 
EBS_SKATE 5 2022 Fabc 0.079212
EBS_SKATE 5 2022 Fofl 0.0925522
EBS_SKATE 5 2022  F_LCI 0
EBS_SKATE 5 2022  F_UCI 0
EBS_SKATE 5 2022  F_Median 0
EBS_SKATE 5 2022  F_Mean 0
EBS_SKATE 5 2023 F0 0 
EBS_SKATE 5 2023 Fabc 0.079212
EBS_SKATE 5 2023 Fofl 0.0925522
EBS_SKATE 5 2023  F_LCI 0
EBS_SKATE 5 2023  F_UCI 0
EBS_SKATE 5 2023  F_Median 0
EBS_SKATE 5 2023  F_Mean 0
EBS_SKATE 5 2024 F0 0 
EBS_SKATE 5 2024 Fabc 0.079212
EBS_SKATE 5 2024 Fofl 0.0925522
EBS_SKATE 5 2024  F_LCI 0
EBS_SKATE 5 2024  F_UCI 0
EBS_SKATE 5 2024  F_Median 0
EBS_SKATE 5 2024  F_Mean 0
EBS_SKATE 5 2025 F0 0 
EBS_SKATE 5 2025 Fabc 0.079212
EBS_SKATE 5 2025 Fofl 0.0925522
EBS_SKATE 5 2025  F_LCI 0
EBS_SKATE 5 2025  F_UCI 0
EBS_SKATE 5 2025  F_Median 0
EBS_SKATE 5 2025  F_Mean 0
EBS_SKATE 5 2026 F0 0 
EBS_SKATE 5 2026 Fabc 0.079212
EBS_SKATE 5 2026 Fofl 0.0925522
EBS_SKATE 5 2026  F_LCI 0
EBS_SKATE 5 2026  F_UCI 0
EBS_SKATE 5 2026  F_Median 0
EBS_SKATE 5 2026  F_Mean 0
EBS_SKATE 5 2027 F0 0 
EBS_SKATE 5 2027 Fabc 0.079212
EBS_SKATE 5 2027 Fofl 0.0925522
EBS_SKATE 5 2027  F_LCI 0
EBS_SKATE 5 2027  F_UCI 0
EBS_SKATE 5 2027  F_Median 0
EBS_SKATE 5 2027  F_Mean 0
EBS_SKATE 5 2028 F0 0 
EBS_SKATE 5 2028 Fabc 0.079212
EBS_SKATE 5 2028 Fofl 0.0925522
EBS_SKATE 5 2028  F_LCI 0
EBS_SKATE 5 2028  F_UCI 0
EBS_SKATE 5 2028  F_Median 0
EBS_SKATE 5 2028  F_Mean 0
EBS_SKATE 5 2029 F0 0 
EBS_SKATE 5 2029 Fabc 0.079212
EBS_SKATE 5 2029 Fofl 0.0925522
EBS_SKATE 5 2029  F_LCI 0
EBS_SKATE 5 2029  F_UCI 0
EBS_SKATE 5 2029  F_Median 0
EBS_SKATE 5 2029  F_Mean 0
EBS_SKATE 5 2030 F0 0 
EBS_SKATE 5 2030 Fabc 0.079212
EBS_SKATE 5 2030 Fofl 0.0925522
EBS_SKATE 5 2030  F_LCI 0
EBS_SKATE 5 2030  F_UCI 0
EBS_SKATE 5 2030  F_Median 0
EBS_SKATE 5 2030  F_Mean 0
EBS_SKATE 5 2031 F0 0 
EBS_SKATE 5 2031 Fabc 0.079212
EBS_SKATE 5 2031 Fofl 0.0925522
EBS_SKATE 5 2031  F_LCI 0
EBS_SKATE 5 2031  F_UCI 0
EBS_SKATE 5 2031  F_Median 0
EBS_SKATE 5 2031  F_Mean 0
EBS_SKATE 5 2032 F0 0 
EBS_SKATE 5 2032 Fabc 0.079212
EBS_SKATE 5 2032 Fofl 0.0925522
EBS_SKATE 5 2032  F_LCI 0
EBS_SKATE 5 2032  F_UCI 0
EBS_SKATE 5 2032  F_Median 0
EBS_SKATE 5 2032  F_Mean 0
EBS_SKATE 5 2033 F0 0 
EBS_SKATE 5 2033 Fabc 0.079212
EBS_SKATE 5 2033 Fofl 0.0925522
EBS_SKATE 5 2033  F_LCI 0
EBS_SKATE 5 2033  F_UCI 0
EBS_SKATE 5 2033  F_Median 0
EBS_SKATE 5 2033  F_Mean 0
EBS_SKATE 5 2034 F0 0 
EBS_SKATE 5 2034 Fabc 0.079212
EBS_SKATE 5 2034 Fofl 0.0925522
EBS_SKATE 5 2034  F_LCI 0
EBS_SKATE 5 2034  F_UCI 0
EBS_SKATE 5 2034  F_Median 0
EBS_SKATE 5 2034  F_Mean 0
EBS_SKATE 6 2020 Cabc 0
EBS_SKATE 6 2020 Cofl 0
EBS_SKATE 6 2020 CLCI 14779
EBS_SKATE 6 2020 CUCI 14779
EBS_SKATE 6 2020 CMedian 14779
EBS_SKATE 6 2020 CMean 14779
EBS_SKATE 6 2020 CStdn 3.31056e-10
EBS_SKATE 6 2021 Cabc 0
EBS_SKATE 6 2021 Cofl 0
EBS_SKATE 6 2021 CLCI 38638.7
EBS_SKATE 6 2021 CUCI 38638.7
EBS_SKATE 6 2021 CMedian 38638.7
EBS_SKATE 6 2021 CMean 38638.7
EBS_SKATE 6 2021 CStdn 2.03727e-10
EBS_SKATE 6 2022 Cabc 0
EBS_SKATE 6 2022 Cofl 0
EBS_SKATE 6 2022 CLCI 35370.6
EBS_SKATE 6 2022 CUCI 35381.5
EBS_SKATE 6 2022 CMedian 35374.7
EBS_SKATE 6 2022 CMean 35375.2
EBS_SKATE 6 2022 CStdn 3.38351
EBS_SKATE 6 2023 Cabc 0
EBS_SKATE 6 2023 Cofl 0
EBS_SKATE 6 2023 CLCI 32695.7
EBS_SKATE 6 2023 CUCI 32747
EBS_SKATE 6 2023 CMedian 32716.2
EBS_SKATE 6 2023 CMean 32717.9
EBS_SKATE 6 2023 CStdn 16.2357
EBS_SKATE 6 2024 Cabc 0
EBS_SKATE 6 2024 Cofl 0
EBS_SKATE 6 2024 CLCI 30572.8
EBS_SKATE 6 2024 CUCI 30762.9
EBS_SKATE 6 2024 CMedian 30650.8
EBS_SKATE 6 2024 CMean 30657.4
EBS_SKATE 6 2024 CStdn 60.6733
EBS_SKATE 6 2025 Cabc 0
EBS_SKATE 6 2025 Cofl 0
EBS_SKATE 6 2025 CLCI 28885.6
EBS_SKATE 6 2025 CUCI 29434.5
EBS_SKATE 6 2025 CMedian 29114.4
EBS_SKATE 6 2025 CMean 29134.6
EBS_SKATE 6 2025 CStdn 174.662
EBS_SKATE 6 2026 Cabc 0
EBS_SKATE 6 2026 Cofl 0
EBS_SKATE 6 2026 CLCI 27549.7
EBS_SKATE 6 2026 CUCI 28750
EBS_SKATE 6 2026 CMedian 28047.3
EBS_SKATE 6 2026 CMean 28090
EBS_SKATE 6 2026 CStdn 385.199
EBS_SKATE 6 2027 Cabc 0
EBS_SKATE 6 2027 Cofl 0
EBS_SKATE 6 2027 CLCI 26484.4
EBS_SKATE 6 2027 CUCI 28578.2
EBS_SKATE 6 2027 CMedian 27383.9
EBS_SKATE 6 2027 CMean 27453.3
EBS_SKATE 6 2027 CStdn 674.854
EBS_SKATE 6 2028 Cabc 0
EBS_SKATE 6 2028 Cofl 0
EBS_SKATE 6 2028 CLCI 25703.5
EBS_SKATE 6 2028 CUCI 28810
EBS_SKATE 6 2028 CMedian 27030.1
EBS_SKATE 6 2028 CMean 27133.6
EBS_SKATE 6 2028 CStdn 991.442
EBS_SKATE 6 2029 Cabc 0
EBS_SKATE 6 2029 Cofl 0
EBS_SKATE 6 2029 CLCI 25099.9
EBS_SKATE 6 2029 CUCI 29180.6
EBS_SKATE 6 2029 CMedian 26926
EBS_SKATE 6 2029 CMean 27031.1
EBS_SKATE 6 2029 CStdn 1288.18
EBS_SKATE 6 2030 Cabc 0
EBS_SKATE 6 2030 Cofl 0
EBS_SKATE 6 2030 CLCI 24752.2
EBS_SKATE 6 2030 CUCI 29787.7
EBS_SKATE 6 2030 CMedian 26934.5
EBS_SKATE 6 2030 CMean 27056.7
EBS_SKATE 6 2030 CStdn 1543.69
EBS_SKATE 6 2031 Cabc 0
EBS_SKATE 6 2031 Cofl 0
EBS_SKATE 6 2031 CLCI 24537.9
EBS_SKATE 6 2031 CUCI 30109.7
EBS_SKATE 6 2031 CMedian 27017.9
EBS_SKATE 6 2031 CMean 27145.4
EBS_SKATE 6 2031 CStdn 1749.84
EBS_SKATE 6 2032 Cabc 0
EBS_SKATE 6 2032 Cofl 0
EBS_SKATE 6 2032 CLCI 24435.9
EBS_SKATE 6 2032 CUCI 30486.3
EBS_SKATE 6 2032 CMedian 27169.6
EBS_SKATE 6 2032 CMean 27255.6
EBS_SKATE 6 2032 CStdn 1903.01
EBS_SKATE 6 2033 Cabc 0
EBS_SKATE 6 2033 Cofl 0
EBS_SKATE 6 2033 CLCI 24350.9
EBS_SKATE 6 2033 CUCI 30710.3
EBS_SKATE 6 2033 CMedian 27283.1
EBS_SKATE 6 2033 CMean 27366.6
EBS_SKATE 6 2033 CStdn 2007.49
EBS_SKATE 6 2034 Cabc 0
EBS_SKATE 6 2034 Cofl 0
EBS_SKATE 6 2034 CLCI 24346.7
EBS_SKATE 6 2034 CUCI 31141.4
EBS_SKATE 6 2034 CMedian 27414
EBS_SKATE 6 2034 CMean 27469.3
EBS_SKATE 6 2034 CStdn 2071.13
EBS_SKATE 6 2020 SSBF100 178425
EBS_SKATE 6 2020 SSBFabc 0
EBS_SKATE 6 2020 SSBFofl 0
EBS_SKATE 6 2020 SSBLCI 124451
EBS_SKATE 6 2020 SSBUCI 124451
EBS_SKATE 6 2020 SSBMedian 124451
EBS_SKATE 6 2020 SSBMean 124451
EBS_SKATE 6 2021 SSBF100 178425
EBS_SKATE 6 2021 SSBFabc 0
EBS_SKATE 6 2021 SSBFofl 0
EBS_SKATE 6 2021 SSBLCI 121539
EBS_SKATE 6 2021 SSBUCI 121539
EBS_SKATE 6 2021 SSBMedian 121539
EBS_SKATE 6 2021 SSBMean 121539
EBS_SKATE 6 2022 SSBF100 178425
EBS_SKATE 6 2022 SSBFabc 0
EBS_SKATE 6 2022 SSBFofl 0
EBS_SKATE 6 2022 SSBLCI 113203
EBS_SKATE 6 2022 SSBUCI 113203
EBS_SKATE 6 2022 SSBMedian 113203
EBS_SKATE 6 2022 SSBMean 113203
EBS_SKATE 6 2023 SSBF100 178425
EBS_SKATE 6 2023 SSBFabc 0
EBS_SKATE 6 2023 SSBFofl 0
EBS_SKATE 6 2023 SSBLCI 104139
EBS_SKATE 6 2023 SSBUCI 104139
EBS_SKATE 6 2023 SSBMedian 104139
EBS_SKATE 6 2023 SSBMean 104139
EBS_SKATE 6 2024 SSBF100 178425
EBS_SKATE 6 2024 SSBFabc 0
EBS_SKATE 6 2024 SSBFofl 0
EBS_SKATE 6 2024 SSBLCI 94950.6
EBS_SKATE 6 2024 SSBUCI 94950.6
EBS_SKATE 6 2024 SSBMedian 94950.6
EBS_SKATE 6 2024 SSBMean 94950.6
EBS_SKATE 6 2025 SSBF100 178425
EBS_SKATE 6 2025 SSBFabc 0
EBS_SKATE 6 2025 SSBFofl 0
EBS_SKATE 6 2025 SSBLCI 86351.8
EBS_SKATE 6 2025 SSBUCI 86351.8
EBS_SKATE 6 2025 SSBMedian 86351.8
EBS_SKATE 6 2025 SSBMean 86351.8
EBS_SKATE 6 2026 SSBF100 178425
EBS_SKATE 6 2026 SSBFabc 0
EBS_SKATE 6 2026 SSBFofl 0
EBS_SKATE 6 2026 SSBLCI 78914.9
EBS_SKATE 6 2026 SSBUCI 78914.9
EBS_SKATE 6 2026 SSBMedian 78914.9
EBS_SKATE 6 2026 SSBMean 78914.9
EBS_SKATE 6 2027 SSBF100 178425
EBS_SKATE 6 2027 SSBFabc 0
EBS_SKATE 6 2027 SSBFofl 0
EBS_SKATE 6 2027 SSBLCI 72881.8
EBS_SKATE 6 2027 SSBUCI 72933.9
EBS_SKATE 6 2027 SSBMedian 72901.3
EBS_SKATE 6 2027 SSBMean 72903.8
EBS_SKATE 6 2028 SSBF100 178425
EBS_SKATE 6 2028 SSBFabc 0
EBS_SKATE 6 2028 SSBFofl 0
EBS_SKATE 6 2028 SSBLCI 68151.4
EBS_SKATE 6 2028 SSBUCI 68469.4
EBS_SKATE 6 2028 SSBMedian 68276.6
EBS_SKATE 6 2028 SSBMean 68288.4
EBS_SKATE 6 2029 SSBF100 178425
EBS_SKATE 6 2029 SSBFabc 0
EBS_SKATE 6 2029 SSBFofl 0
EBS_SKATE 6 2029 SSBLCI 64426.8
EBS_SKATE 6 2029 SSBUCI 65536.1
EBS_SKATE 6 2029 SSBMedian 64887.7
EBS_SKATE 6 2029 SSBMean 64923.7
EBS_SKATE 6 2030 SSBF100 178425
EBS_SKATE 6 2030 SSBFabc 0
EBS_SKATE 6 2030 SSBFofl 0
EBS_SKATE 6 2030 SSBLCI 61473.7
EBS_SKATE 6 2030 SSBUCI 64080.8
EBS_SKATE 6 2030 SSBMedian 62554.2
EBS_SKATE 6 2030 SSBMean 62649.3
EBS_SKATE 6 2031 SSBF100 178425
EBS_SKATE 6 2031 SSBFabc 0
EBS_SKATE 6 2031 SSBFofl 0
EBS_SKATE 6 2031 SSBLCI 59131.1
EBS_SKATE 6 2031 SSBUCI 63787.4
EBS_SKATE 6 2031 SSBMedian 61146.6
EBS_SKATE 6 2031 SSBMean 61298.3
EBS_SKATE 6 2032 SSBF100 178425
EBS_SKATE 6 2032 SSBFabc 0
EBS_SKATE 6 2032 SSBFofl 0
EBS_SKATE 6 2032 SSBLCI 57453
EBS_SKATE 6 2032 SSBUCI 64475.7
EBS_SKATE 6 2032 SSBMedian 60440.4
EBS_SKATE 6 2032 SSBMean 60661.3
EBS_SKATE 6 2033 SSBF100 178425
EBS_SKATE 6 2033 SSBFabc 0
EBS_SKATE 6 2033 SSBFofl 0
EBS_SKATE 6 2033 SSBLCI 56120
EBS_SKATE 6 2033 SSBUCI 65425.5
EBS_SKATE 6 2033 SSBMedian 60269.7
EBS_SKATE 6 2033 SSBMean 60506.7
EBS_SKATE 6 2034 SSBF100 178425
EBS_SKATE 6 2034 SSBFabc 0
EBS_SKATE 6 2034 SSBFofl 0
EBS_SKATE 6 2034 SSBLCI 55357.5
EBS_SKATE 6 2034 SSBUCI 66886.1
EBS_SKATE 6 2034 SSBMedian 60322.4
EBS_SKATE 6 2034 SSBMean 60629.6
EBS_SKATE 6 2020 F0 0 
EBS_SKATE 6 2020 Fabc 0.079212
EBS_SKATE 6 2020 Fofl 0.0925522
EBS_SKATE 6 2020  F_LCI 0.033203
EBS_SKATE 6 2020  F_UCI 0.033203
EBS_SKATE 6 2020  F_Median 0.033203
EBS_SKATE 6 2020  F_Mean 0.033203
EBS_SKATE 6 2021 F0 0 
EBS_SKATE 6 2021 Fabc 0.079212
EBS_SKATE 6 2021 Fofl 0.0925522
EBS_SKATE 6 2021  F_LCI 0.0925522
EBS_SKATE 6 2021  F_UCI 0.0925522
EBS_SKATE 6 2021  F_Median 0.0925522
EBS_SKATE 6 2021  F_Mean 0.0925522
EBS_SKATE 6 2022 F0 0 
EBS_SKATE 6 2022 Fabc 0.079212
EBS_SKATE 6 2022 Fofl 0.0925522
EBS_SKATE 6 2022  F_LCI 0.0925522
EBS_SKATE 6 2022  F_UCI 0.0925522
EBS_SKATE 6 2022  F_Median 0.0925522
EBS_SKATE 6 2022  F_Mean 0.0925522
EBS_SKATE 6 2023 F0 0 
EBS_SKATE 6 2023 Fabc 0.079212
EBS_SKATE 6 2023 Fofl 0.0925522
EBS_SKATE 6 2023  F_LCI 0.0925522
EBS_SKATE 6 2023  F_UCI 0.0925522
EBS_SKATE 6 2023  F_Median 0.0925522
EBS_SKATE 6 2023  F_Mean 0.0925522
EBS_SKATE 6 2024 F0 0 
EBS_SKATE 6 2024 Fabc 0.079212
EBS_SKATE 6 2024 Fofl 0.0925522
EBS_SKATE 6 2024  F_LCI 0.0925522
EBS_SKATE 6 2024  F_UCI 0.0925522
EBS_SKATE 6 2024  F_Median 0.0925522
EBS_SKATE 6 2024  F_Mean 0.0925522
EBS_SKATE 6 2025 F0 0 
EBS_SKATE 6 2025 Fabc 0.079212
EBS_SKATE 6 2025 Fofl 0.0925522
EBS_SKATE 6 2025  F_LCI 0.0925522
EBS_SKATE 6 2025  F_UCI 0.0925522
EBS_SKATE 6 2025  F_Median 0.0925522
EBS_SKATE 6 2025  F_Mean 0.0925522
EBS_SKATE 6 2026 F0 0 
EBS_SKATE 6 2026 Fabc 0.079212
EBS_SKATE 6 2026 Fofl 0.0925522
EBS_SKATE 6 2026  F_LCI 0.0925522
EBS_SKATE 6 2026  F_UCI 0.0925522
EBS_SKATE 6 2026  F_Median 0.0925522
EBS_SKATE 6 2026  F_Mean 0.0925522
EBS_SKATE 6 2027 F0 0 
EBS_SKATE 6 2027 Fabc 0.079212
EBS_SKATE 6 2027 Fofl 0.0925522
EBS_SKATE 6 2027  F_LCI 0.0925522
EBS_SKATE 6 2027  F_UCI 0.0925522
EBS_SKATE 6 2027  F_Median 0.0925522
EBS_SKATE 6 2027  F_Mean 0.0925522
EBS_SKATE 6 2028 F0 0 
EBS_SKATE 6 2028 Fabc 0.079212
EBS_SKATE 6 2028 Fofl 0.0925522
EBS_SKATE 6 2028  F_LCI 0.0925522
EBS_SKATE 6 2028  F_UCI 0.0925522
EBS_SKATE 6 2028  F_Median 0.0925522
EBS_SKATE 6 2028  F_Mean 0.0925522
EBS_SKATE 6 2029 F0 0 
EBS_SKATE 6 2029 Fabc 0.079212
EBS_SKATE 6 2029 Fofl 0.0925522
EBS_SKATE 6 2029  F_LCI 0.0925522
EBS_SKATE 6 2029  F_UCI 0.0925522
EBS_SKATE 6 2029  F_Median 0.0925522
EBS_SKATE 6 2029  F_Mean 0.0925522
EBS_SKATE 6 2030 F0 0 
EBS_SKATE 6 2030 Fabc 0.079212
EBS_SKATE 6 2030 Fofl 0.0925522
EBS_SKATE 6 2030  F_LCI 0.0925522
EBS_SKATE 6 2030  F_UCI 0.0925522
EBS_SKATE 6 2030  F_Median 0.0925522
EBS_SKATE 6 2030  F_Mean 0.0925522
EBS_SKATE 6 2031 F0 0 
EBS_SKATE 6 2031 Fabc 0.079212
EBS_SKATE 6 2031 Fofl 0.0925522
EBS_SKATE 6 2031  F_LCI 0.0925522
EBS_SKATE 6 2031  F_UCI 0.0925522
EBS_SKATE 6 2031  F_Median 0.0925522
EBS_SKATE 6 2031  F_Mean 0.0925522
EBS_SKATE 6 2032 F0 0 
EBS_SKATE 6 2032 Fabc 0.079212
EBS_SKATE 6 2032 Fofl 0.0925522
EBS_SKATE 6 2032  F_LCI 0.0925522
EBS_SKATE 6 2032  F_UCI 0.0925522
EBS_SKATE 6 2032  F_Median 0.0925522
EBS_SKATE 6 2032  F_Mean 0.0925522
EBS_SKATE 6 2033 F0 0 
EBS_SKATE 6 2033 Fabc 0.079212
EBS_SKATE 6 2033 Fofl 0.0925522
EBS_SKATE 6 2033  F_LCI 0.0925522
EBS_SKATE 6 2033  F_UCI 0.0925522
EBS_SKATE 6 2033  F_Median 0.0925522
EBS_SKATE 6 2033  F_Mean 0.0925522
EBS_SKATE 6 2034 F0 0 
EBS_SKATE 6 2034 Fabc 0.079212
EBS_SKATE 6 2034 Fofl 0.0925522
EBS_SKATE 6 2034  F_LCI 0.0925522
EBS_SKATE 6 2034  F_UCI 0.0925522
EBS_SKATE 6 2034  F_Median 0.0925522
EBS_SKATE 6 2034  F_Mean 0.0925522
EBS_SKATE 7 2020 Cabc 0
EBS_SKATE 7 2020 Cofl 0
EBS_SKATE 7 2020 CLCI 14779
EBS_SKATE 7 2020 CUCI 14779
EBS_SKATE 7 2020 CMedian 14779
EBS_SKATE 7 2020 CMean 14779
EBS_SKATE 7 2020 CStdn 3.31056e-10
EBS_SKATE 7 2021 Cabc 0
EBS_SKATE 7 2021 Cofl 0
EBS_SKATE 7 2021 CLCI 33269.2
EBS_SKATE 7 2021 CUCI 33269.2
EBS_SKATE 7 2021 CMedian 33269.2
EBS_SKATE 7 2021 CMean 33269.2
EBS_SKATE 7 2021 CStdn 8.29459e-10
EBS_SKATE 7 2022 Cabc 0
EBS_SKATE 7 2022 Cofl 0
EBS_SKATE 7 2022 CLCI 30821
EBS_SKATE 7 2022 CUCI 30830.3
EBS_SKATE 7 2022 CMedian 30824.5
EBS_SKATE 7 2022 CMean 30824.9
EBS_SKATE 7 2022 CStdn 2.89632
EBS_SKATE 7 2023 Cabc 0
EBS_SKATE 7 2023 Cofl 0
EBS_SKATE 7 2023 CLCI 33459.1
EBS_SKATE 7 2023 CUCI 33510.3
EBS_SKATE 7 2023 CMedian 33479.5
EBS_SKATE 7 2023 CMean 33481.2
EBS_SKATE 7 2023 CStdn 16.2411
EBS_SKATE 7 2024 Cabc 0
EBS_SKATE 7 2024 Cofl 0
EBS_SKATE 7 2024 CLCI 31233
EBS_SKATE 7 2024 CUCI 31423.1
EBS_SKATE 7 2024 CMedian 31310.9
EBS_SKATE 7 2024 CMean 31317.6
EBS_SKATE 7 2024 CStdn 60.6931
EBS_SKATE 7 2025 Cabc 0
EBS_SKATE 7 2025 Cofl 0
EBS_SKATE 7 2025 CLCI 29449.5
EBS_SKATE 7 2025 CUCI 29998.5
EBS_SKATE 7 2025 CMedian 29678.4
EBS_SKATE 7 2025 CMean 29698.6
EBS_SKATE 7 2025 CStdn 174.716
EBS_SKATE 7 2026 Cabc 0
EBS_SKATE 7 2026 Cofl 0
EBS_SKATE 7 2026 CLCI 28025.4
EBS_SKATE 7 2026 CUCI 29226.1
EBS_SKATE 7 2026 CMedian 28523.2
EBS_SKATE 7 2026 CMean 28565.9
EBS_SKATE 7 2026 CStdn 385.307
EBS_SKATE 7 2027 Cabc 0
EBS_SKATE 7 2027 Cofl 0
EBS_SKATE 7 2027 CLCI 26881.3
EBS_SKATE 7 2027 CUCI 28975.3
EBS_SKATE 7 2027 CMedian 27781.1
EBS_SKATE 7 2027 CMean 27850.3
EBS_SKATE 7 2027 CStdn 675.014
EBS_SKATE 7 2028 Cabc 0
EBS_SKATE 7 2028 Cofl 0
EBS_SKATE 7 2028 CLCI 26031.3
EBS_SKATE 7 2028 CUCI 29137.7
EBS_SKATE 7 2028 CMedian 27358.4
EBS_SKATE 7 2028 CMean 27461.7
EBS_SKATE 7 2028 CStdn 991.628
EBS_SKATE 7 2029 Cabc 0
EBS_SKATE 7 2029 Cofl 0
EBS_SKATE 7 2029 CLCI 25368.5
EBS_SKATE 7 2029 CUCI 29449.9
EBS_SKATE 7 2029 CMedian 27194.8
EBS_SKATE 7 2029 CMean 27300
EBS_SKATE 7 2029 CStdn 1288.36
EBS_SKATE 7 2030 Cabc 0
EBS_SKATE 7 2030 Cofl 0
EBS_SKATE 7 2030 CLCI 24971.2
EBS_SKATE 7 2030 CUCI 30007.5
EBS_SKATE 7 2030 CMedian 27153.7
EBS_SKATE 7 2030 CMean 27275.8
EBS_SKATE 7 2030 CStdn 1543.84
EBS_SKATE 7 2031 Cabc 0
EBS_SKATE 7 2031 Cofl 0
EBS_SKATE 7 2031 CLCI 24715.7
EBS_SKATE 7 2031 CUCI 30287.4
EBS_SKATE 7 2031 CMedian 27196.4
EBS_SKATE 7 2031 CMean 27323.1
EBS_SKATE 7 2031 CStdn 1749.95
EBS_SKATE 7 2032 Cabc 0
EBS_SKATE 7 2032 Cofl 0
EBS_SKATE 7 2032 CLCI 24579.4
EBS_SKATE 7 2032 CUCI 30629.9
EBS_SKATE 7 2032 CMedian 27313.2
EBS_SKATE 7 2032 CMean 27399.3
EBS_SKATE 7 2032 CStdn 1903.09
EBS_SKATE 7 2033 Cabc 0
EBS_SKATE 7 2033 Cofl 0
EBS_SKATE 7 2033 CLCI 24467.1
EBS_SKATE 7 2033 CUCI 30826.4
EBS_SKATE 7 2033 CMedian 27398.9
EBS_SKATE 7 2033 CMean 27482.6
EBS_SKATE 7 2033 CStdn 2007.55
EBS_SKATE 7 2034 Cabc 0
EBS_SKATE 7 2034 Cofl 0
EBS_SKATE 7 2034 CLCI 24440.2
EBS_SKATE 7 2034 CUCI 31235
EBS_SKATE 7 2034 CMedian 27507.3
EBS_SKATE 7 2034 CMean 27562.7
EBS_SKATE 7 2034 CStdn 2071.18
EBS_SKATE 7 2020 SSBF100 178425
EBS_SKATE 7 2020 SSBFabc 0
EBS_SKATE 7 2020 SSBFofl 0
EBS_SKATE 7 2020 SSBLCI 124451
EBS_SKATE 7 2020 SSBUCI 124451
EBS_SKATE 7 2020 SSBMedian 124451
EBS_SKATE 7 2020 SSBMean 124451
EBS_SKATE 7 2021 SSBF100 178425
EBS_SKATE 7 2021 SSBFabc 0
EBS_SKATE 7 2021 SSBFofl 0
EBS_SKATE 7 2021 SSBLCI 122201
EBS_SKATE 7 2021 SSBUCI 122201
EBS_SKATE 7 2021 SSBMedian 122201
EBS_SKATE 7 2021 SSBMean 122201
EBS_SKATE 7 2022 SSBF100 178425
EBS_SKATE 7 2022 SSBFabc 0
EBS_SKATE 7 2022 SSBFofl 0
EBS_SKATE 7 2022 SSBLCI 115309
EBS_SKATE 7 2022 SSBUCI 115309
EBS_SKATE 7 2022 SSBMedian 115309
EBS_SKATE 7 2022 SSBMean 115309
EBS_SKATE 7 2023 SSBF100 178425
EBS_SKATE 7 2023 SSBFabc 0
EBS_SKATE 7 2023 SSBFofl 0
EBS_SKATE 7 2023 SSBLCI 106878
EBS_SKATE 7 2023 SSBUCI 106878
EBS_SKATE 7 2023 SSBMedian 106878
EBS_SKATE 7 2023 SSBMean 106878
EBS_SKATE 7 2024 SSBF100 178425
EBS_SKATE 7 2024 SSBFabc 0
EBS_SKATE 7 2024 SSBFofl 0
EBS_SKATE 7 2024 SSBLCI 97426.9
EBS_SKATE 7 2024 SSBUCI 97426.9
EBS_SKATE 7 2024 SSBMedian 97426.9
EBS_SKATE 7 2024 SSBMean 97426.9
EBS_SKATE 7 2025 SSBF100 178425
EBS_SKATE 7 2025 SSBFabc 0
EBS_SKATE 7 2025 SSBFofl 0
EBS_SKATE 7 2025 SSBLCI 88562.6
EBS_SKATE 7 2025 SSBUCI 88562.6
EBS_SKATE 7 2025 SSBMedian 88562.6
EBS_SKATE 7 2025 SSBMean 88562.6
EBS_SKATE 7 2026 SSBF100 178425
EBS_SKATE 7 2026 SSBFabc 0
EBS_SKATE 7 2026 SSBFofl 0
EBS_SKATE 7 2026 SSBLCI 80866.7
EBS_SKATE 7 2026 SSBUCI 80866.7
EBS_SKATE 7 2026 SSBMedian 80866.7
EBS_SKATE 7 2026 SSBMean 80866.7
EBS_SKATE 7 2027 SSBF100 178425
EBS_SKATE 7 2027 SSBFabc 0
EBS_SKATE 7 2027 SSBFofl 0
EBS_SKATE 7 2027 SSBLCI 74586.7
EBS_SKATE 7 2027 SSBUCI 74638.8
EBS_SKATE 7 2027 SSBMedian 74606.2
EBS_SKATE 7 2027 SSBMean 74608.7
EBS_SKATE 7 2028 SSBF100 178425
EBS_SKATE 7 2028 SSBFabc 0
EBS_SKATE 7 2028 SSBFofl 0
EBS_SKATE 7 2028 SSBLCI 69623.6
EBS_SKATE 7 2028 SSBUCI 69941.8
EBS_SKATE 7 2028 SSBMedian 69748.8
EBS_SKATE 7 2028 SSBMean 69760.6
EBS_SKATE 7 2029 SSBF100 178425
EBS_SKATE 7 2029 SSBFabc 0
EBS_SKATE 7 2029 SSBFofl 0
EBS_SKATE 7 2029 SSBLCI 65682.5
EBS_SKATE 7 2029 SSBUCI 66792.1
EBS_SKATE 7 2029 SSBMedian 66143.5
EBS_SKATE 7 2029 SSBMean 66179.5
EBS_SKATE 7 2030 SSBF100 178425
EBS_SKATE 7 2030 SSBFabc 0
EBS_SKATE 7 2030 SSBFofl 0
EBS_SKATE 7 2030 SSBLCI 62531.2
EBS_SKATE 7 2030 SSBUCI 65138.9
EBS_SKATE 7 2030 SSBMedian 63611.9
EBS_SKATE 7 2030 SSBMean 63707.1
EBS_SKATE 7 2031 SSBF100 178425
EBS_SKATE 7 2031 SSBFabc 0
EBS_SKATE 7 2031 SSBFofl 0
EBS_SKATE 7 2031 SSBLCI 60011.1
EBS_SKATE 7 2031 SSBUCI 64668.2
EBS_SKATE 7 2031 SSBMedian 62027.4
EBS_SKATE 7 2031 SSBMean 62178.9
EBS_SKATE 7 2032 SSBF100 178425
EBS_SKATE 7 2032 SSBFabc 0
EBS_SKATE 7 2032 SSBFofl 0
EBS_SKATE 7 2032 SSBLCI 58178.3
EBS_SKATE 7 2032 SSBUCI 65202
EBS_SKATE 7 2032 SSBMedian 61166.6
EBS_SKATE 7 2032 SSBMean 61387.2
EBS_SKATE 7 2033 SSBF100 178425
EBS_SKATE 7 2033 SSBFabc 0
EBS_SKATE 7 2033 SSBFofl 0
EBS_SKATE 7 2033 SSBLCI 56712.5
EBS_SKATE 7 2033 SSBUCI 66020.7
EBS_SKATE 7 2033 SSBMedian 60863.3
EBS_SKATE 7 2033 SSBMean 61100.3
EBS_SKATE 7 2034 SSBF100 178425
EBS_SKATE 7 2034 SSBFabc 0
EBS_SKATE 7 2034 SSBFofl 0
EBS_SKATE 7 2034 SSBLCI 55839.9
EBS_SKATE 7 2034 SSBUCI 67370.2
EBS_SKATE 7 2034 SSBMedian 60805.2
EBS_SKATE 7 2034 SSBMean 61112.2
EBS_SKATE 7 2020 F0 0 
EBS_SKATE 7 2020 Fabc 0.079212
EBS_SKATE 7 2020 Fofl 0.0925522
EBS_SKATE 7 2020  F_LCI 0.033203
EBS_SKATE 7 2020  F_UCI 0.033203
EBS_SKATE 7 2020  F_Median 0.033203
EBS_SKATE 7 2020  F_Mean 0.033203
EBS_SKATE 7 2021 F0 0 
EBS_SKATE 7 2021 Fabc 0.079212
EBS_SKATE 7 2021 Fofl 0.0925522
EBS_SKATE 7 2021  F_LCI 0.079212
EBS_SKATE 7 2021  F_UCI 0.079212
EBS_SKATE 7 2021  F_Median 0.079212
EBS_SKATE 7 2021  F_Mean 0.079212
EBS_SKATE 7 2022 F0 0 
EBS_SKATE 7 2022 Fabc 0.079212
EBS_SKATE 7 2022 Fofl 0.0925522
EBS_SKATE 7 2022  F_LCI 0.079212
EBS_SKATE 7 2022  F_UCI 0.079212
EBS_SKATE 7 2022  F_Median 0.079212
EBS_SKATE 7 2022  F_Mean 0.079212
EBS_SKATE 7 2023 F0 0 
EBS_SKATE 7 2023 Fabc 0.079212
EBS_SKATE 7 2023 Fofl 0.0925522
EBS_SKATE 7 2023  F_LCI 0.0925522
EBS_SKATE 7 2023  F_UCI 0.0925522
EBS_SKATE 7 2023  F_Median 0.0925522
EBS_SKATE 7 2023  F_Mean 0.0925522
EBS_SKATE 7 2024 F0 0 
EBS_SKATE 7 2024 Fabc 0.079212
EBS_SKATE 7 2024 Fofl 0.0925522
EBS_SKATE 7 2024  F_LCI 0.0925522
EBS_SKATE 7 2024  F_UCI 0.0925522
EBS_SKATE 7 2024  F_Median 0.0925522
EBS_SKATE 7 2024  F_Mean 0.0925522
EBS_SKATE 7 2025 F0 0 
EBS_SKATE 7 2025 Fabc 0.079212
EBS_SKATE 7 2025 Fofl 0.0925522
EBS_SKATE 7 2025  F_LCI 0.0925522
EBS_SKATE 7 2025  F_UCI 0.0925522
EBS_SKATE 7 2025  F_Median 0.0925522
EBS_SKATE 7 2025  F_Mean 0.0925522
EBS_SKATE 7 2026 F0 0 
EBS_SKATE 7 2026 Fabc 0.079212
EBS_SKATE 7 2026 Fofl 0.0925522
EBS_SKATE 7 2026  F_LCI 0.0925522
EBS_SKATE 7 2026  F_UCI 0.0925522
EBS_SKATE 7 2026  F_Median 0.0925522
EBS_SKATE 7 2026  F_Mean 0.0925522
EBS_SKATE 7 2027 F0 0 
EBS_SKATE 7 2027 Fabc 0.079212
EBS_SKATE 7 2027 Fofl 0.0925522
EBS_SKATE 7 2027  F_LCI 0.0925522
EBS_SKATE 7 2027  F_UCI 0.0925522
EBS_SKATE 7 2027  F_Median 0.0925522
EBS_SKATE 7 2027  F_Mean 0.0925522
EBS_SKATE 7 2028 F0 0 
EBS_SKATE 7 2028 Fabc 0.079212
EBS_SKATE 7 2028 Fofl 0.0925522
EBS_SKATE 7 2028  F_LCI 0.0925522
EBS_SKATE 7 2028  F_UCI 0.0925522
EBS_SKATE 7 2028  F_Median 0.0925522
EBS_SKATE 7 2028  F_Mean 0.0925522
EBS_SKATE 7 2029 F0 0 
EBS_SKATE 7 2029 Fabc 0.079212
EBS_SKATE 7 2029 Fofl 0.0925522
EBS_SKATE 7 2029  F_LCI 0.0925522
EBS_SKATE 7 2029  F_UCI 0.0925522
EBS_SKATE 7 2029  F_Median 0.0925522
EBS_SKATE 7 2029  F_Mean 0.0925522
EBS_SKATE 7 2030 F0 0 
EBS_SKATE 7 2030 Fabc 0.079212
EBS_SKATE 7 2030 Fofl 0.0925522
EBS_SKATE 7 2030  F_LCI 0.0925522
EBS_SKATE 7 2030  F_UCI 0.0925522
EBS_SKATE 7 2030  F_Median 0.0925522
EBS_SKATE 7 2030  F_Mean 0.0925522
EBS_SKATE 7 2031 F0 0 
EBS_SKATE 7 2031 Fabc 0.079212
EBS_SKATE 7 2031 Fofl 0.0925522
EBS_SKATE 7 2031  F_LCI 0.0925522
EBS_SKATE 7 2031  F_UCI 0.0925522
EBS_SKATE 7 2031  F_Median 0.0925522
EBS_SKATE 7 2031  F_Mean 0.0925522
EBS_SKATE 7 2032 F0 0 
EBS_SKATE 7 2032 Fabc 0.079212
EBS_SKATE 7 2032 Fofl 0.0925522
EBS_SKATE 7 2032  F_LCI 0.0925522
EBS_SKATE 7 2032  F_UCI 0.0925522
EBS_SKATE 7 2032  F_Median 0.0925522
EBS_SKATE 7 2032  F_Mean 0.0925522
EBS_SKATE 7 2033 F0 0 
EBS_SKATE 7 2033 Fabc 0.079212
EBS_SKATE 7 2033 Fofl 0.0925522
EBS_SKATE 7 2033  F_LCI 0.0925522
EBS_SKATE 7 2033  F_UCI 0.0925522
EBS_SKATE 7 2033  F_Median 0.0925522
EBS_SKATE 7 2033  F_Mean 0.0925522
EBS_SKATE 7 2034 F0 0 
EBS_SKATE 7 2034 Fabc 0.079212
EBS_SKATE 7 2034 Fofl 0.0925522
EBS_SKATE 7 2034  F_LCI 0.0925522
EBS_SKATE 7 2034  F_UCI 0.0925522
EBS_SKATE 7 2034  F_Median 0.0925522
EBS_SKATE 7 2034  F_Mean 0.0925522
