EBS_SKATE 1 2023 Cabc 24130.7
EBS_SKATE 1 2023 Cofl 25878.4
EBS_SKATE 1 2023 CLCI 21481
EBS_SKATE 1 2023 CUCI 21481
EBS_SKATE 1 2023 CMedian 21481
EBS_SKATE 1 2023 CMean 21481
EBS_SKATE 1 2023 CStdn 2.91038e-11
EBS_SKATE 1 2024 Cabc 24130.7
EBS_SKATE 1 2024 Cofl 25878.4
EBS_SKATE 1 2024 CLCI 27836.6
EBS_SKATE 1 2024 CUCI 27836.6
EBS_SKATE 1 2024 CMedian 27836.6
EBS_SKATE 1 2024 CMean 27836.6
EBS_SKATE 1 2024 CStdn 5.82077e-11
EBS_SKATE 1 2025 Cabc 24130.7
EBS_SKATE 1 2025 Cofl 25878.4
EBS_SKATE 1 2025 CLCI 26656.7
EBS_SKATE 1 2025 CUCI 26675.2
EBS_SKATE 1 2025 CMedian 26664.2
EBS_SKATE 1 2025 CMean 26665.3
EBS_SKATE 1 2025 CStdn 6.04613
EBS_SKATE 1 2026 Cabc 24130.7
EBS_SKATE 1 2026 Cofl 25878.4
EBS_SKATE 1 2026 CLCI 25944.3
EBS_SKATE 1 2026 CUCI 26008.9
EBS_SKATE 1 2026 CMedian 25970.7
EBS_SKATE 1 2026 CMean 25974.6
EBS_SKATE 1 2026 CStdn 21.1272
EBS_SKATE 1 2027 Cabc 24130.7
EBS_SKATE 1 2027 Cofl 25878.4
EBS_SKATE 1 2027 CLCI 25528.4
EBS_SKATE 1 2027 CUCI 25710.1
EBS_SKATE 1 2027 CMedian 25605.3
EBS_SKATE 1 2027 CMean 25616.1
EBS_SKATE 1 2027 CStdn 62.0823
EBS_SKATE 1 2028 Cabc 24130.7
EBS_SKATE 1 2028 Cofl 25878.4
EBS_SKATE 1 2028 CLCI 25204.2
EBS_SKATE 1 2028 CUCI 25657.7
EBS_SKATE 1 2028 CMedian 25392.8
EBS_SKATE 1 2028 CMean 25416.2
EBS_SKATE 1 2028 CStdn 151.328
EBS_SKATE 1 2029 Cabc 24130.7
EBS_SKATE 1 2029 Cofl 25878.4
EBS_SKATE 1 2029 CLCI 24830.7
EBS_SKATE 1 2029 CUCI 25751.4
EBS_SKATE 1 2029 CMedian 25207.2
EBS_SKATE 1 2029 CMean 25252.8
EBS_SKATE 1 2029 CStdn 299.932
EBS_SKATE 1 2030 Cabc 24130.7
EBS_SKATE 1 2030 Cofl 25878.4
EBS_SKATE 1 2030 CLCI 24389.1
EBS_SKATE 1 2030 CUCI 25868.2
EBS_SKATE 1 2030 CMedian 25000.8
EBS_SKATE 1 2030 CMean 25078.2
EBS_SKATE 1 2030 CStdn 494.953
EBS_SKATE 1 2031 Cabc 24130.7
EBS_SKATE 1 2031 Cofl 25878.4
EBS_SKATE 1 2031 CLCI 23850.3
EBS_SKATE 1 2031 CUCI 25982.5
EBS_SKATE 1 2031 CMedian 24847.1
EBS_SKATE 1 2031 CMean 24895.2
EBS_SKATE 1 2031 CStdn 703.628
EBS_SKATE 1 2032 Cabc 24130.7
EBS_SKATE 1 2032 Cofl 25878.4
EBS_SKATE 1 2032 CLCI 23400.1
EBS_SKATE 1 2032 CUCI 26033.6
EBS_SKATE 1 2032 CMedian 24683.9
EBS_SKATE 1 2032 CMean 24724.3
EBS_SKATE 1 2032 CStdn 899.661
EBS_SKATE 1 2033 Cabc 24130.7
EBS_SKATE 1 2033 Cofl 25878.4
EBS_SKATE 1 2033 CLCI 23040.4
EBS_SKATE 1 2033 CUCI 26025.8
EBS_SKATE 1 2033 CMedian 24492.9
EBS_SKATE 1 2033 CMean 24585.8
EBS_SKATE 1 2033 CStdn 1073.84
EBS_SKATE 1 2034 Cabc 24130.7
EBS_SKATE 1 2034 Cofl 25878.4
EBS_SKATE 1 2034 CLCI 22734.9
EBS_SKATE 1 2034 CUCI 26460.5
EBS_SKATE 1 2034 CMedian 24398.8
EBS_SKATE 1 2034 CMean 24488.5
EBS_SKATE 1 2034 CStdn 1223.44
EBS_SKATE 1 2035 Cabc 24130.7
EBS_SKATE 1 2035 Cofl 25878.4
EBS_SKATE 1 2035 CLCI 22442.2
EBS_SKATE 1 2035 CUCI 26644.8
EBS_SKATE 1 2035 CMedian 24333.9
EBS_SKATE 1 2035 CMean 24401.2
EBS_SKATE 1 2035 CStdn 1377.7
EBS_SKATE 1 2036 Cabc 24130.7
EBS_SKATE 1 2036 Cofl 25878.4
EBS_SKATE 1 2036 CLCI 22042.6
EBS_SKATE 1 2036 CUCI 26790.1
EBS_SKATE 1 2036 CMedian 24234.6
EBS_SKATE 1 2036 CMean 24278.2
EBS_SKATE 1 2036 CStdn 1560.86
EBS_SKATE 1 2023 SSBF100 172881
EBS_SKATE 1 2023 SSBFabc 69152.4
EBS_SKATE 1 2023 SSBFofl 60508.3
EBS_SKATE 1 2023 SSBLCI 112198
EBS_SKATE 1 2023 SSBUCI 112198
EBS_SKATE 1 2023 SSBMedian 112198
EBS_SKATE 1 2023 SSBMean 112198
EBS_SKATE 1 2024 SSBF100 172881
EBS_SKATE 1 2024 SSBFabc 69152.4
EBS_SKATE 1 2024 SSBFofl 60508.3
EBS_SKATE 1 2024 SSBLCI 106073
EBS_SKATE 1 2024 SSBUCI 106073
EBS_SKATE 1 2024 SSBMedian 106073
EBS_SKATE 1 2024 SSBMean 106073
EBS_SKATE 1 2025 SSBF100 172881
EBS_SKATE 1 2025 SSBFabc 69152.4
EBS_SKATE 1 2025 SSBFofl 60508.3
EBS_SKATE 1 2025 SSBLCI 98442.9
EBS_SKATE 1 2025 SSBUCI 98442.9
EBS_SKATE 1 2025 SSBMedian 98442.9
EBS_SKATE 1 2025 SSBMean 98442.9
EBS_SKATE 1 2026 SSBF100 172881
EBS_SKATE 1 2026 SSBFabc 69152.4
EBS_SKATE 1 2026 SSBFofl 60508.3
EBS_SKATE 1 2026 SSBLCI 91144.5
EBS_SKATE 1 2026 SSBUCI 91144.5
EBS_SKATE 1 2026 SSBMedian 91144.5
EBS_SKATE 1 2026 SSBMean 91144.5
EBS_SKATE 1 2027 SSBF100 172881
EBS_SKATE 1 2027 SSBFabc 69152.4
EBS_SKATE 1 2027 SSBFofl 60508.3
EBS_SKATE 1 2027 SSBLCI 84716
EBS_SKATE 1 2027 SSBUCI 84716
EBS_SKATE 1 2027 SSBMedian 84716
EBS_SKATE 1 2027 SSBMean 84716
EBS_SKATE 1 2028 SSBF100 172881
EBS_SKATE 1 2028 SSBFabc 69152.4
EBS_SKATE 1 2028 SSBFofl 60508.3
EBS_SKATE 1 2028 SSBLCI 79665.2
EBS_SKATE 1 2028 SSBUCI 79665.2
EBS_SKATE 1 2028 SSBMedian 79665.2
EBS_SKATE 1 2028 SSBMean 79665.2
EBS_SKATE 1 2029 SSBF100 172881
EBS_SKATE 1 2029 SSBFabc 69152.4
EBS_SKATE 1 2029 SSBFofl 60508.3
EBS_SKATE 1 2029 SSBLCI 76270.7
EBS_SKATE 1 2029 SSBUCI 76270.7
EBS_SKATE 1 2029 SSBMedian 76270.7
EBS_SKATE 1 2029 SSBMean 76270.7
EBS_SKATE 1 2030 SSBF100 172881
EBS_SKATE 1 2030 SSBFabc 69152.4
EBS_SKATE 1 2030 SSBFofl 60508.3
EBS_SKATE 1 2030 SSBLCI 74385.1
EBS_SKATE 1 2030 SSBUCI 74430.8
EBS_SKATE 1 2030 SSBMedian 74403.8
EBS_SKATE 1 2030 SSBMean 74406.4
EBS_SKATE 1 2031 SSBF100 172881
EBS_SKATE 1 2031 SSBFabc 69152.4
EBS_SKATE 1 2031 SSBFofl 60508.3
EBS_SKATE 1 2031 SSBLCI 73403.8
EBS_SKATE 1 2031 SSBUCI 73686.4
EBS_SKATE 1 2031 SSBMedian 73518.7
EBS_SKATE 1 2031 SSBMean 73536.4
EBS_SKATE 1 2032 SSBF100 172881
EBS_SKATE 1 2032 SSBFabc 69152.4
EBS_SKATE 1 2032 SSBFofl 60508.3
EBS_SKATE 1 2032 SSBLCI 72584.2
EBS_SKATE 1 2032 SSBUCI 73579.2
EBS_SKATE 1 2032 SSBMedian 73001.9
EBS_SKATE 1 2032 SSBMean 73051.7
EBS_SKATE 1 2033 SSBF100 172881
EBS_SKATE 1 2033 SSBFabc 69152.4
EBS_SKATE 1 2033 SSBFofl 60508.3
EBS_SKATE 1 2033 SSBLCI 71489.6
EBS_SKATE 1 2033 SSBUCI 73794.3
EBS_SKATE 1 2033 SSBMedian 72445.1
EBS_SKATE 1 2033 SSBMean 72571.5
EBS_SKATE 1 2034 SSBF100 172881
EBS_SKATE 1 2034 SSBFabc 69152.4
EBS_SKATE 1 2034 SSBFofl 60508.3
EBS_SKATE 1 2034 SSBLCI 70071
EBS_SKATE 1 2034 SSBUCI 74241.7
EBS_SKATE 1 2034 SSBMedian 71747.5
EBS_SKATE 1 2034 SSBMean 72002.7
EBS_SKATE 1 2035 SSBF100 172881
EBS_SKATE 1 2035 SSBFabc 69152.4
EBS_SKATE 1 2035 SSBFofl 60508.3
EBS_SKATE 1 2035 SSBLCI 68455.3
EBS_SKATE 1 2035 SSBUCI 74568
EBS_SKATE 1 2035 SSBMedian 71216.3
EBS_SKATE 1 2035 SSBMean 71411.5
EBS_SKATE 1 2036 SSBF100 172881
EBS_SKATE 1 2036 SSBFabc 69152.4
EBS_SKATE 1 2036 SSBFofl 60508.3
EBS_SKATE 1 2036 SSBLCI 67185.1
EBS_SKATE 1 2036 SSBUCI 74728.6
EBS_SKATE 1 2036 SSBMedian 70741.9
EBS_SKATE 1 2036 SSBMean 70885.5
EBS_SKATE 1 2023 F0 0 
EBS_SKATE 1 2023 Fabc 0.0798249
EBS_SKATE 1 2023 Fofl 0.0931403
EBS_SKATE 1 2023  F_LCI 0.0586214
EBS_SKATE 1 2023  F_UCI 0.0586214
EBS_SKATE 1 2023  F_Median 0.0586214
EBS_SKATE 1 2023  F_Mean 0.0586214
EBS_SKATE 1 2024 F0 0 
EBS_SKATE 1 2024 Fabc 0.0798249
EBS_SKATE 1 2024 Fofl 0.0931403
EBS_SKATE 1 2024  F_LCI 0.0798249
EBS_SKATE 1 2024  F_UCI 0.0798249
EBS_SKATE 1 2024  F_Median 0.0798249
EBS_SKATE 1 2024  F_Mean 0.0798249
EBS_SKATE 1 2025 F0 0 
EBS_SKATE 1 2025 Fabc 0.0798249
EBS_SKATE 1 2025 Fofl 0.0931403
EBS_SKATE 1 2025  F_LCI 0.0798249
EBS_SKATE 1 2025  F_UCI 0.0798249
EBS_SKATE 1 2025  F_Median 0.0798249
EBS_SKATE 1 2025  F_Mean 0.0798249
EBS_SKATE 1 2026 F0 0 
EBS_SKATE 1 2026 Fabc 0.0798249
EBS_SKATE 1 2026 Fofl 0.0931403
EBS_SKATE 1 2026  F_LCI 0.0798249
EBS_SKATE 1 2026  F_UCI 0.0798249
EBS_SKATE 1 2026  F_Median 0.0798249
EBS_SKATE 1 2026  F_Mean 0.0798249
EBS_SKATE 1 2027 F0 0 
EBS_SKATE 1 2027 Fabc 0.0798249
EBS_SKATE 1 2027 Fofl 0.0931403
EBS_SKATE 1 2027  F_LCI 0.0798249
EBS_SKATE 1 2027  F_UCI 0.0798249
EBS_SKATE 1 2027  F_Median 0.0798249
EBS_SKATE 1 2027  F_Mean 0.0798249
EBS_SKATE 1 2028 F0 0 
EBS_SKATE 1 2028 Fabc 0.0798249
EBS_SKATE 1 2028 Fofl 0.0931403
EBS_SKATE 1 2028  F_LCI 0.0798249
EBS_SKATE 1 2028  F_UCI 0.0798249
EBS_SKATE 1 2028  F_Median 0.0798249
EBS_SKATE 1 2028  F_Mean 0.0798249
EBS_SKATE 1 2029 F0 0 
EBS_SKATE 1 2029 Fabc 0.0798249
EBS_SKATE 1 2029 Fofl 0.0931403
EBS_SKATE 1 2029  F_LCI 0.0798249
EBS_SKATE 1 2029  F_UCI 0.0798249
EBS_SKATE 1 2029  F_Median 0.0798249
EBS_SKATE 1 2029  F_Mean 0.0798249
EBS_SKATE 1 2030 F0 0 
EBS_SKATE 1 2030 Fabc 0.0798249
EBS_SKATE 1 2030 Fofl 0.0931403
EBS_SKATE 1 2030  F_LCI 0.0798249
EBS_SKATE 1 2030  F_UCI 0.0798249
EBS_SKATE 1 2030  F_Median 0.0798249
EBS_SKATE 1 2030  F_Mean 0.0798249
EBS_SKATE 1 2031 F0 0 
EBS_SKATE 1 2031 Fabc 0.0798249
EBS_SKATE 1 2031 Fofl 0.0931403
EBS_SKATE 1 2031  F_LCI 0.0798249
EBS_SKATE 1 2031  F_UCI 0.0798249
EBS_SKATE 1 2031  F_Median 0.0798249
EBS_SKATE 1 2031  F_Mean 0.0798249
EBS_SKATE 1 2032 F0 0 
EBS_SKATE 1 2032 Fabc 0.0798249
EBS_SKATE 1 2032 Fofl 0.0931403
EBS_SKATE 1 2032  F_LCI 0.0798249
EBS_SKATE 1 2032  F_UCI 0.0798249
EBS_SKATE 1 2032  F_Median 0.0798249
EBS_SKATE 1 2032  F_Mean 0.0798249
EBS_SKATE 1 2033 F0 0 
EBS_SKATE 1 2033 Fabc 0.0798249
EBS_SKATE 1 2033 Fofl 0.0931403
EBS_SKATE 1 2033  F_LCI 0.0798249
EBS_SKATE 1 2033  F_UCI 0.0798249
EBS_SKATE 1 2033  F_Median 0.0798249
EBS_SKATE 1 2033  F_Mean 0.0798249
EBS_SKATE 1 2034 F0 0 
EBS_SKATE 1 2034 Fabc 0.0798249
EBS_SKATE 1 2034 Fofl 0.0931403
EBS_SKATE 1 2034  F_LCI 0.0798249
EBS_SKATE 1 2034  F_UCI 0.0798249
EBS_SKATE 1 2034  F_Median 0.0798249
EBS_SKATE 1 2034  F_Mean 0.0798249
EBS_SKATE 1 2035 F0 0 
EBS_SKATE 1 2035 Fabc 0.0798249
EBS_SKATE 1 2035 Fofl 0.0931403
EBS_SKATE 1 2035  F_LCI 0.0789778
EBS_SKATE 1 2035  F_UCI 0.0798249
EBS_SKATE 1 2035  F_Median 0.0798249
EBS_SKATE 1 2035  F_Mean 0.0797238
EBS_SKATE 1 2036 F0 0 
EBS_SKATE 1 2036 Fabc 0.0798249
EBS_SKATE 1 2036 Fofl 0.0931403
EBS_SKATE 1 2036  F_LCI 0.0774343
EBS_SKATE 1 2036  F_UCI 0.0798249
EBS_SKATE 1 2036  F_Median 0.0798249
EBS_SKATE 1 2036  F_Mean 0.0793949
EBS_SKATE 2 2023 Cabc 24130.7
EBS_SKATE 2 2023 Cofl 25878.4
EBS_SKATE 2 2023 CLCI 21481
EBS_SKATE 2 2023 CUCI 21481
EBS_SKATE 2 2023 CMedian 21481
EBS_SKATE 2 2023 CMean 21481
EBS_SKATE 2 2023 CStdn 2.91038e-11
EBS_SKATE 2 2024 Cabc 24130.7
EBS_SKATE 2 2024 Cofl 25878.4
EBS_SKATE 2 2024 CLCI 27836.6
EBS_SKATE 2 2024 CUCI 27836.6
EBS_SKATE 2 2024 CMedian 27836.6
EBS_SKATE 2 2024 CMean 27836.6
EBS_SKATE 2 2024 CStdn 5.82077e-11
EBS_SKATE 2 2025 Cabc 24130.7
EBS_SKATE 2 2025 Cofl 25878.4
EBS_SKATE 2 2025 CLCI 26656.7
EBS_SKATE 2 2025 CUCI 26675.2
EBS_SKATE 2 2025 CMedian 26664.2
EBS_SKATE 2 2025 CMean 26665.3
EBS_SKATE 2 2025 CStdn 6.04613
EBS_SKATE 2 2026 Cabc 24130.7
EBS_SKATE 2 2026 Cofl 25878.4
EBS_SKATE 2 2026 CLCI 25944.3
EBS_SKATE 2 2026 CUCI 26008.9
EBS_SKATE 2 2026 CMedian 25970.7
EBS_SKATE 2 2026 CMean 25974.6
EBS_SKATE 2 2026 CStdn 21.1272
EBS_SKATE 2 2027 Cabc 24130.7
EBS_SKATE 2 2027 Cofl 25878.4
EBS_SKATE 2 2027 CLCI 25528.4
EBS_SKATE 2 2027 CUCI 25710.1
EBS_SKATE 2 2027 CMedian 25605.3
EBS_SKATE 2 2027 CMean 25616.1
EBS_SKATE 2 2027 CStdn 62.0823
EBS_SKATE 2 2028 Cabc 24130.7
EBS_SKATE 2 2028 Cofl 25878.4
EBS_SKATE 2 2028 CLCI 25204.2
EBS_SKATE 2 2028 CUCI 25657.7
EBS_SKATE 2 2028 CMedian 25392.8
EBS_SKATE 2 2028 CMean 25416.2
EBS_SKATE 2 2028 CStdn 151.328
EBS_SKATE 2 2029 Cabc 24130.7
EBS_SKATE 2 2029 Cofl 25878.4
EBS_SKATE 2 2029 CLCI 24830.7
EBS_SKATE 2 2029 CUCI 25751.4
EBS_SKATE 2 2029 CMedian 25207.2
EBS_SKATE 2 2029 CMean 25252.8
EBS_SKATE 2 2029 CStdn 299.932
EBS_SKATE 2 2030 Cabc 24130.7
EBS_SKATE 2 2030 Cofl 25878.4
EBS_SKATE 2 2030 CLCI 24389.1
EBS_SKATE 2 2030 CUCI 25868.2
EBS_SKATE 2 2030 CMedian 25000.8
EBS_SKATE 2 2030 CMean 25078.2
EBS_SKATE 2 2030 CStdn 494.953
EBS_SKATE 2 2031 Cabc 24130.7
EBS_SKATE 2 2031 Cofl 25878.4
EBS_SKATE 2 2031 CLCI 23850.3
EBS_SKATE 2 2031 CUCI 25982.5
EBS_SKATE 2 2031 CMedian 24847.1
EBS_SKATE 2 2031 CMean 24895.2
EBS_SKATE 2 2031 CStdn 703.628
EBS_SKATE 2 2032 Cabc 24130.7
EBS_SKATE 2 2032 Cofl 25878.4
EBS_SKATE 2 2032 CLCI 23400.1
EBS_SKATE 2 2032 CUCI 26033.6
EBS_SKATE 2 2032 CMedian 24683.9
EBS_SKATE 2 2032 CMean 24724.3
EBS_SKATE 2 2032 CStdn 899.661
EBS_SKATE 2 2033 Cabc 24130.7
EBS_SKATE 2 2033 Cofl 25878.4
EBS_SKATE 2 2033 CLCI 23040.4
EBS_SKATE 2 2033 CUCI 26025.8
EBS_SKATE 2 2033 CMedian 24492.9
EBS_SKATE 2 2033 CMean 24585.8
EBS_SKATE 2 2033 CStdn 1073.84
EBS_SKATE 2 2034 Cabc 24130.7
EBS_SKATE 2 2034 Cofl 25878.4
EBS_SKATE 2 2034 CLCI 22734.9
EBS_SKATE 2 2034 CUCI 26460.5
EBS_SKATE 2 2034 CMedian 24398.8
EBS_SKATE 2 2034 CMean 24488.5
EBS_SKATE 2 2034 CStdn 1223.44
EBS_SKATE 2 2035 Cabc 24130.7
EBS_SKATE 2 2035 Cofl 25878.4
EBS_SKATE 2 2035 CLCI 22442.2
EBS_SKATE 2 2035 CUCI 26644.8
EBS_SKATE 2 2035 CMedian 24333.9
EBS_SKATE 2 2035 CMean 24401.2
EBS_SKATE 2 2035 CStdn 1377.7
EBS_SKATE 2 2036 Cabc 24130.7
EBS_SKATE 2 2036 Cofl 25878.4
EBS_SKATE 2 2036 CLCI 22042.6
EBS_SKATE 2 2036 CUCI 26790.1
EBS_SKATE 2 2036 CMedian 24234.6
EBS_SKATE 2 2036 CMean 24278.2
EBS_SKATE 2 2036 CStdn 1560.86
EBS_SKATE 2 2023 SSBF100 172881
EBS_SKATE 2 2023 SSBFabc 69152.4
EBS_SKATE 2 2023 SSBFofl 60508.3
EBS_SKATE 2 2023 SSBLCI 112198
EBS_SKATE 2 2023 SSBUCI 112198
EBS_SKATE 2 2023 SSBMedian 112198
EBS_SKATE 2 2023 SSBMean 112198
EBS_SKATE 2 2024 SSBF100 172881
EBS_SKATE 2 2024 SSBFabc 69152.4
EBS_SKATE 2 2024 SSBFofl 60508.3
EBS_SKATE 2 2024 SSBLCI 106073
EBS_SKATE 2 2024 SSBUCI 106073
EBS_SKATE 2 2024 SSBMedian 106073
EBS_SKATE 2 2024 SSBMean 106073
EBS_SKATE 2 2025 SSBF100 172881
EBS_SKATE 2 2025 SSBFabc 69152.4
EBS_SKATE 2 2025 SSBFofl 60508.3
EBS_SKATE 2 2025 SSBLCI 98442.9
EBS_SKATE 2 2025 SSBUCI 98442.9
EBS_SKATE 2 2025 SSBMedian 98442.9
EBS_SKATE 2 2025 SSBMean 98442.9
EBS_SKATE 2 2026 SSBF100 172881
EBS_SKATE 2 2026 SSBFabc 69152.4
EBS_SKATE 2 2026 SSBFofl 60508.3
EBS_SKATE 2 2026 SSBLCI 91144.5
EBS_SKATE 2 2026 SSBUCI 91144.5
EBS_SKATE 2 2026 SSBMedian 91144.5
EBS_SKATE 2 2026 SSBMean 91144.5
EBS_SKATE 2 2027 SSBF100 172881
EBS_SKATE 2 2027 SSBFabc 69152.4
EBS_SKATE 2 2027 SSBFofl 60508.3
EBS_SKATE 2 2027 SSBLCI 84716
EBS_SKATE 2 2027 SSBUCI 84716
EBS_SKATE 2 2027 SSBMedian 84716
EBS_SKATE 2 2027 SSBMean 84716
EBS_SKATE 2 2028 SSBF100 172881
EBS_SKATE 2 2028 SSBFabc 69152.4
EBS_SKATE 2 2028 SSBFofl 60508.3
EBS_SKATE 2 2028 SSBLCI 79665.2
EBS_SKATE 2 2028 SSBUCI 79665.2
EBS_SKATE 2 2028 SSBMedian 79665.2
EBS_SKATE 2 2028 SSBMean 79665.2
EBS_SKATE 2 2029 SSBF100 172881
EBS_SKATE 2 2029 SSBFabc 69152.4
EBS_SKATE 2 2029 SSBFofl 60508.3
EBS_SKATE 2 2029 SSBLCI 76270.7
EBS_SKATE 2 2029 SSBUCI 76270.7
EBS_SKATE 2 2029 SSBMedian 76270.7
EBS_SKATE 2 2029 SSBMean 76270.7
EBS_SKATE 2 2030 SSBF100 172881
EBS_SKATE 2 2030 SSBFabc 69152.4
EBS_SKATE 2 2030 SSBFofl 60508.3
EBS_SKATE 2 2030 SSBLCI 74385.1
EBS_SKATE 2 2030 SSBUCI 74430.8
EBS_SKATE 2 2030 SSBMedian 74403.8
EBS_SKATE 2 2030 SSBMean 74406.4
EBS_SKATE 2 2031 SSBF100 172881
EBS_SKATE 2 2031 SSBFabc 69152.4
EBS_SKATE 2 2031 SSBFofl 60508.3
EBS_SKATE 2 2031 SSBLCI 73403.8
EBS_SKATE 2 2031 SSBUCI 73686.4
EBS_SKATE 2 2031 SSBMedian 73518.7
EBS_SKATE 2 2031 SSBMean 73536.4
EBS_SKATE 2 2032 SSBF100 172881
EBS_SKATE 2 2032 SSBFabc 69152.4
EBS_SKATE 2 2032 SSBFofl 60508.3
EBS_SKATE 2 2032 SSBLCI 72584.2
EBS_SKATE 2 2032 SSBUCI 73579.2
EBS_SKATE 2 2032 SSBMedian 73001.9
EBS_SKATE 2 2032 SSBMean 73051.7
EBS_SKATE 2 2033 SSBF100 172881
EBS_SKATE 2 2033 SSBFabc 69152.4
EBS_SKATE 2 2033 SSBFofl 60508.3
EBS_SKATE 2 2033 SSBLCI 71489.6
EBS_SKATE 2 2033 SSBUCI 73794.3
EBS_SKATE 2 2033 SSBMedian 72445.1
EBS_SKATE 2 2033 SSBMean 72571.5
EBS_SKATE 2 2034 SSBF100 172881
EBS_SKATE 2 2034 SSBFabc 69152.4
EBS_SKATE 2 2034 SSBFofl 60508.3
EBS_SKATE 2 2034 SSBLCI 70071
EBS_SKATE 2 2034 SSBUCI 74241.7
EBS_SKATE 2 2034 SSBMedian 71747.5
EBS_SKATE 2 2034 SSBMean 72002.7
EBS_SKATE 2 2035 SSBF100 172881
EBS_SKATE 2 2035 SSBFabc 69152.4
EBS_SKATE 2 2035 SSBFofl 60508.3
EBS_SKATE 2 2035 SSBLCI 68455.3
EBS_SKATE 2 2035 SSBUCI 74568
EBS_SKATE 2 2035 SSBMedian 71216.3
EBS_SKATE 2 2035 SSBMean 71411.5
EBS_SKATE 2 2036 SSBF100 172881
EBS_SKATE 2 2036 SSBFabc 69152.4
EBS_SKATE 2 2036 SSBFofl 60508.3
EBS_SKATE 2 2036 SSBLCI 67185.1
EBS_SKATE 2 2036 SSBUCI 74728.6
EBS_SKATE 2 2036 SSBMedian 70741.9
EBS_SKATE 2 2036 SSBMean 70885.5
EBS_SKATE 2 2023 F0 0 
EBS_SKATE 2 2023 Fabc 0.0798249
EBS_SKATE 2 2023 Fofl 0.0931403
EBS_SKATE 2 2023  F_LCI 0.0586214
EBS_SKATE 2 2023  F_UCI 0.0586214
EBS_SKATE 2 2023  F_Median 0.0586214
EBS_SKATE 2 2023  F_Mean 0.0586214
EBS_SKATE 2 2024 F0 0 
EBS_SKATE 2 2024 Fabc 0.0798249
EBS_SKATE 2 2024 Fofl 0.0931403
EBS_SKATE 2 2024  F_LCI 0.0798249
EBS_SKATE 2 2024  F_UCI 0.0798249
EBS_SKATE 2 2024  F_Median 0.0798249
EBS_SKATE 2 2024  F_Mean 0.0798249
EBS_SKATE 2 2025 F0 0 
EBS_SKATE 2 2025 Fabc 0.0798249
EBS_SKATE 2 2025 Fofl 0.0931403
EBS_SKATE 2 2025  F_LCI 0.0798249
EBS_SKATE 2 2025  F_UCI 0.0798249
EBS_SKATE 2 2025  F_Median 0.0798249
EBS_SKATE 2 2025  F_Mean 0.0798249
EBS_SKATE 2 2026 F0 0 
EBS_SKATE 2 2026 Fabc 0.0798249
EBS_SKATE 2 2026 Fofl 0.0931403
EBS_SKATE 2 2026  F_LCI 0.0798249
EBS_SKATE 2 2026  F_UCI 0.0798249
EBS_SKATE 2 2026  F_Median 0.0798249
EBS_SKATE 2 2026  F_Mean 0.0798249
EBS_SKATE 2 2027 F0 0 
EBS_SKATE 2 2027 Fabc 0.0798249
EBS_SKATE 2 2027 Fofl 0.0931403
EBS_SKATE 2 2027  F_LCI 0.0798249
EBS_SKATE 2 2027  F_UCI 0.0798249
EBS_SKATE 2 2027  F_Median 0.0798249
EBS_SKATE 2 2027  F_Mean 0.0798249
EBS_SKATE 2 2028 F0 0 
EBS_SKATE 2 2028 Fabc 0.0798249
EBS_SKATE 2 2028 Fofl 0.0931403
EBS_SKATE 2 2028  F_LCI 0.0798249
EBS_SKATE 2 2028  F_UCI 0.0798249
EBS_SKATE 2 2028  F_Median 0.0798249
EBS_SKATE 2 2028  F_Mean 0.0798249
EBS_SKATE 2 2029 F0 0 
EBS_SKATE 2 2029 Fabc 0.0798249
EBS_SKATE 2 2029 Fofl 0.0931403
EBS_SKATE 2 2029  F_LCI 0.0798249
EBS_SKATE 2 2029  F_UCI 0.0798249
EBS_SKATE 2 2029  F_Median 0.0798249
EBS_SKATE 2 2029  F_Mean 0.0798249
EBS_SKATE 2 2030 F0 0 
EBS_SKATE 2 2030 Fabc 0.0798249
EBS_SKATE 2 2030 Fofl 0.0931403
EBS_SKATE 2 2030  F_LCI 0.0798249
EBS_SKATE 2 2030  F_UCI 0.0798249
EBS_SKATE 2 2030  F_Median 0.0798249
EBS_SKATE 2 2030  F_Mean 0.0798249
EBS_SKATE 2 2031 F0 0 
EBS_SKATE 2 2031 Fabc 0.0798249
EBS_SKATE 2 2031 Fofl 0.0931403
EBS_SKATE 2 2031  F_LCI 0.0798249
EBS_SKATE 2 2031  F_UCI 0.0798249
EBS_SKATE 2 2031  F_Median 0.0798249
EBS_SKATE 2 2031  F_Mean 0.0798249
EBS_SKATE 2 2032 F0 0 
EBS_SKATE 2 2032 Fabc 0.0798249
EBS_SKATE 2 2032 Fofl 0.0931403
EBS_SKATE 2 2032  F_LCI 0.0798249
EBS_SKATE 2 2032  F_UCI 0.0798249
EBS_SKATE 2 2032  F_Median 0.0798249
EBS_SKATE 2 2032  F_Mean 0.0798249
EBS_SKATE 2 2033 F0 0 
EBS_SKATE 2 2033 Fabc 0.0798249
EBS_SKATE 2 2033 Fofl 0.0931403
EBS_SKATE 2 2033  F_LCI 0.0798249
EBS_SKATE 2 2033  F_UCI 0.0798249
EBS_SKATE 2 2033  F_Median 0.0798249
EBS_SKATE 2 2033  F_Mean 0.0798249
EBS_SKATE 2 2034 F0 0 
EBS_SKATE 2 2034 Fabc 0.0798249
EBS_SKATE 2 2034 Fofl 0.0931403
EBS_SKATE 2 2034  F_LCI 0.0798249
EBS_SKATE 2 2034  F_UCI 0.0798249
EBS_SKATE 2 2034  F_Median 0.0798249
EBS_SKATE 2 2034  F_Mean 0.0798249
EBS_SKATE 2 2035 F0 0 
EBS_SKATE 2 2035 Fabc 0.0798249
EBS_SKATE 2 2035 Fofl 0.0931403
EBS_SKATE 2 2035  F_LCI 0.0789778
EBS_SKATE 2 2035  F_UCI 0.0798249
EBS_SKATE 2 2035  F_Median 0.0798249
EBS_SKATE 2 2035  F_Mean 0.0797238
EBS_SKATE 2 2036 F0 0 
EBS_SKATE 2 2036 Fabc 0.0798249
EBS_SKATE 2 2036 Fofl 0.0931403
EBS_SKATE 2 2036  F_LCI 0.0774343
EBS_SKATE 2 2036  F_UCI 0.0798249
EBS_SKATE 2 2036  F_Median 0.0798249
EBS_SKATE 2 2036  F_Mean 0.0793949
EBS_SKATE 3 2023 Cabc 24130.7
EBS_SKATE 3 2023 Cofl 25878.4
EBS_SKATE 3 2023 CLCI 21481
EBS_SKATE 3 2023 CUCI 21481
EBS_SKATE 3 2023 CMedian 21481
EBS_SKATE 3 2023 CMean 21481
EBS_SKATE 3 2023 CStdn 2.91038e-11
EBS_SKATE 3 2024 Cabc 24130.7
EBS_SKATE 3 2024 Cofl 25878.4
EBS_SKATE 3 2024 CLCI 146828
EBS_SKATE 3 2024 CUCI 146828
EBS_SKATE 3 2024 CMedian 146828
EBS_SKATE 3 2024 CMean 146828
EBS_SKATE 3 2024 CStdn 1.74623e-10
EBS_SKATE 3 2025 Cabc 24130.7
EBS_SKATE 3 2025 Cofl 25878.4
EBS_SKATE 3 2025 CLCI 100084
EBS_SKATE 3 2025 CUCI 100198
EBS_SKATE 3 2025 CMedian 100131
EBS_SKATE 3 2025 CMean 100137
EBS_SKATE 3 2025 CStdn 37.3942
EBS_SKATE 3 2026 Cabc 24130.7
EBS_SKATE 3 2026 Cofl 25878.4
EBS_SKATE 3 2026 CLCI 72497.3
EBS_SKATE 3 2026 CUCI 72882.8
EBS_SKATE 3 2026 CMedian 72654.7
EBS_SKATE 3 2026 CMean 72677.9
EBS_SKATE 3 2026 CStdn 126.3
EBS_SKATE 3 2027 Cabc 24130.7
EBS_SKATE 3 2027 Cofl 25878.4
EBS_SKATE 3 2027 CLCI 55655.4
EBS_SKATE 3 2027 CUCI 56705.4
EBS_SKATE 3 2027 CMedian 56094.8
EBS_SKATE 3 2027 CMean 56154.7
EBS_SKATE 3 2027 CStdn 348.815
EBS_SKATE 3 2028 Cabc 24130.7
EBS_SKATE 3 2028 Cofl 25878.4
EBS_SKATE 3 2028 CLCI 44723.5
EBS_SKATE 3 2028 CUCI 47074
EBS_SKATE 3 2028 CMedian 45690.5
EBS_SKATE 3 2028 CMean 45809.9
EBS_SKATE 3 2028 CStdn 769.199
EBS_SKATE 3 2029 Cabc 24130.7
EBS_SKATE 3 2029 Cofl 25878.4
EBS_SKATE 3 2029 CLCI 37355.2
EBS_SKATE 3 2029 CUCI 41409.5
EBS_SKATE 3 2029 CMedian 38974.4
EBS_SKATE 3 2029 CMean 39206.1
EBS_SKATE 3 2029 CStdn 1320.26
EBS_SKATE 3 2030 Cabc 24130.7
EBS_SKATE 3 2030 Cofl 25878.4
EBS_SKATE 3 2030 CLCI 32402.5
EBS_SKATE 3 2030 CUCI 37859.5
EBS_SKATE 3 2030 CMedian 34933.2
EBS_SKATE 3 2030 CMean 35080.2
EBS_SKATE 3 2030 CStdn 1829.8
EBS_SKATE 3 2031 Cabc 24130.7
EBS_SKATE 3 2031 Cofl 25878.4
EBS_SKATE 3 2031 CLCI 29418.3
EBS_SKATE 3 2031 CUCI 35627
EBS_SKATE 3 2031 CMedian 32530.7
EBS_SKATE 3 2031 CMean 32628.7
EBS_SKATE 3 2031 CStdn 2181.22
EBS_SKATE 3 2032 Cabc 24130.7
EBS_SKATE 3 2032 Cofl 25878.4
EBS_SKATE 3 2032 CLCI 27713.6
EBS_SKATE 3 2032 CUCI 35118.3
EBS_SKATE 3 2032 CMedian 31069.9
EBS_SKATE 3 2032 CMean 31265
EBS_SKATE 3 2032 CStdn 2421.11
EBS_SKATE 3 2033 Cabc 24130.7
EBS_SKATE 3 2033 Cofl 25878.4
EBS_SKATE 3 2033 CLCI 26830.7
EBS_SKATE 3 2033 CUCI 34902.5
EBS_SKATE 3 2033 CMedian 30399.9
EBS_SKATE 3 2033 CMean 30588.8
EBS_SKATE 3 2033 CStdn 2619.74
EBS_SKATE 3 2034 Cabc 24130.7
EBS_SKATE 3 2034 Cofl 25878.4
EBS_SKATE 3 2034 CLCI 26845.3
EBS_SKATE 3 2034 CUCI 34824.3
EBS_SKATE 3 2034 CMedian 29804.8
EBS_SKATE 3 2034 CMean 30307.9
EBS_SKATE 3 2034 CStdn 2746.41
EBS_SKATE 3 2035 Cabc 24130.7
EBS_SKATE 3 2035 Cofl 25878.4
EBS_SKATE 3 2035 CLCI 26491.1
EBS_SKATE 3 2035 CUCI 35333.9
EBS_SKATE 3 2035 CMedian 29619.1
EBS_SKATE 3 2035 CMean 30210.4
EBS_SKATE 3 2035 CStdn 2764.35
EBS_SKATE 3 2036 Cabc 24130.7
EBS_SKATE 3 2036 Cofl 25878.4
EBS_SKATE 3 2036 CLCI 26308.1
EBS_SKATE 3 2036 CUCI 35098.4
EBS_SKATE 3 2036 CMedian 29502.1
EBS_SKATE 3 2036 CMean 30162.8
EBS_SKATE 3 2036 CStdn 2718.77
EBS_SKATE 3 2023 SSBF100 172881
EBS_SKATE 3 2023 SSBFabc 69152.4
EBS_SKATE 3 2023 SSBFofl 60508.3
EBS_SKATE 3 2023 SSBLCI 112198
EBS_SKATE 3 2023 SSBUCI 112198
EBS_SKATE 3 2023 SSBMedian 112198
EBS_SKATE 3 2023 SSBMean 112198
EBS_SKATE 3 2024 SSBF100 172881
EBS_SKATE 3 2024 SSBFabc 69152.4
EBS_SKATE 3 2024 SSBFofl 60508.3
EBS_SKATE 3 2024 SSBLCI 90110.2
EBS_SKATE 3 2024 SSBUCI 90110.2
EBS_SKATE 3 2024 SSBMedian 90110.2
EBS_SKATE 3 2024 SSBMean 90110.2
EBS_SKATE 3 2025 SSBF100 172881
EBS_SKATE 3 2025 SSBFabc 69152.4
EBS_SKATE 3 2025 SSBFofl 60508.3
EBS_SKATE 3 2025 SSBLCI 56560.1
EBS_SKATE 3 2025 SSBUCI 56560.1
EBS_SKATE 3 2025 SSBMedian 56560.1
EBS_SKATE 3 2025 SSBMean 56560.1
EBS_SKATE 3 2026 SSBF100 172881
EBS_SKATE 3 2026 SSBFabc 69152.4
EBS_SKATE 3 2026 SSBFofl 60508.3
EBS_SKATE 3 2026 SSBLCI 35526.5
EBS_SKATE 3 2026 SSBUCI 35526.5
EBS_SKATE 3 2026 SSBMedian 35526.5
EBS_SKATE 3 2026 SSBMean 35526.5
EBS_SKATE 3 2027 SSBF100 172881
EBS_SKATE 3 2027 SSBFabc 69152.4
EBS_SKATE 3 2027 SSBFofl 60508.3
EBS_SKATE 3 2027 SSBLCI 22595.7
EBS_SKATE 3 2027 SSBUCI 22595.7
EBS_SKATE 3 2027 SSBMedian 22595.7
EBS_SKATE 3 2027 SSBMean 22595.7
EBS_SKATE 3 2028 SSBF100 172881
EBS_SKATE 3 2028 SSBFabc 69152.4
EBS_SKATE 3 2028 SSBFofl 60508.3
EBS_SKATE 3 2028 SSBLCI 14823
EBS_SKATE 3 2028 SSBUCI 14823
EBS_SKATE 3 2028 SSBMedian 14823
EBS_SKATE 3 2028 SSBMean 14823
EBS_SKATE 3 2029 SSBF100 172881
EBS_SKATE 3 2029 SSBFabc 69152.4
EBS_SKATE 3 2029 SSBFofl 60508.3
EBS_SKATE 3 2029 SSBLCI 10223.8
EBS_SKATE 3 2029 SSBUCI 10223.8
EBS_SKATE 3 2029 SSBMedian 10223.8
EBS_SKATE 3 2029 SSBMean 10223.8
EBS_SKATE 3 2030 SSBF100 172881
EBS_SKATE 3 2030 SSBFabc 69152.4
EBS_SKATE 3 2030 SSBFofl 60508.3
EBS_SKATE 3 2030 SSBLCI 7480.26
EBS_SKATE 3 2030 SSBUCI 7504.81
EBS_SKATE 3 2030 SSBMedian 7490.28
EBS_SKATE 3 2030 SSBMean 7491.67
EBS_SKATE 3 2031 SSBF100 172881
EBS_SKATE 3 2031 SSBFabc 69152.4
EBS_SKATE 3 2031 SSBFofl 60508.3
EBS_SKATE 3 2031 SSBLCI 5762.37
EBS_SKATE 3 2031 SSBUCI 5875.67
EBS_SKATE 3 2031 SSBMedian 5808.64
EBS_SKATE 3 2031 SSBMean 5815.49
EBS_SKATE 3 2032 SSBF100 172881
EBS_SKATE 3 2032 SSBFabc 69152.4
EBS_SKATE 3 2032 SSBFofl 60508.3
EBS_SKATE 3 2032 SSBLCI 4621.61
EBS_SKATE 3 2032 SSBUCI 4900.05
EBS_SKATE 3 2032 SSBMedian 4738.52
EBS_SKATE 3 2032 SSBMean 4754.46
EBS_SKATE 3 2033 SSBF100 172881
EBS_SKATE 3 2033 SSBFabc 69152.4
EBS_SKATE 3 2033 SSBFofl 60508.3
EBS_SKATE 3 2033 SSBLCI 3856.83
EBS_SKATE 3 2033 SSBUCI 4341.25
EBS_SKATE 3 2033 SSBMedian 4053.1
EBS_SKATE 3 2033 SSBMean 4081.65
EBS_SKATE 3 2034 SSBF100 172881
EBS_SKATE 3 2034 SSBFabc 69152.4
EBS_SKATE 3 2034 SSBFofl 60508.3
EBS_SKATE 3 2034 SSBLCI 3360.49
EBS_SKATE 3 2034 SSBUCI 3986.91
EBS_SKATE 3 2034 SSBMedian 3649.59
EBS_SKATE 3 2034 SSBMean 3667.94
EBS_SKATE 3 2035 SSBF100 172881
EBS_SKATE 3 2035 SSBFabc 69152.4
EBS_SKATE 3 2035 SSBFofl 60508.3
EBS_SKATE 3 2035 SSBLCI 3071.97
EBS_SKATE 3 2035 SSBUCI 3749.88
EBS_SKATE 3 2035 SSBMedian 3403.3
EBS_SKATE 3 2035 SSBMean 3425.36
EBS_SKATE 3 2036 SSBF100 172881
EBS_SKATE 3 2036 SSBFabc 69152.4
EBS_SKATE 3 2036 SSBFofl 60508.3
EBS_SKATE 3 2036 SSBLCI 2892.47
EBS_SKATE 3 2036 SSBUCI 3718.72
EBS_SKATE 3 2036 SSBMedian 3264.22
EBS_SKATE 3 2036 SSBMean 3293.28
EBS_SKATE 3 2023 F0 0 
EBS_SKATE 3 2023 Fabc 0.0798249
EBS_SKATE 3 2023 Fofl 0.0931403
EBS_SKATE 3 2023  F_LCI 0.0586214
EBS_SKATE 3 2023  F_UCI 0.0586214
EBS_SKATE 3 2023  F_Median 0.0586214
EBS_SKATE 3 2023  F_Mean 0.0586214
EBS_SKATE 3 2024 F0 0 
EBS_SKATE 3 2024 Fabc 0.0798249
EBS_SKATE 3 2024 Fofl 0.0931403
EBS_SKATE 3 2024  F_LCI 0.5
EBS_SKATE 3 2024  F_UCI 0.5
EBS_SKATE 3 2024  F_Median 0.5
EBS_SKATE 3 2024  F_Mean 0.5
EBS_SKATE 3 2025 F0 0 
EBS_SKATE 3 2025 Fabc 0.0798249
EBS_SKATE 3 2025 Fofl 0.0931403
EBS_SKATE 3 2025  F_LCI 0.5
EBS_SKATE 3 2025  F_UCI 0.5
EBS_SKATE 3 2025  F_Median 0.5
EBS_SKATE 3 2025  F_Mean 0.5
EBS_SKATE 3 2026 F0 0 
EBS_SKATE 3 2026 Fabc 0.0798249
EBS_SKATE 3 2026 Fofl 0.0931403
EBS_SKATE 3 2026  F_LCI 0.5
EBS_SKATE 3 2026  F_UCI 0.5
EBS_SKATE 3 2026  F_Median 0.5
EBS_SKATE 3 2026  F_Mean 0.5
EBS_SKATE 3 2027 F0 0 
EBS_SKATE 3 2027 Fabc 0.0798249
EBS_SKATE 3 2027 Fofl 0.0931403
EBS_SKATE 3 2027  F_LCI 0.5
EBS_SKATE 3 2027  F_UCI 0.5
EBS_SKATE 3 2027  F_Median 0.5
EBS_SKATE 3 2027  F_Mean 0.5
EBS_SKATE 3 2028 F0 0 
EBS_SKATE 3 2028 Fabc 0.0798249
EBS_SKATE 3 2028 Fofl 0.0931403
EBS_SKATE 3 2028  F_LCI 0.5
EBS_SKATE 3 2028  F_UCI 0.5
EBS_SKATE 3 2028  F_Median 0.5
EBS_SKATE 3 2028  F_Mean 0.5
EBS_SKATE 3 2029 F0 0 
EBS_SKATE 3 2029 Fabc 0.0798249
EBS_SKATE 3 2029 Fofl 0.0931403
EBS_SKATE 3 2029  F_LCI 0.5
EBS_SKATE 3 2029  F_UCI 0.5
EBS_SKATE 3 2029  F_Median 0.5
EBS_SKATE 3 2029  F_Mean 0.5
EBS_SKATE 3 2030 F0 0 
EBS_SKATE 3 2030 Fabc 0.0798249
EBS_SKATE 3 2030 Fofl 0.0931403
EBS_SKATE 3 2030  F_LCI 0.5
EBS_SKATE 3 2030  F_UCI 0.5
EBS_SKATE 3 2030  F_Median 0.5
EBS_SKATE 3 2030  F_Mean 0.5
EBS_SKATE 3 2031 F0 0 
EBS_SKATE 3 2031 Fabc 0.0798249
EBS_SKATE 3 2031 Fofl 0.0931403
EBS_SKATE 3 2031  F_LCI 0.5
EBS_SKATE 3 2031  F_UCI 0.5
EBS_SKATE 3 2031  F_Median 0.5
EBS_SKATE 3 2031  F_Mean 0.5
EBS_SKATE 3 2032 F0 0 
EBS_SKATE 3 2032 Fabc 0.0798249
EBS_SKATE 3 2032 Fofl 0.0931403
EBS_SKATE 3 2032  F_LCI 0.5
EBS_SKATE 3 2032  F_UCI 0.5
EBS_SKATE 3 2032  F_Median 0.5
EBS_SKATE 3 2032  F_Mean 0.5
EBS_SKATE 3 2033 F0 0 
EBS_SKATE 3 2033 Fabc 0.0798249
EBS_SKATE 3 2033 Fofl 0.0931403
EBS_SKATE 3 2033  F_LCI 0.5
EBS_SKATE 3 2033  F_UCI 0.5
EBS_SKATE 3 2033  F_Median 0.5
EBS_SKATE 3 2033  F_Mean 0.5
EBS_SKATE 3 2034 F0 0 
EBS_SKATE 3 2034 Fabc 0.0798249
EBS_SKATE 3 2034 Fofl 0.0931403
EBS_SKATE 3 2034  F_LCI 0.5
EBS_SKATE 3 2034  F_UCI 0.5
EBS_SKATE 3 2034  F_Median 0.5
EBS_SKATE 3 2034  F_Mean 0.5
EBS_SKATE 3 2035 F0 0 
EBS_SKATE 3 2035 Fabc 0.0798249
EBS_SKATE 3 2035 Fofl 0.0931403
EBS_SKATE 3 2035  F_LCI 0.5
EBS_SKATE 3 2035  F_UCI 0.5
EBS_SKATE 3 2035  F_Median 0.5
EBS_SKATE 3 2035  F_Mean 0.5
EBS_SKATE 3 2036 F0 0 
EBS_SKATE 3 2036 Fabc 0.0798249
EBS_SKATE 3 2036 Fofl 0.0931403
EBS_SKATE 3 2036  F_LCI 0.5
EBS_SKATE 3 2036  F_UCI 0.5
EBS_SKATE 3 2036  F_Median 0.5
EBS_SKATE 3 2036  F_Mean 0.5
EBS_SKATE 4 2023 Cabc 24130.7
EBS_SKATE 4 2023 Cofl 25878.4
EBS_SKATE 4 2023 CLCI 21481
EBS_SKATE 4 2023 CUCI 21481
EBS_SKATE 4 2023 CMedian 21481
EBS_SKATE 4 2023 CMean 21481
EBS_SKATE 4 2023 CStdn 2.91038e-11
EBS_SKATE 4 2024 Cabc 24130.7
EBS_SKATE 4 2024 Cofl 25878.4
EBS_SKATE 4 2024 CLCI 14887.5
EBS_SKATE 4 2024 CUCI 14887.5
EBS_SKATE 4 2024 CMedian 14887.5
EBS_SKATE 4 2024 CMean 14887.5
EBS_SKATE 4 2024 CStdn 1.81899e-12
EBS_SKATE 4 2025 Cabc 24130.7
EBS_SKATE 4 2025 Cofl 25878.4
EBS_SKATE 4 2025 CLCI 14709.5
EBS_SKATE 4 2025 CUCI 14719.2
EBS_SKATE 4 2025 CMedian 14713.4
EBS_SKATE 4 2025 CMean 14714
EBS_SKATE 4 2025 CStdn 3.18563
EBS_SKATE 4 2026 Cabc 24130.7
EBS_SKATE 4 2026 Cofl 25878.4
EBS_SKATE 4 2026 CLCI 14732.3
EBS_SKATE 4 2026 CUCI 14766.4
EBS_SKATE 4 2026 CMedian 14746.3
EBS_SKATE 4 2026 CMean 14748.3
EBS_SKATE 4 2026 CStdn 11.1659
EBS_SKATE 4 2027 Cabc 24130.7
EBS_SKATE 4 2027 Cofl 25878.4
EBS_SKATE 4 2027 CLCI 14879.2
EBS_SKATE 4 2027 CUCI 14975.5
EBS_SKATE 4 2027 CMedian 14920
EBS_SKATE 4 2027 CMean 14925.8
EBS_SKATE 4 2027 CStdn 32.9964
EBS_SKATE 4 2028 Cabc 24130.7
EBS_SKATE 4 2028 Cofl 25878.4
EBS_SKATE 4 2028 CLCI 15046.4
EBS_SKATE 4 2028 CUCI 15290.3
EBS_SKATE 4 2028 CMedian 15147.5
EBS_SKATE 4 2028 CMean 15160
EBS_SKATE 4 2028 CStdn 81.1741
EBS_SKATE 4 2029 Cabc 24130.7
EBS_SKATE 4 2029 Cofl 25878.4
EBS_SKATE 4 2029 CLCI 15154.8
EBS_SKATE 4 2029 CUCI 15657.2
EBS_SKATE 4 2029 CMedian 15361.4
EBS_SKATE 4 2029 CMean 15384.2
EBS_SKATE 4 2029 CStdn 163.084
EBS_SKATE 4 2030 Cabc 24130.7
EBS_SKATE 4 2030 Cofl 25878.4
EBS_SKATE 4 2030 CLCI 15185.7
EBS_SKATE 4 2030 CUCI 16007.8
EBS_SKATE 4 2030 CMedian 15523.8
EBS_SKATE 4 2030 CMean 15567.8
EBS_SKATE 4 2030 CStdn 273.854
EBS_SKATE 4 2031 Cabc 24130.7
EBS_SKATE 4 2031 Cofl 25878.4
EBS_SKATE 4 2031 CLCI 15120.6
EBS_SKATE 4 2031 CUCI 16326.9
EBS_SKATE 4 2031 CMedian 15679.3
EBS_SKATE 4 2031 CMean 15709.1
EBS_SKATE 4 2031 CStdn 397.057
EBS_SKATE 4 2032 Cabc 24130.7
EBS_SKATE 4 2032 Cofl 25878.4
EBS_SKATE 4 2032 CLCI 15054.4
EBS_SKATE 4 2032 CUCI 16584.2
EBS_SKATE 4 2032 CMedian 15795.9
EBS_SKATE 4 2032 CMean 15820
EBS_SKATE 4 2032 CStdn 517.613
EBS_SKATE 4 2033 Cabc 24130.7
EBS_SKATE 4 2033 Cofl 25878.4
EBS_SKATE 4 2033 CLCI 15022.9
EBS_SKATE 4 2033 CUCI 16775.1
EBS_SKATE 4 2033 CMedian 15856.2
EBS_SKATE 4 2033 CMean 15915.2
EBS_SKATE 4 2033 CStdn 628.349
EBS_SKATE 4 2034 Cabc 24130.7
EBS_SKATE 4 2034 Cofl 25878.4
EBS_SKATE 4 2034 CLCI 14951.4
EBS_SKATE 4 2034 CUCI 17216.5
EBS_SKATE 4 2034 CMedian 15942.3
EBS_SKATE 4 2034 CMean 16004.5
EBS_SKATE 4 2034 CStdn 726.222
EBS_SKATE 4 2035 Cabc 24130.7
EBS_SKATE 4 2035 Cofl 25878.4
EBS_SKATE 4 2035 CLCI 15010
EBS_SKATE 4 2035 CUCI 17334.7
EBS_SKATE 4 2035 CMedian 16098
EBS_SKATE 4 2035 CMean 16091.5
EBS_SKATE 4 2035 CStdn 808.125
EBS_SKATE 4 2036 Cabc 24130.7
EBS_SKATE 4 2036 Cofl 25878.4
EBS_SKATE 4 2036 CLCI 14997.8
EBS_SKATE 4 2036 CUCI 17733.1
EBS_SKATE 4 2036 CMedian 16066.9
EBS_SKATE 4 2036 CMean 16174.2
EBS_SKATE 4 2036 CStdn 869.132
EBS_SKATE 4 2023 SSBF100 172881
EBS_SKATE 4 2023 SSBFabc 69152.4
EBS_SKATE 4 2023 SSBFofl 60508.3
EBS_SKATE 4 2023 SSBLCI 112198
EBS_SKATE 4 2023 SSBUCI 112198
EBS_SKATE 4 2023 SSBMedian 112198
EBS_SKATE 4 2023 SSBMean 112198
EBS_SKATE 4 2024 SSBF100 172881
EBS_SKATE 4 2024 SSBFabc 69152.4
EBS_SKATE 4 2024 SSBFofl 60508.3
EBS_SKATE 4 2024 SSBLCI 107641
EBS_SKATE 4 2024 SSBUCI 107641
EBS_SKATE 4 2024 SSBMedian 107641
EBS_SKATE 4 2024 SSBMean 107641
EBS_SKATE 4 2025 SSBF100 172881
EBS_SKATE 4 2025 SSBFabc 69152.4
EBS_SKATE 4 2025 SSBFofl 60508.3
EBS_SKATE 4 2025 SSBLCI 103478
EBS_SKATE 4 2025 SSBUCI 103478
EBS_SKATE 4 2025 SSBMedian 103478
EBS_SKATE 4 2025 SSBMean 103478
EBS_SKATE 4 2026 SSBF100 172881
EBS_SKATE 4 2026 SSBFabc 69152.4
EBS_SKATE 4 2026 SSBFofl 60508.3
EBS_SKATE 4 2026 SSBLCI 99216.6
EBS_SKATE 4 2026 SSBUCI 99216.6
EBS_SKATE 4 2026 SSBMedian 99216.6
EBS_SKATE 4 2026 SSBMean 99216.6
EBS_SKATE 4 2027 SSBF100 172881
EBS_SKATE 4 2027 SSBFabc 69152.4
EBS_SKATE 4 2027 SSBFofl 60508.3
EBS_SKATE 4 2027 SSBLCI 95443.1
EBS_SKATE 4 2027 SSBUCI 95443.1
EBS_SKATE 4 2027 SSBMedian 95443.1
EBS_SKATE 4 2027 SSBMean 95443.1
EBS_SKATE 4 2028 SSBF100 172881
EBS_SKATE 4 2028 SSBFabc 69152.4
EBS_SKATE 4 2028 SSBFofl 60508.3
EBS_SKATE 4 2028 SSBLCI 92775.1
EBS_SKATE 4 2028 SSBUCI 92775.1
EBS_SKATE 4 2028 SSBMedian 92775.1
EBS_SKATE 4 2028 SSBMean 92775.1
EBS_SKATE 4 2029 SSBF100 172881
EBS_SKATE 4 2029 SSBFabc 69152.4
EBS_SKATE 4 2029 SSBFofl 60508.3
EBS_SKATE 4 2029 SSBLCI 91634.7
EBS_SKATE 4 2029 SSBUCI 91634.7
EBS_SKATE 4 2029 SSBMedian 91634.7
EBS_SKATE 4 2029 SSBMean 91634.7
EBS_SKATE 4 2030 SSBF100 172881
EBS_SKATE 4 2030 SSBFabc 69152.4
EBS_SKATE 4 2030 SSBFofl 60508.3
EBS_SKATE 4 2030 SSBLCI 91984.3
EBS_SKATE 4 2030 SSBUCI 92032.7
EBS_SKATE 4 2030 SSBMedian 92004.1
EBS_SKATE 4 2030 SSBMean 92006.8
EBS_SKATE 4 2031 SSBF100 172881
EBS_SKATE 4 2031 SSBFabc 69152.4
EBS_SKATE 4 2031 SSBFofl 60508.3
EBS_SKATE 4 2031 SSBLCI 93220.6
EBS_SKATE 4 2031 SSBUCI 93527.4
EBS_SKATE 4 2031 SSBMedian 93345.3
EBS_SKATE 4 2031 SSBMean 93364.5
EBS_SKATE 4 2032 SSBF100 172881
EBS_SKATE 4 2032 SSBFabc 69152.4
EBS_SKATE 4 2032 SSBFofl 60508.3
EBS_SKATE 4 2032 SSBLCI 94488.7
EBS_SKATE 4 2032 SSBUCI 95605
EBS_SKATE 4 2032 SSBMedian 94956.8
EBS_SKATE 4 2032 SSBMean 95012.2
EBS_SKATE 4 2033 SSBF100 172881
EBS_SKATE 4 2033 SSBFabc 69152.4
EBS_SKATE 4 2033 SSBFofl 60508.3
EBS_SKATE 4 2033 SSBLCI 95216.2
EBS_SKATE 4 2033 SSBUCI 97856.4
EBS_SKATE 4 2033 SSBMedian 96318.4
EBS_SKATE 4 2033 SSBMean 96463.3
EBS_SKATE 4 2034 SSBF100 172881
EBS_SKATE 4 2034 SSBFabc 69152.4
EBS_SKATE 4 2034 SSBFofl 60508.3
EBS_SKATE 4 2034 SSBLCI 95259.7
EBS_SKATE 4 2034 SSBUCI 100197
EBS_SKATE 4 2034 SSBMedian 97276.9
EBS_SKATE 4 2034 SSBMean 97565.5
EBS_SKATE 4 2035 SSBF100 172881
EBS_SKATE 4 2035 SSBFabc 69152.4
EBS_SKATE 4 2035 SSBFofl 60508.3
EBS_SKATE 4 2035 SSBLCI 94806
EBS_SKATE 4 2035 SSBUCI 102281
EBS_SKATE 4 2035 SSBMedian 98041.7
EBS_SKATE 4 2035 SSBMean 98381.8
EBS_SKATE 4 2036 SSBF100 172881
EBS_SKATE 4 2036 SSBFabc 69152.4
EBS_SKATE 4 2036 SSBFofl 60508.3
EBS_SKATE 4 2036 SSBLCI 94300.1
EBS_SKATE 4 2036 SSBUCI 103937
EBS_SKATE 4 2036 SSBMedian 98867.7
EBS_SKATE 4 2036 SSBMean 99019.5
EBS_SKATE 4 2023 F0 0 
EBS_SKATE 4 2023 Fabc 0.0798249
EBS_SKATE 4 2023 Fofl 0.0931403
EBS_SKATE 4 2023  F_LCI 0.0586214
EBS_SKATE 4 2023  F_UCI 0.0586214
EBS_SKATE 4 2023  F_Median 0.0586214
EBS_SKATE 4 2023  F_Mean 0.0586214
EBS_SKATE 4 2024 F0 0 
EBS_SKATE 4 2024 Fabc 0.0798249
EBS_SKATE 4 2024 Fofl 0.0931403
EBS_SKATE 4 2024  F_LCI 0.0420106
EBS_SKATE 4 2024  F_UCI 0.0420106
EBS_SKATE 4 2024  F_Median 0.0420106
EBS_SKATE 4 2024  F_Mean 0.0420106
EBS_SKATE 4 2025 F0 0 
EBS_SKATE 4 2025 Fabc 0.0798249
EBS_SKATE 4 2025 Fofl 0.0931403
EBS_SKATE 4 2025  F_LCI 0.0420106
EBS_SKATE 4 2025  F_UCI 0.0420106
EBS_SKATE 4 2025  F_Median 0.0420106
EBS_SKATE 4 2025  F_Mean 0.0420106
EBS_SKATE 4 2026 F0 0 
EBS_SKATE 4 2026 Fabc 0.0798249
EBS_SKATE 4 2026 Fofl 0.0931403
EBS_SKATE 4 2026  F_LCI 0.0420106
EBS_SKATE 4 2026  F_UCI 0.0420106
EBS_SKATE 4 2026  F_Median 0.0420106
EBS_SKATE 4 2026  F_Mean 0.0420106
EBS_SKATE 4 2027 F0 0 
EBS_SKATE 4 2027 Fabc 0.0798249
EBS_SKATE 4 2027 Fofl 0.0931403
EBS_SKATE 4 2027  F_LCI 0.0420106
EBS_SKATE 4 2027  F_UCI 0.0420106
EBS_SKATE 4 2027  F_Median 0.0420106
EBS_SKATE 4 2027  F_Mean 0.0420106
EBS_SKATE 4 2028 F0 0 
EBS_SKATE 4 2028 Fabc 0.0798249
EBS_SKATE 4 2028 Fofl 0.0931403
EBS_SKATE 4 2028  F_LCI 0.0420106
EBS_SKATE 4 2028  F_UCI 0.0420106
EBS_SKATE 4 2028  F_Median 0.0420106
EBS_SKATE 4 2028  F_Mean 0.0420106
EBS_SKATE 4 2029 F0 0 
EBS_SKATE 4 2029 Fabc 0.0798249
EBS_SKATE 4 2029 Fofl 0.0931403
EBS_SKATE 4 2029  F_LCI 0.0420106
EBS_SKATE 4 2029  F_UCI 0.0420106
EBS_SKATE 4 2029  F_Median 0.0420106
EBS_SKATE 4 2029  F_Mean 0.0420106
EBS_SKATE 4 2030 F0 0 
EBS_SKATE 4 2030 Fabc 0.0798249
EBS_SKATE 4 2030 Fofl 0.0931403
EBS_SKATE 4 2030  F_LCI 0.0420106
EBS_SKATE 4 2030  F_UCI 0.0420106
EBS_SKATE 4 2030  F_Median 0.0420106
EBS_SKATE 4 2030  F_Mean 0.0420106
EBS_SKATE 4 2031 F0 0 
EBS_SKATE 4 2031 Fabc 0.0798249
EBS_SKATE 4 2031 Fofl 0.0931403
EBS_SKATE 4 2031  F_LCI 0.0420106
EBS_SKATE 4 2031  F_UCI 0.0420106
EBS_SKATE 4 2031  F_Median 0.0420106
EBS_SKATE 4 2031  F_Mean 0.0420106
EBS_SKATE 4 2032 F0 0 
EBS_SKATE 4 2032 Fabc 0.0798249
EBS_SKATE 4 2032 Fofl 0.0931403
EBS_SKATE 4 2032  F_LCI 0.0420106
EBS_SKATE 4 2032  F_UCI 0.0420106
EBS_SKATE 4 2032  F_Median 0.0420106
EBS_SKATE 4 2032  F_Mean 0.0420106
EBS_SKATE 4 2033 F0 0 
EBS_SKATE 4 2033 Fabc 0.0798249
EBS_SKATE 4 2033 Fofl 0.0931403
EBS_SKATE 4 2033  F_LCI 0.0420106
EBS_SKATE 4 2033  F_UCI 0.0420106
EBS_SKATE 4 2033  F_Median 0.0420106
EBS_SKATE 4 2033  F_Mean 0.0420106
EBS_SKATE 4 2034 F0 0 
EBS_SKATE 4 2034 Fabc 0.0798249
EBS_SKATE 4 2034 Fofl 0.0931403
EBS_SKATE 4 2034  F_LCI 0.0420106
EBS_SKATE 4 2034  F_UCI 0.0420106
EBS_SKATE 4 2034  F_Median 0.0420106
EBS_SKATE 4 2034  F_Mean 0.0420106
EBS_SKATE 4 2035 F0 0 
EBS_SKATE 4 2035 Fabc 0.0798249
EBS_SKATE 4 2035 Fofl 0.0931403
EBS_SKATE 4 2035  F_LCI 0.0420106
EBS_SKATE 4 2035  F_UCI 0.0420106
EBS_SKATE 4 2035  F_Median 0.0420106
EBS_SKATE 4 2035  F_Mean 0.0420106
EBS_SKATE 4 2036 F0 0 
EBS_SKATE 4 2036 Fabc 0.0798249
EBS_SKATE 4 2036 Fofl 0.0931403
EBS_SKATE 4 2036  F_LCI 0.0420106
EBS_SKATE 4 2036  F_UCI 0.0420106
EBS_SKATE 4 2036  F_Median 0.0420106
EBS_SKATE 4 2036  F_Mean 0.0420106
EBS_SKATE 5 2023 Cabc 24130.7
EBS_SKATE 5 2023 Cofl 25878.4
EBS_SKATE 5 2023 CLCI 21481
EBS_SKATE 5 2023 CUCI 21481
EBS_SKATE 5 2023 CMedian 21481
EBS_SKATE 5 2023 CMean 21481
EBS_SKATE 5 2023 CStdn 2.91038e-11
EBS_SKATE 5 2024 Cabc 24130.7
EBS_SKATE 5 2024 Cofl 25878.4
EBS_SKATE 5 2024 CLCI 0
EBS_SKATE 5 2024 CUCI 0
EBS_SKATE 5 2024 CMedian 0
EBS_SKATE 5 2024 CMean 0
EBS_SKATE 5 2024 CStdn 0
EBS_SKATE 5 2025 Cabc 24130.7
EBS_SKATE 5 2025 Cofl 25878.4
EBS_SKATE 5 2025 CLCI 0
EBS_SKATE 5 2025 CUCI 0
EBS_SKATE 5 2025 CMedian 0
EBS_SKATE 5 2025 CMean 0
EBS_SKATE 5 2025 CStdn 0
EBS_SKATE 5 2026 Cabc 24130.7
EBS_SKATE 5 2026 Cofl 25878.4
EBS_SKATE 5 2026 CLCI 0
EBS_SKATE 5 2026 CUCI 0
EBS_SKATE 5 2026 CMedian 0
EBS_SKATE 5 2026 CMean 0
EBS_SKATE 5 2026 CStdn 0
EBS_SKATE 5 2027 Cabc 24130.7
EBS_SKATE 5 2027 Cofl 25878.4
EBS_SKATE 5 2027 CLCI 0
EBS_SKATE 5 2027 CUCI 0
EBS_SKATE 5 2027 CMedian 0
EBS_SKATE 5 2027 CMean 0
EBS_SKATE 5 2027 CStdn 0
EBS_SKATE 5 2028 Cabc 24130.7
EBS_SKATE 5 2028 Cofl 25878.4
EBS_SKATE 5 2028 CLCI 0
EBS_SKATE 5 2028 CUCI 0
EBS_SKATE 5 2028 CMedian 0
EBS_SKATE 5 2028 CMean 0
EBS_SKATE 5 2028 CStdn 0
EBS_SKATE 5 2029 Cabc 24130.7
EBS_SKATE 5 2029 Cofl 25878.4
EBS_SKATE 5 2029 CLCI 0
EBS_SKATE 5 2029 CUCI 0
EBS_SKATE 5 2029 CMedian 0
EBS_SKATE 5 2029 CMean 0
EBS_SKATE 5 2029 CStdn 0
EBS_SKATE 5 2030 Cabc 24130.7
EBS_SKATE 5 2030 Cofl 25878.4
EBS_SKATE 5 2030 CLCI 0
EBS_SKATE 5 2030 CUCI 0
EBS_SKATE 5 2030 CMedian 0
EBS_SKATE 5 2030 CMean 0
EBS_SKATE 5 2030 CStdn 0
EBS_SKATE 5 2031 Cabc 24130.7
EBS_SKATE 5 2031 Cofl 25878.4
EBS_SKATE 5 2031 CLCI 0
EBS_SKATE 5 2031 CUCI 0
EBS_SKATE 5 2031 CMedian 0
EBS_SKATE 5 2031 CMean 0
EBS_SKATE 5 2031 CStdn 0
EBS_SKATE 5 2032 Cabc 24130.7
EBS_SKATE 5 2032 Cofl 25878.4
EBS_SKATE 5 2032 CLCI 0
EBS_SKATE 5 2032 CUCI 0
EBS_SKATE 5 2032 CMedian 0
EBS_SKATE 5 2032 CMean 0
EBS_SKATE 5 2032 CStdn 0
EBS_SKATE 5 2033 Cabc 24130.7
EBS_SKATE 5 2033 Cofl 25878.4
EBS_SKATE 5 2033 CLCI 0
EBS_SKATE 5 2033 CUCI 0
EBS_SKATE 5 2033 CMedian 0
EBS_SKATE 5 2033 CMean 0
EBS_SKATE 5 2033 CStdn 0
EBS_SKATE 5 2034 Cabc 24130.7
EBS_SKATE 5 2034 Cofl 25878.4
EBS_SKATE 5 2034 CLCI 0
EBS_SKATE 5 2034 CUCI 0
EBS_SKATE 5 2034 CMedian 0
EBS_SKATE 5 2034 CMean 0
EBS_SKATE 5 2034 CStdn 0
EBS_SKATE 5 2035 Cabc 24130.7
EBS_SKATE 5 2035 Cofl 25878.4
EBS_SKATE 5 2035 CLCI 0
EBS_SKATE 5 2035 CUCI 0
EBS_SKATE 5 2035 CMedian 0
EBS_SKATE 5 2035 CMean 0
EBS_SKATE 5 2035 CStdn 0
EBS_SKATE 5 2036 Cabc 24130.7
EBS_SKATE 5 2036 Cofl 25878.4
EBS_SKATE 5 2036 CLCI 0
EBS_SKATE 5 2036 CUCI 0
EBS_SKATE 5 2036 CMedian 0
EBS_SKATE 5 2036 CMean 0
EBS_SKATE 5 2036 CStdn 0
EBS_SKATE 5 2023 SSBF100 172881
EBS_SKATE 5 2023 SSBFabc 69152.4
EBS_SKATE 5 2023 SSBFofl 60508.3
EBS_SKATE 5 2023 SSBLCI 112198
EBS_SKATE 5 2023 SSBUCI 112198
EBS_SKATE 5 2023 SSBMedian 112198
EBS_SKATE 5 2023 SSBMean 112198
EBS_SKATE 5 2024 SSBF100 172881
EBS_SKATE 5 2024 SSBFabc 69152.4
EBS_SKATE 5 2024 SSBFofl 60508.3
EBS_SKATE 5 2024 SSBLCI 109411
EBS_SKATE 5 2024 SSBUCI 109411
EBS_SKATE 5 2024 SSBMedian 109411
EBS_SKATE 5 2024 SSBMean 109411
EBS_SKATE 5 2025 SSBF100 172881
EBS_SKATE 5 2025 SSBFabc 69152.4
EBS_SKATE 5 2025 SSBFofl 60508.3
EBS_SKATE 5 2025 SSBLCI 109376
EBS_SKATE 5 2025 SSBUCI 109376
EBS_SKATE 5 2025 SSBMedian 109376
EBS_SKATE 5 2025 SSBMean 109376
EBS_SKATE 5 2026 SSBF100 172881
EBS_SKATE 5 2026 SSBFabc 69152.4
EBS_SKATE 5 2026 SSBFofl 60508.3
EBS_SKATE 5 2026 SSBLCI 109027
EBS_SKATE 5 2026 SSBUCI 109027
EBS_SKATE 5 2026 SSBMedian 109027
EBS_SKATE 5 2026 SSBMean 109027
EBS_SKATE 5 2027 SSBF100 172881
EBS_SKATE 5 2027 SSBFabc 69152.4
EBS_SKATE 5 2027 SSBFofl 60508.3
EBS_SKATE 5 2027 SSBLCI 108966
EBS_SKATE 5 2027 SSBUCI 108966
EBS_SKATE 5 2027 SSBMedian 108966
EBS_SKATE 5 2027 SSBMean 108966
EBS_SKATE 5 2028 SSBF100 172881
EBS_SKATE 5 2028 SSBFabc 69152.4
EBS_SKATE 5 2028 SSBFofl 60508.3
EBS_SKATE 5 2028 SSBLCI 109902
EBS_SKATE 5 2028 SSBUCI 109902
EBS_SKATE 5 2028 SSBMedian 109902
EBS_SKATE 5 2028 SSBMean 109902
EBS_SKATE 5 2029 SSBF100 172881
EBS_SKATE 5 2029 SSBFabc 69152.4
EBS_SKATE 5 2029 SSBFofl 60508.3
EBS_SKATE 5 2029 SSBLCI 112404
EBS_SKATE 5 2029 SSBUCI 112404
EBS_SKATE 5 2029 SSBMedian 112404
EBS_SKATE 5 2029 SSBMean 112404
EBS_SKATE 5 2030 SSBF100 172881
EBS_SKATE 5 2030 SSBFabc 69152.4
EBS_SKATE 5 2030 SSBFofl 60508.3
EBS_SKATE 5 2030 SSBLCI 116556
EBS_SKATE 5 2030 SSBUCI 116608
EBS_SKATE 5 2030 SSBMedian 116577
EBS_SKATE 5 2030 SSBMean 116580
EBS_SKATE 5 2031 SSBF100 172881
EBS_SKATE 5 2031 SSBFabc 69152.4
EBS_SKATE 5 2031 SSBFofl 60508.3
EBS_SKATE 5 2031 SSBLCI 121746
EBS_SKATE 5 2031 SSBUCI 122082
EBS_SKATE 5 2031 SSBMedian 121883
EBS_SKATE 5 2031 SSBMean 121904
EBS_SKATE 5 2032 SSBF100 172881
EBS_SKATE 5 2032 SSBFabc 69152.4
EBS_SKATE 5 2032 SSBFofl 60508.3
EBS_SKATE 5 2032 SSBLCI 126948
EBS_SKATE 5 2032 SSBUCI 128214
EBS_SKATE 5 2032 SSBMedian 127478
EBS_SKATE 5 2032 SSBMean 127542
EBS_SKATE 5 2033 SSBF100 172881
EBS_SKATE 5 2033 SSBFabc 69152.4
EBS_SKATE 5 2033 SSBFofl 60508.3
EBS_SKATE 5 2033 SSBLCI 131365
EBS_SKATE 5 2033 SSBUCI 134472
EBS_SKATE 5 2033 SSBMedian 132657
EBS_SKATE 5 2033 SSBMean 132825
EBS_SKATE 5 2034 SSBF100 172881
EBS_SKATE 5 2034 SSBFabc 69152.4
EBS_SKATE 5 2034 SSBFofl 60508.3
EBS_SKATE 5 2034 SSBLCI 134664
EBS_SKATE 5 2034 SSBUCI 140681
EBS_SKATE 5 2034 SSBMedian 137127
EBS_SKATE 5 2034 SSBMean 137471
EBS_SKATE 5 2035 SSBF100 172881
EBS_SKATE 5 2035 SSBFabc 69152.4
EBS_SKATE 5 2035 SSBFofl 60508.3
EBS_SKATE 5 2035 SSBLCI 137104
EBS_SKATE 5 2035 SSBUCI 146422
EBS_SKATE 5 2035 SSBMedian 141025
EBS_SKATE 5 2035 SSBMean 141492
EBS_SKATE 5 2036 SSBF100 172881
EBS_SKATE 5 2036 SSBFabc 69152.4
EBS_SKATE 5 2036 SSBFofl 60508.3
EBS_SKATE 5 2036 SSBLCI 138834
EBS_SKATE 5 2036 SSBUCI 151440
EBS_SKATE 5 2036 SSBMedian 144757
EBS_SKATE 5 2036 SSBMean 144999
EBS_SKATE 5 2023 F0 0 
EBS_SKATE 5 2023 Fabc 0.0798249
EBS_SKATE 5 2023 Fofl 0.0931403
EBS_SKATE 5 2023  F_LCI 0.0586214
EBS_SKATE 5 2023  F_UCI 0.0586214
EBS_SKATE 5 2023  F_Median 0.0586214
EBS_SKATE 5 2023  F_Mean 0.0586214
EBS_SKATE 5 2024 F0 0 
EBS_SKATE 5 2024 Fabc 0.0798249
EBS_SKATE 5 2024 Fofl 0.0931403
EBS_SKATE 5 2024  F_LCI 0
EBS_SKATE 5 2024  F_UCI 0
EBS_SKATE 5 2024  F_Median 0
EBS_SKATE 5 2024  F_Mean 0
EBS_SKATE 5 2025 F0 0 
EBS_SKATE 5 2025 Fabc 0.0798249
EBS_SKATE 5 2025 Fofl 0.0931403
EBS_SKATE 5 2025  F_LCI 0
EBS_SKATE 5 2025  F_UCI 0
EBS_SKATE 5 2025  F_Median 0
EBS_SKATE 5 2025  F_Mean 0
EBS_SKATE 5 2026 F0 0 
EBS_SKATE 5 2026 Fabc 0.0798249
EBS_SKATE 5 2026 Fofl 0.0931403
EBS_SKATE 5 2026  F_LCI 0
EBS_SKATE 5 2026  F_UCI 0
EBS_SKATE 5 2026  F_Median 0
EBS_SKATE 5 2026  F_Mean 0
EBS_SKATE 5 2027 F0 0 
EBS_SKATE 5 2027 Fabc 0.0798249
EBS_SKATE 5 2027 Fofl 0.0931403
EBS_SKATE 5 2027  F_LCI 0
EBS_SKATE 5 2027  F_UCI 0
EBS_SKATE 5 2027  F_Median 0
EBS_SKATE 5 2027  F_Mean 0
EBS_SKATE 5 2028 F0 0 
EBS_SKATE 5 2028 Fabc 0.0798249
EBS_SKATE 5 2028 Fofl 0.0931403
EBS_SKATE 5 2028  F_LCI 0
EBS_SKATE 5 2028  F_UCI 0
EBS_SKATE 5 2028  F_Median 0
EBS_SKATE 5 2028  F_Mean 0
EBS_SKATE 5 2029 F0 0 
EBS_SKATE 5 2029 Fabc 0.0798249
EBS_SKATE 5 2029 Fofl 0.0931403
EBS_SKATE 5 2029  F_LCI 0
EBS_SKATE 5 2029  F_UCI 0
EBS_SKATE 5 2029  F_Median 0
EBS_SKATE 5 2029  F_Mean 0
EBS_SKATE 5 2030 F0 0 
EBS_SKATE 5 2030 Fabc 0.0798249
EBS_SKATE 5 2030 Fofl 0.0931403
EBS_SKATE 5 2030  F_LCI 0
EBS_SKATE 5 2030  F_UCI 0
EBS_SKATE 5 2030  F_Median 0
EBS_SKATE 5 2030  F_Mean 0
EBS_SKATE 5 2031 F0 0 
EBS_SKATE 5 2031 Fabc 0.0798249
EBS_SKATE 5 2031 Fofl 0.0931403
EBS_SKATE 5 2031  F_LCI 0
EBS_SKATE 5 2031  F_UCI 0
EBS_SKATE 5 2031  F_Median 0
EBS_SKATE 5 2031  F_Mean 0
EBS_SKATE 5 2032 F0 0 
EBS_SKATE 5 2032 Fabc 0.0798249
EBS_SKATE 5 2032 Fofl 0.0931403
EBS_SKATE 5 2032  F_LCI 0
EBS_SKATE 5 2032  F_UCI 0
EBS_SKATE 5 2032  F_Median 0
EBS_SKATE 5 2032  F_Mean 0
EBS_SKATE 5 2033 F0 0 
EBS_SKATE 5 2033 Fabc 0.0798249
EBS_SKATE 5 2033 Fofl 0.0931403
EBS_SKATE 5 2033  F_LCI 0
EBS_SKATE 5 2033  F_UCI 0
EBS_SKATE 5 2033  F_Median 0
EBS_SKATE 5 2033  F_Mean 0
EBS_SKATE 5 2034 F0 0 
EBS_SKATE 5 2034 Fabc 0.0798249
EBS_SKATE 5 2034 Fofl 0.0931403
EBS_SKATE 5 2034  F_LCI 0
EBS_SKATE 5 2034  F_UCI 0
EBS_SKATE 5 2034  F_Median 0
EBS_SKATE 5 2034  F_Mean 0
EBS_SKATE 5 2035 F0 0 
EBS_SKATE 5 2035 Fabc 0.0798249
EBS_SKATE 5 2035 Fofl 0.0931403
EBS_SKATE 5 2035  F_LCI 0
EBS_SKATE 5 2035  F_UCI 0
EBS_SKATE 5 2035  F_Median 0
EBS_SKATE 5 2035  F_Mean 0
EBS_SKATE 5 2036 F0 0 
EBS_SKATE 5 2036 Fabc 0.0798249
EBS_SKATE 5 2036 Fofl 0.0931403
EBS_SKATE 5 2036  F_LCI 0
EBS_SKATE 5 2036  F_UCI 0
EBS_SKATE 5 2036  F_Median 0
EBS_SKATE 5 2036  F_Mean 0
EBS_SKATE 6 2023 Cabc 24130.7
EBS_SKATE 6 2023 Cofl 25878.4
EBS_SKATE 6 2023 CLCI 21481
EBS_SKATE 6 2023 CUCI 21481
EBS_SKATE 6 2023 CMedian 21481
EBS_SKATE 6 2023 CMean 21481
EBS_SKATE 6 2023 CStdn 2.91038e-11
EBS_SKATE 6 2024 Cabc 24130.7
EBS_SKATE 6 2024 Cofl 25878.4
EBS_SKATE 6 2024 CLCI 32297.3
EBS_SKATE 6 2024 CUCI 32297.3
EBS_SKATE 6 2024 CMedian 32297.3
EBS_SKATE 6 2024 CMean 32297.3
EBS_SKATE 6 2024 CStdn 5.09317e-11
EBS_SKATE 6 2025 Cabc 24130.7
EBS_SKATE 6 2025 Cofl 25878.4
EBS_SKATE 6 2025 CLCI 30590.3
EBS_SKATE 6 2025 CUCI 30611.9
EBS_SKATE 6 2025 CMedian 30599.1
EBS_SKATE 6 2025 CMean 30600.3
EBS_SKATE 6 2025 CStdn 7.05183
EBS_SKATE 6 2026 Cabc 24130.7
EBS_SKATE 6 2026 Cofl 25878.4
EBS_SKATE 6 2026 CLCI 29476.2
EBS_SKATE 6 2026 CUCI 29551.4
EBS_SKATE 6 2026 CMedian 29506.9
EBS_SKATE 6 2026 CMean 29511.4
EBS_SKATE 6 2026 CStdn 24.6148
EBS_SKATE 6 2027 Cabc 24130.7
EBS_SKATE 6 2027 Cofl 25878.4
EBS_SKATE 6 2027 CLCI 28742.2
EBS_SKATE 6 2027 CUCI 28953.6
EBS_SKATE 6 2027 CMedian 28831.7
EBS_SKATE 6 2027 CMean 28844.2
EBS_SKATE 6 2027 CStdn 72.1875
EBS_SKATE 6 2028 Cabc 24130.7
EBS_SKATE 6 2028 Cofl 25878.4
EBS_SKATE 6 2028 CLCI 28144
EBS_SKATE 6 2028 CUCI 28669.9
EBS_SKATE 6 2028 CMedian 28362.7
EBS_SKATE 6 2028 CMean 28389.8
EBS_SKATE 6 2028 CStdn 175.392
EBS_SKATE 6 2029 Cabc 24130.7
EBS_SKATE 6 2029 Cofl 25878.4
EBS_SKATE 6 2029 CLCI 27519
EBS_SKATE 6 2029 CUCI 28579.6
EBS_SKATE 6 2029 CMedian 27951.9
EBS_SKATE 6 2029 CMean 28005.9
EBS_SKATE 6 2029 CStdn 345.977
EBS_SKATE 6 2030 Cabc 24130.7
EBS_SKATE 6 2030 Cofl 25878.4
EBS_SKATE 6 2030 CLCI 26807.3
EBS_SKATE 6 2030 CUCI 28514.8
EBS_SKATE 6 2030 CMedian 27511.1
EBS_SKATE 6 2030 CMean 27602
EBS_SKATE 6 2030 CStdn 571.296
EBS_SKATE 6 2031 Cabc 24130.7
EBS_SKATE 6 2031 Cofl 25878.4
EBS_SKATE 6 2031 CLCI 25497.3
EBS_SKATE 6 2031 CUCI 27975.8
EBS_SKATE 6 2031 CMedian 26662.7
EBS_SKATE 6 2031 CMean 26710.9
EBS_SKATE 6 2031 CStdn 811.143
EBS_SKATE 6 2032 Cabc 24130.7
EBS_SKATE 6 2032 Cofl 25878.4
EBS_SKATE 6 2032 CLCI 24559.4
EBS_SKATE 6 2032 CUCI 27741.7
EBS_SKATE 6 2032 CMedian 26052.6
EBS_SKATE 6 2032 CMean 26124.2
EBS_SKATE 6 2032 CStdn 1073.76
EBS_SKATE 6 2033 Cabc 24130.7
EBS_SKATE 6 2033 Cofl 25878.4
EBS_SKATE 6 2033 CLCI 23706.7
EBS_SKATE 6 2033 CUCI 27642.5
EBS_SKATE 6 2033 CMedian 25531.8
EBS_SKATE 6 2033 CMean 25679
EBS_SKATE 6 2033 CStdn 1356.63
EBS_SKATE 6 2034 Cabc 24130.7
EBS_SKATE 6 2034 Cofl 25878.4
EBS_SKATE 6 2034 CLCI 23013.4
EBS_SKATE 6 2034 CUCI 27695.4
EBS_SKATE 6 2034 CMedian 25169.5
EBS_SKATE 6 2034 CMean 25331.6
EBS_SKATE 6 2034 CStdn 1640.67
EBS_SKATE 6 2035 Cabc 24130.7
EBS_SKATE 6 2035 Cofl 25878.4
EBS_SKATE 6 2035 CLCI 22439.4
EBS_SKATE 6 2035 CUCI 28302.1
EBS_SKATE 6 2035 CMedian 24967.1
EBS_SKATE 6 2035 CMean 25085.7
EBS_SKATE 6 2035 CStdn 1895.68
EBS_SKATE 6 2036 Cabc 24130.7
EBS_SKATE 6 2036 Cofl 25878.4
EBS_SKATE 6 2036 CLCI 22151.5
EBS_SKATE 6 2036 CUCI 28248.2
EBS_SKATE 6 2036 CMedian 24866.5
EBS_SKATE 6 2036 CMean 24932.8
EBS_SKATE 6 2036 CStdn 2083.7
EBS_SKATE 6 2023 SSBF100 172881
EBS_SKATE 6 2023 SSBFabc 69152.4
EBS_SKATE 6 2023 SSBFofl 60508.3
EBS_SKATE 6 2023 SSBLCI 112198
EBS_SKATE 6 2023 SSBUCI 112198
EBS_SKATE 6 2023 SSBMedian 112198
EBS_SKATE 6 2023 SSBMean 112198
EBS_SKATE 6 2024 SSBF100 172881
EBS_SKATE 6 2024 SSBFabc 69152.4
EBS_SKATE 6 2024 SSBFofl 60508.3
EBS_SKATE 6 2024 SSBLCI 105526
EBS_SKATE 6 2024 SSBUCI 105526
EBS_SKATE 6 2024 SSBMedian 105526
EBS_SKATE 6 2024 SSBMean 105526
EBS_SKATE 6 2025 SSBF100 172881
EBS_SKATE 6 2025 SSBFabc 69152.4
EBS_SKATE 6 2025 SSBFofl 60508.3
EBS_SKATE 6 2025 SSBLCI 96728.8
EBS_SKATE 6 2025 SSBUCI 96728.8
EBS_SKATE 6 2025 SSBMedian 96728.8
EBS_SKATE 6 2025 SSBMean 96728.8
EBS_SKATE 6 2026 SSBF100 172881
EBS_SKATE 6 2026 SSBFabc 69152.4
EBS_SKATE 6 2026 SSBFofl 60508.3
EBS_SKATE 6 2026 SSBLCI 88461.5
EBS_SKATE 6 2026 SSBUCI 88461.5
EBS_SKATE 6 2026 SSBMedian 88461.5
EBS_SKATE 6 2026 SSBMean 88461.5
EBS_SKATE 6 2027 SSBF100 172881
EBS_SKATE 6 2027 SSBFabc 69152.4
EBS_SKATE 6 2027 SSBFofl 60508.3
EBS_SKATE 6 2027 SSBLCI 81233.8
EBS_SKATE 6 2027 SSBUCI 81233.8
EBS_SKATE 6 2027 SSBMedian 81233.8
EBS_SKATE 6 2027 SSBMean 81233.8
EBS_SKATE 6 2028 SSBF100 172881
EBS_SKATE 6 2028 SSBFabc 69152.4
EBS_SKATE 6 2028 SSBFofl 60508.3
EBS_SKATE 6 2028 SSBLCI 75506.7
EBS_SKATE 6 2028 SSBUCI 75506.7
EBS_SKATE 6 2028 SSBMedian 75506.7
EBS_SKATE 6 2028 SSBMean 75506.7
EBS_SKATE 6 2029 SSBF100 172881
EBS_SKATE 6 2029 SSBFabc 69152.4
EBS_SKATE 6 2029 SSBFofl 60508.3
EBS_SKATE 6 2029 SSBLCI 71503.9
EBS_SKATE 6 2029 SSBUCI 71503.9
EBS_SKATE 6 2029 SSBMedian 71503.9
EBS_SKATE 6 2029 SSBMean 71503.9
EBS_SKATE 6 2030 SSBF100 172881
EBS_SKATE 6 2030 SSBFabc 69152.4
EBS_SKATE 6 2030 SSBFofl 60508.3
EBS_SKATE 6 2030 SSBLCI 69042
EBS_SKATE 6 2030 SSBUCI 69085.2
EBS_SKATE 6 2030 SSBMedian 69059.6
EBS_SKATE 6 2030 SSBMean 69062
EBS_SKATE 6 2031 SSBF100 172881
EBS_SKATE 6 2031 SSBFabc 69152.4
EBS_SKATE 6 2031 SSBFofl 60508.3
EBS_SKATE 6 2031 SSBLCI 67569
EBS_SKATE 6 2031 SSBUCI 67830.2
EBS_SKATE 6 2031 SSBMedian 67675.2
EBS_SKATE 6 2031 SSBMean 67691.5
EBS_SKATE 6 2032 SSBF100 172881
EBS_SKATE 6 2032 SSBFabc 69152.4
EBS_SKATE 6 2032 SSBFofl 60508.3
EBS_SKATE 6 2032 SSBLCI 66427.8
EBS_SKATE 6 2032 SSBUCI 67323
EBS_SKATE 6 2032 SSBMedian 66805.1
EBS_SKATE 6 2032 SSBMean 66850.2
EBS_SKATE 6 2033 SSBF100 172881
EBS_SKATE 6 2033 SSBFabc 69152.4
EBS_SKATE 6 2033 SSBFofl 60508.3
EBS_SKATE 6 2033 SSBLCI 65191.9
EBS_SKATE 6 2033 SSBUCI 67237.2
EBS_SKATE 6 2033 SSBMedian 66036.1
EBS_SKATE 6 2033 SSBMean 66147.2
EBS_SKATE 6 2034 SSBF100 172881
EBS_SKATE 6 2034 SSBFabc 69152.4
EBS_SKATE 6 2034 SSBFofl 60508.3
EBS_SKATE 6 2034 SSBLCI 63837.1
EBS_SKATE 6 2034 SSBUCI 67441.8
EBS_SKATE 6 2034 SSBMedian 65276.6
EBS_SKATE 6 2034 SSBMean 65486.4
EBS_SKATE 6 2035 SSBF100 172881
EBS_SKATE 6 2035 SSBFabc 69152.4
EBS_SKATE 6 2035 SSBFofl 60508.3
EBS_SKATE 6 2035 SSBLCI 62406.2
EBS_SKATE 6 2035 SSBUCI 67486.2
EBS_SKATE 6 2035 SSBMedian 64741
EBS_SKATE 6 2035 SSBMean 64914.8
EBS_SKATE 6 2036 SSBF100 172881
EBS_SKATE 6 2036 SSBFabc 69152.4
EBS_SKATE 6 2036 SSBFofl 60508.3
EBS_SKATE 6 2036 SSBLCI 61347.5
EBS_SKATE 6 2036 SSBUCI 67393.9
EBS_SKATE 6 2036 SSBMedian 64491.1
EBS_SKATE 6 2036 SSBMean 64484.6
EBS_SKATE 6 2023 F0 0 
EBS_SKATE 6 2023 Fabc 0.0798249
EBS_SKATE 6 2023 Fofl 0.0931403
EBS_SKATE 6 2023  F_LCI 0.0586214
EBS_SKATE 6 2023  F_UCI 0.0586214
EBS_SKATE 6 2023  F_Median 0.0586214
EBS_SKATE 6 2023  F_Mean 0.0586214
EBS_SKATE 6 2024 F0 0 
EBS_SKATE 6 2024 Fabc 0.0798249
EBS_SKATE 6 2024 Fofl 0.0931403
EBS_SKATE 6 2024  F_LCI 0.0931403
EBS_SKATE 6 2024  F_UCI 0.0931403
EBS_SKATE 6 2024  F_Median 0.0931403
EBS_SKATE 6 2024  F_Mean 0.0931403
EBS_SKATE 6 2025 F0 0 
EBS_SKATE 6 2025 Fabc 0.0798249
EBS_SKATE 6 2025 Fofl 0.0931403
EBS_SKATE 6 2025  F_LCI 0.0931403
EBS_SKATE 6 2025  F_UCI 0.0931403
EBS_SKATE 6 2025  F_Median 0.0931403
EBS_SKATE 6 2025  F_Mean 0.0931403
EBS_SKATE 6 2026 F0 0 
EBS_SKATE 6 2026 Fabc 0.0798249
EBS_SKATE 6 2026 Fofl 0.0931403
EBS_SKATE 6 2026  F_LCI 0.0931403
EBS_SKATE 6 2026  F_UCI 0.0931403
EBS_SKATE 6 2026  F_Median 0.0931403
EBS_SKATE 6 2026  F_Mean 0.0931403
EBS_SKATE 6 2027 F0 0 
EBS_SKATE 6 2027 Fabc 0.0798249
EBS_SKATE 6 2027 Fofl 0.0931403
EBS_SKATE 6 2027  F_LCI 0.0931403
EBS_SKATE 6 2027  F_UCI 0.0931403
EBS_SKATE 6 2027  F_Median 0.0931403
EBS_SKATE 6 2027  F_Mean 0.0931403
EBS_SKATE 6 2028 F0 0 
EBS_SKATE 6 2028 Fabc 0.0798249
EBS_SKATE 6 2028 Fofl 0.0931403
EBS_SKATE 6 2028  F_LCI 0.0931403
EBS_SKATE 6 2028  F_UCI 0.0931403
EBS_SKATE 6 2028  F_Median 0.0931403
EBS_SKATE 6 2028  F_Mean 0.0931403
EBS_SKATE 6 2029 F0 0 
EBS_SKATE 6 2029 Fabc 0.0798249
EBS_SKATE 6 2029 Fofl 0.0931403
EBS_SKATE 6 2029  F_LCI 0.0931403
EBS_SKATE 6 2029  F_UCI 0.0931403
EBS_SKATE 6 2029  F_Median 0.0931403
EBS_SKATE 6 2029  F_Mean 0.0931403
EBS_SKATE 6 2030 F0 0 
EBS_SKATE 6 2030 Fabc 0.0798249
EBS_SKATE 6 2030 Fofl 0.0931403
EBS_SKATE 6 2030  F_LCI 0.0929839
EBS_SKATE 6 2030  F_UCI 0.0930451
EBS_SKATE 6 2030  F_Median 0.0930089
EBS_SKATE 6 2030  F_Mean 0.0930124
EBS_SKATE 6 2031 F0 0 
EBS_SKATE 6 2031 Fabc 0.0798249
EBS_SKATE 6 2031 Fofl 0.0931403
EBS_SKATE 6 2031  F_LCI 0.090896
EBS_SKATE 6 2031  F_UCI 0.0912663
EBS_SKATE 6 2031  F_Median 0.0910465
EBS_SKATE 6 2031  F_Mean 0.0910697
EBS_SKATE 6 2032 F0 0 
EBS_SKATE 6 2032 Fabc 0.0798249
EBS_SKATE 6 2032 Fofl 0.0931403
EBS_SKATE 6 2032  F_LCI 0.0892779
EBS_SKATE 6 2032  F_UCI 0.0905472
EBS_SKATE 6 2032  F_Median 0.0898128
EBS_SKATE 6 2032  F_Mean 0.0898769
EBS_SKATE 6 2033 F0 0 
EBS_SKATE 6 2033 Fabc 0.0798249
EBS_SKATE 6 2033 Fofl 0.0931403
EBS_SKATE 6 2033  F_LCI 0.0875256
EBS_SKATE 6 2033  F_UCI 0.0904256
EBS_SKATE 6 2033  F_Median 0.0887225
EBS_SKATE 6 2033  F_Mean 0.0888801
EBS_SKATE 6 2034 F0 0 
EBS_SKATE 6 2034 Fabc 0.0798249
EBS_SKATE 6 2034 Fofl 0.0931403
EBS_SKATE 6 2034  F_LCI 0.0856046
EBS_SKATE 6 2034  F_UCI 0.0907157
EBS_SKATE 6 2034  F_Median 0.0876457
EBS_SKATE 6 2034  F_Mean 0.0879432
EBS_SKATE 6 2035 F0 0 
EBS_SKATE 6 2035 Fabc 0.0798249
EBS_SKATE 6 2035 Fofl 0.0931403
EBS_SKATE 6 2035  F_LCI 0.0835759
EBS_SKATE 6 2035  F_UCI 0.0907786
EBS_SKATE 6 2035  F_Median 0.0868863
EBS_SKATE 6 2035  F_Mean 0.0871307
EBS_SKATE 6 2036 F0 0 
EBS_SKATE 6 2036 Fabc 0.0798249
EBS_SKATE 6 2036 Fofl 0.0931403
EBS_SKATE 6 2036  F_LCI 0.0820749
EBS_SKATE 6 2036  F_UCI 0.0906477
EBS_SKATE 6 2036  F_Median 0.0865319
EBS_SKATE 6 2036  F_Mean 0.0864984
EBS_SKATE 7 2023 Cabc 24130.7
EBS_SKATE 7 2023 Cofl 25878.4
EBS_SKATE 7 2023 CLCI 21481
EBS_SKATE 7 2023 CUCI 21481
EBS_SKATE 7 2023 CMedian 21481
EBS_SKATE 7 2023 CMean 21481
EBS_SKATE 7 2023 CStdn 2.91038e-11
EBS_SKATE 7 2024 Cabc 24130.7
EBS_SKATE 7 2024 Cofl 25878.4
EBS_SKATE 7 2024 CLCI 27836.6
EBS_SKATE 7 2024 CUCI 27836.6
EBS_SKATE 7 2024 CMedian 27836.6
EBS_SKATE 7 2024 CMean 27836.6
EBS_SKATE 7 2024 CStdn 5.82077e-11
EBS_SKATE 7 2025 Cabc 24130.7
EBS_SKATE 7 2025 Cofl 25878.4
EBS_SKATE 7 2025 CLCI 26656.7
EBS_SKATE 7 2025 CUCI 26675.2
EBS_SKATE 7 2025 CMedian 26664.2
EBS_SKATE 7 2025 CMean 26665.3
EBS_SKATE 7 2025 CStdn 6.04613
EBS_SKATE 7 2026 Cabc 24130.7
EBS_SKATE 7 2026 Cofl 25878.4
EBS_SKATE 7 2026 CLCI 30105.2
EBS_SKATE 7 2026 CUCI 30180.4
EBS_SKATE 7 2026 CMedian 30135.9
EBS_SKATE 7 2026 CMean 30140.4
EBS_SKATE 7 2026 CStdn 24.6338
EBS_SKATE 7 2027 Cabc 24130.7
EBS_SKATE 7 2027 Cofl 25878.4
EBS_SKATE 7 2027 CLCI 29303.3
EBS_SKATE 7 2027 CUCI 29514.8
EBS_SKATE 7 2027 CMedian 29392.8
EBS_SKATE 7 2027 CMean 29405.4
EBS_SKATE 7 2027 CStdn 72.2418
EBS_SKATE 7 2028 Cabc 24130.7
EBS_SKATE 7 2028 Cofl 25878.4
EBS_SKATE 7 2028 CLCI 28638.2
EBS_SKATE 7 2028 CUCI 29164.4
EBS_SKATE 7 2028 CMedian 28857.1
EBS_SKATE 7 2028 CMean 28884.2
EBS_SKATE 7 2028 CStdn 175.517
EBS_SKATE 7 2029 Cabc 24130.7
EBS_SKATE 7 2029 Cofl 25878.4
EBS_SKATE 7 2029 CLCI 27947.6
EBS_SKATE 7 2029 CUCI 29009.2
EBS_SKATE 7 2029 CMedian 28381
EBS_SKATE 7 2029 CMean 28434.8
EBS_SKATE 7 2029 CStdn 346.202
EBS_SKATE 7 2030 Cabc 24130.7
EBS_SKATE 7 2030 Cofl 25878.4
EBS_SKATE 7 2030 CLCI 27214.9
EBS_SKATE 7 2030 CUCI 28910.2
EBS_SKATE 7 2030 CMedian 27917.4
EBS_SKATE 7 2030 CMean 28004.8
EBS_SKATE 7 2030 CStdn 567.797
EBS_SKATE 7 2031 Cabc 24130.7
EBS_SKATE 7 2031 Cofl 25878.4
EBS_SKATE 7 2031 CLCI 26288.1
EBS_SKATE 7 2031 CUCI 28816.5
EBS_SKATE 7 2031 CMedian 27477
EBS_SKATE 7 2031 CMean 27525.4
EBS_SKATE 7 2031 CStdn 826.923
EBS_SKATE 7 2032 Cabc 24130.7
EBS_SKATE 7 2032 Cofl 25878.4
EBS_SKATE 7 2032 CLCI 25150.1
EBS_SKATE 7 2032 CUCI 28377.9
EBS_SKATE 7 2032 CMedian 26664.8
EBS_SKATE 7 2032 CMean 26737.4
EBS_SKATE 7 2032 CStdn 1089.05
EBS_SKATE 7 2033 Cabc 24130.7
EBS_SKATE 7 2033 Cofl 25878.4
EBS_SKATE 7 2033 CLCI 24134.4
EBS_SKATE 7 2033 CUCI 28110.7
EBS_SKATE 7 2033 CMedian 25977.1
EBS_SKATE 7 2033 CMean 26125.3
EBS_SKATE 7 2033 CStdn 1368.77
EBS_SKATE 7 2034 Cabc 24130.7
EBS_SKATE 7 2034 Cofl 25878.4
EBS_SKATE 7 2034 CLCI 23313
EBS_SKATE 7 2034 CUCI 28017.4
EBS_SKATE 7 2034 CMedian 25480.8
EBS_SKATE 7 2034 CMean 25642.5
EBS_SKATE 7 2034 CStdn 1648.27
EBS_SKATE 7 2035 Cabc 24130.7
EBS_SKATE 7 2035 Cofl 25878.4
EBS_SKATE 7 2035 CLCI 22640.8
EBS_SKATE 7 2035 CUCI 28504.6
EBS_SKATE 7 2035 CMedian 25164.2
EBS_SKATE 7 2035 CMean 25287.9
EBS_SKATE 7 2035 CStdn 1893.06
EBS_SKATE 7 2036 Cabc 24130.7
EBS_SKATE 7 2036 Cofl 25878.4
EBS_SKATE 7 2036 CLCI 22278.6
EBS_SKATE 7 2036 CUCI 28361.5
EBS_SKATE 7 2036 CMedian 24986.1
EBS_SKATE 7 2036 CMean 25052.2
EBS_SKATE 7 2036 CStdn 2074.18
EBS_SKATE 7 2023 SSBF100 172881
EBS_SKATE 7 2023 SSBFabc 69152.4
EBS_SKATE 7 2023 SSBFofl 60508.3
EBS_SKATE 7 2023 SSBLCI 112198
EBS_SKATE 7 2023 SSBUCI 112198
EBS_SKATE 7 2023 SSBMedian 112198
EBS_SKATE 7 2023 SSBMean 112198
EBS_SKATE 7 2024 SSBF100 172881
EBS_SKATE 7 2024 SSBFabc 69152.4
EBS_SKATE 7 2024 SSBFofl 60508.3
EBS_SKATE 7 2024 SSBLCI 106073
EBS_SKATE 7 2024 SSBUCI 106073
EBS_SKATE 7 2024 SSBMedian 106073
EBS_SKATE 7 2024 SSBMean 106073
EBS_SKATE 7 2025 SSBF100 172881
EBS_SKATE 7 2025 SSBFabc 69152.4
EBS_SKATE 7 2025 SSBFofl 60508.3
EBS_SKATE 7 2025 SSBLCI 98442.9
EBS_SKATE 7 2025 SSBUCI 98442.9
EBS_SKATE 7 2025 SSBMedian 98442.9
EBS_SKATE 7 2025 SSBMean 98442.9
EBS_SKATE 7 2026 SSBF100 172881
EBS_SKATE 7 2026 SSBFabc 69152.4
EBS_SKATE 7 2026 SSBFofl 60508.3
EBS_SKATE 7 2026 SSBLCI 90676
EBS_SKATE 7 2026 SSBUCI 90676
EBS_SKATE 7 2026 SSBMedian 90676
EBS_SKATE 7 2026 SSBMean 90676
EBS_SKATE 7 2027 SSBF100 172881
EBS_SKATE 7 2027 SSBFabc 69152.4
EBS_SKATE 7 2027 SSBFofl 60508.3
EBS_SKATE 7 2027 SSBLCI 83246.2
EBS_SKATE 7 2027 SSBUCI 83246.2
EBS_SKATE 7 2027 SSBMedian 83246.2
EBS_SKATE 7 2027 SSBMean 83246.2
EBS_SKATE 7 2028 SSBF100 172881
EBS_SKATE 7 2028 SSBFabc 69152.4
EBS_SKATE 7 2028 SSBFofl 60508.3
EBS_SKATE 7 2028 SSBLCI 77332
EBS_SKATE 7 2028 SSBUCI 77332
EBS_SKATE 7 2028 SSBMedian 77332
EBS_SKATE 7 2028 SSBMean 77332
EBS_SKATE 7 2029 SSBF100 172881
EBS_SKATE 7 2029 SSBFabc 69152.4
EBS_SKATE 7 2029 SSBFofl 60508.3
EBS_SKATE 7 2029 SSBLCI 73156.6
EBS_SKATE 7 2029 SSBUCI 73156.6
EBS_SKATE 7 2029 SSBMedian 73156.6
EBS_SKATE 7 2029 SSBMean 73156.6
EBS_SKATE 7 2030 SSBF100 172881
EBS_SKATE 7 2030 SSBFabc 69152.4
EBS_SKATE 7 2030 SSBFofl 60508.3
EBS_SKATE 7 2030 SSBLCI 70528.1
EBS_SKATE 7 2030 SSBUCI 70573
EBS_SKATE 7 2030 SSBMedian 70546.4
EBS_SKATE 7 2030 SSBMean 70548.9
EBS_SKATE 7 2031 SSBF100 172881
EBS_SKATE 7 2031 SSBFabc 69152.4
EBS_SKATE 7 2031 SSBFofl 60508.3
EBS_SKATE 7 2031 SSBLCI 68844
EBS_SKATE 7 2031 SSBUCI 69108.6
EBS_SKATE 7 2031 SSBMedian 68951.6
EBS_SKATE 7 2031 SSBMean 68968.2
EBS_SKATE 7 2032 SSBF100 172881
EBS_SKATE 7 2032 SSBFabc 69152.4
EBS_SKATE 7 2032 SSBFofl 60508.3
EBS_SKATE 7 2032 SSBLCI 67445
EBS_SKATE 7 2032 SSBUCI 68342
EBS_SKATE 7 2032 SSBMedian 67822.8
EBS_SKATE 7 2032 SSBMean 67868.1
EBS_SKATE 7 2033 SSBF100 172881
EBS_SKATE 7 2033 SSBFabc 69152.4
EBS_SKATE 7 2033 SSBFofl 60508.3
EBS_SKATE 7 2033 SSBLCI 65980.9
EBS_SKATE 7 2033 SSBUCI 68021
EBS_SKATE 7 2033 SSBMedian 66823
EBS_SKATE 7 2033 SSBMean 66934
EBS_SKATE 7 2034 SSBF100 172881
EBS_SKATE 7 2034 SSBFabc 69152.4
EBS_SKATE 7 2034 SSBFofl 60508.3
EBS_SKATE 7 2034 SSBLCI 64428.3
EBS_SKATE 7 2034 SSBUCI 68018.7
EBS_SKATE 7 2034 SSBMedian 65861.5
EBS_SKATE 7 2034 SSBMean 66071.2
EBS_SKATE 7 2035 SSBF100 172881
EBS_SKATE 7 2035 SSBFabc 69152.4
EBS_SKATE 7 2035 SSBFofl 60508.3
EBS_SKATE 7 2035 SSBLCI 62832.1
EBS_SKATE 7 2035 SSBUCI 67888.3
EBS_SKATE 7 2035 SSBMedian 65154.9
EBS_SKATE 7 2035 SSBMean 65328.7
EBS_SKATE 7 2036 SSBF100 172881
EBS_SKATE 7 2036 SSBFabc 69152.4
EBS_SKATE 7 2036 SSBFofl 60508.3
EBS_SKATE 7 2036 SSBLCI 61639
EBS_SKATE 7 2036 SSBUCI 67656.6
EBS_SKATE 7 2036 SSBMedian 64764.8
EBS_SKATE 7 2036 SSBMean 64759.9
EBS_SKATE 7 2023 F0 0 
EBS_SKATE 7 2023 Fabc 0.0798249
EBS_SKATE 7 2023 Fofl 0.0931403
EBS_SKATE 7 2023  F_LCI 0.0586214
EBS_SKATE 7 2023  F_UCI 0.0586214
EBS_SKATE 7 2023  F_Median 0.0586214
EBS_SKATE 7 2023  F_Mean 0.0586214
EBS_SKATE 7 2024 F0 0 
EBS_SKATE 7 2024 Fabc 0.0798249
EBS_SKATE 7 2024 Fofl 0.0931403
EBS_SKATE 7 2024  F_LCI 0.0798249
EBS_SKATE 7 2024  F_UCI 0.0798249
EBS_SKATE 7 2024  F_Median 0.0798249
EBS_SKATE 7 2024  F_Mean 0.0798249
EBS_SKATE 7 2025 F0 0 
EBS_SKATE 7 2025 Fabc 0.0798249
EBS_SKATE 7 2025 Fofl 0.0931403
EBS_SKATE 7 2025  F_LCI 0.0798249
EBS_SKATE 7 2025  F_UCI 0.0798249
EBS_SKATE 7 2025  F_Median 0.0798249
EBS_SKATE 7 2025  F_Mean 0.0798249
EBS_SKATE 7 2026 F0 0 
EBS_SKATE 7 2026 Fabc 0.0798249
EBS_SKATE 7 2026 Fofl 0.0931403
EBS_SKATE 7 2026  F_LCI 0.0931403
EBS_SKATE 7 2026  F_UCI 0.0931403
EBS_SKATE 7 2026  F_Median 0.0931403
EBS_SKATE 7 2026  F_Mean 0.0931403
EBS_SKATE 7 2027 F0 0 
EBS_SKATE 7 2027 Fabc 0.0798249
EBS_SKATE 7 2027 Fofl 0.0931403
EBS_SKATE 7 2027  F_LCI 0.0931403
EBS_SKATE 7 2027  F_UCI 0.0931403
EBS_SKATE 7 2027  F_Median 0.0931403
EBS_SKATE 7 2027  F_Mean 0.0931403
EBS_SKATE 7 2028 F0 0 
EBS_SKATE 7 2028 Fabc 0.0798249
EBS_SKATE 7 2028 Fofl 0.0931403
EBS_SKATE 7 2028  F_LCI 0.0931403
EBS_SKATE 7 2028  F_UCI 0.0931403
EBS_SKATE 7 2028  F_Median 0.0931403
EBS_SKATE 7 2028  F_Mean 0.0931403
EBS_SKATE 7 2029 F0 0 
EBS_SKATE 7 2029 Fabc 0.0798249
EBS_SKATE 7 2029 Fofl 0.0931403
EBS_SKATE 7 2029  F_LCI 0.0931403
EBS_SKATE 7 2029  F_UCI 0.0931403
EBS_SKATE 7 2029  F_Median 0.0931403
EBS_SKATE 7 2029  F_Mean 0.0931403
EBS_SKATE 7 2030 F0 0 
EBS_SKATE 7 2030 Fabc 0.0798249
EBS_SKATE 7 2030 Fofl 0.0931403
EBS_SKATE 7 2030  F_LCI 0.0931403
EBS_SKATE 7 2030  F_UCI 0.0931403
EBS_SKATE 7 2030  F_Median 0.0931403
EBS_SKATE 7 2030  F_Mean 0.0931403
EBS_SKATE 7 2031 F0 0 
EBS_SKATE 7 2031 Fabc 0.0798249
EBS_SKATE 7 2031 Fofl 0.0931403
EBS_SKATE 7 2031  F_LCI 0.0927037
EBS_SKATE 7 2031  F_UCI 0.0930783
EBS_SKATE 7 2031  F_Median 0.092856
EBS_SKATE 7 2031  F_Mean 0.0928782
EBS_SKATE 7 2032 F0 0 
EBS_SKATE 7 2032 Fabc 0.0798249
EBS_SKATE 7 2032 Fofl 0.0931403
EBS_SKATE 7 2032  F_LCI 0.0907201
EBS_SKATE 7 2032  F_UCI 0.091992
EBS_SKATE 7 2032  F_Median 0.0912559
EBS_SKATE 7 2032  F_Mean 0.0913201
EBS_SKATE 7 2033 F0 0 
EBS_SKATE 7 2033 Fabc 0.0798249
EBS_SKATE 7 2033 Fofl 0.0931403
EBS_SKATE 7 2033  F_LCI 0.0886443
EBS_SKATE 7 2033  F_UCI 0.0915369
EBS_SKATE 7 2033  F_Median 0.0898383
EBS_SKATE 7 2033  F_Mean 0.0899956
EBS_SKATE 7 2034 F0 0 
EBS_SKATE 7 2034 Fabc 0.0798249
EBS_SKATE 7 2034 Fofl 0.0931403
EBS_SKATE 7 2034  F_LCI 0.0864429
EBS_SKATE 7 2034  F_UCI 0.0915336
EBS_SKATE 7 2034  F_Median 0.0884749
EBS_SKATE 7 2034  F_Mean 0.0887723
EBS_SKATE 7 2035 F0 0 
EBS_SKATE 7 2035 Fabc 0.0798249
EBS_SKATE 7 2035 Fofl 0.0931403
EBS_SKATE 7 2035  F_LCI 0.0841797
EBS_SKATE 7 2035  F_UCI 0.0913487
EBS_SKATE 7 2035  F_Median 0.0874731
EBS_SKATE 7 2035  F_Mean 0.0877119
EBS_SKATE 7 2036 F0 0 
EBS_SKATE 7 2036 Fabc 0.0798249
EBS_SKATE 7 2036 Fofl 0.0931403
EBS_SKATE 7 2036  F_LCI 0.0824881
EBS_SKATE 7 2036  F_UCI 0.0910203
EBS_SKATE 7 2036  F_Median 0.08692
EBS_SKATE 7 2036  F_Mean 0.0868772
