
SB0 SB40 SB35 MeanRec HarMeanRec Bnow
172881 69152.4 60508.3 28668.8 26731.2 121173 
CV Recruit
0.269229 
Alternative 1 Alternative  Stock: EBS_SKATE
Catch EBS_SKATE
Year C0 Cabc Cofl LowCI_Catch Median_Catch Mean_Catch UpperCI_Catch Stdev_Catch 
2023  0 24130.7 25878.4 21481 21481 21481 21481 2.91038e-11 
2024  0 24130.7 25878.4 27836.6 27836.6 27836.6 27836.6 5.82077e-11 
2025  0 24130.7 25878.4 26656.7 26664.2 26665.3 26675.2 6.04613 
2026  0 24130.7 25878.4 25944.3 25970.7 25974.6 26008.9 21.1272 
2027  0 24130.7 25878.4 25528.4 25605.3 25616.1 25710.1 62.0823 
2028  0 24130.7 25878.4 25204.2 25392.8 25416.2 25657.7 151.328 
2029  0 24130.7 25878.4 24830.7 25207.2 25252.8 25751.4 299.932 
2030  0 24130.7 25878.4 24389.1 25000.8 25078.2 25868.2 494.953 
2031  0 24130.7 25878.4 23850.3 24847.1 24895.2 25982.5 703.628 
2032  0 24130.7 25878.4 23400.1 24683.9 24724.3 26033.6 899.661 
2033  0 24130.7 25878.4 23040.4 24492.9 24585.8 26025.8 1073.84 
2034  0 24130.7 25878.4 22734.9 24398.8 24488.5 26460.5 1223.44 
2035  0 24130.7 25878.4 22442.2 24333.9 24401.2 26644.8 1377.7 
2036  0 24130.7 25878.4 22042.6 24234.6 24278.2 26790.1 1560.86 

Spawning_Biomass EBS_SKATE
Year SSB100 SSBabc SSBofl LowCI_SSB Median_SSB Mean_SSB UpperCI_SSB Stdev_SSB 
2023 172881 69152.4 60508.3 112198 112198 112198 112198 2.61934e-10 
2024 172881 69152.4 60508.3 106073 106073 106073 106073 7.27596e-11 
2025 172881 69152.4 60508.3 98442.9 98442.9 98442.9 98442.9 0 
2026 172881 69152.4 60508.3 91144.5 91144.5 91144.5 91144.5 5.82077e-11 
2027 172881 69152.4 60508.3 84716 84716 84716 84716 8.73115e-11 
2028 172881 69152.4 60508.3 79665.2 79665.2 79665.2 79665.2 1.30967e-10 
2029 172881 69152.4 60508.3 76270.7 76270.7 76270.7 76270.7 1.16415e-10 
2030 172881 69152.4 60508.3 74385.1 74403.8 74406.4 74430.8 14.9238 
2031 172881 69152.4 60508.3 73403.8 73518.7 73536.4 73686.4 92.3794 
2032 172881 69152.4 60508.3 72584.2 73001.9 73051.7 73579.2 325.113 
2033 172881 69152.4 60508.3 71489.6 72445.1 72571.5 73794.3 767.557 
2034 172881 69152.4 60508.3 70071 71747.5 72002.7 74241.7 1375.82 
2035 172881 69152.4 60508.3 68455.3 71216.3 71411.5 74568 2022.55 
2036 172881 69152.4 60508.3 67185.1 70741.9 70885.5 74728.6 2591.17 

Fishing_mortalityEBS_SKATE
Year F0 Fabc Fofl LowCI_F Median_F Mean_F UpperCI_F Stdev_F 
2023  0 0.0798249 0.0931403 0.0586214 0.0586214 0.0586214 0.0586214 1.11022e-16 
2024  0 0.0798249 0.0931403 0.0798249 0.0798249 0.0798249 0.0798249 1.249e-16 
2025  0 0.0798249 0.0931403 0.0798249 0.0798249 0.0798249 0.0798249 1.249e-16 
2026  0 0.0798249 0.0931403 0.0798249 0.0798249 0.0798249 0.0798249 1.249e-16 
2027  0 0.0798249 0.0931403 0.0798249 0.0798249 0.0798249 0.0798249 1.249e-16 
2028  0 0.0798249 0.0931403 0.0798249 0.0798249 0.0798249 0.0798249 1.249e-16 
2029  0 0.0798249 0.0931403 0.0798249 0.0798249 0.0798249 0.0798249 1.249e-16 
2030  0 0.0798249 0.0931403 0.0798249 0.0798249 0.0798249 0.0798249 1.249e-16 
2031  0 0.0798249 0.0931403 0.0798249 0.0798249 0.0798249 0.0798249 1.249e-16 
2032  0 0.0798249 0.0931403 0.0798249 0.0798249 0.0798249 0.0798249 1.249e-16 
2033  0 0.0798249 0.0931403 0.0798249 0.0798249 0.0798249 0.0798249 1.249e-16 
2034  0 0.0798249 0.0931403 0.0798249 0.0798249 0.0798249 0.0798249 1.249e-16 
2035  0 0.0798249 0.0931403 0.0789778 0.0798249 0.0797238 0.0798249 0.000292431 
2036  0 0.0798249 0.0931403 0.0774343 0.0798249 0.0793949 0.0798249 0.000865976 

Total_BiomassEBS_SKATE
Year B100 Babc Bofl LowCI_Biom Median_Biom Mean_Biom UpperCI_Biom Stdev_Biom 
2023 1.35985e+06 392692 365548 463795 463795 463795 463795 2.91038e-10 
2024 1.35985e+06 392692 365548 450707 451270 451348 452087 450.168 
2025 1.35985e+06 392692 365548 434705 436062 436238 437850 1029.35 
2026 1.35985e+06 392692 365548 423063 425510 425822 429026 1989.66 
2027 1.35985e+06 392692 365548 413839 418310 418751 424455 3490.01 
2028 1.35985e+06 392692 365548 405915 412973 413780 422399 5465.91 
2029 1.35985e+06 392692 365548 398458 409268 409961 422204 7901.03 
2030 1.35985e+06 392692 365548 391049 405866 406777 422405 10482.6 
2031 1.35985e+06 392692 365548 384954 402279 404000 422527 13076.9 
2032 1.35985e+06 392692 365548 379444 400542 401744 424046 15569.1 
2033 1.35985e+06 392692 365548 375190 398351 399951 428857 17697.3 
2034 1.35985e+06 392692 365548 372799 397304 398662 431477 19470.6 
2035 1.35985e+06 392692 365548 371128 396080 397784 430529 20791.8 
2036 1.35985e+06 392692 365548 364694 394143 397145 427691 21712.5 
Alternative 2 Alternative  Stock: EBS_SKATE
Catch EBS_SKATE
Year C0 Cabc Cofl LowCI_Catch Median_Catch Mean_Catch UpperCI_Catch Stdev_Catch 
2023  0 24130.7 25878.4 21481 21481 21481 21481 2.91038e-11 
2024  0 24130.7 25878.4 27836.6 27836.6 27836.6 27836.6 5.82077e-11 
2025  0 24130.7 25878.4 26656.7 26664.2 26665.3 26675.2 6.04613 
2026  0 24130.7 25878.4 25944.3 25970.7 25974.6 26008.9 21.1272 
2027  0 24130.7 25878.4 25528.4 25605.3 25616.1 25710.1 62.0823 
2028  0 24130.7 25878.4 25204.2 25392.8 25416.2 25657.7 151.328 
2029  0 24130.7 25878.4 24830.7 25207.2 25252.8 25751.4 299.932 
2030  0 24130.7 25878.4 24389.1 25000.8 25078.2 25868.2 494.953 
2031  0 24130.7 25878.4 23850.3 24847.1 24895.2 25982.5 703.628 
2032  0 24130.7 25878.4 23400.1 24683.9 24724.3 26033.6 899.661 
2033  0 24130.7 25878.4 23040.4 24492.9 24585.8 26025.8 1073.84 
2034  0 24130.7 25878.4 22734.9 24398.8 24488.5 26460.5 1223.44 
2035  0 24130.7 25878.4 22442.2 24333.9 24401.2 26644.8 1377.7 
2036  0 24130.7 25878.4 22042.6 24234.6 24278.2 26790.1 1560.86 

Spawning_Biomass EBS_SKATE
Year SSB100 SSBabc SSBofl LowCI_SSB Median_SSB Mean_SSB UpperCI_SSB Stdev_SSB 
2023 172881 69152.4 60508.3 112198 112198 112198 112198 2.61934e-10 
2024 172881 69152.4 60508.3 106073 106073 106073 106073 7.27596e-11 
2025 172881 69152.4 60508.3 98442.9 98442.9 98442.9 98442.9 0 
2026 172881 69152.4 60508.3 91144.5 91144.5 91144.5 91144.5 5.82077e-11 
2027 172881 69152.4 60508.3 84716 84716 84716 84716 8.73115e-11 
2028 172881 69152.4 60508.3 79665.2 79665.2 79665.2 79665.2 1.30967e-10 
2029 172881 69152.4 60508.3 76270.7 76270.7 76270.7 76270.7 1.16415e-10 
2030 172881 69152.4 60508.3 74385.1 74403.8 74406.4 74430.8 14.9238 
2031 172881 69152.4 60508.3 73403.8 73518.7 73536.4 73686.4 92.3794 
2032 172881 69152.4 60508.3 72584.2 73001.9 73051.7 73579.2 325.113 
2033 172881 69152.4 60508.3 71489.6 72445.1 72571.5 73794.3 767.557 
2034 172881 69152.4 60508.3 70071 71747.5 72002.7 74241.7 1375.82 
2035 172881 69152.4 60508.3 68455.3 71216.3 71411.5 74568 2022.55 
2036 172881 69152.4 60508.3 67185.1 70741.9 70885.5 74728.6 2591.17 

Fishing_mortalityEBS_SKATE
Year F0 Fabc Fofl LowCI_F Median_F Mean_F UpperCI_F Stdev_F 
2023  0 0.0798249 0.0931403 0.0586214 0.0586214 0.0586214 0.0586214 1.11022e-16 
2024  0 0.0798249 0.0931403 0.0798249 0.0798249 0.0798249 0.0798249 1.249e-16 
2025  0 0.0798249 0.0931403 0.0798249 0.0798249 0.0798249 0.0798249 1.249e-16 
2026  0 0.0798249 0.0931403 0.0798249 0.0798249 0.0798249 0.0798249 1.249e-16 
2027  0 0.0798249 0.0931403 0.0798249 0.0798249 0.0798249 0.0798249 1.249e-16 
2028  0 0.0798249 0.0931403 0.0798249 0.0798249 0.0798249 0.0798249 1.249e-16 
2029  0 0.0798249 0.0931403 0.0798249 0.0798249 0.0798249 0.0798249 1.249e-16 
2030  0 0.0798249 0.0931403 0.0798249 0.0798249 0.0798249 0.0798249 1.249e-16 
2031  0 0.0798249 0.0931403 0.0798249 0.0798249 0.0798249 0.0798249 1.249e-16 
2032  0 0.0798249 0.0931403 0.0798249 0.0798249 0.0798249 0.0798249 1.249e-16 
2033  0 0.0798249 0.0931403 0.0798249 0.0798249 0.0798249 0.0798249 1.249e-16 
2034  0 0.0798249 0.0931403 0.0798249 0.0798249 0.0798249 0.0798249 1.249e-16 
2035  0 0.0798249 0.0931403 0.0789778 0.0798249 0.0797238 0.0798249 0.000292431 
2036  0 0.0798249 0.0931403 0.0774343 0.0798249 0.0793949 0.0798249 0.000865976 

Total_BiomassEBS_SKATE
Year B100 Babc Bofl LowCI_Biom Median_Biom Mean_Biom UpperCI_Biom Stdev_Biom 
2023 1.35985e+06 392692 365548 463795 463795 463795 463795 2.91038e-10 
2024 1.35985e+06 392692 365548 450707 451270 451348 452087 450.168 
2025 1.35985e+06 392692 365548 434705 436062 436238 437850 1029.35 
2026 1.35985e+06 392692 365548 423063 425510 425822 429026 1989.66 
2027 1.35985e+06 392692 365548 413839 418310 418751 424455 3490.01 
2028 1.35985e+06 392692 365548 405915 412973 413780 422399 5465.91 
2029 1.35985e+06 392692 365548 398458 409268 409961 422204 7901.03 
2030 1.35985e+06 392692 365548 391049 405866 406777 422405 10482.6 
2031 1.35985e+06 392692 365548 384954 402279 404000 422527 13076.9 
2032 1.35985e+06 392692 365548 379444 400542 401744 424046 15569.1 
2033 1.35985e+06 392692 365548 375190 398351 399951 428857 17697.3 
2034 1.35985e+06 392692 365548 372799 397304 398662 431477 19470.6 
2035 1.35985e+06 392692 365548 371128 396080 397784 430529 20791.8 
2036 1.35985e+06 392692 365548 364694 394143 397145 427691 21712.5 
Alternative 3 Alternative  Stock: EBS_SKATE
Catch EBS_SKATE
Year C0 Cabc Cofl LowCI_Catch Median_Catch Mean_Catch UpperCI_Catch Stdev_Catch 
2023  0 24130.7 25878.4 21481 21481 21481 21481 2.91038e-11 
2024  0 24130.7 25878.4 146828 146828 146828 146828 1.74623e-10 
2025  0 24130.7 25878.4 100084 100131 100137 100198 37.3942 
2026  0 24130.7 25878.4 72497.3 72654.7 72677.9 72882.8 126.3 
2027  0 24130.7 25878.4 55655.4 56094.8 56154.7 56705.4 348.815 
2028  0 24130.7 25878.4 44723.5 45690.5 45809.9 47074 769.199 
2029  0 24130.7 25878.4 37355.2 38974.4 39206.1 41409.5 1320.26 
2030  0 24130.7 25878.4 32402.5 34933.2 35080.2 37859.5 1829.8 
2031  0 24130.7 25878.4 29418.3 32530.7 32628.7 35627 2181.22 
2032  0 24130.7 25878.4 27713.6 31069.9 31265 35118.3 2421.11 
2033  0 24130.7 25878.4 26830.7 30399.9 30588.8 34902.5 2619.74 
2034  0 24130.7 25878.4 26845.3 29804.8 30307.9 34824.3 2746.41 
2035  0 24130.7 25878.4 26491.1 29619.1 30210.4 35333.9 2764.35 
2036  0 24130.7 25878.4 26308.1 29502.1 30162.8 35098.4 2718.77 

Spawning_Biomass EBS_SKATE
Year SSB100 SSBabc SSBofl LowCI_SSB Median_SSB Mean_SSB UpperCI_SSB Stdev_SSB 
2023 172881 69152.4 60508.3 112198 112198 112198 112198 2.61934e-10 
2024 172881 69152.4 60508.3 90110.2 90110.2 90110.2 90110.2 1.45519e-10 
2025 172881 69152.4 60508.3 56560.1 56560.1 56560.1 56560.1 2.18279e-11 
2026 172881 69152.4 60508.3 35526.5 35526.5 35526.5 35526.5 8.00355e-11 
2027 172881 69152.4 60508.3 22595.7 22595.7 22595.7 22595.7 1.45519e-11 
2028 172881 69152.4 60508.3 14823 14823 14823 14823 1.81899e-12 
2029 172881 69152.4 60508.3 10223.8 10223.8 10223.8 10223.8 5.45697e-12 
2030 172881 69152.4 60508.3 7480.26 7490.28 7491.67 7504.81 8.01213 
2031 172881 69152.4 60508.3 5762.37 5808.64 5815.49 5875.67 36.9938 
2032 172881 69152.4 60508.3 4621.61 4738.52 4754.46 4900.05 93.7666 
2033 172881 69152.4 60508.3 3856.83 4053.1 4081.65 4341.25 159.269 
2034 172881 69152.4 60508.3 3360.49 3649.59 3667.94 3986.91 210.506 
2035 172881 69152.4 60508.3 3071.97 3403.3 3425.36 3749.88 242.999 
2036 172881 69152.4 60508.3 2892.47 3264.22 3293.28 3718.72 267.03 

Fishing_mortalityEBS_SKATE
Year F0 Fabc Fofl LowCI_F Median_F Mean_F UpperCI_F Stdev_F 
2023  0 0.0798249 0.0931403 0.0586214 0.0586214 0.0586214 0.0586214 1.11022e-16 
2024  0 0.0798249 0.0931403 0.5 0.5 0.5 0.5 0 
2025  0 0.0798249 0.0931403 0.5 0.5 0.5 0.5 0 
2026  0 0.0798249 0.0931403 0.5 0.5 0.5 0.5 0 
2027  0 0.0798249 0.0931403 0.5 0.5 0.5 0.5 0 
2028  0 0.0798249 0.0931403 0.5 0.5 0.5 0.5 0 
2029  0 0.0798249 0.0931403 0.5 0.5 0.5 0.5 0 
2030  0 0.0798249 0.0931403 0.5 0.5 0.5 0.5 0 
2031  0 0.0798249 0.0931403 0.5 0.5 0.5 0.5 0 
2032  0 0.0798249 0.0931403 0.5 0.5 0.5 0.5 0 
2033  0 0.0798249 0.0931403 0.5 0.5 0.5 0.5 0 
2034  0 0.0798249 0.0931403 0.5 0.5 0.5 0.5 0 
2035  0 0.0798249 0.0931403 0.5 0.5 0.5 0.5 0 
2036  0 0.0798249 0.0931403 0.5 0.5 0.5 0.5 0 

Total_BiomassEBS_SKATE
Year B100 Babc Bofl LowCI_Biom Median_Biom Mean_Biom UpperCI_Biom Stdev_Biom 
2023 1.35985e+06 392692 365548 463795 463795 463795 463795 2.91038e-10 
2024 1.35985e+06 392692 365548 450707 451270 451348 452087 450.168 
2025 1.35985e+06 392692 365548 316787 318144 318319 319931 1029.35 
2026 1.35985e+06 392692 365548 235823 238204 238519 241615 1949.6 
2027 1.35985e+06 392692 365548 185181 189388 189800 194993 3291.96 
2028 1.35985e+06 392692 365548 152357 158922 159516 167014 4843.18 
2029 1.35985e+06 392692 365548 131373 140158 140680 150173 6412.74 
2030 1.35985e+06 392692 365548 118382 128633 129267 139529 7646.39 
2031 1.35985e+06 392692 365548 110212 121672 122623 136324 8564.42 
2032 1.35985e+06 392692 365548 106393 118637 119063 134809 9262.93 
2033 1.35985e+06 392692 365548 105411 115672 117273 131913 9621.76 
2034 1.35985e+06 392692 365548 103155 115289 116482 134431 9709.58 
2035 1.35985e+06 392692 365548 102750 113952 116146 133680 9614.66 
2036 1.35985e+06 392692 365548 102171 114035 115888 131529 9512.47 
Alternative 4 Alternative  Stock: EBS_SKATE
Catch EBS_SKATE
Year C0 Cabc Cofl LowCI_Catch Median_Catch Mean_Catch UpperCI_Catch Stdev_Catch 
2023  0 24130.7 25878.4 21481 21481 21481 21481 2.91038e-11 
2024  0 24130.7 25878.4 14887.5 14887.5 14887.5 14887.5 1.81899e-12 
2025  0 24130.7 25878.4 14709.5 14713.4 14714 14719.2 3.18563 
2026  0 24130.7 25878.4 14732.3 14746.3 14748.3 14766.4 11.1659 
2027  0 24130.7 25878.4 14879.2 14920 14925.8 14975.5 32.9964 
2028  0 24130.7 25878.4 15046.4 15147.5 15160 15290.3 81.1741 
2029  0 24130.7 25878.4 15154.8 15361.4 15384.2 15657.2 163.084 
2030  0 24130.7 25878.4 15185.7 15523.8 15567.8 16007.8 273.854 
2031  0 24130.7 25878.4 15120.6 15679.3 15709.1 16326.9 397.057 
2032  0 24130.7 25878.4 15054.4 15795.9 15820 16584.2 517.613 
2033  0 24130.7 25878.4 15022.9 15856.2 15915.2 16775.1 628.349 
2034  0 24130.7 25878.4 14951.4 15942.3 16004.5 17216.5 726.222 
2035  0 24130.7 25878.4 15010 16098 16091.5 17334.7 808.125 
2036  0 24130.7 25878.4 14997.8 16066.9 16174.2 17733.1 869.132 

Spawning_Biomass EBS_SKATE
Year SSB100 SSBabc SSBofl LowCI_SSB Median_SSB Mean_SSB UpperCI_SSB Stdev_SSB 
2023 172881 69152.4 60508.3 112198 112198 112198 112198 2.61934e-10 
2024 172881 69152.4 60508.3 107641 107641 107641 107641 0 
2025 172881 69152.4 60508.3 103478 103478 103478 103478 5.82077e-11 
2026 172881 69152.4 60508.3 99216.6 99216.6 99216.6 99216.6 1.45519e-11 
2027 172881 69152.4 60508.3 95443.1 95443.1 95443.1 95443.1 2.91038e-11 
2028 172881 69152.4 60508.3 92775.1 92775.1 92775.1 92775.1 0 
2029 172881 69152.4 60508.3 91634.7 91634.7 91634.7 91634.7 7.27596e-11 
2030 172881 69152.4 60508.3 91984.3 92004.1 92006.8 92032.7 15.7831 
2031 172881 69152.4 60508.3 93220.6 93345.3 93364.5 93527.4 100.333 
2032 172881 69152.4 60508.3 94488.7 94956.8 95012.2 95605 363.953 
2033 172881 69152.4 60508.3 95216.2 96318.4 96463.3 97856.4 886.704 
2034 172881 69152.4 60508.3 95259.7 97276.9 97565.5 100197 1639.29 
2035 172881 69152.4 60508.3 94806 98041.7 98381.8 102281 2483.99 
2036 172881 69152.4 60508.3 94300.1 98867.7 99019.5 103937 3283.5 

Fishing_mortalityEBS_SKATE
Year F0 Fabc Fofl LowCI_F Median_F Mean_F UpperCI_F Stdev_F 
2023  0 0.0798249 0.0931403 0.0586214 0.0586214 0.0586214 0.0586214 1.11022e-16 
2024  0 0.0798249 0.0931403 0.0420106 0.0420106 0.0420106 0.0420106 9.02056e-17 
2025  0 0.0798249 0.0931403 0.0420106 0.0420106 0.0420106 0.0420106 9.02056e-17 
2026  0 0.0798249 0.0931403 0.0420106 0.0420106 0.0420106 0.0420106 9.02056e-17 
2027  0 0.0798249 0.0931403 0.0420106 0.0420106 0.0420106 0.0420106 9.02056e-17 
2028  0 0.0798249 0.0931403 0.0420106 0.0420106 0.0420106 0.0420106 9.02056e-17 
2029  0 0.0798249 0.0931403 0.0420106 0.0420106 0.0420106 0.0420106 9.02056e-17 
2030  0 0.0798249 0.0931403 0.0420106 0.0420106 0.0420106 0.0420106 9.02056e-17 
2031  0 0.0798249 0.0931403 0.0420106 0.0420106 0.0420106 0.0420106 9.02056e-17 
2032  0 0.0798249 0.0931403 0.0420106 0.0420106 0.0420106 0.0420106 9.02056e-17 
2033  0 0.0798249 0.0931403 0.0420106 0.0420106 0.0420106 0.0420106 9.02056e-17 
2034  0 0.0798249 0.0931403 0.0420106 0.0420106 0.0420106 0.0420106 9.02056e-17 
2035  0 0.0798249 0.0931403 0.0420106 0.0420106 0.0420106 0.0420106 9.02056e-17 
2036  0 0.0798249 0.0931403 0.0420106 0.0420106 0.0420106 0.0420106 9.02056e-17 

Total_BiomassEBS_SKATE
Year B100 Babc Bofl LowCI_Biom Median_Biom Mean_Biom UpperCI_Biom Stdev_Biom 
2023 1.35985e+06 392692 365548 463795 463795 463795 463795 2.91038e-10 
2024 1.35985e+06 392692 365548 450707 451270 451348 452087 450.168 
2025 1.35985e+06 392692 365548 447569 448926 449102 450714 1029.35 
2026 1.35985e+06 392692 365548 447319 449772 450083 453297 1993.33 
2027 1.35985e+06 392692 365548 448323 452818 453261 459019 3508.64 
2028 1.35985e+06 392692 365548 449659 456723 457581 466310 5527.3 
2029 1.35985e+06 392692 365548 450354 461344 462146 474677 8059.24 
2030 1.35985e+06 392692 365548 450275 465360 466414 482663 10818.1 
2031 1.35985e+06 392692 365548 450018 468331 470136 489793 13683.5 
2032 1.35985e+06 392692 365548 449589 472386 473453 496309 16530.6 
2033 1.35985e+06 392692 365548 449445 475476 476386 508395 19070.5 
2034 1.35985e+06 392692 365548 449995 478244 479086 512738 21287.4 
2035 1.35985e+06 392692 365548 451046 478800 481578 520447 23056.5 
2036 1.35985e+06 392692 365548 449179 481471 483765 517314 24434 
Alternative 5 Alternative  Stock: EBS_SKATE
Catch EBS_SKATE
Year C0 Cabc Cofl LowCI_Catch Median_Catch Mean_Catch UpperCI_Catch Stdev_Catch 
2023  0 24130.7 25878.4 21481 21481 21481 21481 2.91038e-11 
2024  0 24130.7 25878.4 0 0 0 0 0 
2025  0 24130.7 25878.4 0 0 0 0 0 
2026  0 24130.7 25878.4 0 0 0 0 0 
2027  0 24130.7 25878.4 0 0 0 0 0 
2028  0 24130.7 25878.4 0 0 0 0 0 
2029  0 24130.7 25878.4 0 0 0 0 0 
2030  0 24130.7 25878.4 0 0 0 0 0 
2031  0 24130.7 25878.4 0 0 0 0 0 
2032  0 24130.7 25878.4 0 0 0 0 0 
2033  0 24130.7 25878.4 0 0 0 0 0 
2034  0 24130.7 25878.4 0 0 0 0 0 
2035  0 24130.7 25878.4 0 0 0 0 0 
2036  0 24130.7 25878.4 0 0 0 0 0 

Spawning_Biomass EBS_SKATE
Year SSB100 SSBabc SSBofl LowCI_SSB Median_SSB Mean_SSB UpperCI_SSB Stdev_SSB 
2023 172881 69152.4 60508.3 112198 112198 112198 112198 2.61934e-10 
2024 172881 69152.4 60508.3 109411 109411 109411 109411 2.18279e-10 
2025 172881 69152.4 60508.3 109376 109376 109376 109376 2.03727e-10 
2026 172881 69152.4 60508.3 109027 109027 109027 109027 1.60071e-10 
2027 172881 69152.4 60508.3 108966 108966 108966 108966 1.16415e-10 
2028 172881 69152.4 60508.3 109902 109902 109902 109902 4.36557e-11 
2029 172881 69152.4 60508.3 112404 112404 112404 112404 1.01863e-10 
2030 172881 69152.4 60508.3 116556 116577 116580 116608 16.7958 
2031 172881 69152.4 60508.3 121746 121883 121904 122082 109.978 
2032 172881 69152.4 60508.3 126948 127478 127542 128214 412.624 
2033 172881 69152.4 60508.3 131365 132657 132825 134472 1041.29 
2034 172881 69152.4 60508.3 134664 137127 137471 140681 1993.28 
2035 172881 69152.4 60508.3 137104 141025 141492 146422 3119.53 
2036 172881 69152.4 60508.3 138834 144757 144999 151440 4240.31 

Fishing_mortalityEBS_SKATE
Year F0 Fabc Fofl LowCI_F Median_F Mean_F UpperCI_F Stdev_F 
2023  0 0.0798249 0.0931403 0.0586214 0.0586214 0.0586214 0.0586214 1.11022e-16 
2024  0 0.0798249 0.0931403 0 0 0 0 0 
2025  0 0.0798249 0.0931403 0 0 0 0 0 
2026  0 0.0798249 0.0931403 0 0 0 0 0 
2027  0 0.0798249 0.0931403 0 0 0 0 0 
2028  0 0.0798249 0.0931403 0 0 0 0 0 
2029  0 0.0798249 0.0931403 0 0 0 0 0 
2030  0 0.0798249 0.0931403 0 0 0 0 0 
2031  0 0.0798249 0.0931403 0 0 0 0 0 
2032  0 0.0798249 0.0931403 0 0 0 0 0 
2033  0 0.0798249 0.0931403 0 0 0 0 0 
2034  0 0.0798249 0.0931403 0 0 0 0 0 
2035  0 0.0798249 0.0931403 0 0 0 0 0 
2036  0 0.0798249 0.0931403 0 0 0 0 0 

Total_BiomassEBS_SKATE
Year B100 Babc Bofl LowCI_Biom Median_Biom Mean_Biom UpperCI_Biom Stdev_Biom 
2023 1.35985e+06 392692 365548 463795 463795 463795 463795 2.91038e-10 
2024 1.35985e+06 392692 365548 450707 451270 451348 452087 450.168 
2025 1.35985e+06 392692 365548 462365 463722 463897 465510 1029.35 
2026 1.35985e+06 392692 365548 476163 478623 478934 482159 1997.43 
2027 1.35985e+06 392692 365548 490657 495179 495626 501444 3529.5 
2028 1.35985e+06 392692 365548 505023 512110 513009 521862 5596.61 
2029 1.35985e+06 392692 365548 518009 529380 530133 542992 8240.31 
2030 1.35985e+06 392692 365548 529801 545186 546301 563271 11210 
2031 1.35985e+06 392692 365548 539719 559212 561104 582121 14410.3 
2032 1.35985e+06 392692 365548 548484 573154 574581 599563 17716.5 
2033 1.35985e+06 392692 365548 556735 585801 586727 620004 20813.9 
2034 1.35985e+06 392692 365548 564409 597498 597725 635887 23657.1 
2035 1.35985e+06 392692 365548 571919 606011 607668 651974 26085.3 
2036 1.35985e+06 392692 365548 578253 614509 616543 659767 28123.4 
Alternative 6 Alternative  Stock: EBS_SKATE
Catch EBS_SKATE
Year C0 Cabc Cofl LowCI_Catch Median_Catch Mean_Catch UpperCI_Catch Stdev_Catch 
2023  0 24130.7 25878.4 21481 21481 21481 21481 2.91038e-11 
2024  0 24130.7 25878.4 32297.3 32297.3 32297.3 32297.3 5.09317e-11 
2025  0 24130.7 25878.4 30590.3 30599.1 30600.3 30611.9 7.05183 
2026  0 24130.7 25878.4 29476.2 29506.9 29511.4 29551.4 24.6148 
2027  0 24130.7 25878.4 28742.2 28831.7 28844.2 28953.6 72.1875 
2028  0 24130.7 25878.4 28144 28362.7 28389.8 28669.9 175.392 
2029  0 24130.7 25878.4 27519 27951.9 28005.9 28579.6 345.977 
2030  0 24130.7 25878.4 26807.3 27511.1 27602 28514.8 571.296 
2031  0 24130.7 25878.4 25497.3 26662.7 26710.9 27975.8 811.143 
2032  0 24130.7 25878.4 24559.4 26052.6 26124.2 27741.7 1073.76 
2033  0 24130.7 25878.4 23706.7 25531.8 25679 27642.5 1356.63 
2034  0 24130.7 25878.4 23013.4 25169.5 25331.6 27695.4 1640.67 
2035  0 24130.7 25878.4 22439.4 24967.1 25085.7 28302.1 1895.68 
2036  0 24130.7 25878.4 22151.5 24866.5 24932.8 28248.2 2083.7 

Spawning_Biomass EBS_SKATE
Year SSB100 SSBabc SSBofl LowCI_SSB Median_SSB Mean_SSB UpperCI_SSB Stdev_SSB 
2023 172881 69152.4 60508.3 112198 112198 112198 112198 2.61934e-10 
2024 172881 69152.4 60508.3 105526 105526 105526 105526 1.01863e-10 
2025 172881 69152.4 60508.3 96728.8 96728.8 96728.8 96728.8 2.61934e-10 
2026 172881 69152.4 60508.3 88461.5 88461.5 88461.5 88461.5 2.32831e-10 
2027 172881 69152.4 60508.3 81233.8 81233.8 81233.8 81233.8 1.45519e-11 
2028 172881 69152.4 60508.3 75506.7 75506.7 75506.7 75506.7 1.16415e-10 
2029 172881 69152.4 60508.3 71503.9 71503.9 71503.9 71503.9 7.27596e-11 
2030 172881 69152.4 60508.3 69042 69059.6 69062 69085.2 14.0986 
2031 172881 69152.4 60508.3 67569 67675.2 67691.5 67830.2 85.3741 
2032 172881 69152.4 60508.3 66427.8 66805.1 66850.2 67323 293.832 
2033 172881 69152.4 60508.3 65191.9 66036.1 66147.2 67237.2 675.639 
2034 172881 69152.4 60508.3 63837.1 65276.6 65486.4 67441.8 1175.02 
2035 172881 69152.4 60508.3 62406.2 64741 64914.8 67486.2 1674.03 
2036 172881 69152.4 60508.3 61347.5 64491.1 64484.6 67393.9 2090.05 

Fishing_mortalityEBS_SKATE
Year F0 Fabc Fofl LowCI_F Median_F Mean_F UpperCI_F Stdev_F 
2023  0 0.0798249 0.0931403 0.0586214 0.0586214 0.0586214 0.0586214 1.11022e-16 
2024  0 0.0798249 0.0931403 0.0931403 0.0931403 0.0931403 0.0931403 1.38778e-17 
2025  0 0.0798249 0.0931403 0.0931403 0.0931403 0.0931403 0.0931403 1.38778e-17 
2026  0 0.0798249 0.0931403 0.0931403 0.0931403 0.0931403 0.0931403 1.38778e-17 
2027  0 0.0798249 0.0931403 0.0931403 0.0931403 0.0931403 0.0931403 1.38778e-17 
2028  0 0.0798249 0.0931403 0.0931403 0.0931403 0.0931403 0.0931403 1.38778e-17 
2029  0 0.0798249 0.0931403 0.0931403 0.0931403 0.0931403 0.0931403 1.38778e-17 
2030  0 0.0798249 0.0931403 0.0929839 0.0930089 0.0930124 0.0930451 1.99587e-05 
2031  0 0.0798249 0.0931403 0.090896 0.0910465 0.0910697 0.0912663 0.00012105 
2032  0 0.0798249 0.0931403 0.0892779 0.0898128 0.0898769 0.0905472 0.000416616 
2033  0 0.0798249 0.0931403 0.0875256 0.0887225 0.0888801 0.0904256 0.000957966 
2034  0 0.0798249 0.0931403 0.0856046 0.0876457 0.0879432 0.0907157 0.00166602 
2035  0 0.0798249 0.0931403 0.0835759 0.0868863 0.0871307 0.0907786 0.00236859 
2036  0 0.0798249 0.0931403 0.0820749 0.0865319 0.0864984 0.0906477 0.0029024 

Total_BiomassEBS_SKATE
Year B100 Babc Bofl LowCI_Biom Median_Biom Mean_Biom UpperCI_Biom Stdev_Biom 
2023 1.35985e+06 392692 365548 463795 463795 463795 463795 2.91038e-10 
2024 1.35985e+06 392692 365548 450707 451270 451348 452087 450.168 
2025 1.35985e+06 392692 365548 430275 431632 431807 433420 1029.35 
2026 1.35985e+06 392692 365548 414886 417331 417643 420843 1988.37 
2027 1.35985e+06 392692 365548 402449 406911 407351 413036 3483.49 
2028 1.35985e+06 392692 365548 391745 398801 399589 408170 5444.52 
2029 1.35985e+06 392692 365548 381960 392721 393364 405507 7846.37 
2030 1.35985e+06 392692 365548 372606 387229 388141 403556 10368.1 
2031 1.35985e+06 392692 365548 364952 382071 383711 401847 12871.1 
2032 1.35985e+06 392692 365548 358837 379298 380666 403117 15249.6 
2033 1.35985e+06 392692 365548 354630 377336 378630 406447 17231.4 
2034 1.35985e+06 392692 365548 352928 376124 377501 410394 18813.2 
2035 1.35985e+06 392692 365548 351407 375456 377097 406755 19897 
2036 1.35985e+06 392692 365548 346782 374053 377123 409904 20563.1 
Alternative 7 Alternative  Stock: EBS_SKATE
Catch EBS_SKATE
Year C0 Cabc Cofl LowCI_Catch Median_Catch Mean_Catch UpperCI_Catch Stdev_Catch 
2023  0 24130.7 25878.4 21481 21481 21481 21481 2.91038e-11 
2024  0 24130.7 25878.4 27836.6 27836.6 27836.6 27836.6 5.82077e-11 
2025  0 24130.7 25878.4 26656.7 26664.2 26665.3 26675.2 6.04613 
2026  0 24130.7 25878.4 30105.2 30135.9 30140.4 30180.4 24.6338 
2027  0 24130.7 25878.4 29303.3 29392.8 29405.4 29514.8 72.2418 
2028  0 24130.7 25878.4 28638.2 28857.1 28884.2 29164.4 175.517 
2029  0 24130.7 25878.4 27947.6 28381 28434.8 29009.2 346.202 
2030  0 24130.7 25878.4 27214.9 27917.4 28004.8 28910.2 567.797 
2031  0 24130.7 25878.4 26288.1 27477 27525.4 28816.5 826.923 
2032  0 24130.7 25878.4 25150.1 26664.8 26737.4 28377.9 1089.05 
2033  0 24130.7 25878.4 24134.4 25977.1 26125.3 28110.7 1368.77 
2034  0 24130.7 25878.4 23313 25480.8 25642.5 28017.4 1648.27 
2035  0 24130.7 25878.4 22640.8 25164.2 25287.9 28504.6 1893.06 
2036  0 24130.7 25878.4 22278.6 24986.1 25052.2 28361.5 2074.18 

Spawning_Biomass EBS_SKATE
Year SSB100 SSBabc SSBofl LowCI_SSB Median_SSB Mean_SSB UpperCI_SSB Stdev_SSB 
2023 172881 69152.4 60508.3 112198 112198 112198 112198 2.61934e-10 
2024 172881 69152.4 60508.3 106073 106073 106073 106073 7.27596e-11 
2025 172881 69152.4 60508.3 98442.9 98442.9 98442.9 98442.9 0 
2026 172881 69152.4 60508.3 90676 90676 90676 90676 1.60071e-10 
2027 172881 69152.4 60508.3 83246.2 83246.2 83246.2 83246.2 1.30967e-10 
2028 172881 69152.4 60508.3 77332 77332 77332 77332 2.03727e-10 
2029 172881 69152.4 60508.3 73156.6 73156.6 73156.6 73156.6 1.74623e-10 
2030 172881 69152.4 60508.3 70528.1 70546.4 70548.9 70573 14.6446 
2031 172881 69152.4 60508.3 68844 68951.6 68968.2 69108.6 86.6128 
2032 172881 69152.4 60508.3 67445 67822.8 67868.1 68342 294.418 
2033 172881 69152.4 60508.3 65980.9 66823 66934 68021 674.317 
2034 172881 69152.4 60508.3 64428.3 65861.5 66071.2 68018.7 1170.63 
2035 172881 69152.4 60508.3 62832.1 65154.9 65328.7 67888.3 1666.61 
2036 172881 69152.4 60508.3 61639 64764.8 64759.9 67656.6 2081.31 

Fishing_mortalityEBS_SKATE
Year F0 Fabc Fofl LowCI_F Median_F Mean_F UpperCI_F Stdev_F 
2023  0 0.0798249 0.0931403 0.0586214 0.0586214 0.0586214 0.0586214 1.11022e-16 
2024  0 0.0798249 0.0931403 0.0798249 0.0798249 0.0798249 0.0798249 1.249e-16 
2025  0 0.0798249 0.0931403 0.0798249 0.0798249 0.0798249 0.0798249 1.249e-16 
2026  0 0.0798249 0.0931403 0.0931403 0.0931403 0.0931403 0.0931403 1.38778e-17 
2027  0 0.0798249 0.0931403 0.0931403 0.0931403 0.0931403 0.0931403 1.38778e-17 
2028  0 0.0798249 0.0931403 0.0931403 0.0931403 0.0931403 0.0931403 1.38778e-17 
2029  0 0.0798249 0.0931403 0.0931403 0.0931403 0.0931403 0.0931403 1.38778e-17 
2030  0 0.0798249 0.0931403 0.0931403 0.0931403 0.0931403 0.0931403 1.38778e-17 
2031  0 0.0798249 0.0931403 0.0927037 0.092856 0.0928782 0.0930783 0.00011959 
2032  0 0.0798249 0.0931403 0.0907201 0.0912559 0.0913201 0.091992 0.000417449 
2033  0 0.0798249 0.0931403 0.0886443 0.0898383 0.0899956 0.0915369 0.000956096 
2034  0 0.0798249 0.0931403 0.0864429 0.0884749 0.0887723 0.0915336 0.0016598 
2035  0 0.0798249 0.0931403 0.0841797 0.0874731 0.0877119 0.0913487 0.00234401 
2036  0 0.0798249 0.0931403 0.0824881 0.08692 0.0868772 0.0910203 0.00286385 

Total_BiomassEBS_SKATE
Year B100 Babc Bofl LowCI_Biom Median_Biom Mean_Biom UpperCI_Biom Stdev_Biom 
2023 1.35985e+06 392692 365548 463795 463795 463795 463795 2.91038e-10 
2024 1.35985e+06 392692 365548 450707 451270 451348 452087 450.168 
2025 1.35985e+06 392692 365548 434705 436062 436238 437850 1029.35 
2026 1.35985e+06 392692 365548 423063 425510 425822 429026 1989.66 
2027 1.35985e+06 392692 365548 409676 414141 414581 420273 3485.55 
2028 1.35985e+06 392692 365548 398063 405116 405909 414496 5447.42 
2029 1.35985e+06 392692 365548 387408 398172 398820 410971 7849.94 
2030 1.35985e+06 392692 365548 377252 391881 392794 408219 10372 
2031 1.35985e+06 392692 365548 368828 385949 387596 405761 12877.2 
2032 1.35985e+06 392692 365548 361575 382017 383391 405828 15239.3 
2033 1.35985e+06 392692 365548 356478 379177 380438 408192 17204.4 
2034 1.35985e+06 392692 365548 354100 377227 378609 411459 18772.8 
2035 1.35985e+06 392692 365548 352075 376009 377693 407225 19848.4 
2036 1.35985e+06 392692 365548 347043 374277 377364 410159 20516.6 
