
Initial statistics: 4 variables; iteration 0; function evaluation 0; phase 1
Function value 5.8412930e+02; maximum gradient component mag -1.5137e+04
Var    Value     Gradient |Var    Value     Gradient |Var    Value     Gradient
  1  0.15800 -1.55542e+03 |  2 -0.13203 -1.65591e+03 |  3 -1.00000 -1.44386e-07
  4  0.01305 -1.51374e+04 |

 - final statistics:
4 variables; iteration 16; function evaluation 27
Function value 4.6897e+02; maximum gradient component mag 8.9828e+00
Exit code = 1;  converg criter 1.0000e+01
Var    Value     Gradient |Var    Value     Gradient |Var    Value     Gradient
  1  0.16134  5.07893e+00 |  2 -0.15517 -1.89630e+00 |  3 -1.00204 -5.14753e-01
  4  0.03090  8.98282e+00 |

Initial statistics: 80 variables; iteration 0; function evaluation 0; phase 2
Function value 4.6897170e+02; maximum gradient component mag 9.5759e+02
Var    Value     Gradient |Var    Value     Gradient |Var    Value     Gradient
  1  0.16134  5.07893e+00 |  2 -0.15517 -1.89630e+00 |  3 -0.99796  5.14753e-01
  4  0.03090  8.98282e+00 |  5  0.00397  2.62717e+01 |  6  0.00287  2.87163e+01
  7 -0.00033  3.02381e+01 |  8  0.00458  3.72177e+01 |  9 -0.00314  3.65330e+01
 10 -0.00206  4.20786e+01 | 11 -0.00078  4.84479e+01 | 12  0.00446  5.87924e+01
 13  0.00192  6.36586e+01 | 14  0.00084  7.03103e+01 | 15  0.00364  8.13530e+01
 16 -0.00515  8.13968e+01 | 17 -0.00275  9.33596e+01 | 18 -0.00344  1.02773e+02
 19 -0.00247  1.14901e+02 | 20  0.00274  1.33725e+02 | 21  0.00400  1.48159e+02
 22  0.00022  1.55220e+02 | 23  0.00274  1.73002e+02 | 24 -0.00455  1.74560e+02
 25  0.00175  2.01601e+02 | 26 -0.00131  2.11888e+02 | 27  0.00115  2.33271e+02
 28  0.00023  2.46624e+02 | 29  0.00198  2.63256e+02 | 30  0.00319  2.74018e+02
 31 -0.00297  2.59249e+02 | 32  0.00377  2.67939e+02 | 33 -0.00390  2.34336e+02
 34 -0.00334  2.14086e+02 | 35  0.00292  2.03272e+02 | 36 -0.00004  1.77228e+02
 37  0.00003  1.62647e+02 | 38  0.00033  1.55302e+02 | 39  0.00431  1.57372e+02
 40 -0.00263  1.44099e+02 | 41 -0.00265  1.40606e+02 | 42 -0.00316  1.33887e+02
 43 -0.00045  1.29001e+02 | 44  0.00203  1.20386e+02 | 45  0.00431  1.07621e+02
 46  0.00040  8.51836e+01 | 47 -0.00453  6.12867e+01 | 48 -0.00020  2.90760e+01
 49 -0.00359 -2.93669e+01 | 50 -0.00105 -9.83305e+01 | 51  0.00146 -1.75383e+02
 52 -0.00094 -2.64497e+02 | 53  0.00113 -3.56775e+02 | 54 -0.00015 -4.26057e+02
 55 -0.00316 -4.46759e+02 | 56 -0.00552 -4.35132e+02 | 57  0.00103 -4.70604e+02
 58  0.00231 -5.34390e+02 | 59 -0.00359 -5.71924e+02 | 60  0.00155 -6.09496e+02
 61 -0.00234 -5.63638e+02 | 62  0.00177 -4.89034e+02 | 63 -0.00514 -3.62139e+02
 64  0.00330 -2.36749e+02 | 65  0.00452 -9.12745e+01 | 66 -0.00153  2.29699e+01
 67 -0.00184  6.96481e+01 | 68  0.00098  7.46300e+01 | 69 -0.00162  4.66217e+01
 70  0.00226  3.06939e+01 | 71  0.00168  3.03931e+00 | 72  0.27357 -2.46420e+02
 73 -0.99483  1.77971e-02 | 74 -0.04954 -5.64788e+00 | 75  0.06677  7.02525e+01
 76 -0.99443 -2.39461e-01 | 77 -0.11144  3.79670e+01 | 78 -0.07505  9.57590e+02
 79 -0.99750 -3.06416e-01 | 80  0.11590  8.72605e+01 |

Intermediate statistics: 80 variables; iteration 20; function evaluation 29; phase 2
Function value 2.6356999e+02; maximum gradient component mag -9.8182e+02
Var    Value     Gradient |Var    Value     Gradient |Var    Value     Gradient
  1  0.16524 -1.92282e+02 |  2 -0.16026 -9.81819e+02 |  3 -1.02341  5.61974e+00
  4  0.01462  9.51882e+02 |  5 -0.01890 -5.83056e+00 |  6 -0.01992 -5.46974e+00
  7 -0.01997 -4.58202e+00 |  8 -0.02452 -5.60319e+00 |  9 -0.02264 -3.61676e+00
 10 -0.02545 -3.65260e+00 | 11 -0.02840 -3.65180e+00 | 12 -0.03302 -4.37030e+00
 13 -0.03425 -3.35322e+00 | 14 -0.03610 -2.53627e+00 | 15 -0.03915 -2.25212e+00
 16 -0.03842  9.21715e-02 | 17 -0.04096  7.77759e-01 | 18 -0.04233  2.15585e+00
 19 -0.04364  3.59569e+00 | 20 -0.04480  5.10459e+00 | 21 -0.04455  7.36701e+00
 22 -0.04351  1.00363e+01 | 23 -0.04188  1.31061e+01 | 24 -0.04041  1.61185e+01
 25 -0.03729  2.04933e+01 | 26 -0.03524  2.43290e+01 | 27 -0.03174  2.92229e+01
 28 -0.02905  3.35094e+01 | 29 -0.02522  3.81681e+01 | 30 -0.02102  4.21866e+01
 31 -0.01800  4.34742e+01 | 32 -0.00832  4.79255e+01 | 33  0.00096  4.90259e+01
 34  0.01883  5.31961e+01 | 35  0.04351  5.93850e+01 | 36  0.06694  6.36092e+01
 37  0.08184  6.50284e+01 | 38  0.07576  6.01911e+01 | 39  0.05550  5.08618e+01
 40  0.03219  4.01294e+01 | 41  0.01455  3.09635e+01 | 42  0.00482  2.40512e+01
 43  0.00085  1.85516e+01 | 44  0.00111  1.38375e+01 | 45  0.00565  9.78882e+00
 46  0.00938  6.14597e+00 | 47 -0.01448 -4.24745e+00 | 48 -0.03254 -1.52042e+01
 49  0.02010 -2.53488e+00 | 50  0.07749  1.22284e+01 | 51 -0.00919 -1.61190e+01
 52  0.08953 -1.70711e+01 | 53 -0.03170 -4.68192e+01 | 54  0.02500 -4.41011e+01
 55  0.11563 -2.15613e+01 | 56  0.01830 -5.06505e+01 | 57 -0.07347 -7.13275e+01
 58  0.05138 -4.67288e+01 | 59  0.10690 -6.36033e+00 | 60  0.02511 -2.08571e+01
 61  0.09785 -1.59174e+01 | 62 -0.01271 -2.75270e+01 | 63  0.08460  1.41873e+01
 64  0.04588  2.95466e+01 | 65  0.02649  3.78473e+01 | 66  0.00531  4.30810e+01
 67 -0.00044  4.09771e+01 | 68 -0.01997  2.14111e+01 | 69 -0.02759  3.74589e+00
 70 -0.05199 -1.16261e+01 | 71 -0.00293 -5.52788e+00 | 72  0.32213 -2.78536e+01
 73 -0.99216 -7.41427e-03 | 74 -0.23431 -4.00699e+01 | 75  0.05463  4.00621e+01
 76 -0.98906 -1.47468e-01 | 77 -0.21073 -2.11253e+01 | 78 -0.10782 -3.32123e+02
 79 -0.99323 -4.45545e-03 | 80 -0.00614  4.86797e+01 |
80 variables; iteration 40; function evaluation 55; phase 2
Function value 2.4040148e+02; maximum gradient component mag 4.7397e+02
Var    Value     Gradient |Var    Value     Gradient |Var    Value     Gradient
  1  0.16680  7.79011e+01 |  2 -0.14126  1.24621e+02 |  3 -1.01950 -4.32566e+00
  4  0.01169  4.73970e+02 |  5 -0.00134 -5.01612e+00 |  6 -0.00292 -5.06998e+00
  7 -0.00537 -5.43318e+00 |  8 -0.00463 -4.34253e+00 |  9 -0.00804 -4.97386e+00
 10 -0.00891 -4.40643e+00 | 11 -0.00974 -3.71327e+00 | 12 -0.00803 -1.73483e+00
 13 -0.00994 -1.32282e+00 | 14 -0.01187 -8.32434e-01 | 15 -0.01193  6.55794e-01
 16 -0.02282 -3.20584e+00 | 17 -0.02580 -3.12993e+00 | 18 -0.03124 -4.30308e+00
 19 -0.03493 -4.59872e+00 | 20 -0.03600 -3.55227e+00 | 21 -0.03749 -2.77993e+00
 22 -0.03970 -2.49683e+00 | 23 -0.04088 -1.69161e+00 | 24 -0.04421 -2.15784e+00
 25 -0.04751 -2.60887e+00 | 26 -0.05301 -4.42270e+00 | 27 -0.05852 -6.50579e+00
 28 -0.05920 -6.14622e+00 | 29 -0.05356 -2.76609e+00 | 30 -0.04744 -1.34396e-01
 31 -0.04570 -1.71814e+00 | 32 -0.03595 -6.68500e-01 | 33 -0.02231  2.91600e-02
 34  0.00666  5.56671e+00 | 35  0.02754  5.01089e+00 | 36  0.05274  7.04324e+00
 37  0.08146  1.50231e+01 | 38  0.06943  1.81563e+01 | 39  0.04134  1.72510e+01
 40  0.01574  1.42937e+01 | 41  0.00200  1.34018e+01 | 42 -0.00904  1.03763e+01
 43 -0.00995  1.05642e+01 | 44 -0.00259  1.38866e+01 | 45  0.00872  1.78186e+01
 46  0.01378  1.85890e+01 | 47 -0.00854  7.81731e+00 | 48 -0.01969 -2.96901e+00
 49  0.03757  4.97376e+00 | 50  0.02287 -1.88233e+01 | 51  0.01221 -2.66146e+01
 52  0.03416 -2.50833e+01 | 53  0.04629 -1.96438e+01 | 54  0.03442 -2.02368e+01
 55  0.07588 -1.34903e+01 | 56  0.01743 -3.05153e+01 | 57  0.00635 -3.24924e+01
 58  0.04196 -1.42180e+01 | 59  0.08801  1.16581e+01 | 60  0.01774 -7.44372e+00
 61  0.11349  4.72366e+01 | 62  0.00666 -4.17021e+00 | 63  0.06429  4.38298e+00
 64  0.05582 -3.90596e+00 | 65  0.01448 -2.18253e+01 | 66 -0.03069 -2.75681e+01
 67 -0.01655 -1.30250e+01 | 68 -0.02349 -5.35579e+00 | 69 -0.04159 -1.51603e+01
 70 -0.03799 -9.99403e+00 | 71  0.00217 -8.13596e+00 | 72  0.30877 -1.46569e+01
 73 -1.06361 -1.72156e+00 | 74 -0.18447  5.16076e+00 | 75  0.04658 -4.90198e+00
 76 -0.90727  2.41794e-01 | 77 -0.16915  6.41960e+00 | 78 -0.10038  3.13330e+01
 79 -0.93366  1.48332e+00 | 80  0.05560  5.20628e+01 |
80 variables; iteration 60; function evaluation 84; phase 2
Function value 2.3740495e+02; maximum gradient component mag 1.9630e+01
Var    Value     Gradient |Var    Value     Gradient |Var    Value     Gradient
  1  0.16624  9.31824e+00 |  2 -0.14109  1.62314e+01 |  3 -1.03465 -3.71832e+00
  4  0.01093 -1.75442e+01 |  5 -0.00837  1.18323e+00 |  6 -0.00922  1.27313e+00
  7 -0.01188  6.58120e-01 |  8 -0.01104  1.56259e+00 |  9 -0.01252  1.55397e+00
 10 -0.01444  1.42437e+00 | 11 -0.01719  9.92950e-01 | 12 -0.01601  2.35174e+00
 13 -0.02120  9.58264e-01 | 14 -0.02743 -8.87109e-01 | 15 -0.02779 -4.89950e-02
 16 -0.02668  1.54576e+00 | 17 -0.03011  1.06303e+00 | 18 -0.03898 -2.01602e+00
 19 -0.03972 -1.23393e+00 | 20 -0.03602  1.74186e+00 | 21 -0.03839  1.68967e+00
 22 -0.04290  4.59932e-01 | 23 -0.04374  1.04050e+00 | 24 -0.04431  1.71862e+00
 25 -0.04738  1.09957e+00 | 26 -0.04464  3.49223e+00 | 27 -0.04938  1.68574e+00
 28 -0.05065  1.41616e+00 | 29 -0.04805  2.58301e+00 | 30 -0.04617  2.38148e+00
 31 -0.03990  3.00687e+00 | 32 -0.02690  5.04206e+00 | 33 -0.02508 -6.36399e-01
 34 -0.00045  1.35601e+00 | 35  0.03026  2.41887e+00 | 36  0.06454  2.43032e+00
 37  0.09361  3.50721e+00 | 38  0.07064  4.91082e+00 | 39  0.04149  6.18594e+00
 40  0.01072  3.27761e+00 | 41 -0.00258  2.75669e+00 | 42 -0.00725  2.64737e+00
 43 -0.00502  3.27198e+00 | 44 -0.00236  2.76340e+00 | 45  0.00096  1.40158e+00
 46  0.00145  2.80232e-01 | 47 -0.01106 -7.98608e-01 | 48 -0.00896 -4.19853e-01
 49  0.02211  2.74644e+00 | 50  0.04488  3.92994e+00 | 51  0.01544 -1.30457e+00
 52  0.05824  7.52513e+00 | 53  0.01939 -7.56845e+00 | 54  0.05562 -3.34461e+00
 55  0.06152 -2.13853e+00 | 56  0.03277 -2.46880e+00 | 57  0.02037 -5.14529e+00
 58  0.04312 -4.13933e+00 | 59  0.07847 -5.28944e+00 | 60  0.04149 -1.46795e+01
 61  0.09120 -1.21963e+00 | 62  0.02978 -4.61784e+00 | 63  0.06905  6.09328e-01
 64  0.04107 -2.68445e+00 | 65  0.02590  1.42530e-02 | 66 -0.00762  1.43773e+00
 67 -0.02451 -1.49590e+00 | 68 -0.02880  2.62991e+00 | 69 -0.03103  8.35961e-02
 70 -0.03548  1.40001e+00 | 71  0.00034  1.35801e+00 | 72  0.31383  1.93084e+00
 73 -0.98349  3.13253e-01 | 74 -0.19556  1.18373e+00 | 75  0.04996  2.08752e+00
 76 -0.98510 -8.53766e-02 | 77 -0.18074  5.57767e-01 | 78 -0.10058  1.13577e+01
 79 -1.00133  1.69544e-01 | 80  0.03648  1.96304e+01 |
Maximum number of function evaluations exceeded

 - final statistics:
80 variables; iteration 70; function evaluation 100
Function value 2.3691e+02; maximum gradient component mag 2.1199e+01
Exit code = 3;  converg criter 1.0000e+01
Var    Value     Gradient |Var    Value     Gradient |Var    Value     Gradient
  1  0.16755  2.11989e+01 |  2 -0.14097 -6.03440e+00 |  3 -1.01947 -2.00368e+00
  4  0.01186 -6.97838e+00 |  5 -0.00831  1.20538e+00 |  6 -0.00969  1.03874e+00
  7 -0.01092  9.80630e-01 |  8 -0.01518 -2.93947e-01 |  9 -0.01352  9.58646e-01
 10 -0.01679  1.97802e-01 | 11 -0.01733  6.53559e-01 | 12 -0.01708  1.52869e+00
 13 -0.01934  1.37508e+00 | 14 -0.01984  2.05609e+00 | 15 -0.02370  1.27509e+00
 16 -0.03136 -1.23621e+00 | 17 -0.03351 -1.21982e+00 | 18 -0.02887  2.03374e+00
 19 -0.03288  1.22898e+00 | 20 -0.03956 -9.16912e-01 | 21 -0.03843  6.69441e-01
 22 -0.04240 -3.26310e-01 | 23 -0.04413 -2.58883e-01 | 24 -0.04560 -1.10106e-01
 25 -0.04503  1.09594e+00 | 26 -0.05134 -1.32118e+00 | 27 -0.05018 -8.74417e-02
 28 -0.04995  3.68483e-01 | 29 -0.04481  2.79751e+00 | 30 -0.05017 -1.20523e+00
 31 -0.04687 -2.04764e+00 | 32 -0.03991 -2.80812e+00 | 33 -0.01517  2.07705e+00
 34 -0.00385 -1.84036e+00 | 35  0.01832 -3.70012e+00 | 36  0.07896  3.07824e-01
 37  0.10253 -2.54199e+00 | 38  0.07167 -1.49455e+00 | 39  0.02208 -4.83674e+00
 40  0.01406 -7.82210e-01 | 41 -0.00074 -1.41706e+00 | 42 -0.00880 -2.62835e+00
 43 -0.01029 -3.35505e+00 | 44 -0.00674 -3.27714e+00 | 45  0.00318 -1.90721e+00
 46  0.00307 -2.47345e+00 | 47 -0.00263  4.20347e-01 | 48 -0.01076 -1.91670e+00
 49  0.02138  3.27435e+00 | 50  0.04684  6.92763e+00 | 51  0.01699  1.37668e+00
 52  0.05570  9.41199e+00 | 53  0.01980 -4.75108e+00 | 54  0.05623  2.46493e+00
 55  0.06425  6.12174e+00 | 56  0.03064  2.89938e+00 | 57  0.02081  3.04404e+00
 58  0.04808  1.03942e+01 | 59  0.06937  1.13829e+01 | 60  0.06552  9.15310e+00
 61  0.07652  8.92848e+00 | 62  0.03882  5.22230e+00 | 63  0.06818  8.68195e+00
 64  0.04411  2.93145e+00 | 65  0.02318  2.18636e-01 | 66 -0.00953  1.72092e-01
 67 -0.02116 -2.30148e-01 | 68 -0.03190  1.17513e+00 | 69 -0.02763  1.97625e+00
 70 -0.03879 -9.31998e-02 | 71 -0.00056  1.28387e+00 | 72  0.31363  2.61660e+00
 73 -0.98180  3.55681e-01 | 74 -0.20216 -2.02179e+00 | 75  0.04987  1.93320e+00
 76 -0.97471 -8.67607e-03 | 77 -0.18314 -8.06444e-01 | 78 -0.10000  6.60148e+00
 79 -1.01416 -1.77969e-01 | 80  0.01885  1.43177e+01 |

Initial statistics: 91 variables; iteration 0; function evaluation 0; phase 3
Function value 2.3691162e+02; maximum gradient component mag 1.9888e+02
Var    Value     Gradient |Var    Value     Gradient |Var    Value     Gradient
  1  0.16755  2.11989e+01 |  2 -0.14097 -6.03440e+00 |  3 -0.98053  2.00368e+00
  4  0.65627  7.56095e+00 |  5 -0.54941  1.98878e+02 |  6  0.01186 -6.97838e+00
  7 -0.00837  1.52285e-01 |  8 -0.00975 -1.43142e-02 |  9 -0.01098 -7.23948e-02
 10 -0.01524 -1.34682e+00 | 11 -0.01358 -9.42954e-02 | 12 -0.01685 -8.55010e-01
 13 -0.01739 -3.99230e-01 | 14 -0.01714  4.75885e-01 | 15 -0.01939  3.22385e-01
 16 -0.01990  1.00342e+00 | 17 -0.02375  2.22640e-01 | 18 -0.03142 -2.28810e+00
 19 -0.03357 -2.27153e+00 | 20 -0.02893  9.81641e-01 | 21 -0.03294  1.77201e-01
 22 -0.03962 -1.96805e+00 | 23 -0.03849 -3.81818e-01 | 24 -0.04246 -1.37715e+00
 25 -0.04419 -1.30953e+00 | 26 -0.04566 -1.16058e+00 | 27 -0.04508  4.53887e-02
 28 -0.05140 -2.37092e+00 | 29 -0.05024 -1.13734e+00 | 30 -0.05001 -6.81451e-01
 31 -0.04486  1.74693e+00 | 32 -0.05022 -2.25513e+00 | 33 -0.04693 -3.09795e+00
 34 -0.03997 -3.85921e+00 | 35 -0.01523  1.02417e+00 | 36 -0.00391 -2.89352e+00
 37  0.01827 -4.75288e+00 | 38  0.07890 -7.37274e-01 | 39  0.10247 -3.58159e+00
 40  0.07161 -2.54109e+00 | 41  0.02202 -5.88930e+00 | 42  0.01400 -1.83514e+00
 43 -0.00080 -2.47024e+00 | 44 -0.00886 -3.68143e+00 | 45 -0.01035 -4.40808e+00
 46 -0.00680 -4.33026e+00 | 47  0.00312 -2.96038e+00 | 48  0.00302 -3.52662e+00
 49 -0.00269 -6.32823e-01 | 50 -0.01081 -2.96972e+00 | 51  0.02133  2.22177e+00
 52  0.04678  5.87734e+00 | 53  0.01693  3.23877e-01 | 54  0.05564  8.36290e+00
 55  0.01974 -5.80376e+00 | 56  0.05617  1.41587e+00 | 57  0.06419  5.07396e+00
 58  0.03058  1.84742e+00 | 59  0.02075  1.99143e+00 | 60  0.04803  9.34412e+00
 61  0.06931  1.03361e+01 | 62  0.06546  8.10557e+00 | 63  0.07646  7.88299e+00
 64  0.03876  4.17110e+00 | 65  0.06812  7.63488e+00 | 66  0.04405  1.88081e+00
 67  0.02312 -8.33849e-01 | 68 -0.00958 -8.80968e-01 | 69 -0.02122 -1.28274e+00
 70 -0.03196  1.23269e-01 | 71 -0.02769  9.24056e-01 | 72 -0.03885 -1.14442e+00
 73 -0.00061  2.30688e-01 | 74  0.31363  2.61660e+00 | 75 -0.02096 -7.18191e-01
 76  0.40661  3.10119e+01 | 77 -0.55294 -6.92148e-02 | 78 -0.98180  3.55681e-01
 79 -0.20216 -2.02179e+00 | 80  0.04987  1.93320e+00 | 81  0.11100 -7.66797e+01
 82  0.41052 -2.29761e+01 | 83 -0.52424 -1.02402e+00 | 84 -0.97471 -8.67607e-03
 85 -0.18314 -8.06444e-01 | 86 -0.10000  6.60148e+00 | 87 -0.02737  1.69551e+01
 88  0.30108  4.80033e+01 | 89 -0.51679  4.28420e-01 | 90 -0.98584  1.77969e-01
 91  0.01885  1.43177e+01 |

Intermediate statistics: 91 variables; iteration 20; function evaluation 28; phase 3
Function value 2.1480073e+02; maximum gradient component mag -5.0704e+02
Var    Value     Gradient |Var    Value     Gradient |Var    Value     Gradient
  1  0.16327 -6.85561e+01 |  2 -0.13704 -4.29501e+02 |  3 -1.03373  1.67182e+00
  4  0.65641 -2.15171e+00 |  5 -0.72612  6.71067e+01 |  6  0.01137 -5.07041e+02
  7 -0.00877  1.17282e+01 |  8 -0.00988  1.17558e+01 |  9 -0.01105  1.18144e+01
 10 -0.01298  1.16060e+01 | 11 -0.01371  1.19789e+01 | 12 -0.01565  1.18997e+01
 13 -0.01706  1.21156e+01 | 14 -0.01838  1.24495e+01 | 15 -0.02037  1.25463e+01
 16 -0.02201  1.28653e+01 | 17 -0.02453  1.28215e+01 | 18 -0.02806  1.23290e+01
 19 -0.03022  1.24964e+01 | 20 -0.03062  1.35502e+01 | 21 -0.03323  1.35198e+01
 22 -0.03651  1.31189e+01 | 23 -0.03763  1.37609e+01 | 24 -0.03994  1.36787e+01
 25 -0.04149  1.38904e+01 | 26 -0.04285  1.41228e+01 | 27 -0.04367  1.46698e+01
 28 -0.04646  1.41541e+01 | 29 -0.04700  1.46889e+01 | 30 -0.04736  1.49078e+01
 31 -0.04559  1.55482e+01 | 32 -0.04569  1.40682e+01 | 33 -0.04160  1.31940e+01
 34 -0.03365  1.18819e+01 | 35 -0.01745  1.10944e+01 | 36  0.00228  7.56484e+00
 37  0.03428  3.44325e+00 | 38  0.06229 -5.11394e+00 | 39  0.09783 -1.34227e+01
 40  0.05792 -1.07255e+01 | 41  0.03412 -6.96271e+00 | 42  0.00724 -6.04968e+00
 43 -0.00341 -4.91444e+00 | 44 -0.00645 -4.30945e+00 | 45 -0.00517 -3.87741e+00
 46 -0.00170 -3.29529e+00 | 47  0.00337 -2.45153e+00 | 48  0.00330 -3.42019e-02
 49 -0.01586  2.65806e+00 | 50 -0.00978  6.72912e+00 | 51  0.02801  1.05777e+01
 52  0.05366  7.36493e+00 | 53  0.02853 -2.43181e+00 | 54  0.00695 -1.84969e+01
 55  0.06472 -2.24100e+01 | 56  0.02056 -2.39215e+01 | 57  0.07214 -1.85372e+01
 58  0.04014 -1.41283e+01 | 59  0.01917 -2.70021e+01 | 60  0.04112 -3.70733e+01
 61  0.06854 -2.94868e+01 | 62  0.06132 -1.00997e+00 | 63  0.07672  2.49028e+01
 64  0.04720  2.60601e+01 | 65  0.06254  5.77532e+00 | 66  0.03761 -1.41243e+01
 67  0.00815 -1.65991e+01 | 68 -0.01521 -4.00856e+00 | 69 -0.02154  6.95888e+00
 70 -0.02899  1.38485e+01 | 71 -0.02222  1.48791e+01 | 72 -0.03097  1.23201e+01
 73 -0.00076  1.12606e+01 | 74  0.14770 -6.14904e+01 | 75  0.13741  6.78411e+00
 76  0.30840  5.39364e+01 | 77 -0.55247  1.84964e-01 | 78 -0.98556  6.57382e-02
 79  0.07008  1.48504e+00 | 80 -0.14577  2.30359e+01 | 81  0.18462  2.17858e+00
 82  0.23152 -1.71479e+01 | 83 -0.54836  5.31801e-02 | 84 -0.97484 -7.93800e-02
 85 -0.06792  1.07045e+01 | 86 -0.10882  8.95782e+01 | 87  0.04312  9.91583e+01
 88  0.29161  8.66484e+00 | 89 -0.51593  2.91652e+00 | 90 -0.98845  8.11374e-02
 91  0.02392 -3.13427e+01 |
91 variables; iteration 40; function evaluation 51; phase 3
Function value 2.0753195e+02; maximum gradient component mag 1.8696e+02
Var    Value     Gradient |Var    Value     Gradient |Var    Value     Gradient
  1  0.16331  1.00722e+02 |  2 -0.12603  1.86958e+02 |  3 -1.05835 -1.18802e+01
  4  0.61521  2.65868e+00 |  5 -0.79005  5.69597e+01 |  6  0.01232  7.00316e+01
  7 -0.00854  2.05430e+00 |  8 -0.00970  2.05660e+00 |  9 -0.01086  2.10895e+00
 10 -0.01342  1.63036e+00 | 11 -0.01346  2.28556e+00 | 12 -0.01582  2.01897e+00
 13 -0.01692  2.36839e+00 | 14 -0.01753  3.01355e+00 | 15 -0.01952  3.11556e+00
 16 -0.02041  3.78780e+00 | 17 -0.02349  3.49440e+00 | 18 -0.02957  1.79733e+00
 19 -0.03177  1.94310e+00 | 20 -0.02809  4.99065e+00 | 21 -0.03154  4.56069e+00
 22 -0.03776  2.68590e+00 | 23 -0.03651  4.52500e+00 | 24 -0.04034  3.64336e+00
 25 -0.04185  3.84045e+00 | 26 -0.04313  4.06952e+00 | 27 -0.04226  5.48461e+00
 28 -0.04920  2.71650e+00 | 29 -0.04799  4.23125e+00 | 30 -0.04799  4.77408e+00
 31 -0.04286  7.56635e+00 | 32 -0.04959  2.96090e+00 | 33 -0.04660  2.42725e+00
 34 -0.03870  2.57101e+00 | 35 -0.01680  6.81752e+00 | 36 -0.00182  4.35939e+00
 37  0.01597  1.19815e+00 | 38  0.07855  9.05746e+00 | 39  0.06871  3.71170e+00
 40  0.08907  1.34211e+01 | 41  0.04638  1.27139e+01 | 42 -0.00063  3.78335e+00
 43 -0.00516  7.05078e+00 | 44 -0.00507  9.38183e+00 | 45 -0.00161  1.09864e+01
 46  0.00372  1.19021e+01 | 47  0.00935  1.15921e+01 | 48  0.00802  1.05005e+01
 49 -0.01561  6.27181e+00 | 50 -0.01603  4.91362e+00 | 51  0.01246  5.01770e+00
 52  0.05356  8.35640e+00 | 53  0.02406 -6.95188e-01 | 54  0.01889 -1.10349e+01
 55  0.05305 -8.70861e+00 | 56  0.03492 -1.38425e+01 | 57  0.06431 -9.66073e+00
 58  0.04312 -8.08692e+00 | 59  0.01130 -1.83368e+01 | 60  0.05785 -1.02056e+01
 61  0.06749 -3.91975e+00 | 62  0.06691  1.02153e+01 | 63  0.07235  1.86754e+01
 64  0.04565  1.53327e+01 | 65  0.06505  1.26929e-01 | 66  0.03161 -1.55852e+01
 67  0.02233 -8.86816e+00 | 68 -0.01544 -3.74996e+00 | 69 -0.02310  3.19579e-01
 70 -0.03373  1.08661e+00 | 71 -0.02676  7.74036e-01 | 72 -0.03659 -1.16327e+00
 73 -0.00073  1.57133e+00 | 74  0.14977 -4.57163e+01 | 75  0.11947  6.82150e+00
 76  0.31121  4.35933e+01 | 77 -0.74922  6.05589e-02 | 78 -0.98687  2.35841e-02
 79  0.14218  1.77096e+00 | 80 -0.15142  7.80153e+00 | 81  0.18742 -1.08590e+00
 82  0.22984 -5.57623e+00 | 83 -1.10236  2.52581e-02 | 84 -0.94634 -1.31485e-02
 85 -0.14588  5.58563e+00 | 86 -0.11640  6.59121e+01 | 87  0.04858  7.49690e+01
 88  0.28212 -1.67366e+01 | 89 -0.74691  9.79109e-01 | 90 -0.99292 -1.01668e-01
 91 -0.00509  1.65119e+01 |
91 variables; iteration 60; function evaluation 79; phase 3
Function value 2.0295253e+02; maximum gradient component mag 1.0513e+02
Var    Value     Gradient |Var    Value     Gradient |Var    Value     Gradient
  1  0.15618 -1.07011e+01 |  2 -0.12298  1.05131e+02 |  3 -1.03376 -1.36923e+00
  4  0.70101  7.74438e-01 |  5 -0.90440  1.30469e+01 |  6  0.01268  8.98189e+01
  7 -0.00935 -2.07815e+00 |  8 -0.01042 -2.03957e+00 |  9 -0.01163 -2.00578e+00
 10 -0.01261 -1.81166e+00 | 11 -0.01460 -1.98115e+00 | 12 -0.01578 -1.73628e+00
 13 -0.01797 -1.86146e+00 | 14 -0.02049 -2.06512e+00 | 15 -0.02240 -1.94117e+00
 16 -0.02520 -2.16292e+00 | 17 -0.02767 -2.19722e+00 | 18 -0.02722 -8.13740e-01
 19 -0.02901 -4.51601e-01 | 20 -0.03565 -2.44814e+00 | 21 -0.03554 -1.15814e+00
 22 -0.03506  3.25273e-01 | 23 -0.03983 -9.13814e-01 | 24 -0.04280 -1.37838e+00
 25 -0.04488 -1.50105e+00 | 26 -0.04561 -1.00237e+00 | 27 -0.04651 -5.45473e-01
 28 -0.04664  3.77219e-01 | 29 -0.04928 -1.57187e-01 | 30 -0.04997  8.12524e-02
 31 -0.05005  1.28853e-01 | 32 -0.04812  5.45098e-01 | 33 -0.04234  1.88481e+00
 34 -0.03169  3.98549e+00 | 35 -0.02385  2.11357e+00 | 36 -0.00241  4.00378e+00
 37  0.03261  8.51970e+00 | 38  0.07352  1.25196e+01 | 39  0.10151  1.51697e+01
 40  0.06613  1.12188e+01 | 41  0.03569  9.33805e+00 | 42  0.01378  7.79989e+00
 43 -0.00523  3.67513e+00 | 44 -0.00606  4.26994e+00 | 45 -0.00678  2.76143e+00
 46 -0.00271  1.90222e+00 | 47  0.00365  6.61617e-01 | 48  0.00472 -1.28600e-01
 49 -0.01541 -2.19916e+00 | 50 -0.01273 -3.19863e+00 | 51  0.01928 -4.18330e+00
 52  0.04353 -5.54064e+00 | 53  0.02000 -5.96437e+00 | 54  0.03409 -5.74780e+00
 55  0.04401 -5.08967e+00 | 56  0.04351 -8.28868e+00 | 57  0.06017 -9.04786e+00
 58  0.03373 -7.45087e+00 | 59  0.02896 -2.96316e+00 | 60  0.05518 -2.54346e+00
 61  0.07097 -8.63243e+00 | 62  0.06606 -1.11612e+01 | 63  0.07060 -1.52239e+01
 64  0.03449 -1.25270e+01 | 65  0.06802 -8.09443e+00 | 66  0.04508 -3.47181e+00
 67  0.01780 -1.58992e+00 | 68 -0.01051  8.87233e-01 | 69 -0.02519 -1.63756e+00
 70 -0.03012 -1.24843e-01 | 71 -0.02559 -2.18991e+00 | 72 -0.03380 -3.97243e+00
 73 -0.00129 -2.47214e+00 | 74  0.17519  5.39810e+00 | 75  0.10124  2.17364e+00
 76  0.32340 -9.11038e-01 | 77 -1.14001 -8.35364e-03 | 78 -0.97999  1.53070e-01
 79  0.14747  1.69467e+00 | 80 -0.15462  5.91406e+00 | 81  0.18309 -1.92427e-01
 82  0.22490 -4.68501e+00 | 83 -0.93121 -2.86322e-02 | 84 -0.94467 -1.19941e-03
 85 -0.15307  2.87424e+00 | 86 -0.12021 -1.64368e+01 | 87  0.04977  2.03456e+01
 88  0.27769  2.50718e+01 | 89 -0.94266  3.06074e-02 | 90 -0.98202  2.96398e-01
 91 -0.00751  9.16104e+00 |
Maximum number of function evaluations exceeded

 - final statistics:
91 variables; iteration 73; function evaluation 100
Function value 2.0237e+02; maximum gradient component mag 1.7494e+02
Exit code = 3;  converg criter 1.0000e+00
Var    Value     Gradient |Var    Value     Gradient |Var    Value     Gradient
  1  0.15874  4.42315e+01 |  2 -0.12281  5.81907e+01 |  3 -1.00477 -5.27009e-01
  4  0.70007  1.27876e+00 |  5 -0.96725  2.75388e+00 |  6  0.01307  1.74942e+02
  7 -0.00864 -2.01351e+00 |  8 -0.01017 -2.18879e+00 |  9 -0.01155 -2.24852e+00
 10 -0.01153 -1.65653e+00 | 11 -0.01433 -2.19696e+00 | 12 -0.01534 -1.91149e+00
 13 -0.01730 -1.96557e+00 | 14 -0.01966 -2.13139e+00 | 15 -0.02180 -2.14260e+00
 16 -0.02416 -2.20077e+00 | 17 -0.02539 -1.69068e+00 | 18 -0.02895 -2.23323e+00
 19 -0.03191 -2.48992e+00 | 20 -0.03432 -2.47509e+00 | 21 -0.03720 -2.70710e+00
 22 -0.03896 -2.41352e+00 | 23 -0.04087 -2.26087e+00 | 24 -0.04109 -1.35442e+00
 25 -0.04320 -1.52516e+00 | 26 -0.04475 -1.49239e+00 | 27 -0.04682 -1.70467e+00
 28 -0.04742 -1.10408e+00 | 29 -0.05032 -1.83874e+00 | 30 -0.04847 -3.05676e-01
 31 -0.04995 -1.10314e+00 | 32 -0.04715 -3.33109e-01 | 33 -0.04402 -5.71296e-01
 34 -0.03470  5.96884e-01 | 35 -0.02102  1.29973e+00 | 36 -0.00063  1.96416e+00
 37  0.03006  3.69197e+00 | 38  0.06814  5.51223e+00 | 39  0.10624  8.59192e+00
 40  0.06713  6.02333e+00 | 41  0.02783  2.73905e+00 | 42  0.00572  1.76339e+00
 43 -0.00097  3.68793e+00 | 44 -0.00579  3.31566e+00 | 45 -0.00439  3.58539e+00
 46 -0.00288  2.51409e+00 | 47  0.00588  3.38090e+00 | 48  0.00303  2.31164e+00
 49 -0.01420  2.41687e+00 | 50 -0.00857  4.26567e+00 | 51  0.01883  4.20886e+00
 52  0.04122  5.13816e+00 | 53  0.02344  5.29602e+00 | 54  0.03581  5.15646e+00
 55  0.03977  4.34646e+00 | 56  0.04636  4.49091e+00 | 57  0.06081  4.70534e+00
 58  0.03515  2.32949e+00 | 59  0.03198  3.45572e+00 | 60  0.04645 -1.51181e+00
 61  0.07673  1.49461e+00 | 62  0.06605 -6.96636e-01 | 63  0.06875 -5.04611e+00
 64  0.03954 -4.52455e+00 | 65  0.06580 -4.55961e+00 | 66  0.04503 -3.56913e+00
 67  0.02041 -2.84032e+00 | 68 -0.01588 -4.24038e+00 | 69 -0.02161 -2.49366e+00
 70 -0.03302 -3.23309e+00 | 71 -0.02607 -3.18271e+00 | 72 -0.02660 -3.78900e-01
 73 -0.00288 -3.14705e+00 | 74  0.17249  9.15582e+00 | 75  0.10326  2.79608e+00
 76  0.32144 -6.17813e+00 | 77 -1.06264  1.93757e-02 | 78 -0.99837 -2.10579e-01
 79  0.12845  1.83919e+00 | 80 -0.15686  1.07219e+01 | 81  0.18228  3.39076e+00
 82  0.22120 -9.14223e+00 | 83 -0.86484 -1.27332e-02 | 84 -0.92502 -8.91176e-03
 85 -0.16061 -4.05097e-01 | 86 -0.11755  1.30253e+01 | 87  0.04733  7.58558e+00
 88  0.27975 -6.51595e+00 | 89 -0.98525 -1.19300e-01 | 90 -1.02956 -5.37394e-01
 91 -0.01106  1.67726e+01 |

Initial statistics: 92 variables; iteration 0; function evaluation 0; phase 4
Function value 2.0237449e+02; maximum gradient component mag 1.7494e+02
Var    Value     Gradient |Var    Value     Gradient |Var    Value     Gradient
  1  0.15874  4.42315e+01 |  2 -0.12281  5.81907e+01 |  3  0.26571 -2.38620e+01
  4 -0.99523  5.27009e-01 |  5  0.70007  1.27876e+00 |  6 -0.96725  2.75388e+00
  7  0.01307  1.74942e+02 |  8 -0.00865 -2.17363e+00 |  9 -0.01018 -2.34890e+00
 10 -0.01156 -2.40862e+00 | 11 -0.01154 -1.81664e+00 | 12 -0.01434 -2.35705e+00
 13 -0.01535 -2.07158e+00 | 14 -0.01731 -2.12565e+00 | 15 -0.01967 -2.29145e+00
 16 -0.02181 -2.30264e+00 | 17 -0.02417 -2.36078e+00 | 18 -0.02539 -1.85069e+00
 19 -0.02895 -2.39319e+00 | 20 -0.03192 -2.64985e+00 | 21 -0.03432 -2.63499e+00
 22 -0.03721 -2.86696e+00 | 23 -0.03897 -2.57335e+00 | 24 -0.04088 -2.42067e+00
 25 -0.04110 -1.51422e+00 | 26 -0.04321 -1.68492e+00 | 27 -0.04476 -1.65213e+00
 28 -0.04683 -1.86436e+00 | 29 -0.04743 -1.26377e+00 | 30 -0.05033 -1.99837e+00
 31 -0.04848 -4.65344e-01 | 32 -0.04996 -1.26277e+00 | 33 -0.04716 -4.92803e-01
 34 -0.04402 -7.31046e-01 | 35 -0.03471  4.36989e-01 | 36 -0.02103  1.13968e+00
 37 -0.00064  1.80403e+00 | 38  0.03005  3.53202e+00 | 39  0.06813  5.35302e+00
 40  0.10624  8.43403e+00 | 41  0.06712  5.86409e+00 | 42  0.02782  2.57907e+00
 43  0.00571  1.60326e+00 | 44 -0.00098  3.52779e+00 | 45 -0.00580  3.15553e+00
 46 -0.00440  3.42526e+00 | 47 -0.00289  2.35396e+00 | 48  0.00587  3.22077e+00
 49  0.00302  2.15151e+00 | 50 -0.01420  2.25677e+00 | 51 -0.00858  4.10555e+00
 52  0.01882  4.04879e+00 | 53  0.04121  4.97837e+00 | 54  0.02343  5.13600e+00
 55  0.03580  4.99659e+00 | 56  0.03976  4.18665e+00 | 57  0.04635  4.33121e+00
 58  0.06080  4.54594e+00 | 59  0.03514  2.16960e+00 | 60  0.03197  3.29579e+00
 61  0.04644 -1.67152e+00 | 62  0.07672  1.33565e+00 | 63  0.06604 -8.55909e-01
 64  0.06874 -5.20532e+00 | 65  0.03953 -4.68438e+00 | 66  0.06580 -4.71890e+00
 67  0.04503 -3.72887e+00 | 68  0.02040 -3.00037e+00 | 69 -0.01589 -4.40046e+00
 70 -0.02162 -2.65370e+00 | 71 -0.03303 -3.39301e+00 | 72 -0.02608 -3.34271e+00
 73 -0.02661 -5.38893e-01 | 74 -0.00289 -3.30718e+00 | 75  0.17249  9.15582e+00
 76  0.10326  2.79608e+00 | 77  0.32144 -6.17813e+00 | 78 -0.93736 -1.93757e-02
 79 -0.99837 -2.10579e-01 | 80  0.12845  1.83919e+00 | 81 -0.15686  1.07219e+01
 82  0.18228  3.39076e+00 | 83  0.22120 -9.14223e+00 | 84 -0.86484 -1.27332e-02
 85 -0.92502 -8.91176e-03 | 86 -0.16061 -4.05097e-01 | 87 -0.11755  1.30253e+01
 88  0.04733  7.58558e+00 | 89  0.27975 -6.51595e+00 | 90 -0.98525 -1.19300e-01
 91 -0.97044  5.37394e-01 | 92 -0.01106  1.67726e+01 |

Intermediate statistics: 92 variables; iteration 20; function evaluation 23; phase 4
Function value 2.0105792e+02; maximum gradient component mag -3.7253e+02
Var    Value     Gradient |Var    Value     Gradient |Var    Value     Gradient
  1  0.13405 -1.07392e+02 |  2 -0.12717 -1.47556e+02 |  3  0.29778 -8.66514e+01
  4 -1.01136  3.41587e-01 |  5  0.82559 -3.52235e+00 |  6 -1.00403 -7.57825e-02
  7  0.01506 -3.72534e+02 |  8 -0.00885  6.69818e+00 |  9 -0.01001  6.58063e+00
 10 -0.01123  6.48385e+00 | 11 -0.01218  6.54451e+00 | 12 -0.01396  6.30530e+00
 13 -0.01539  6.26685e+00 | 14 -0.01718  6.13091e+00 | 15 -0.01918  5.95653e+00
 16 -0.02122  5.81225e+00 | 17 -0.02341  5.64840e+00 | 18 -0.02538  5.61763e+00
 19 -0.02799  5.32596e+00 | 20 -0.03048  5.10445e+00 | 21 -0.03284  4.94886e+00
 22 -0.03531  4.74041e+00 | 23 -0.03748  4.65509e+00 | 24 -0.03958  4.54551e+00
 25 -0.04116  4.60298e+00 | 26 -0.04296  4.44854e+00 | 27 -0.04453  4.34129e+00
 28 -0.04623  4.17177e+00 | 29 -0.04770  4.12382e+00 | 30 -0.04946  3.80710e+00
 31 -0.04988  3.86970e+00 | 32 -0.05008  3.51157e+00 | 33 -0.04833  3.36168e+00
 34 -0.04464  2.91741e+00 | 35 -0.03675  2.51181e+00 | 36 -0.02366  1.59857e+00
 37 -0.00378 -8.14612e-02 | 38  0.02344 -2.87335e+00 | 39  0.06155 -6.43643e+00
 40  0.11006 -1.13621e+01 | 41  0.06981 -6.39391e+00 | 42  0.03280 -3.05403e+00
 43  0.00836 -1.63490e+00 | 44 -0.00319 -4.49629e-01 | 45 -0.00668  1.17846e-01
 46 -0.00500  2.78921e-01 | 47 -0.00017  5.38721e-02 | 48  0.00785 -1.58520e-01
 49  0.00703  2.87467e-02 | 50 -0.01305  9.30777e-01 | 51 -0.01151  2.01064e-01
 52  0.01660 -4.29725e+00 | 53  0.04183 -9.10880e+00 | 54  0.01964 -8.57414e+00
 55  0.03240 -1.02753e+01 | 56  0.04283 -6.82027e+00 | 57  0.04559  9.81639e-01
 58  0.06138  9.50478e+00 | 59  0.03925  1.12902e+01 | 60  0.02864  6.24492e+00
 61  0.05042 -2.42443e+00 | 62  0.07184 -8.87144e+00 | 63  0.06504 -7.32266e+00
 64  0.07206 -7.74224e+00 | 65  0.03937 -4.50399e+00 | 66  0.06448 -5.90412e+00
 67  0.04587 -1.03985e+00 | 68  0.01993  4.79992e+00 | 69 -0.01208  7.66437e+00
 70 -0.02231  8.57578e+00 | 71 -0.03226  7.68447e+00 | 72 -0.02453  7.34496e+00
 73 -0.02797  7.37476e+00 | 74 -0.00139  6.97508e+00 | 75  0.16309  2.71398e+00
 76  0.10424  5.79712e-01 | 77  0.31723  1.14147e-01 | 78 -0.93634 -2.79229e-02
 79 -0.99073 -6.98845e-02 | 80  0.07200  2.18511e+00 | 81 -0.16823 -1.02433e+01
 82  0.18823  3.90888e-01 | 83  0.21201  6.57349e+00 | 84 -0.86443 -1.22202e-02
 85 -0.92676  7.54540e-02 | 86 -0.15846 -2.79156e+00 | 87 -0.12861 -2.92169e+00
 88  0.05105  3.00859e+00 | 89  0.26659  1.48798e+01 | 90 -0.98139 -1.00083e-01
 91 -0.98862  1.68647e-01 | 92 -0.03528 -4.07887e+01 |
92 variables; iteration 40; function evaluation 48; phase 4
Function value 2.0017746e+02; maximum gradient component mag -2.8904e+02
Var    Value     Gradient |Var    Value     Gradient |Var    Value     Gradient
  1  0.13121 -6.13980e+01 |  2 -0.12655 -1.36614e+02 |  3  0.30179 -5.21743e+01
  4 -1.03769 -1.18339e+00 |  5  0.90275 -1.82434e+00 |  6 -1.04194 -5.98605e-01
  7  0.01507 -2.89036e+02 |  8 -0.00934  4.06285e+00 |  9 -0.01008  4.14574e+00
 10 -0.01109  4.16093e+00 | 11 -0.01328  3.73775e+00 | 12 -0.01376  4.07891e+00
 13 -0.01575  3.84114e+00 | 14 -0.01731  3.84759e+00 | 15 -0.01877  3.95104e+00
 16 -0.02065  3.93317e+00 | 17 -0.02254  3.95796e+00 | 18 -0.02574  3.43621e+00
 19 -0.02679  3.91976e+00 | 20 -0.02851  4.12569e+00 | 21 -0.03090  4.03789e+00
 22 -0.03285  4.15636e+00 | 23 -0.03590  3.72756e+00 | 24 -0.03858  3.41779e+00
 25 -0.04221  2.53117e+00 | 26 -0.04381  2.54395e+00 | 27 -0.04557  2.40767e+00
 28 -0.04714  2.38246e+00 | 29 -0.04949  1.97558e+00 | 30 -0.05058  2.09775e+00
 31 -0.05217  1.67980e+00 | 32 -0.05135  1.98957e+00 | 33 -0.04963  2.02145e+00
 34 -0.04479  2.40125e+00 | 35 -0.03862  1.49448e+00 | 36 -0.02695  4.47684e-01
 37 -0.00604 -1.36557e-01 | 38  0.02891 -8.90667e-02 | 39  0.06738 -3.59909e+00
 40  0.11543 -8.59545e+00 | 41  0.05871 -7.00940e+00 | 42  0.02813 -5.14433e+00
 43  0.01180 -2.58735e+00 | 44 -0.00202 -2.58828e+00 | 45 -0.00765 -3.22327e+00
 46 -0.00643 -3.72295e+00 | 47 -0.00002 -4.02643e+00 | 48  0.00640 -5.40949e+00
 49  0.00562 -5.79731e+00 | 50 -0.01217 -4.16142e+00 | 51 -0.01361 -5.72750e+00
 52  0.01660 -9.21264e+00 | 53  0.04246 -1.24943e+01 | 54  0.02038 -9.80844e+00
 55  0.03433 -9.63678e+00 | 56  0.04595 -8.36726e+00 | 57  0.04494 -7.59949e+00
 58  0.05711 -6.09850e+00 | 59  0.03744  5.71532e-02 | 60  0.02918  3.38242e+00
 61  0.05213  1.30142e+00 | 62  0.07116 -1.87902e+00 | 63  0.06516 -1.50357e-01
 64  0.07390  8.55079e-01 | 65  0.03855  1.67889e+00 | 66  0.06524  3.77802e+00
 67  0.05058  6.79155e+00 | 68  0.01849  5.31552e+00 | 69 -0.01317  4.63067e+00
 70 -0.02151  5.62400e+00 | 71 -0.03233  4.65203e+00 | 72 -0.02375  5.01851e+00
 73 -0.03104  3.18966e+00 | 74 -0.00016  4.81415e+00 | 75  0.16464 -3.34933e+00
 76  0.08988  1.33526e+01 | 77  0.31814  1.17669e+01 | 78 -0.92454  1.70904e-02
 79 -0.99027 -4.50588e-02 | 80 -0.07969 -3.09332e+00 | 81 -0.16047 -2.90703e+00
 82  0.18513  3.70123e-01 | 83  0.22037  4.03202e+00 | 84 -0.82919 -8.19503e-03
 85 -0.96179  7.20992e-03 | 86 -0.15860 -9.12296e-02 | 87 -0.13077 -1.50878e+01
 88  0.05146  3.09677e+00 | 89  0.26480  2.06023e+01 | 90 -0.91182 -1.26239e-02
 91 -1.05228 -1.54853e+00 | 92 -0.03697 -3.02279e+01 |
92 variables; iteration 60; function evaluation 74; phase 4
Function value 1.9979654e+02; maximum gradient component mag -7.3090e+01
Var    Value     Gradient |Var    Value     Gradient |Var    Value     Gradient
  1  0.13054 -1.26268e+00 |  2 -0.12567 -1.95512e+01 |  3  0.30501 -6.48354e+00
  4 -0.99844  1.69388e-01 |  5  0.95794 -5.69946e-01 |  6 -1.00467 -1.29365e-01
  7  0.01594 -7.30900e+01 |  8 -0.00882  6.28774e-01 |  9 -0.01055  3.41025e-01
 10 -0.01221  1.26427e-01 | 11 -0.01016  1.51881e+00 | 12 -0.01503  6.56133e-02
 13 -0.01512  6.92104e-01 | 14 -0.01729  4.93701e-01 | 15 -0.01901  5.57391e-01
 16 -0.02002  9.96087e-01 | 17 -0.02076  1.62622e+00 | 18 -0.02688 -1.50834e-01
 19 -0.02593  1.34894e+00 | 20 -0.03008  5.04909e-01 | 21 -0.03417 -3.21475e-01
 22 -0.03589 -1.87082e-02 | 23 -0.03601  1.05971e+00 | 24 -0.03863  8.54585e-01
 25 -0.04134  4.91097e-01 | 26 -0.04299  5.50058e-01 | 27 -0.04357  1.08104e+00
 28 -0.04459  1.42413e+00 | 29 -0.04876  1.51079e-01 | 30 -0.05020  2.01983e-01
 31 -0.04922  1.25498e+00 | 32 -0.05253 -4.90508e-01 | 33 -0.04625  2.12853e+00
 34 -0.04822 -8.24468e-01 | 35 -0.03766  7.45711e-01 | 36 -0.02100  2.22304e+00
 37 -0.00524 -2.96456e-01 | 38  0.02253 -1.45129e+00 | 39  0.05835 -3.00793e+00
 40  0.10911 -3.51316e+00 | 41  0.07376 -2.31735e+00 | 42  0.03593 -1.54628e+00
 43  0.01220 -1.08879e+00 | 44 -0.00728 -3.35556e+00 | 45 -0.01013 -2.90766e+00
 46 -0.00849 -2.96786e+00 | 47 -0.00164 -2.61835e+00 | 48  0.00582 -3.10477e+00
 49  0.00803 -2.15963e+00 | 50 -0.01394 -2.34800e+00 | 51 -0.01297 -2.12592e+00
 52  0.01807 -2.45426e+00 | 53  0.04280 -3.15759e+00 | 54  0.01938 -2.84124e+00
 55  0.03553 -1.28838e+00 | 56  0.04715 -1.34073e+00 | 57  0.04296 -5.34301e+00
 58  0.05836 -7.33549e+00 | 59  0.03565 -6.58388e+00 | 60  0.02527 -4.67567e+00
 61  0.05159 -2.03460e+00 | 62  0.07271  2.67262e-01 | 63  0.06666  3.28264e+00
 64  0.07052  3.13045e+00 | 65  0.04158  3.68707e+00 | 66  0.06574  3.45065e+00
 67  0.04835  1.69982e+00 | 68  0.01670 -6.17631e-01 | 69 -0.01212  3.91197e-01
 70 -0.02327  4.36596e-01 | 71 -0.03362 -1.39680e-01 | 72 -0.02476  3.90971e-01
 73 -0.02930  2.38914e-03 | 74  0.00001  9.56426e-01 | 75  0.16195 -7.35051e-01
 76  0.08929  8.57853e+00 | 77  0.31607  4.80696e+00 | 78 -0.90014  2.79822e-02
 79 -0.98380  9.73996e-02 | 80 -0.07371 -1.14613e+00 | 81 -0.16886 -1.51012e+00
 82  0.18379 -2.33765e+00 | 83  0.21013 -7.11478e-01 | 84 -0.70010 -1.52434e-02
 85 -0.97955 -7.57441e-02 | 86 -0.16624 -1.52535e+00 | 87 -0.13234 -5.66320e+00
 88  0.05013 -8.25303e-01 | 89  0.26282  1.44184e+00 | 90 -0.80272  1.56458e-02
 91 -0.97836  5.27576e-01 | 92 -0.04335 -8.75853e+00 |
92 variables; iteration 80; function evaluation 104; phase 4
Function value 1.9970256e+02; maximum gradient component mag -1.9219e+01
Var    Value     Gradient |Var    Value     Gradient |Var    Value     Gradient
  1  0.12980 -5.38525e+00 |  2 -0.12577 -6.12652e+00 |  3  0.30552 -4.12257e+00
  4 -0.99864  1.49667e-01 |  5  0.99611 -5.03216e-02 |  6 -0.99599  1.22274e-01
  7  0.01611 -1.92186e+01 |  8 -0.00892  2.39972e-01 |  9 -0.00950  4.21353e-01
 10 -0.01042  5.14415e-01 | 11 -0.01327 -1.46172e-01 | 12 -0.01334  4.20789e-01
 13 -0.01541  1.99592e-01 | 14 -0.01704  2.31614e-01 | 15 -0.01863  3.44878e-01
 16 -0.02038  4.53218e-01 | 17 -0.02224  5.64125e-01 | 18 -0.02538  1.39630e-01
 19 -0.02797 -5.91068e-03 | 20 -0.03009  9.31892e-02 | 21 -0.03183  3.85380e-01
 22 -0.03450  2.33914e-01 | 23 -0.03722  3.49585e-02 | 24 -0.04004 -2.75693e-01
 25 -0.04086  3.02211e-01 | 26 -0.04305  8.83801e-02 | 27 -0.04510 -1.35684e-01
 28 -0.04706 -2.83397e-01 | 29 -0.04691  7.03877e-01 | 30 -0.04919  3.25923e-01
 31 -0.05094 -5.30068e-02 | 32 -0.05000  4.96994e-01 | 33 -0.05007 -2.00744e-01
 34 -0.04540  4.01823e-01 | 35 -0.03888  3.35474e-02 | 36 -0.02695 -4.15420e-01
 37 -0.00493  1.92005e-01 | 38  0.02357 -3.40074e-01 | 39  0.06406 -4.93519e-01
 40  0.10967 -8.01153e-01 | 41  0.07068 -5.36001e-01 | 42  0.03326 -4.45575e-01
 43  0.00955 -3.44260e-01 | 44 -0.00369 -3.88614e-01 | 45 -0.00797 -3.31872e-01
 46 -0.00634 -2.22732e-01 | 47 -0.00256 -8.42722e-01 | 48  0.00810  6.51479e-02
 49  0.00727 -3.44508e-02 | 50 -0.01398 -4.77887e-01 | 51 -0.01330 -4.67964e-01
 52  0.01683 -5.21164e-01 | 53  0.04277 -2.62296e-01 | 54  0.02154 -2.01049e-01
 55  0.03473 -3.13344e-01 | 56  0.04409 -2.96277e-01 | 57  0.04657 -2.29064e-01
 58  0.05765 -9.82585e-01 | 59  0.03664 -6.76814e-01 | 60  0.02650 -4.57874e-01
 61  0.05042 -6.11453e-01 | 62  0.07448 -1.52657e-01 | 63  0.06325 -4.22824e-01
 64  0.07290  3.07211e-01 | 65  0.04007  2.33188e-01 | 66  0.06565  3.50617e-01
 67  0.04743  1.69829e-01 | 68  0.01936  2.81825e-01 | 69 -0.01323  6.54334e-04
 70 -0.02297  4.33897e-01 | 71 -0.03247  1.39587e-01 | 72 -0.02492  6.39954e-02
 73 -0.02730  6.79295e-01 | 74 -0.00187 -9.69773e-02 | 75  0.16328  1.74527e+00
 76  0.08606  3.63946e+00 | 77  0.31679  4.67148e-01 | 78 -0.90057  5.89030e-03
 79 -0.98487  7.38298e-02 | 80 -0.06599 -1.61471e-02 | 81 -0.16635  1.31646e+00
 82  0.18304  4.98718e+00 | 83  0.21327 -5.00666e-02 | 84 -0.67653  1.74865e-02
 85 -0.95743  2.29372e-03 | 86 -0.16288  2.91625e-01 | 87 -0.13150 -1.32785e+00
 88  0.04985  4.81718e-01 | 89  0.26339  1.33638e+00 | 90 -0.80425  1.67422e-02
 91 -0.99078  7.67212e-02 | 92 -0.04467 -3.01971e+00 |
92 variables; iteration 100; function evaluation 138; phase 4
Function value 1.9969128e+02; maximum gradient component mag 6.6258e+00
Var    Value     Gradient |Var    Value     Gradient |Var    Value     Gradient
  1  0.12995  1.92358e+00 |  2 -0.12575  1.47428e+00 |  3  0.30555  1.71875e+00
  4 -1.00032 -3.72068e-02 |  5  1.00520  6.55975e-02 |  6 -0.99992 -1.19164e-01
  7  0.01613  6.62584e+00 |  8 -0.00899 -1.06510e-01 |  9 -0.00997 -8.51931e-02
 10 -0.01131 -1.64853e-01 | 11 -0.01228 -3.65224e-02 | 12 -0.01361  8.22407e-04
 13 -0.01542 -1.03440e-01 | 14 -0.01704 -6.15122e-02 | 15 -0.01866  4.70074e-02
 16 -0.02105 -1.26584e-01 | 17 -0.02322 -1.53540e-01 | 18 -0.02534 -1.09052e-01
 19 -0.02763 -1.09380e-01 | 20 -0.03012 -1.79917e-01 | 21 -0.03223 -5.42770e-02
 22 -0.03416  1.58268e-01 | 23 -0.03709 -1.31916e-01 | 24 -0.03924 -1.08779e-01
 25 -0.04117 -7.74033e-02 | 26 -0.04284 -2.08921e-02 | 27 -0.04441  1.13939e-02
 28 -0.04607  2.88778e-02 | 29 -0.04801 -6.52720e-02 | 30 -0.04959 -7.07719e-02
 31 -0.05053 -5.07521e-03 | 32 -0.05077 -6.48771e-02 | 33 -0.04943  7.75413e-03
 34 -0.04607 -3.46307e-02 | 35 -0.03933 -2.27091e-01 | 36 -0.02570  1.98392e-01
 37 -0.00579  1.55494e-03 | 38  0.02406  1.36715e-01 | 39  0.06445  2.02548e-01
 40  0.10941  2.65331e-01 | 41  0.07050  1.91394e-01 | 42  0.03344  1.20871e-01
 43  0.00967  9.28138e-02 | 44 -0.00344  5.72557e-02 | 45 -0.00788  4.73669e-02
 46 -0.00680 -4.87740e-02 | 47 -0.00100  1.41798e-01 | 48  0.00702  1.08220e-01
 49  0.00645  9.41701e-02 | 50 -0.01339  1.02928e-01 | 51 -0.01278  1.08077e-01
 52  0.01721  8.16376e-02 | 53  0.04214  4.00408e-02 | 54  0.02147  5.47368e-02
 55  0.03507  1.56021e-01 | 56  0.04424  9.97254e-02 | 57  0.04588 -1.69357e-02
 58  0.05821  2.82279e-02 | 59  0.03666  1.52769e-01 | 60  0.02642  1.65716e-01
 61  0.05090  1.50333e-01 | 62  0.07367  8.89294e-02 | 63  0.06432  3.43970e-02
 64  0.07213 -3.11822e-02 | 65  0.04044  2.32425e-02 | 66  0.06546 -3.04992e-02
 67  0.04762 -1.30629e-01 | 68  0.01899 -1.73258e-01 | 69 -0.01268 -7.39554e-02
 70 -0.02335 -7.75604e-02 | 71 -0.03234 -1.08184e-01 | 72 -0.02457 -8.55109e-02
 73 -0.02839 -1.90938e-01 | 74 -0.00100 -1.00204e-01 | 75  0.16302  6.83398e-01
 76  0.08382  1.26403e+00 | 77  0.31662  1.36948e-02 | 78 -0.86464  6.84744e-05
 79 -0.98823 -2.76049e-03 | 80 -0.06490 -1.90717e-02 | 81 -0.16616  1.12867e-02
 82  0.18264 -2.69478e-01 | 83  0.21360  3.75502e-02 | 84 -0.64394 -5.65200e-03
 85 -0.95982 -2.95668e-03 | 86 -0.16352  8.93611e-04 | 87 -0.13130  4.22111e-01
 88  0.04974 -1.03360e-01 | 89  0.26360 -3.06802e-01 | 90 -0.87695 -9.85088e-04
 91 -0.99231  4.22790e-03 | 92 -0.04478  7.85917e-01 |
92 variables; iteration 120; function evaluation 166; phase 4
Function value 1.9968691e+02; maximum gradient component mag -4.8586e-01
Var    Value     Gradient |Var    Value     Gradient |Var    Value     Gradient
  1  0.12996 -1.48930e-01 |  2 -0.12574 -4.06946e-02 |  3  0.30542 -7.74672e-02
  4 -0.99990  5.31185e-03 |  5  1.00054 -5.50405e-03 |  6 -0.99965 -1.70143e-02
  7  0.01610 -4.85865e-01 |  8 -0.00894  1.00218e-02 |  9 -0.00994  2.20915e-02
 10 -0.01112  9.66857e-03 | 11 -0.01239  1.27198e-02 | 12 -0.01383  5.03991e-04
 13 -0.01538  4.98846e-03 | 14 -0.01709  5.98236e-03 | 15 -0.01895  5.01893e-03
 16 -0.02093  7.07881e-03 | 17 -0.02306  2.64759e-03 | 18 -0.02527  2.93763e-03
 19 -0.02755  3.83142e-03 | 20 -0.02990  1.62456e-03 | 21 -0.03226  3.65920e-03
 22 -0.03461  5.98943e-03 | 23 -0.03694  2.48731e-03 | 24 -0.03914  3.25170e-03
 25 -0.04113  2.21681e-03 | 26 -0.04289  6.21644e-03 | 27 -0.04453  3.07551e-03
 28 -0.04622 -2.61220e-03 | 29 -0.04797 -2.16055e-03 | 30 -0.04953  5.55843e-03
 31 -0.05059 -1.98183e-05 | 32 -0.05070  1.70963e-03 | 33 -0.04948 -2.66206e-04
 34 -0.04601 -3.93042e-05 | 35 -0.03886 -5.82371e-03 | 36 -0.02607 -7.33187e-03
 37 -0.00564 -3.64242e-03 | 38  0.02397 -1.01995e-03 | 39  0.06431 -9.44902e-03
 40  0.10954 -2.24756e-02 | 41  0.07040 -1.02096e-02 | 42  0.03338 -6.15361e-03
 43  0.00960 -6.57175e-03 | 44 -0.00343  1.73702e-03 | 45 -0.00784  3.80301e-03
 46 -0.00650  7.40542e-03 | 47 -0.00116  3.61846e-03 | 48  0.00697 -4.72856e-04
 49  0.00645 -3.12901e-03 | 50 -0.01349 -9.27092e-03 | 51 -0.01287  3.45470e-03
 52  0.01722  6.81236e-04 | 53  0.04229  9.54539e-04 | 54  0.02152  4.69261e-03
 55  0.03492 -8.87252e-03 | 56  0.04420  2.94670e-03 | 57  0.04599  2.25963e-02
 58  0.05826  3.49495e-02 | 59  0.03658  2.27628e-02 | 60  0.02638  9.20406e-03
 61  0.05090  2.93147e-03 | 62  0.07371 -1.14465e-02 | 63  0.06426 -8.72518e-03
 64  0.07224 -1.60349e-02 | 65  0.04033 -1.08630e-02 | 66  0.06546 -1.04710e-02
 67  0.04763  3.52891e-03 | 68  0.01908  1.03921e-02 | 69 -0.01277  5.08013e-03
 70 -0.02339  2.79494e-03 | 71 -0.03231  8.04878e-03 | 72 -0.02459  1.35496e-02
 73 -0.02821  6.09669e-03 | 74 -0.00099  9.28220e-03 | 75  0.16322  3.04579e-02
 76  0.07659 -2.35850e-02 | 77  0.31672 -4.43346e-02 | 78 -0.72248 -1.45095e-03
 79 -0.98823 -2.49014e-03 | 80 -0.06403  6.89213e-03 | 81 -0.16633 -1.09404e-02
 82  0.18216 -5.93986e-03 | 83  0.21336  5.77621e-03 | 84 -0.56838  6.64924e-04
 85 -0.95840  4.49211e-05 | 86 -0.16338  2.09489e-04 | 87 -0.13135 -3.85442e-03
 88  0.04977  3.46722e-02 | 89  0.26355  3.15724e-02 | 90 -0.87078  5.27554e-04
 91 -0.99235  2.31305e-03 | 92 -0.04457 -5.84160e-02 |
  ic > imax  in fminim is answer attained ?
Var    Value     Gradient |Var    Value     Gradient |Var    Value     Gradient
  1  0.12997  2.27349e-04 |  2 -0.12574 -1.70571e-04 |  3  0.30542  1.60429e-04
  4 -0.99992  1.47297e-05 |  5  1.00072  2.21128e-05 |  6 -0.99945  2.64655e-05
  7  0.01610 -7.73010e-04 |  8 -0.00895  1.89887e-05 |  9 -0.00998  7.10190e-05
 10 -0.01112  3.34046e-05 | 11 -0.01240  2.78642e-05 | 12 -0.01381 -1.31675e-05
 13 -0.01538  8.13391e-06 | 14 -0.01709  4.96417e-06 | 15 -0.01894  1.26605e-05
 16 -0.02094  2.60891e-05 | 17 -0.02305  9.17753e-06 | 18 -0.02526  4.00014e-06
 19 -0.02755  1.00107e-05 | 20 -0.02989 -2.88599e-06 | 21 -0.03225  1.29552e-05
 22 -0.03462  1.83300e-05 | 23 -0.03694 -5.99933e-06 | 24 -0.03914 -1.73504e-06
 25 -0.04113  9.31922e-06 | 26 -0.04290  1.77999e-05 | 27 -0.04453 -2.29416e-06
 28 -0.04621 -2.66114e-05 | 29 -0.04797  6.21898e-06 | 30 -0.04953  2.68982e-05
 31 -0.05058  6.60619e-06 | 32 -0.05070  2.28788e-05 | 33 -0.04948  1.02159e-06
 34 -0.04602  1.48770e-05 | 35 -0.03885 -7.27827e-06 | 36 -0.02606 -3.28616e-05
 37 -0.00565  8.25163e-06 | 38  0.02395  5.26861e-06 | 39  0.06429 -6.25233e-06
 40  0.10958 -4.14776e-05 | 41  0.07039 -1.54740e-05 | 42  0.03339 -1.94380e-05
 43  0.00961 -2.59359e-05 | 44 -0.00344 -1.75608e-05 | 45 -0.00785 -5.92127e-06
 46 -0.00652  1.88922e-05 | 47 -0.00117 -7.66629e-06 | 48  0.00697 -1.16040e-06
 49  0.00645  7.08210e-06 | 50 -0.01346 -5.06587e-05 | 51 -0.01287  1.68251e-06
 52  0.01722 -1.56258e-05 | 53  0.04229 -5.72398e-06 | 54  0.02151  4.34123e-06
 55  0.03494 -2.91337e-05 | 56  0.04420 -8.03910e-06 | 57  0.04598  2.77842e-05
 58  0.05825  4.27368e-05 | 59  0.03658  7.73517e-05 | 60  0.02638  5.80669e-05
 61  0.05089  4.70328e-05 | 62  0.07372  6.29134e-06 | 63  0.06425 -2.29995e-05
 64  0.07224 -1.11536e-05 | 65  0.04033 -1.11619e-05 | 66  0.06547 -1.63984e-05
 67  0.04762 -4.59118e-06 | 68  0.01908  9.43349e-06 | 69 -0.01277  7.50008e-07
 70 -0.02339  1.41275e-05 | 71 -0.03231  1.36887e-05 | 72 -0.02460  9.88856e-06
 73 -0.02820  2.14757e-05 | 74 -0.00099  9.55671e-06 | 75  0.16321  1.61377e-05
 76  0.07658 -2.66574e-05 | 77  0.31671 -4.59332e-05 | 78 -0.71071 -8.15089e-07
 79 -0.98813 -1.57598e-06 | 80 -0.06408 -2.00518e-05 | 81 -0.16633  6.89692e-05
 82  0.18222  3.00748e-04 | 83  0.21336  2.28814e-05 | 84 -0.57614  2.47584e-06
 85 -0.95841  9.03679e-07 | 86 -0.16339  1.88591e-05 | 87 -0.13135  3.00650e-04
 88  0.04977  1.77572e-04 | 89  0.26355 -1.78264e-04 | 90 -0.87288  4.62991e-07
 91 -0.99240  6.94437e-06 | 92 -0.04457 -1.70183e-05 |
Function minimizer not making progress ... is minimum attained?
Minimprove criterion = 0.0000e+00

 - final statistics:
92 variables; iteration 140; function evaluation 216
Function value 1.9969e+02; maximum gradient component mag -7.7301e-04
Exit code = 1;  converg criter 1.0000e-04
Var    Value     Gradient |Var    Value     Gradient |Var    Value     Gradient
  1  0.12997  2.27349e-04 |  2 -0.12574 -1.70571e-04 |  3  0.30542  1.60429e-04
  4 -0.99992  1.47297e-05 |  5  1.00072  2.21128e-05 |  6 -0.99945  2.64655e-05
  7  0.01610 -7.73010e-04 |  8 -0.00895  1.89887e-05 |  9 -0.00998  7.10190e-05
 10 -0.01112  3.34046e-05 | 11 -0.01240  2.78642e-05 | 12 -0.01381 -1.31675e-05
 13 -0.01538  8.13391e-06 | 14 -0.01709  4.96417e-06 | 15 -0.01894  1.26605e-05
 16 -0.02094  2.60891e-05 | 17 -0.02305  9.17753e-06 | 18 -0.02526  4.00014e-06
 19 -0.02755  1.00107e-05 | 20 -0.02989 -2.88599e-06 | 21 -0.03225  1.29552e-05
 22 -0.03462  1.83300e-05 | 23 -0.03694 -5.99933e-06 | 24 -0.03914 -1.73504e-06
 25 -0.04113  9.31922e-06 | 26 -0.04290  1.77999e-05 | 27 -0.04453 -2.29416e-06
 28 -0.04621 -2.66114e-05 | 29 -0.04797  6.21898e-06 | 30 -0.04953  2.68982e-05
 31 -0.05058  6.60619e-06 | 32 -0.05070  2.28788e-05 | 33 -0.04948  1.02159e-06
 34 -0.04602  1.48770e-05 | 35 -0.03885 -7.27827e-06 | 36 -0.02606 -3.28616e-05
 37 -0.00565  8.25163e-06 | 38  0.02395  5.26861e-06 | 39  0.06429 -6.25233e-06
 40  0.10958 -4.14776e-05 | 41  0.07039 -1.54740e-05 | 42  0.03339 -1.94380e-05
 43  0.00961 -2.59359e-05 | 44 -0.00344 -1.75608e-05 | 45 -0.00785 -5.92127e-06
 46 -0.00652  1.88922e-05 | 47 -0.00117 -7.66629e-06 | 48  0.00697 -1.16040e-06
 49  0.00645  7.08210e-06 | 50 -0.01346 -5.06587e-05 | 51 -0.01287  1.68251e-06
 52  0.01722 -1.56258e-05 | 53  0.04229 -5.72398e-06 | 54  0.02151  4.34123e-06
 55  0.03494 -2.91337e-05 | 56  0.04420 -8.03910e-06 | 57  0.04598  2.77842e-05
 58  0.05825  4.27368e-05 | 59  0.03658  7.73517e-05 | 60  0.02638  5.80669e-05
 61  0.05089  4.70328e-05 | 62  0.07372  6.29134e-06 | 63  0.06425 -2.29995e-05
 64  0.07224 -1.11536e-05 | 65  0.04033 -1.11619e-05 | 66  0.06547 -1.63984e-05
 67  0.04762 -4.59118e-06 | 68  0.01908  9.43349e-06 | 69 -0.01277  7.50008e-07
 70 -0.02339  1.41275e-05 | 71 -0.03231  1.36887e-05 | 72 -0.02460  9.88856e-06
 73 -0.02820  2.14757e-05 | 74 -0.00099  9.55671e-06 | 75  0.16321  1.61377e-05
 76  0.07658 -2.66574e-05 | 77  0.31671 -4.59332e-05 | 78 -0.71071 -8.15089e-07
 79 -0.98813 -1.57598e-06 | 80 -0.06408 -2.00518e-05 | 81 -0.16633  6.89692e-05
 82  0.18222  3.00748e-04 | 83  0.21336  2.28814e-05 | 84 -0.57614  2.47584e-06
 85 -0.95841  9.03679e-07 | 86 -0.16339  1.88591e-05 | 87 -0.13135  3.00650e-04
 88  0.04977  1.77572e-04 | 89  0.26355 -1.78264e-04 | 90 -0.87288  4.62991e-07
 91 -0.99240  6.94437e-06 | 92 -0.04457 -1.70183e-05 |

Initial statistics: 104 variables; iteration 0; function evaluation 0; phase 5
Function value 1.9968690e+02; maximum gradient component mag -7.7299e-04
Var    Value     Gradient |Var    Value     Gradient |Var    Value     Gradient
  1  0.12997  2.27338e-04 |  2 -0.12574 -1.70565e-04 |  3  0.30542  1.60420e-04
  4 -0.99992  1.47296e-05 |  5  0.99928 -2.21119e-05 |  6 -0.99945  2.64638e-05
  7  0.01610 -7.72992e-04 |  8 -0.00895  1.39518e-05 |  9 -0.00998  6.59800e-05
 10 -0.01112  2.83673e-05 | 11 -0.01240  2.28274e-05 | 12 -0.01381 -1.82025e-05
 13 -0.01538  3.09835e-06 | 14 -0.01709 -7.09237e-08 | 15 -0.01894  7.62546e-06
 16 -0.02094  2.10540e-05 | 17 -0.02305  4.14374e-06 | 18 -0.02526 -1.03278e-06
 19 -0.02755  4.97831e-06 | 20 -0.02989 -7.91704e-06 | 21 -0.03225  7.92438e-06
 22 -0.03462  1.33000e-05 | 23 -0.03694 -1.10274e-05 | 24 -0.03914 -6.76220e-06
 25 -0.04113  4.29259e-06 | 26 -0.04290  1.27738e-05 | 27 -0.04453 -7.31851e-06
 28 -0.04621 -3.16338e-05 | 29 -0.04797  1.19623e-06 | 30 -0.04953  2.18756e-05
 31 -0.05058  1.58503e-06 | 32 -0.05070  1.78570e-05 | 33 -0.04948 -4.00005e-06
 34 -0.04602  9.85271e-06 | 35 -0.03885 -1.23054e-05 | 36 -0.02606 -3.78929e-05
 37 -0.00565  3.21457e-06 | 38  0.02395  2.34941e-07 | 39  0.06429 -1.12635e-05
 40  0.10958 -4.64387e-05 | 41  0.07039 -2.04797e-05 | 42  0.03339 -2.44673e-05
 43  0.00961 -3.09712e-05 | 44 -0.00344 -2.25970e-05 | 45 -0.00785 -1.09576e-05
 46 -0.00652  1.38547e-05 | 47 -0.00117 -1.27030e-05 | 48  0.00697 -6.19719e-06
 49  0.00645  2.04505e-06 | 50 -0.01346 -5.56924e-05 | 51 -0.01287 -3.35352e-06
 52  0.01722 -2.06604e-05 | 53  0.04229 -1.07498e-05 | 54  0.02151 -6.93121e-07
 55  0.03494 -3.41620e-05 | 56  0.04420 -1.30638e-05 | 57  0.04598  2.27591e-05
 58  0.05825  3.77189e-05 | 59  0.03658  7.23198e-05 | 60  0.02638  5.30318e-05
 61  0.05089  4.20100e-05 | 62  0.07372  1.28789e-06 | 63  0.06425 -2.80097e-05
 64  0.07224 -1.61576e-05 | 65  0.04033 -1.61881e-05 | 66  0.06547 -2.14079e-05
 67  0.04762 -9.61358e-06 | 68  0.01908  4.39871e-06 | 69 -0.01277 -4.28565e-06
 70 -0.02339  9.09361e-06 | 71 -0.03231  8.65797e-06 | 72 -0.02460  4.85526e-06
 73 -0.02820  1.64431e-05 | 74 -0.00099  4.51966e-06 | 75  0.00000 -2.89419e-15
 76  0.00000 -1.76947e-15 | 77  0.00000 -9.21820e-16 | 78  0.00000 -3.76832e-16
 79  0.00000 -1.10205e-16 | 80  0.00000 -1.91165e-17 | 81  0.00000  0.00000e+00
 82  0.00000  0.00000e+00 | 83  0.00000  0.00000e+00 | 84  0.00000  0.00000e+00
 85  0.00000  0.00000e+00 | 86  0.00000  0.00000e+00 | 87  0.16321  1.61368e-05
 88  0.07658 -2.66563e-05 | 89  0.31671 -4.59312e-05 | 90 -0.71071 -8.15054e-07
 91 -0.98813 -1.57591e-06 | 92 -0.06408 -2.00509e-05 | 93 -0.16633  6.89654e-05
 94  0.18222  3.00733e-04 | 95  0.21336  2.28807e-05 | 96 -0.57614  2.47571e-06
 97 -0.95841  9.03641e-07 | 98 -0.16339  1.88581e-05 | 99 -0.13135  3.00638e-04
100  0.04977  1.77565e-04 |101  0.26355 -1.78257e-04 |102 -0.87288  4.62976e-07
103 -0.99240  6.94408e-06 |104 -0.04457 -1.70192e-05 |
  ic > imax  in fminim is answer attained ?
Var    Value     Gradient |Var    Value     Gradient |Var    Value     Gradient
  1  0.12997  2.27338e-04 |  2 -0.12574 -1.70565e-04 |  3  0.30542  1.60420e-04
  4 -0.99992  1.47296e-05 |  5  0.99928 -2.21119e-05 |  6 -0.99945  2.64638e-05
  7  0.01610 -7.72992e-04 |  8 -0.00895  1.39518e-05 |  9 -0.00998  6.59800e-05
 10 -0.01112  2.83673e-05 | 11 -0.01240  2.28274e-05 | 12 -0.01381 -1.82025e-05
 13 -0.01538  3.09835e-06 | 14 -0.01709 -7.09237e-08 | 15 -0.01894  7.62546e-06
 16 -0.02094  2.10540e-05 | 17 -0.02305  4.14374e-06 | 18 -0.02526 -1.03278e-06
 19 -0.02755  4.97831e-06 | 20 -0.02989 -7.91704e-06 | 21 -0.03225  7.92438e-06
 22 -0.03462  1.33000e-05 | 23 -0.03694 -1.10274e-05 | 24 -0.03914 -6.76220e-06
 25 -0.04113  4.29259e-06 | 26 -0.04290  1.27738e-05 | 27 -0.04453 -7.31851e-06
 28 -0.04621 -3.16338e-05 | 29 -0.04797  1.19623e-06 | 30 -0.04953  2.18756e-05
 31 -0.05058  1.58503e-06 | 32 -0.05070  1.78570e-05 | 33 -0.04948 -4.00005e-06
 34 -0.04602  9.85271e-06 | 35 -0.03885 -1.23054e-05 | 36 -0.02606 -3.78929e-05
 37 -0.00565  3.21457e-06 | 38  0.02395  2.34941e-07 | 39  0.06429 -1.12635e-05
 40  0.10958 -4.64387e-05 | 41  0.07039 -2.04797e-05 | 42  0.03339 -2.44673e-05
 43  0.00961 -3.09712e-05 | 44 -0.00344 -2.25970e-05 | 45 -0.00785 -1.09576e-05
 46 -0.00652  1.38547e-05 | 47 -0.00117 -1.27030e-05 | 48  0.00697 -6.19719e-06
 49  0.00645  2.04505e-06 | 50 -0.01346 -5.56924e-05 | 51 -0.01287 -3.35352e-06
 52  0.01722 -2.06604e-05 | 53  0.04229 -1.07498e-05 | 54  0.02151 -6.93121e-07
 55  0.03494 -3.41620e-05 | 56  0.04420 -1.30638e-05 | 57  0.04598  2.27591e-05
 58  0.05825  3.77189e-05 | 59  0.03658  7.23198e-05 | 60  0.02638  5.30318e-05
 61  0.05089  4.20100e-05 | 62  0.07372  1.28789e-06 | 63  0.06425 -2.80097e-05
 64  0.07224 -1.61576e-05 | 65  0.04033 -1.61881e-05 | 66  0.06547 -2.14079e-05
 67  0.04762 -9.61358e-06 | 68  0.01908  4.39871e-06 | 69 -0.01277 -4.28565e-06
 70 -0.02339  9.09361e-06 | 71 -0.03231  8.65797e-06 | 72 -0.02460  4.85526e-06
 73 -0.02820  1.64431e-05 | 74 -0.00099  4.51966e-06 | 75  0.00000 -2.89419e-15
 76  0.00000 -1.76947e-15 | 77  0.00000 -9.21820e-16 | 78  0.00000 -3.76832e-16
 79  0.00000 -1.10205e-16 | 80  0.00000 -1.91165e-17 | 81  0.00000  0.00000e+00
 82  0.00000  0.00000e+00 | 83  0.00000  0.00000e+00 | 84  0.00000  0.00000e+00
 85  0.00000  0.00000e+00 | 86  0.00000  0.00000e+00 | 87  0.16321  1.61368e-05
 88  0.07658 -2.66563e-05 | 89  0.31671 -4.59312e-05 | 90 -0.71071 -8.15054e-07
 91 -0.98813 -1.57591e-06 | 92 -0.06408 -2.00509e-05 | 93 -0.16633  6.89654e-05
 94  0.18222  3.00733e-04 | 95  0.21336  2.28807e-05 | 96 -0.57614  2.47571e-06
 97 -0.95841  9.03641e-07 | 98 -0.16339  1.88581e-05 | 99 -0.13135  3.00638e-04
100  0.04977  1.77565e-04 |101  0.26355 -1.78257e-04 |102 -0.87288  4.62976e-07
103 -0.99240  6.94408e-06 |104 -0.04457 -1.70192e-05 |
Function minimizer not making progress ... is minimum attained?
Minimprove criterion = 0.0000e+00
Warning: the following parameters had issues
  MGparm[5] is within 0.1% of lower bound: -1.0000e+00 < -1.0000e+00 < 2.0000e+00
  MGparm[6] is within 0.1% of upper bound: 5.0000e-02 < 3.5000e-01 < 3.5000e-01
  MGparm[7] is within 0.1% of lower bound: 5.0000e-02 < 5.0000e-02 < 2.5000e-01
  selparm[5] is within 0.1% of lower bound: -5.0000e+00 < -4.9988e+00 < 9.0000e+00
  selparm[11] is within 1% of lower bound: -5.0000e+00 < -4.9851e+00 < 9.0000e+00
  selparm[16] is within 1% of lower bound: -1.0000e+00 < -9.0065e-01 < 9.0000e+00
  selparm[17] is within 0.1% of lower bound: -5.0000e+00 < -4.9995e+00 < 9.0000e+00


 - final statistics:
104 variables; iteration 1; function evaluation 30
Function value 1.9969e+02; maximum gradient component mag -7.7299e-04
Exit code = 1;  converg criter 1.0000e-04
Var    Value     Gradient |Var    Value     Gradient |Var    Value     Gradient
  1  0.12997  2.27338e-04 |  2 -0.12574 -1.70565e-04 |  3  0.30542  1.60420e-04
  4 -0.99992  1.47296e-05 |  5  0.99928 -2.21119e-05 |  6 -0.99945  2.64638e-05
  7  0.01610 -7.72992e-04 |  8 -0.00895  1.39518e-05 |  9 -0.00998  6.59800e-05
 10 -0.01112  2.83673e-05 | 11 -0.01240  2.28274e-05 | 12 -0.01381 -1.82025e-05
 13 -0.01538  3.09835e-06 | 14 -0.01709 -7.09237e-08 | 15 -0.01894  7.62546e-06
 16 -0.02094  2.10540e-05 | 17 -0.02305  4.14374e-06 | 18 -0.02526 -1.03278e-06
 19 -0.02755  4.97831e-06 | 20 -0.02989 -7.91704e-06 | 21 -0.03225  7.92438e-06
 22 -0.03462  1.33000e-05 | 23 -0.03694 -1.10274e-05 | 24 -0.03914 -6.76220e-06
 25 -0.04113  4.29259e-06 | 26 -0.04290  1.27738e-05 | 27 -0.04453 -7.31851e-06
 28 -0.04621 -3.16338e-05 | 29 -0.04797  1.19623e-06 | 30 -0.04953  2.18756e-05
 31 -0.05058  1.58503e-06 | 32 -0.05070  1.78570e-05 | 33 -0.04948 -4.00005e-06
 34 -0.04602  9.85271e-06 | 35 -0.03885 -1.23054e-05 | 36 -0.02606 -3.78929e-05
 37 -0.00565  3.21457e-06 | 38  0.02395  2.34941e-07 | 39  0.06429 -1.12635e-05
 40  0.10958 -4.64387e-05 | 41  0.07039 -2.04797e-05 | 42  0.03339 -2.44673e-05
 43  0.00961 -3.09712e-05 | 44 -0.00344 -2.25970e-05 | 45 -0.00785 -1.09576e-05
 46 -0.00652  1.38547e-05 | 47 -0.00117 -1.27030e-05 | 48  0.00697 -6.19719e-06
 49  0.00645  2.04505e-06 | 50 -0.01346 -5.56924e-05 | 51 -0.01287 -3.35352e-06
 52  0.01722 -2.06604e-05 | 53  0.04229 -1.07498e-05 | 54  0.02151 -6.93121e-07
 55  0.03494 -3.41620e-05 | 56  0.04420 -1.30638e-05 | 57  0.04598  2.27591e-05
 58  0.05825  3.77189e-05 | 59  0.03658  7.23198e-05 | 60  0.02638  5.30318e-05
 61  0.05089  4.20100e-05 | 62  0.07372  1.28789e-06 | 63  0.06425 -2.80097e-05
 64  0.07224 -1.61576e-05 | 65  0.04033 -1.61881e-05 | 66  0.06547 -2.14079e-05
 67  0.04762 -9.61358e-06 | 68  0.01908  4.39871e-06 | 69 -0.01277 -4.28565e-06
 70 -0.02339  9.09361e-06 | 71 -0.03231  8.65797e-06 | 72 -0.02460  4.85526e-06
 73 -0.02820  1.64431e-05 | 74 -0.00099  4.51966e-06 | 75  0.00000 -2.89419e-15
 76  0.00000 -1.76947e-15 | 77  0.00000 -9.21820e-16 | 78  0.00000 -3.76832e-16
 79  0.00000 -1.10205e-16 | 80  0.00000 -1.91165e-17 | 81  0.00000  0.00000e+00
 82  0.00000  0.00000e+00 | 83  0.00000  0.00000e+00 | 84  0.00000  0.00000e+00
 85  0.00000  0.00000e+00 | 86  0.00000  0.00000e+00 | 87  0.16321  1.61368e-05
 88  0.07658 -2.66563e-05 | 89  0.31671 -4.59312e-05 | 90 -0.71071 -8.15054e-07
 91 -0.98813 -1.57591e-06 | 92 -0.06408 -2.00509e-05 | 93 -0.16633  6.89654e-05
 94  0.18222  3.00733e-04 | 95  0.21336  2.28807e-05 | 96 -0.57614  2.47571e-06
 97 -0.95841  9.03641e-07 | 98 -0.16339  1.88581e-05 | 99 -0.13135  3.00638e-04
100  0.04977  1.77565e-04 |101  0.26355 -1.78257e-04 |102 -0.87288  4.62976e-07
103 -0.99240  6.94408e-06 |104 -0.04457 -1.70192e-05 |
Estimating row 1 out of 104 for hessian
Estimating row 2 out of 104 for hessian
Estimating row 3 out of 104 for hessian
Estimating row 4 out of 104 for hessian
Estimating row 5 out of 104 for hessian
Estimating row 6 out of 104 for hessian
Estimating row 7 out of 104 for hessian
Estimating row 8 out of 104 for hessian
Estimating row 9 out of 104 for hessian
Estimating row 10 out of 104 for hessian
Estimating row 11 out of 104 for hessian
Estimating row 12 out of 104 for hessian
Estimating row 13 out of 104 for hessian
Estimating row 14 out of 104 for hessian
Estimating row 15 out of 104 for hessian
Estimating row 16 out of 104 for hessian
Estimating row 17 out of 104 for hessian
Estimating row 18 out of 104 for hessian
Estimating row 19 out of 104 for hessian
Estimating row 20 out of 104 for hessian
Estimating row 21 out of 104 for hessian
Estimating row 22 out of 104 for hessian
Estimating row 23 out of 104 for hessian
Estimating row 24 out of 104 for hessian
Estimating row 25 out of 104 for hessian
Estimating row 26 out of 104 for hessian
Estimating row 27 out of 104 for hessian
Estimating row 28 out of 104 for hessian
Estimating row 29 out of 104 for hessian
Estimating row 30 out of 104 for hessian
Estimating row 31 out of 104 for hessian
Estimating row 32 out of 104 for hessian
Estimating row 33 out of 104 for hessian
Estimating row 34 out of 104 for hessian
Estimating row 35 out of 104 for hessian
Estimating row 36 out of 104 for hessian
Estimating row 37 out of 104 for hessian
Estimating row 38 out of 104 for hessian
Estimating row 39 out of 104 for hessian
Estimating row 40 out of 104 for hessian
Estimating row 41 out of 104 for hessian
Estimating row 42 out of 104 for hessian
Estimating row 43 out of 104 for hessian
Estimating row 44 out of 104 for hessian
Estimating row 45 out of 104 for hessian
Estimating row 46 out of 104 for hessian
Estimating row 47 out of 104 for hessian
Estimating row 48 out of 104 for hessian
Estimating row 49 out of 104 for hessian
Estimating row 50 out of 104 for hessian
Estimating row 51 out of 104 for hessian
Estimating row 52 out of 104 for hessian
Estimating row 53 out of 104 for hessian
Estimating row 54 out of 104 for hessian
Estimating row 55 out of 104 for hessian
Estimating row 56 out of 104 for hessian
Estimating row 57 out of 104 for hessian
Estimating row 58 out of 104 for hessian
Estimating row 59 out of 104 for hessian
Estimating row 60 out of 104 for hessian
Estimating row 61 out of 104 for hessian
Estimating row 62 out of 104 for hessian
Estimating row 63 out of 104 for hessian
Estimating row 64 out of 104 for hessian
Estimating row 65 out of 104 for hessian
Estimating row 66 out of 104 for hessian
Estimating row 67 out of 104 for hessian
Estimating row 68 out of 104 for hessian
Estimating row 69 out of 104 for hessian
Estimating row 70 out of 104 for hessian
Estimating row 71 out of 104 for hessian
Estimating row 72 out of 104 for hessian
Estimating row 73 out of 104 for hessian
Estimating row 74 out of 104 for hessian
Estimating row 75 out of 104 for hessian
Estimating row 76 out of 104 for hessian
Estimating row 77 out of 104 for hessian
Estimating row 78 out of 104 for hessian
Estimating row 79 out of 104 for hessian
Estimating row 80 out of 104 for hessian
Estimating row 81 out of 104 for hessian
Estimating row 82 out of 104 for hessian
Estimating row 83 out of 104 for hessian
Estimating row 84 out of 104 for hessian
Estimating row 85 out of 104 for hessian
Estimating row 86 out of 104 for hessian
Estimating row 87 out of 104 for hessian
Estimating row 88 out of 104 for hessian
Estimating row 89 out of 104 for hessian
Estimating row 90 out of 104 for hessian
Estimating row 91 out of 104 for hessian
Estimating row 92 out of 104 for hessian
Estimating row 93 out of 104 for hessian
Estimating row 94 out of 104 for hessian
Estimating row 95 out of 104 for hessian
Estimating row 96 out of 104 for hessian
Estimating row 97 out of 104 for hessian
Estimating row 98 out of 104 for hessian
Estimating row 99 out of 104 for hessian
Estimating row 100 out of 104 for hessian
Estimating row 101 out of 104 for hessian
Estimating row 102 out of 104 for hessian
Estimating row 103 out of 104 for hessian
Estimating row 104 out of 104 for hessian
size of file gradfil1.tmp = 0
size of file gradfil2.tmp = 0
size of file varssave.tmp = 0
size of file cmpdiff.tmp = 0
