Alternative 1 Catch
     EBS_SKATE 
Equil_Fabc 25899.2 
Year 
2020 14794 
2021 17263 
2022 17263 
2023 30786.1 
2024 28994.9 
2025 27632 
2026 26659.3 
2027 26023 
2028 25648.4 
2029 25456.9 
2030 25389.6 
2031 25178.9 
2032 24977.3 
2033 24962.2 

Alternative 1 ABCs
     EBS_SKATE 

Year 
2020 34527 
2021 33268.1 
2022 31919.7 
2023 30786.1 
2024 28994.9 
2025 27632 
2026 26659.3 
2027 26023 
2028 25648.4 
2029 25456.9 
2030 25389.6 
2031 25178.9 
2032 24977.3 
2033 24962.2 

Alternative 1 TACs
     EBS_SKATE 

Year 
2020  NA 
2021  NA 
2022  NA 
2023 30786.1 
2024 28994.9 
2025 27632 
2026 26659.3 
2027 26023 
2028 25648.4 
2029 25456.9 
2030 25389.6 
2031 25178.9 
2032 24977.3 
2033 24962.2 

Alternative 1 Sp_Biomass
     EBS_SKATE 
Equil_Fabc 71370 
Year 
2020 124449 
2021 124142 
2022 121575 
2023 115692 
2024 106776 
2025 98192.2 
2026 90588.4 
2027 84301.5 
2028 79354.5 
2029 75642 
2030 73027.7 
2031 71374.4 
2032 70499.7 
2033 70171.3 

Alternative 1 Fishing Mortality
     EBS_SKATE 
Equil_Fabc 0.079212 
Year 
2020 0.0332372 
2021 0.0403861 
2022 0.0421306 
2023 0.079212 
2024 0.079212 
2025 0.079212 
2026 0.079212 
2027 0.079212 
2028 0.079212 
2029 0.079212 
2030 0.079212 
2031 0.0784435 
2032 0.077489 
2033 0.0770181 

Alternative 1 Biomass
     EBS_SKATE 

Year 
2020 519441 
2021 505393 
2022 489868 
2023 476753 
2024 453501 
2025 435907 
2026 423307 
2027 414898 
2028 409763 
2029 407132 
2030 406136 
2031 406257 
2032 407267 
2033 408794 

Alternative 1 Implied SPR rate 
     EBS_SKATE 
Equil_Fabc 0.4 
Year 
2020 0.660121 
2021 0.607707 
2022 0.595743 
2023 0.4 
2024 0.4 
2025 0.4 
2026 0.4 
2027 0.4 
2028 0.4 
2029 0.4 
2030 0.4 
2031 0.403169 
2032 0.407174 
2033 0.409194 

  EBS_SKATE 
EquilAvgAgeF0  7.92384 
EquilAvgAgeFabc  5.93982 
AvgAgeYr2033 6.01858 
Alternative 2 Catch
     EBS_SKATE 
Equil_Fabc 25899.2 
Year 
2020 14794 
2021 17263 
2022 17263 
2023 30786.1 
2024 28994.9 
2025 27632 
2026 26659.3 
2027 26023 
2028 25648.4 
2029 25456.9 
2030 25389.6 
2031 25178.9 
2032 24977.3 
2033 24962.2 

Alternative 2 ABCs
     EBS_SKATE 

Year 
2020 34527 
2021 33268.1 
2022 31919.7 
2023 30786.1 
2024 28994.9 
2025 27632 
2026 26659.3 
2027 26023 
2028 25648.4 
2029 25456.9 
2030 25389.6 
2031 25178.9 
2032 24977.3 
2033 24962.2 

Alternative 2 TACs
     EBS_SKATE 

Year 
2020  NA 
2021  NA 
2022  NA 
2023 30786.1 
2024 28994.9 
2025 27632 
2026 26659.3 
2027 26023 
2028 25648.4 
2029 25456.9 
2030 25389.6 
2031 25178.9 
2032 24977.3 
2033 24962.2 

Alternative 2 Sp_Biomass
     EBS_SKATE 
Equil_Fabc 71370 
Year 
2020 124449 
2021 124142 
2022 121575 
2023 115692 
2024 106776 
2025 98192.2 
2026 90588.4 
2027 84301.5 
2028 79354.5 
2029 75642 
2030 73027.7 
2031 71374.4 
2032 70499.7 
2033 70171.3 

Alternative 2 Fishing Mortality
     EBS_SKATE 
Equil_Fabc 0.079212 
Year 
2020 0.0332372 
2021 0.0403861 
2022 0.0421306 
2023 0.079212 
2024 0.079212 
2025 0.079212 
2026 0.079212 
2027 0.079212 
2028 0.079212 
2029 0.079212 
2030 0.079212 
2031 0.0784435 
2032 0.077489 
2033 0.0770181 

Alternative 2 Biomass
     EBS_SKATE 

Year 
2020 519441 
2021 505393 
2022 489868 
2023 476753 
2024 453501 
2025 435907 
2026 423307 
2027 414898 
2028 409763 
2029 407132 
2030 406136 
2031 406257 
2032 407267 
2033 408794 

Alternative 2 Implied SPR rate 
     EBS_SKATE 
Equil_Fabc 0.4 
Year 
2020 0.660121 
2021 0.607707 
2022 0.595743 
2023 0.4 
2024 0.4 
2025 0.4 
2026 0.4 
2027 0.4 
2028 0.4 
2029 0.4 
2030 0.4 
2031 0.403169 
2032 0.407174 
2033 0.409194 

  EBS_SKATE 
EquilAvgAgeF0  7.92384 
EquilAvgAgeFabc  5.93982 
AvgAgeYr2033 6.01858 
Alternative 3 Catch
     EBS_SKATE 
Equil_Fabc 25899.2 
Year 
2020 14794 
2021 17263 
2022 17263 
2023 162207 
2024 106426 
2025 74008.6 
2026 55580.8 
2027 45401.7 
2028 39903.4 
2029 36987.6 
2030 35522.3 
2031 34874.4 
2032 34622.7 
2033 34500 

Alternative 3 ABCs
     EBS_SKATE 

Year 
2020 181314 
2021 174830 
2022 167962 
2023 162207 
2024 106426 
2025 74008.6 
2026 55580.8 
2027 45401.7 
2028 39903.4 
2029 36987.6 
2030 35522.3 
2031 34874.4 
2032 34622.7 
2033 34500 

Alternative 3 TACs
     EBS_SKATE 

Year 
2020  NA 
2021  NA 
2022  NA 
2023 162207 
2024 106426 
2025 74008.6 
2026 55580.8 
2027 45401.7 
2028 39903.4 
2029 36987.6 
2030 35522.3 
2031 34874.4 
2032 34622.7 
2033 34500 

Alternative 3 Sp_Biomass
     EBS_SKATE 
Equil_Fabc 71370 
Year 
2020 124449 
2021 124142 
2022 121575 
2023 97506.3 
2024 59749 
2025 36611.4 
2026 22701.8 
2027 14456.1 
2028 9622.15 
2029 6833.43 
2030 5260.08 
2031 4393.15 
2032 3924.85 
2033 3680.4 

Alternative 3 Fishing Mortality
     EBS_SKATE 
Equil_Fabc 0.079212 
Year 
2020 0.0332372 
2021 0.0403861 
2022 0.0421306 
2023 0.5 
2024 0.5 
2025 0.5 
2026 0.5 
2027 0.5 
2028 0.5 
2029 0.5 
2030 0.5 
2031 0.5 
2032 0.5 
2033 0.5 

Alternative 3 Biomass
     EBS_SKATE 

Year 
2020 519441 
2021 505393 
2022 489868 
2023 476753 
2024 325387 
2025 237978 
2026 188520 
2027 161231 
2028 146533 
2029 138917 
2030 135090 
2031 133317 
2032 132527 
2033 132065 

Alternative 3 Implied SPR rate 
     EBS_SKATE 
Equil_Fabc 0.4 
Year 
2020 0.660121 
2021 0.607707 
2022 0.595743 
2023 0.0191888 
2024 0.0191888 
2025 0.0191888 
2026 0.0191888 
2027 0.0191888 
2028 0.0191888 
2029 0.0191888 
2030 0.0191888 
2031 0.0191888 
2032 0.0191888 
2033 0.0191888 

  EBS_SKATE 
EquilAvgAgeF0  7.92384 
EquilAvgAgeFabc  5.93982 
AvgAgeYr2033 3.79777 
Alternative 4 Catch
     EBS_SKATE 
Equil_Fabc 25899.2 
Year 
2020 14794 
2021 17263 
2022 17263 
2023 16405.2 
2024 15970.2 
2025 15691.4 
2026 15559 
2027 15554 
2028 15645.6 
2029 15799 
2030 15987.2 
2031 16193.3 
2032 16403.6 
2033 16605 

Alternative 4 ABCs
     EBS_SKATE 

Year 
2020 18404.3 
2021 17732.1 
2022 17011.3 
2023 16405.2 
2024 15970.2 
2025 15691.4 
2026 15559 
2027 15554 
2028 15645.6 
2029 15799 
2030 15987.2 
2031 16193.3 
2032 16403.6 
2033 16605 

Alternative 4 TACs
     EBS_SKATE 

Year 
2020  NA 
2021  NA 
2022  NA 
2023 16405.2 
2024 15970.2 
2025 15691.4 
2026 15559 
2027 15554 
2028 15645.6 
2029 15799 
2030 15987.2 
2031 16193.3 
2032 16403.6 
2033 16605 

Alternative 4 Sp_Biomass
     EBS_SKATE 
Equil_Fabc 71370 
Year 
2020 124449 
2021 124142 
2022 121575 
2023 117479 
2024 112480 
2025 107275 
2026 102578 
2027 98832.3 
2028 96150.3 
2029 94484.9 
2030 93740 
2031 93790.6 
2032 94437.5 
2033 95455 

Alternative 4 Fishing Mortality
     EBS_SKATE 
Equil_Fabc 0.079212 
Year 
2020 0.0332372 
2021 0.0403861 
2022 0.0421306 
2023 0.0415047 
2024 0.0415047 
2025 0.0415047 
2026 0.0415047 
2027 0.0415047 
2028 0.0415047 
2029 0.0415047 
2030 0.0415047 
2031 0.0415047 
2032 0.0415047 
2033 0.0415047 

Alternative 4 Biomass
     EBS_SKATE 

Year 
2020 519441 
2021 505393 
2022 489868 
2023 476753 
2024 467569 
2025 462013 
2026 459742 
2027 460236 
2028 462828 
2029 466948 
2030 471874 
2031 477201 
2032 482561 
2033 487621 

Alternative 4 Implied SPR rate 
     EBS_SKATE 
Equil_Fabc 0.4 
Year 
2020 0.660121 
2021 0.607707 
2022 0.595743 
2023 0.6 
2024 0.6 
2025 0.6 
2026 0.6 
2027 0.6 
2028 0.6 
2029 0.6 
2030 0.6 
2031 0.6 
2032 0.6 
2033 0.6 

  EBS_SKATE 
EquilAvgAgeF0  7.92384 
EquilAvgAgeFabc  5.93982 
AvgAgeYr2033 6.56228 
Alternative 5 Catch
     EBS_SKATE 
Equil_Fabc 25899.2 
Year 
2020 14794 
2021 17263 
2022 17263 
2023  NA 
2024  NA 
2025  NA 
2026  NA 
2027  NA 
2028  NA 
2029  NA 
2030  NA 
2031  NA 
2032  NA 
2033  NA 

Alternative 5 ABCs
     EBS_SKATE 

Year 
2020  NA 
2021  NA 
2022  NA 
2023  NA 
2024  NA 
2025  NA 
2026  NA 
2027  NA 
2028  NA 
2029  NA 
2030  NA 
2031  NA 
2032  NA 
2033  NA 

Alternative 5 TACs
     EBS_SKATE 

Year 
2020  NA 
2021  NA 
2022  NA 
2023  NA 
2024  NA 
2025  NA 
2026  NA 
2027  NA 
2028  NA 
2029  NA 
2030  NA 
2031  NA 
2032  NA 
2033  NA 

Alternative 5 Sp_Biomass
     EBS_SKATE 
Equil_Fabc 71370 
Year 
2020 124449 
2021 124142 
2022 121575 
2023 119478 
2024 119110 
2025 118248 
2026 117623 
2027 117756 
2028 118823 
2029 120806 
2030 123616 
2031 127129 
2032 131133 
2033 135370 

Alternative 5 Fishing Mortality
     EBS_SKATE 
Equil_Fabc 0.079212 
Year 
2020 0.0332372 
2021 0.0403861 
2022 0.0421306 
2023  NA 
2024  NA 
2025  NA 
2026  NA 
2027  NA 
2028  NA 
2029  NA 
2030  NA 
2031  NA 
2032  NA 
2033  NA 

Alternative 5 Biomass
     EBS_SKATE 

Year 
2020 519441 
2021 505393 
2022 489868 
2023 476753 
2024 483626 
2025 492883 
2026 504316 
2027 517530 
2028 531966 
2029 547138 
2030 562374 
2031 577294 
2032 591549 
2033 604829 

Alternative 5 Implied SPR rate 
     EBS_SKATE 
Equil_Fabc 0.4 
Year 
2020 0.660121 
2021 0.607707 
2022 0.595743 
2023 1 
2024 1 
2025 1 
2026 1 
2027 1 
2028 1 
2029 1 
2030 1 
2031 1 
2032 1 
2033 1 

  EBS_SKATE 
EquilAvgAgeF0  7.92384 
EquilAvgAgeFabc  5.93982 
AvgAgeYr2033 7.3089 
Alternative 6 Catch
     EBS_SKATE 
Equil_Fabc 25899.2 
Year 
2020 14794 
2021 38637.4 
2022 35374.4 
2023 32718 
2024 30659.9 
2025 29141.7 
2026 28101.6 
2027 27461.8 
2028 25983.6 
2029 24789.7 
2030 24283.2 
2031 24267.1 
2032 24566.9 
2033 25027.7 

Alternative 6 ABCs
     EBS_SKATE 

Year 
2020 40098.6 
2021 38637.5 
2022 35374.4 
2023 32718 
2024 30659.9 
2025 29141.7 
2026 28101.6 
2027 27461.8 
2028 25983.6 
2029 24789.7 
2030 24283.2 
2031 24267.1 
2032 24566.9 
2033 25027.7 

Alternative 6 TACs
     EBS_SKATE 

Year 
2020  NA 
2021 38637.5 
2022 35374.4 
2023 32718 
2024 30659.9 
2025 29141.7 
2026 28101.6 
2027 27461.8 
2028 25983.6 
2029 24789.7 
2030 24283.2 
2031 24267.1 
2032 24566.9 
2033 25027.7 

Alternative 6 Sp_Biomass
     EBS_SKATE 
Equil_Fabc 71370 
Year 
2020 124449 
2021 121535 
2022 113199 
2023 104136 
2024 94947.5 
2025 86349.1 
2026 78912.5 
2027 72902.9 
2028 68405 
2029 65411.6 
2030 63691.6 
2031 62962.3 
2032 62925.5 
2033 63304.5 

Alternative 6 Fishing Mortality
     EBS_SKATE 
Equil_Fabc 0.079212 
Year 
2020 0.0332372 
2021 0.0925521 
2022 0.0925521 
2023 0.0925522 
2024 0.0925522 
2025 0.0925522 
2026 0.0925522 
2027 0.0925522 
2028 0.0885053 
2029 0.0844189 
2030 0.082071 
2031 0.0810753 
2032 0.0810252 
2033 0.0815426 

Alternative 6 Biomass
     EBS_SKATE 

Year 
2020 519441 
2021 505393 
2022 468948 
2023 439312 
2024 416428 
2025 399674 
2026 388176 
2027 380962 
2028 376988 
2029 376539 
2030 378604 
2031 382078 
2032 386075 
2033 389905 

Alternative 6 Implied SPR rate 
     EBS_SKATE 
Equil_Fabc 0.4 
Year 
2020 0.660121 
2021 0.35 
2022 0.35 
2023 0.35 
2024 0.35 
2025 0.35 
2026 0.35 
2027 0.35 
2028 0.364294 
2029 0.379484 
2030 0.388594 
2031 0.392591 
2032 0.392884 
2033 0.39093 

  EBS_SKATE 
EquilAvgAgeF0  7.92384 
EquilAvgAgeFabc  5.93982 
AvgAgeYr2033 5.87076 
Alternative 7 Catch
     EBS_SKATE 
Equil_Fabc 25899.2 
Year 
2020 14794 
2021 33268.1 
2022 30824.2 
2023 33481.3 
2024 31320 
2025 29705.7 
2026 28577.5 
2027 27858.9 
2028 26851.3 
2029 25424.2 
2030 24739.2 
2031 24583.4 
2032 24773.5 
2033 25150.3 

Alternative 7 ABCs
     EBS_SKATE 

Year 
2020 40098.6 
2021 38637.5 
2022 35800.9 
2023 33481.3 
2024 31320 
2025 29705.7 
2026 28577.5 
2027 27858.9 
2028 26851.3 
2029 25424.2 
2030 24739.2 
2031 24583.4 
2032 24773.5 
2033 25150.3 

Alternative 7 TACs
     EBS_SKATE 

Year 
2020  NA 
2021 38637.5 
2022 35800.9 
2023 33481.3 
2024 31320 
2025 29705.7 
2026 28577.5 
2027 27858.9 
2028 26851.3 
2029 25424.2 
2030 24739.2 
2031 24583.4 
2032 24773.5 
2033 25150.3 

Alternative 7 Sp_Biomass
     EBS_SKATE 
Equil_Fabc 71370 
Year 
2020 124449 
2021 122197 
2022 115305 
2023 106875 
2024 97423.8 
2025 88559.8 
2026 80864.3 
2027 74607.8 
2028 69824.7 
2029 66510.7 
2030 64522.5 
2031 63568 
2032 63345.2 
2033 63575.5 

Alternative 7 Fishing Mortality
     EBS_SKATE 
Equil_Fabc 0.079212 
Year 
2020 0.0332372 
2021 0.079212 
2022 0.079212 
2023 0.0925522 
2024 0.0925522 
2025 0.0925522 
2026 0.0925522 
2027 0.0925522 
2028 0.0904435 
2029 0.0859194 
2030 0.0832052 
2031 0.0819022 
2032 0.0815981 
2033 0.0819124 

Alternative 7 Biomass
     EBS_SKATE 

Year 
2020 519441 
2021 505393 
2022 474202 
2023 448717 
2024 424526 
2025 406571 
2026 393990 
2027 385814 
2028 381004 
2029 379300 
2030 380405 
2031 383159 
2032 386636 
2033 390110 

Alternative 7 Implied SPR rate 
     EBS_SKATE 
Equil_Fabc 0.4 
Year 
2020 0.660121 
2021 0.4 
2022 0.4 
2023 0.35 
2024 0.35 
2025 0.35 
2026 0.35 
2027 0.35 
2028 0.357359 
2029 0.373818 
2030 0.38417 
2031 0.389317 
2032 0.390608 
2033 0.389467 

  EBS_SKATE 
EquilAvgAgeF0  7.92384 
EquilAvgAgeFabc  5.93982 
AvgAgeYr2033 5.87587 
