EBS_SKATE 1 2020 Cabc 25899.2
EBS_SKATE 1 2020 Cofl 27822.4
EBS_SKATE 1 2020 CLCI 14794
EBS_SKATE 1 2020 CUCI 14794
EBS_SKATE 1 2020 CMedian 14794
EBS_SKATE 1 2020 CMean 14794
EBS_SKATE 1 2020 CStdn 1.09139e-11
EBS_SKATE 1 2021 Cabc 25899.2
EBS_SKATE 1 2021 Cofl 27822.4
EBS_SKATE 1 2021 CLCI 17263
EBS_SKATE 1 2021 CUCI 17263
EBS_SKATE 1 2021 CMedian 17263
EBS_SKATE 1 2021 CMean 17263
EBS_SKATE 1 2021 CStdn 1.81899e-11
EBS_SKATE 1 2022 Cabc 25899.2
EBS_SKATE 1 2022 Cofl 27822.4
EBS_SKATE 1 2022 CLCI 17263
EBS_SKATE 1 2022 CUCI 17263
EBS_SKATE 1 2022 CMedian 17263
EBS_SKATE 1 2022 CMean 17263
EBS_SKATE 1 2022 CStdn 6.77328e-05
EBS_SKATE 1 2023 Cabc 25899.2
EBS_SKATE 1 2023 Cofl 27822.4
EBS_SKATE 1 2023 CLCI 30765.4
EBS_SKATE 1 2023 CUCI 30809.9
EBS_SKATE 1 2023 CMedian 30783.2
EBS_SKATE 1 2023 CMean 30786.1
EBS_SKATE 1 2023 CStdn 14.6063
EBS_SKATE 1 2024 Cabc 25899.2
EBS_SKATE 1 2024 Cofl 27822.4
EBS_SKATE 1 2024 CLCI 28918.2
EBS_SKATE 1 2024 CUCI 29082.9
EBS_SKATE 1 2024 CMedian 28985.4
EBS_SKATE 1 2024 CMean 28994.9
EBS_SKATE 1 2024 CStdn 53.9078
EBS_SKATE 1 2025 Cabc 25899.2
EBS_SKATE 1 2025 Cofl 27822.4
EBS_SKATE 1 2025 CLCI 27419.1
EBS_SKATE 1 2025 CUCI 27877.9
EBS_SKATE 1 2025 CMedian 27605.7
EBS_SKATE 1 2025 CMean 27632
EBS_SKATE 1 2025 CStdn 154.272
EBS_SKATE 1 2026 Cabc 25899.2
EBS_SKATE 1 2026 Cofl 27822.4
EBS_SKATE 1 2026 CLCI 26188.5
EBS_SKATE 1 2026 CUCI 27208.7
EBS_SKATE 1 2026 CMedian 26605.9
EBS_SKATE 1 2026 CMean 26659.3
EBS_SKATE 1 2026 CStdn 337.14
EBS_SKATE 1 2027 Cabc 25899.2
EBS_SKATE 1 2027 Cofl 27822.4
EBS_SKATE 1 2027 CLCI 25212.9
EBS_SKATE 1 2027 CUCI 27002.5
EBS_SKATE 1 2027 CMedian 25914.8
EBS_SKATE 1 2027 CMean 26023
EBS_SKATE 1 2027 CStdn 582.87
EBS_SKATE 1 2028 Cabc 25899.2
EBS_SKATE 1 2028 Cofl 27822.4
EBS_SKATE 1 2028 CLCI 24408.2
EBS_SKATE 1 2028 CUCI 26953.8
EBS_SKATE 1 2028 CMedian 25561.8
EBS_SKATE 1 2028 CMean 25648.4
EBS_SKATE 1 2028 CStdn 840.962
EBS_SKATE 1 2029 Cabc 25899.2
EBS_SKATE 1 2029 Cofl 27822.4
EBS_SKATE 1 2029 CLCI 23892.3
EBS_SKATE 1 2029 CUCI 27031.1
EBS_SKATE 1 2029 CMedian 25395.8
EBS_SKATE 1 2029 CMean 25456.9
EBS_SKATE 1 2029 CStdn 1072.35
EBS_SKATE 1 2030 Cabc 25899.2
EBS_SKATE 1 2030 Cofl 27822.4
EBS_SKATE 1 2030 CLCI 23534.1
EBS_SKATE 1 2030 CUCI 27093.6
EBS_SKATE 1 2030 CMedian 25263.6
EBS_SKATE 1 2030 CMean 25389.6
EBS_SKATE 1 2030 CStdn 1271.78
EBS_SKATE 1 2031 Cabc 25899.2
EBS_SKATE 1 2031 Cofl 27822.4
EBS_SKATE 1 2031 CLCI 22804.7
EBS_SKATE 1 2031 CUCI 27696.5
EBS_SKATE 1 2031 CMedian 25080.6
EBS_SKATE 1 2031 CMean 25178.9
EBS_SKATE 1 2031 CStdn 1618.31
EBS_SKATE 1 2032 Cabc 25899.2
EBS_SKATE 1 2032 Cofl 27822.4
EBS_SKATE 1 2032 CLCI 22187.5
EBS_SKATE 1 2032 CUCI 27783.7
EBS_SKATE 1 2032 CMedian 25017.2
EBS_SKATE 1 2032 CMean 24977.3
EBS_SKATE 1 2032 CStdn 1909.54
EBS_SKATE 1 2033 Cabc 25899.2
EBS_SKATE 1 2033 Cofl 27822.4
EBS_SKATE 1 2033 CLCI 21977.2
EBS_SKATE 1 2033 CUCI 28477.4
EBS_SKATE 1 2033 CMedian 24925.9
EBS_SKATE 1 2033 CMean 24962.2
EBS_SKATE 1 2033 CStdn 2108.96
EBS_SKATE 1 2020 SSBF100 178425
EBS_SKATE 1 2020 SSBFabc 71370
EBS_SKATE 1 2020 SSBFofl 62448.8
EBS_SKATE 1 2020 SSBLCI 124449
EBS_SKATE 1 2020 SSBUCI 124449
EBS_SKATE 1 2020 SSBMedian 124449
EBS_SKATE 1 2020 SSBMean 124449
EBS_SKATE 1 2021 SSBF100 178425
EBS_SKATE 1 2021 SSBFabc 71370
EBS_SKATE 1 2021 SSBFofl 62448.8
EBS_SKATE 1 2021 SSBLCI 124142
EBS_SKATE 1 2021 SSBUCI 124142
EBS_SKATE 1 2021 SSBMedian 124142
EBS_SKATE 1 2021 SSBMean 124142
EBS_SKATE 1 2022 SSBF100 178425
EBS_SKATE 1 2022 SSBFabc 71370
EBS_SKATE 1 2022 SSBFofl 62448.8
EBS_SKATE 1 2022 SSBLCI 121575
EBS_SKATE 1 2022 SSBUCI 121576
EBS_SKATE 1 2022 SSBMedian 121575
EBS_SKATE 1 2022 SSBMean 121575
EBS_SKATE 1 2023 SSBF100 178425
EBS_SKATE 1 2023 SSBFabc 71370
EBS_SKATE 1 2023 SSBFofl 62448.8
EBS_SKATE 1 2023 SSBLCI 115692
EBS_SKATE 1 2023 SSBUCI 115693
EBS_SKATE 1 2023 SSBMedian 115692
EBS_SKATE 1 2023 SSBMean 115692
EBS_SKATE 1 2024 SSBF100 178425
EBS_SKATE 1 2024 SSBFabc 71370
EBS_SKATE 1 2024 SSBFofl 62448.8
EBS_SKATE 1 2024 SSBLCI 106776
EBS_SKATE 1 2024 SSBUCI 106777
EBS_SKATE 1 2024 SSBMedian 106776
EBS_SKATE 1 2024 SSBMean 106776
EBS_SKATE 1 2025 SSBF100 178425
EBS_SKATE 1 2025 SSBFabc 71370
EBS_SKATE 1 2025 SSBFofl 62448.8
EBS_SKATE 1 2025 SSBLCI 98191.6
EBS_SKATE 1 2025 SSBUCI 98192.8
EBS_SKATE 1 2025 SSBMedian 98192.1
EBS_SKATE 1 2025 SSBMean 98192.2
EBS_SKATE 1 2026 SSBF100 178425
EBS_SKATE 1 2026 SSBFabc 71370
EBS_SKATE 1 2026 SSBFofl 62448.8
EBS_SKATE 1 2026 SSBLCI 90587.9
EBS_SKATE 1 2026 SSBUCI 90588.9
EBS_SKATE 1 2026 SSBMedian 90588.3
EBS_SKATE 1 2026 SSBMean 90588.4
EBS_SKATE 1 2027 SSBF100 178425
EBS_SKATE 1 2027 SSBFabc 71370
EBS_SKATE 1 2027 SSBFofl 62448.8
EBS_SKATE 1 2027 SSBLCI 84277
EBS_SKATE 1 2027 SSBUCI 84330.5
EBS_SKATE 1 2027 SSBMedian 84298.3
EBS_SKATE 1 2027 SSBMean 84301.5
EBS_SKATE 1 2028 SSBF100 178425
EBS_SKATE 1 2028 SSBFabc 71370
EBS_SKATE 1 2028 SSBFofl 62448.8
EBS_SKATE 1 2028 SSBLCI 79202.2
EBS_SKATE 1 2028 SSBUCI 79530.1
EBS_SKATE 1 2028 SSBMedian 79332.5
EBS_SKATE 1 2028 SSBMean 79354.5
EBS_SKATE 1 2029 SSBF100 178425
EBS_SKATE 1 2029 SSBFabc 71370
EBS_SKATE 1 2029 SSBFofl 62448.8
EBS_SKATE 1 2029 SSBLCI 75104.4
EBS_SKATE 1 2029 SSBUCI 76260.7
EBS_SKATE 1 2029 SSBMedian 75578.7
EBS_SKATE 1 2029 SSBMean 75642
EBS_SKATE 1 2030 SSBF100 178425
EBS_SKATE 1 2030 SSBFabc 71370
EBS_SKATE 1 2030 SSBFofl 62448.8
EBS_SKATE 1 2030 SSBLCI 71780.9
EBS_SKATE 1 2030 SSBUCI 74446.4
EBS_SKATE 1 2030 SSBMedian 72866.6
EBS_SKATE 1 2030 SSBMean 73027.7
EBS_SKATE 1 2031 SSBF100 178425
EBS_SKATE 1 2031 SSBFabc 71370
EBS_SKATE 1 2031 SSBFofl 62448.8
EBS_SKATE 1 2031 SSBLCI 69204.9
EBS_SKATE 1 2031 SSBUCI 73945.1
EBS_SKATE 1 2031 SSBMedian 71047
EBS_SKATE 1 2031 SSBMean 71374.4
EBS_SKATE 1 2032 SSBF100 178425
EBS_SKATE 1 2032 SSBFabc 71370
EBS_SKATE 1 2032 SSBFofl 62448.8
EBS_SKATE 1 2032 SSBLCI 67259.3
EBS_SKATE 1 2032 SSBUCI 74046.1
EBS_SKATE 1 2032 SSBMedian 70198.2
EBS_SKATE 1 2032 SSBMean 70499.7
EBS_SKATE 1 2033 SSBF100 178425
EBS_SKATE 1 2033 SSBFabc 71370
EBS_SKATE 1 2033 SSBFofl 62448.8
EBS_SKATE 1 2033 SSBLCI 66149.1
EBS_SKATE 1 2033 SSBUCI 74387.4
EBS_SKATE 1 2033 SSBMedian 69922.3
EBS_SKATE 1 2033 SSBMean 70171.3
EBS_SKATE 1 2020 F0 0 
EBS_SKATE 1 2020 Fabc 0.079212
EBS_SKATE 1 2020 Fofl 0.0925522
EBS_SKATE 1 2020  F_LCI 0.0332372
EBS_SKATE 1 2020  F_UCI 0.0332372
EBS_SKATE 1 2020  F_Median 0.0332372
EBS_SKATE 1 2020  F_Mean 0.0332372
EBS_SKATE 1 2021 F0 0 
EBS_SKATE 1 2021 Fabc 0.079212
EBS_SKATE 1 2021 Fofl 0.0925522
EBS_SKATE 1 2021  F_LCI 0.0403861
EBS_SKATE 1 2021  F_UCI 0.0403861
EBS_SKATE 1 2021  F_Median 0.0403861
EBS_SKATE 1 2021  F_Mean 0.0403861
EBS_SKATE 1 2022 F0 0 
EBS_SKATE 1 2022 Fabc 0.079212
EBS_SKATE 1 2022 Fofl 0.0925522
EBS_SKATE 1 2022  F_LCI 0.0421232
EBS_SKATE 1 2022  F_UCI 0.0421361
EBS_SKATE 1 2022  F_Median 0.0421312
EBS_SKATE 1 2022  F_Mean 0.0421306
EBS_SKATE 1 2023 F0 0 
EBS_SKATE 1 2023 Fabc 0.079212
EBS_SKATE 1 2023 Fofl 0.0925522
EBS_SKATE 1 2023  F_LCI 0.079212
EBS_SKATE 1 2023  F_UCI 0.079212
EBS_SKATE 1 2023  F_Median 0.079212
EBS_SKATE 1 2023  F_Mean 0.079212
EBS_SKATE 1 2024 F0 0 
EBS_SKATE 1 2024 Fabc 0.079212
EBS_SKATE 1 2024 Fofl 0.0925522
EBS_SKATE 1 2024  F_LCI 0.079212
EBS_SKATE 1 2024  F_UCI 0.079212
EBS_SKATE 1 2024  F_Median 0.079212
EBS_SKATE 1 2024  F_Mean 0.079212
EBS_SKATE 1 2025 F0 0 
EBS_SKATE 1 2025 Fabc 0.079212
EBS_SKATE 1 2025 Fofl 0.0925522
EBS_SKATE 1 2025  F_LCI 0.079212
EBS_SKATE 1 2025  F_UCI 0.079212
EBS_SKATE 1 2025  F_Median 0.079212
EBS_SKATE 1 2025  F_Mean 0.079212
EBS_SKATE 1 2026 F0 0 
EBS_SKATE 1 2026 Fabc 0.079212
EBS_SKATE 1 2026 Fofl 0.0925522
EBS_SKATE 1 2026  F_LCI 0.079212
EBS_SKATE 1 2026  F_UCI 0.079212
EBS_SKATE 1 2026  F_Median 0.079212
EBS_SKATE 1 2026  F_Mean 0.079212
EBS_SKATE 1 2027 F0 0 
EBS_SKATE 1 2027 Fabc 0.079212
EBS_SKATE 1 2027 Fofl 0.0925522
EBS_SKATE 1 2027  F_LCI 0.079212
EBS_SKATE 1 2027  F_UCI 0.079212
EBS_SKATE 1 2027  F_Median 0.079212
EBS_SKATE 1 2027  F_Mean 0.079212
EBS_SKATE 1 2028 F0 0 
EBS_SKATE 1 2028 Fabc 0.079212
EBS_SKATE 1 2028 Fofl 0.0925522
EBS_SKATE 1 2028  F_LCI 0.079212
EBS_SKATE 1 2028  F_UCI 0.079212
EBS_SKATE 1 2028  F_Median 0.079212
EBS_SKATE 1 2028  F_Mean 0.079212
EBS_SKATE 1 2029 F0 0 
EBS_SKATE 1 2029 Fabc 0.079212
EBS_SKATE 1 2029 Fofl 0.0925522
EBS_SKATE 1 2029  F_LCI 0.079212
EBS_SKATE 1 2029  F_UCI 0.079212
EBS_SKATE 1 2029  F_Median 0.079212
EBS_SKATE 1 2029  F_Mean 0.079212
EBS_SKATE 1 2030 F0 0 
EBS_SKATE 1 2030 Fabc 0.079212
EBS_SKATE 1 2030 Fofl 0.0925522
EBS_SKATE 1 2030  F_LCI 0.079212
EBS_SKATE 1 2030  F_UCI 0.079212
EBS_SKATE 1 2030  F_Median 0.079212
EBS_SKATE 1 2030  F_Mean 0.079212
EBS_SKATE 1 2031 F0 0 
EBS_SKATE 1 2031 Fabc 0.079212
EBS_SKATE 1 2031 Fofl 0.0925522
EBS_SKATE 1 2031  F_LCI 0.0766825
EBS_SKATE 1 2031  F_UCI 0.079212
EBS_SKATE 1 2031  F_Median 0.0788346
EBS_SKATE 1 2031  F_Mean 0.0784435
EBS_SKATE 1 2032 F0 0 
EBS_SKATE 1 2032 Fabc 0.079212
EBS_SKATE 1 2032 Fofl 0.0925522
EBS_SKATE 1 2032  F_LCI 0.0744094
EBS_SKATE 1 2032  F_UCI 0.079212
EBS_SKATE 1 2032  F_Median 0.0778429
EBS_SKATE 1 2032  F_Mean 0.077489
EBS_SKATE 1 2033 F0 0 
EBS_SKATE 1 2033 Fabc 0.079212
EBS_SKATE 1 2033 Fofl 0.0925522
EBS_SKATE 1 2033  F_LCI 0.0731123
EBS_SKATE 1 2033  F_UCI 0.079212
EBS_SKATE 1 2033  F_Median 0.0775206
EBS_SKATE 1 2033  F_Mean 0.0770181
EBS_SKATE 2 2020 Cabc 25899.2
EBS_SKATE 2 2020 Cofl 27822.4
EBS_SKATE 2 2020 CLCI 14794
EBS_SKATE 2 2020 CUCI 14794
EBS_SKATE 2 2020 CMedian 14794
EBS_SKATE 2 2020 CMean 14794
EBS_SKATE 2 2020 CStdn 1.09139e-11
EBS_SKATE 2 2021 Cabc 25899.2
EBS_SKATE 2 2021 Cofl 27822.4
EBS_SKATE 2 2021 CLCI 17263
EBS_SKATE 2 2021 CUCI 17263
EBS_SKATE 2 2021 CMedian 17263
EBS_SKATE 2 2021 CMean 17263
EBS_SKATE 2 2021 CStdn 1.81899e-11
EBS_SKATE 2 2022 Cabc 25899.2
EBS_SKATE 2 2022 Cofl 27822.4
EBS_SKATE 2 2022 CLCI 17263
EBS_SKATE 2 2022 CUCI 17263
EBS_SKATE 2 2022 CMedian 17263
EBS_SKATE 2 2022 CMean 17263
EBS_SKATE 2 2022 CStdn 6.77328e-05
EBS_SKATE 2 2023 Cabc 25899.2
EBS_SKATE 2 2023 Cofl 27822.4
EBS_SKATE 2 2023 CLCI 30765.4
EBS_SKATE 2 2023 CUCI 30809.9
EBS_SKATE 2 2023 CMedian 30783.2
EBS_SKATE 2 2023 CMean 30786.1
EBS_SKATE 2 2023 CStdn 14.6063
EBS_SKATE 2 2024 Cabc 25899.2
EBS_SKATE 2 2024 Cofl 27822.4
EBS_SKATE 2 2024 CLCI 28918.2
EBS_SKATE 2 2024 CUCI 29082.9
EBS_SKATE 2 2024 CMedian 28985.4
EBS_SKATE 2 2024 CMean 28994.9
EBS_SKATE 2 2024 CStdn 53.9078
EBS_SKATE 2 2025 Cabc 25899.2
EBS_SKATE 2 2025 Cofl 27822.4
EBS_SKATE 2 2025 CLCI 27419.1
EBS_SKATE 2 2025 CUCI 27877.9
EBS_SKATE 2 2025 CMedian 27605.7
EBS_SKATE 2 2025 CMean 27632
EBS_SKATE 2 2025 CStdn 154.272
EBS_SKATE 2 2026 Cabc 25899.2
EBS_SKATE 2 2026 Cofl 27822.4
EBS_SKATE 2 2026 CLCI 26188.5
EBS_SKATE 2 2026 CUCI 27208.7
EBS_SKATE 2 2026 CMedian 26605.9
EBS_SKATE 2 2026 CMean 26659.3
EBS_SKATE 2 2026 CStdn 337.14
EBS_SKATE 2 2027 Cabc 25899.2
EBS_SKATE 2 2027 Cofl 27822.4
EBS_SKATE 2 2027 CLCI 25212.9
EBS_SKATE 2 2027 CUCI 27002.5
EBS_SKATE 2 2027 CMedian 25914.8
EBS_SKATE 2 2027 CMean 26023
EBS_SKATE 2 2027 CStdn 582.87
EBS_SKATE 2 2028 Cabc 25899.2
EBS_SKATE 2 2028 Cofl 27822.4
EBS_SKATE 2 2028 CLCI 24408.2
EBS_SKATE 2 2028 CUCI 26953.8
EBS_SKATE 2 2028 CMedian 25561.8
EBS_SKATE 2 2028 CMean 25648.4
EBS_SKATE 2 2028 CStdn 840.962
EBS_SKATE 2 2029 Cabc 25899.2
EBS_SKATE 2 2029 Cofl 27822.4
EBS_SKATE 2 2029 CLCI 23892.3
EBS_SKATE 2 2029 CUCI 27031.1
EBS_SKATE 2 2029 CMedian 25395.8
EBS_SKATE 2 2029 CMean 25456.9
EBS_SKATE 2 2029 CStdn 1072.35
EBS_SKATE 2 2030 Cabc 25899.2
EBS_SKATE 2 2030 Cofl 27822.4
EBS_SKATE 2 2030 CLCI 23534.1
EBS_SKATE 2 2030 CUCI 27093.6
EBS_SKATE 2 2030 CMedian 25263.6
EBS_SKATE 2 2030 CMean 25389.6
EBS_SKATE 2 2030 CStdn 1271.78
EBS_SKATE 2 2031 Cabc 25899.2
EBS_SKATE 2 2031 Cofl 27822.4
EBS_SKATE 2 2031 CLCI 22804.7
EBS_SKATE 2 2031 CUCI 27696.5
EBS_SKATE 2 2031 CMedian 25080.6
EBS_SKATE 2 2031 CMean 25178.9
EBS_SKATE 2 2031 CStdn 1618.31
EBS_SKATE 2 2032 Cabc 25899.2
EBS_SKATE 2 2032 Cofl 27822.4
EBS_SKATE 2 2032 CLCI 22187.5
EBS_SKATE 2 2032 CUCI 27783.7
EBS_SKATE 2 2032 CMedian 25017.2
EBS_SKATE 2 2032 CMean 24977.3
EBS_SKATE 2 2032 CStdn 1909.54
EBS_SKATE 2 2033 Cabc 25899.2
EBS_SKATE 2 2033 Cofl 27822.4
EBS_SKATE 2 2033 CLCI 21977.2
EBS_SKATE 2 2033 CUCI 28477.4
EBS_SKATE 2 2033 CMedian 24925.9
EBS_SKATE 2 2033 CMean 24962.2
EBS_SKATE 2 2033 CStdn 2108.96
EBS_SKATE 2 2020 SSBF100 178425
EBS_SKATE 2 2020 SSBFabc 71370
EBS_SKATE 2 2020 SSBFofl 62448.8
EBS_SKATE 2 2020 SSBLCI 124449
EBS_SKATE 2 2020 SSBUCI 124449
EBS_SKATE 2 2020 SSBMedian 124449
EBS_SKATE 2 2020 SSBMean 124449
EBS_SKATE 2 2021 SSBF100 178425
EBS_SKATE 2 2021 SSBFabc 71370
EBS_SKATE 2 2021 SSBFofl 62448.8
EBS_SKATE 2 2021 SSBLCI 124142
EBS_SKATE 2 2021 SSBUCI 124142
EBS_SKATE 2 2021 SSBMedian 124142
EBS_SKATE 2 2021 SSBMean 124142
EBS_SKATE 2 2022 SSBF100 178425
EBS_SKATE 2 2022 SSBFabc 71370
EBS_SKATE 2 2022 SSBFofl 62448.8
EBS_SKATE 2 2022 SSBLCI 121575
EBS_SKATE 2 2022 SSBUCI 121576
EBS_SKATE 2 2022 SSBMedian 121575
EBS_SKATE 2 2022 SSBMean 121575
EBS_SKATE 2 2023 SSBF100 178425
EBS_SKATE 2 2023 SSBFabc 71370
EBS_SKATE 2 2023 SSBFofl 62448.8
EBS_SKATE 2 2023 SSBLCI 115692
EBS_SKATE 2 2023 SSBUCI 115693
EBS_SKATE 2 2023 SSBMedian 115692
EBS_SKATE 2 2023 SSBMean 115692
EBS_SKATE 2 2024 SSBF100 178425
EBS_SKATE 2 2024 SSBFabc 71370
EBS_SKATE 2 2024 SSBFofl 62448.8
EBS_SKATE 2 2024 SSBLCI 106776
EBS_SKATE 2 2024 SSBUCI 106777
EBS_SKATE 2 2024 SSBMedian 106776
EBS_SKATE 2 2024 SSBMean 106776
EBS_SKATE 2 2025 SSBF100 178425
EBS_SKATE 2 2025 SSBFabc 71370
EBS_SKATE 2 2025 SSBFofl 62448.8
EBS_SKATE 2 2025 SSBLCI 98191.6
EBS_SKATE 2 2025 SSBUCI 98192.8
EBS_SKATE 2 2025 SSBMedian 98192.1
EBS_SKATE 2 2025 SSBMean 98192.2
EBS_SKATE 2 2026 SSBF100 178425
EBS_SKATE 2 2026 SSBFabc 71370
EBS_SKATE 2 2026 SSBFofl 62448.8
EBS_SKATE 2 2026 SSBLCI 90587.9
EBS_SKATE 2 2026 SSBUCI 90588.9
EBS_SKATE 2 2026 SSBMedian 90588.3
EBS_SKATE 2 2026 SSBMean 90588.4
EBS_SKATE 2 2027 SSBF100 178425
EBS_SKATE 2 2027 SSBFabc 71370
EBS_SKATE 2 2027 SSBFofl 62448.8
EBS_SKATE 2 2027 SSBLCI 84277
EBS_SKATE 2 2027 SSBUCI 84330.5
EBS_SKATE 2 2027 SSBMedian 84298.3
EBS_SKATE 2 2027 SSBMean 84301.5
EBS_SKATE 2 2028 SSBF100 178425
EBS_SKATE 2 2028 SSBFabc 71370
EBS_SKATE 2 2028 SSBFofl 62448.8
EBS_SKATE 2 2028 SSBLCI 79202.2
EBS_SKATE 2 2028 SSBUCI 79530.1
EBS_SKATE 2 2028 SSBMedian 79332.5
EBS_SKATE 2 2028 SSBMean 79354.5
EBS_SKATE 2 2029 SSBF100 178425
EBS_SKATE 2 2029 SSBFabc 71370
EBS_SKATE 2 2029 SSBFofl 62448.8
EBS_SKATE 2 2029 SSBLCI 75104.4
EBS_SKATE 2 2029 SSBUCI 76260.7
EBS_SKATE 2 2029 SSBMedian 75578.7
EBS_SKATE 2 2029 SSBMean 75642
EBS_SKATE 2 2030 SSBF100 178425
EBS_SKATE 2 2030 SSBFabc 71370
EBS_SKATE 2 2030 SSBFofl 62448.8
EBS_SKATE 2 2030 SSBLCI 71780.9
EBS_SKATE 2 2030 SSBUCI 74446.4
EBS_SKATE 2 2030 SSBMedian 72866.6
EBS_SKATE 2 2030 SSBMean 73027.7
EBS_SKATE 2 2031 SSBF100 178425
EBS_SKATE 2 2031 SSBFabc 71370
EBS_SKATE 2 2031 SSBFofl 62448.8
EBS_SKATE 2 2031 SSBLCI 69204.9
EBS_SKATE 2 2031 SSBUCI 73945.1
EBS_SKATE 2 2031 SSBMedian 71047
EBS_SKATE 2 2031 SSBMean 71374.4
EBS_SKATE 2 2032 SSBF100 178425
EBS_SKATE 2 2032 SSBFabc 71370
EBS_SKATE 2 2032 SSBFofl 62448.8
EBS_SKATE 2 2032 SSBLCI 67259.3
EBS_SKATE 2 2032 SSBUCI 74046.1
EBS_SKATE 2 2032 SSBMedian 70198.2
EBS_SKATE 2 2032 SSBMean 70499.7
EBS_SKATE 2 2033 SSBF100 178425
EBS_SKATE 2 2033 SSBFabc 71370
EBS_SKATE 2 2033 SSBFofl 62448.8
EBS_SKATE 2 2033 SSBLCI 66149.1
EBS_SKATE 2 2033 SSBUCI 74387.4
EBS_SKATE 2 2033 SSBMedian 69922.3
EBS_SKATE 2 2033 SSBMean 70171.3
EBS_SKATE 2 2020 F0 0 
EBS_SKATE 2 2020 Fabc 0.079212
EBS_SKATE 2 2020 Fofl 0.0925522
EBS_SKATE 2 2020  F_LCI 0.0332372
EBS_SKATE 2 2020  F_UCI 0.0332372
EBS_SKATE 2 2020  F_Median 0.0332372
EBS_SKATE 2 2020  F_Mean 0.0332372
EBS_SKATE 2 2021 F0 0 
EBS_SKATE 2 2021 Fabc 0.079212
EBS_SKATE 2 2021 Fofl 0.0925522
EBS_SKATE 2 2021  F_LCI 0.0403861
EBS_SKATE 2 2021  F_UCI 0.0403861
EBS_SKATE 2 2021  F_Median 0.0403861
EBS_SKATE 2 2021  F_Mean 0.0403861
EBS_SKATE 2 2022 F0 0 
EBS_SKATE 2 2022 Fabc 0.079212
EBS_SKATE 2 2022 Fofl 0.0925522
EBS_SKATE 2 2022  F_LCI 0.0421232
EBS_SKATE 2 2022  F_UCI 0.0421361
EBS_SKATE 2 2022  F_Median 0.0421312
EBS_SKATE 2 2022  F_Mean 0.0421306
EBS_SKATE 2 2023 F0 0 
EBS_SKATE 2 2023 Fabc 0.079212
EBS_SKATE 2 2023 Fofl 0.0925522
EBS_SKATE 2 2023  F_LCI 0.079212
EBS_SKATE 2 2023  F_UCI 0.079212
EBS_SKATE 2 2023  F_Median 0.079212
EBS_SKATE 2 2023  F_Mean 0.079212
EBS_SKATE 2 2024 F0 0 
EBS_SKATE 2 2024 Fabc 0.079212
EBS_SKATE 2 2024 Fofl 0.0925522
EBS_SKATE 2 2024  F_LCI 0.079212
EBS_SKATE 2 2024  F_UCI 0.079212
EBS_SKATE 2 2024  F_Median 0.079212
EBS_SKATE 2 2024  F_Mean 0.079212
EBS_SKATE 2 2025 F0 0 
EBS_SKATE 2 2025 Fabc 0.079212
EBS_SKATE 2 2025 Fofl 0.0925522
EBS_SKATE 2 2025  F_LCI 0.079212
EBS_SKATE 2 2025  F_UCI 0.079212
EBS_SKATE 2 2025  F_Median 0.079212
EBS_SKATE 2 2025  F_Mean 0.079212
EBS_SKATE 2 2026 F0 0 
EBS_SKATE 2 2026 Fabc 0.079212
EBS_SKATE 2 2026 Fofl 0.0925522
EBS_SKATE 2 2026  F_LCI 0.079212
EBS_SKATE 2 2026  F_UCI 0.079212
EBS_SKATE 2 2026  F_Median 0.079212
EBS_SKATE 2 2026  F_Mean 0.079212
EBS_SKATE 2 2027 F0 0 
EBS_SKATE 2 2027 Fabc 0.079212
EBS_SKATE 2 2027 Fofl 0.0925522
EBS_SKATE 2 2027  F_LCI 0.079212
EBS_SKATE 2 2027  F_UCI 0.079212
EBS_SKATE 2 2027  F_Median 0.079212
EBS_SKATE 2 2027  F_Mean 0.079212
EBS_SKATE 2 2028 F0 0 
EBS_SKATE 2 2028 Fabc 0.079212
EBS_SKATE 2 2028 Fofl 0.0925522
EBS_SKATE 2 2028  F_LCI 0.079212
EBS_SKATE 2 2028  F_UCI 0.079212
EBS_SKATE 2 2028  F_Median 0.079212
EBS_SKATE 2 2028  F_Mean 0.079212
EBS_SKATE 2 2029 F0 0 
EBS_SKATE 2 2029 Fabc 0.079212
EBS_SKATE 2 2029 Fofl 0.0925522
EBS_SKATE 2 2029  F_LCI 0.079212
EBS_SKATE 2 2029  F_UCI 0.079212
EBS_SKATE 2 2029  F_Median 0.079212
EBS_SKATE 2 2029  F_Mean 0.079212
EBS_SKATE 2 2030 F0 0 
EBS_SKATE 2 2030 Fabc 0.079212
EBS_SKATE 2 2030 Fofl 0.0925522
EBS_SKATE 2 2030  F_LCI 0.079212
EBS_SKATE 2 2030  F_UCI 0.079212
EBS_SKATE 2 2030  F_Median 0.079212
EBS_SKATE 2 2030  F_Mean 0.079212
EBS_SKATE 2 2031 F0 0 
EBS_SKATE 2 2031 Fabc 0.079212
EBS_SKATE 2 2031 Fofl 0.0925522
EBS_SKATE 2 2031  F_LCI 0.0766825
EBS_SKATE 2 2031  F_UCI 0.079212
EBS_SKATE 2 2031  F_Median 0.0788346
EBS_SKATE 2 2031  F_Mean 0.0784435
EBS_SKATE 2 2032 F0 0 
EBS_SKATE 2 2032 Fabc 0.079212
EBS_SKATE 2 2032 Fofl 0.0925522
EBS_SKATE 2 2032  F_LCI 0.0744094
EBS_SKATE 2 2032  F_UCI 0.079212
EBS_SKATE 2 2032  F_Median 0.0778429
EBS_SKATE 2 2032  F_Mean 0.077489
EBS_SKATE 2 2033 F0 0 
EBS_SKATE 2 2033 Fabc 0.079212
EBS_SKATE 2 2033 Fofl 0.0925522
EBS_SKATE 2 2033  F_LCI 0.0731123
EBS_SKATE 2 2033  F_UCI 0.079212
EBS_SKATE 2 2033  F_Median 0.0775206
EBS_SKATE 2 2033  F_Mean 0.0770181
EBS_SKATE 3 2020 Cabc 25899.2
EBS_SKATE 3 2020 Cofl 27822.4
EBS_SKATE 3 2020 CLCI 14794
EBS_SKATE 3 2020 CUCI 14794
EBS_SKATE 3 2020 CMedian 14794
EBS_SKATE 3 2020 CMean 14794
EBS_SKATE 3 2020 CStdn 1.09139e-11
EBS_SKATE 3 2021 Cabc 25899.2
EBS_SKATE 3 2021 Cofl 27822.4
EBS_SKATE 3 2021 CLCI 17263
EBS_SKATE 3 2021 CUCI 17263
EBS_SKATE 3 2021 CMedian 17263
EBS_SKATE 3 2021 CMean 17263
EBS_SKATE 3 2021 CStdn 1.81899e-11
EBS_SKATE 3 2022 Cabc 25899.2
EBS_SKATE 3 2022 Cofl 27822.4
EBS_SKATE 3 2022 CLCI 17263
EBS_SKATE 3 2022 CUCI 17263
EBS_SKATE 3 2022 CMedian 17263
EBS_SKATE 3 2022 CMean 17263
EBS_SKATE 3 2022 CStdn 6.77328e-05
EBS_SKATE 3 2023 Cabc 25899.2
EBS_SKATE 3 2023 Cofl 27822.4
EBS_SKATE 3 2023 CLCI 162079
EBS_SKATE 3 2023 CUCI 162356
EBS_SKATE 3 2023 CMedian 162190
EBS_SKATE 3 2023 CMean 162207
EBS_SKATE 3 2023 CStdn 90.9292
EBS_SKATE 3 2024 Cabc 25899.2
EBS_SKATE 3 2024 Cofl 27822.4
EBS_SKATE 3 2024 CLCI 105968
EBS_SKATE 3 2024 CUCI 106953
EBS_SKATE 3 2024 CMedian 106370
EBS_SKATE 3 2024 CMean 106426
EBS_SKATE 3 2024 CStdn 322.21
EBS_SKATE 3 2025 Cabc 25899.2
EBS_SKATE 3 2025 Cofl 27822.4
EBS_SKATE 3 2025 CLCI 72835
EBS_SKATE 3 2025 CUCI 75405.2
EBS_SKATE 3 2025 CMedian 73862.2
EBS_SKATE 3 2025 CMean 74008.6
EBS_SKATE 3 2025 CStdn 850.41
EBS_SKATE 3 2026 Cabc 25899.2
EBS_SKATE 3 2026 Cofl 27822.4
EBS_SKATE 3 2026 CLCI 53300
EBS_SKATE 3 2026 CUCI 58198.9
EBS_SKATE 3 2026 CMedian 55310.7
EBS_SKATE 3 2026 CMean 55580.8
EBS_SKATE 3 2026 CStdn 1625.73
EBS_SKATE 3 2027 Cabc 25899.2
EBS_SKATE 3 2027 Cofl 27822.4
EBS_SKATE 3 2027 CLCI 41966.3
EBS_SKATE 3 2027 CUCI 49123.9
EBS_SKATE 3 2027 CMedian 45225.8
EBS_SKATE 3 2027 CMean 45401.7
EBS_SKATE 3 2027 CStdn 2352.2
EBS_SKATE 3 2028 Cabc 25899.2
EBS_SKATE 3 2028 Cofl 27822.4
EBS_SKATE 3 2028 CLCI 35749
EBS_SKATE 3 2028 CUCI 43668.6
EBS_SKATE 3 2028 CMedian 39888
EBS_SKATE 3 2028 CMean 39903.4
EBS_SKATE 3 2028 CStdn 2813.38
EBS_SKATE 3 2029 Cabc 25899.2
EBS_SKATE 3 2029 Cofl 27822.4
EBS_SKATE 3 2029 CLCI 32421.4
EBS_SKATE 3 2029 CUCI 41369.9
EBS_SKATE 3 2029 CMedian 36693.7
EBS_SKATE 3 2029 CMean 36987.6
EBS_SKATE 3 2029 CStdn 3091.84
EBS_SKATE 3 2030 Cabc 25899.2
EBS_SKATE 3 2030 Cofl 27822.4
EBS_SKATE 3 2030 CLCI 30607.5
EBS_SKATE 3 2030 CUCI 40886.3
EBS_SKATE 3 2030 CMedian 35072.4
EBS_SKATE 3 2030 CMean 35522.3
EBS_SKATE 3 2030 CStdn 3342.37
EBS_SKATE 3 2031 Cabc 25899.2
EBS_SKATE 3 2031 Cofl 27822.4
EBS_SKATE 3 2031 CLCI 30489.9
EBS_SKATE 3 2031 CUCI 40978.3
EBS_SKATE 3 2031 CMedian 34104.2
EBS_SKATE 3 2031 CMean 34874.4
EBS_SKATE 3 2031 CStdn 3545.89
EBS_SKATE 3 2032 Cabc 25899.2
EBS_SKATE 3 2032 Cofl 27822.4
EBS_SKATE 3 2032 CLCI 30030.2
EBS_SKATE 3 2032 CUCI 40971.4
EBS_SKATE 3 2032 CMedian 33766.8
EBS_SKATE 3 2032 CMean 34622.7
EBS_SKATE 3 2032 CStdn 3607.65
EBS_SKATE 3 2033 Cabc 25899.2
EBS_SKATE 3 2033 Cofl 27822.4
EBS_SKATE 3 2033 CLCI 29891.4
EBS_SKATE 3 2033 CUCI 41217
EBS_SKATE 3 2033 CMedian 33610.6
EBS_SKATE 3 2033 CMean 34500
EBS_SKATE 3 2033 CStdn 3560.77
EBS_SKATE 3 2020 SSBF100 178425
EBS_SKATE 3 2020 SSBFabc 71370
EBS_SKATE 3 2020 SSBFofl 62448.8
EBS_SKATE 3 2020 SSBLCI 124449
EBS_SKATE 3 2020 SSBUCI 124449
EBS_SKATE 3 2020 SSBMedian 124449
EBS_SKATE 3 2020 SSBMean 124449
EBS_SKATE 3 2021 SSBF100 178425
EBS_SKATE 3 2021 SSBFabc 71370
EBS_SKATE 3 2021 SSBFofl 62448.8
EBS_SKATE 3 2021 SSBLCI 124142
EBS_SKATE 3 2021 SSBUCI 124142
EBS_SKATE 3 2021 SSBMedian 124142
EBS_SKATE 3 2021 SSBMean 124142
EBS_SKATE 3 2022 SSBF100 178425
EBS_SKATE 3 2022 SSBFabc 71370
EBS_SKATE 3 2022 SSBFofl 62448.8
EBS_SKATE 3 2022 SSBLCI 121575
EBS_SKATE 3 2022 SSBUCI 121576
EBS_SKATE 3 2022 SSBMedian 121575
EBS_SKATE 3 2022 SSBMean 121575
EBS_SKATE 3 2023 SSBF100 178425
EBS_SKATE 3 2023 SSBFabc 71370
EBS_SKATE 3 2023 SSBFofl 62448.8
EBS_SKATE 3 2023 SSBLCI 97505.7
EBS_SKATE 3 2023 SSBUCI 97506.9
EBS_SKATE 3 2023 SSBMedian 97506.2
EBS_SKATE 3 2023 SSBMean 97506.3
EBS_SKATE 3 2024 SSBF100 178425
EBS_SKATE 3 2024 SSBFabc 71370
EBS_SKATE 3 2024 SSBFofl 62448.8
EBS_SKATE 3 2024 SSBLCI 59748.7
EBS_SKATE 3 2024 SSBUCI 59749.4
EBS_SKATE 3 2024 SSBMedian 59748.9
EBS_SKATE 3 2024 SSBMean 59749
EBS_SKATE 3 2025 SSBF100 178425
EBS_SKATE 3 2025 SSBFabc 71370
EBS_SKATE 3 2025 SSBFofl 62448.8
EBS_SKATE 3 2025 SSBLCI 36611.2
EBS_SKATE 3 2025 SSBUCI 36611.6
EBS_SKATE 3 2025 SSBMedian 36611.3
EBS_SKATE 3 2025 SSBMean 36611.4
EBS_SKATE 3 2026 SSBF100 178425
EBS_SKATE 3 2026 SSBFabc 71370
EBS_SKATE 3 2026 SSBFofl 62448.8
EBS_SKATE 3 2026 SSBLCI 22701.7
EBS_SKATE 3 2026 SSBUCI 22701.9
EBS_SKATE 3 2026 SSBMedian 22701.8
EBS_SKATE 3 2026 SSBMean 22701.8
EBS_SKATE 3 2027 SSBF100 178425
EBS_SKATE 3 2027 SSBFabc 71370
EBS_SKATE 3 2027 SSBFofl 62448.8
EBS_SKATE 3 2027 SSBLCI 14441.6
EBS_SKATE 3 2027 SSBUCI 14473.2
EBS_SKATE 3 2027 SSBMedian 14454.2
EBS_SKATE 3 2027 SSBMean 14456.1
EBS_SKATE 3 2028 SSBF100 178425
EBS_SKATE 3 2028 SSBFabc 71370
EBS_SKATE 3 2028 SSBFofl 62448.8
EBS_SKATE 3 2028 SSBLCI 9555.04
EBS_SKATE 3 2028 SSBUCI 9699.55
EBS_SKATE 3 2028 SSBMedian 9612.8
EBS_SKATE 3 2028 SSBMean 9622.15
EBS_SKATE 3 2029 SSBF100 178425
EBS_SKATE 3 2029 SSBFabc 71370
EBS_SKATE 3 2029 SSBFofl 62448.8
EBS_SKATE 3 2029 SSBLCI 6667.32
EBS_SKATE 3 2029 SSBUCI 7023.63
EBS_SKATE 3 2029 SSBMedian 6811.49
EBS_SKATE 3 2029 SSBMean 6833.43
EBS_SKATE 3 2030 SSBF100 178425
EBS_SKATE 3 2030 SSBFabc 71370
EBS_SKATE 3 2030 SSBFofl 62448.8
EBS_SKATE 3 2030 SSBLCI 4984.23
EBS_SKATE 3 2030 SSBUCI 5582.89
EBS_SKATE 3 2030 SSBMedian 5220.99
EBS_SKATE 3 2030 SSBMean 5260.08
EBS_SKATE 3 2031 SSBF100 178425
EBS_SKATE 3 2031 SSBFabc 71370
EBS_SKATE 3 2031 SSBFofl 62448.8
EBS_SKATE 3 2031 SSBLCI 4017.93
EBS_SKATE 3 2031 SSBUCI 4792.12
EBS_SKATE 3 2031 SSBMedian 4366.53
EBS_SKATE 3 2031 SSBMean 4393.15
EBS_SKATE 3 2032 SSBF100 178425
EBS_SKATE 3 2032 SSBFabc 71370
EBS_SKATE 3 2032 SSBFofl 62448.8
EBS_SKATE 3 2032 SSBLCI 3504.23
EBS_SKATE 3 2032 SSBUCI 4315.63
EBS_SKATE 3 2032 SSBMedian 3895.89
EBS_SKATE 3 2032 SSBMean 3924.85
EBS_SKATE 3 2033 SSBF100 178425
EBS_SKATE 3 2033 SSBFabc 71370
EBS_SKATE 3 2033 SSBFofl 62448.8
EBS_SKATE 3 2033 SSBLCI 3196.71
EBS_SKATE 3 2033 SSBUCI 4189.2
EBS_SKATE 3 2033 SSBMedian 3645.73
EBS_SKATE 3 2033 SSBMean 3680.4
EBS_SKATE 3 2020 F0 0 
EBS_SKATE 3 2020 Fabc 0.079212
EBS_SKATE 3 2020 Fofl 0.0925522
EBS_SKATE 3 2020  F_LCI 0.0332372
EBS_SKATE 3 2020  F_UCI 0.0332372
EBS_SKATE 3 2020  F_Median 0.0332372
EBS_SKATE 3 2020  F_Mean 0.0332372
EBS_SKATE 3 2021 F0 0 
EBS_SKATE 3 2021 Fabc 0.079212
EBS_SKATE 3 2021 Fofl 0.0925522
EBS_SKATE 3 2021  F_LCI 0.0403861
EBS_SKATE 3 2021  F_UCI 0.0403861
EBS_SKATE 3 2021  F_Median 0.0403861
EBS_SKATE 3 2021  F_Mean 0.0403861
EBS_SKATE 3 2022 F0 0 
EBS_SKATE 3 2022 Fabc 0.079212
EBS_SKATE 3 2022 Fofl 0.0925522
EBS_SKATE 3 2022  F_LCI 0.0421232
EBS_SKATE 3 2022  F_UCI 0.0421361
EBS_SKATE 3 2022  F_Median 0.0421312
EBS_SKATE 3 2022  F_Mean 0.0421306
EBS_SKATE 3 2023 F0 0 
EBS_SKATE 3 2023 Fabc 0.079212
EBS_SKATE 3 2023 Fofl 0.0925522
EBS_SKATE 3 2023  F_LCI 0.5
EBS_SKATE 3 2023  F_UCI 0.5
EBS_SKATE 3 2023  F_Median 0.5
EBS_SKATE 3 2023  F_Mean 0.5
EBS_SKATE 3 2024 F0 0 
EBS_SKATE 3 2024 Fabc 0.079212
EBS_SKATE 3 2024 Fofl 0.0925522
EBS_SKATE 3 2024  F_LCI 0.5
EBS_SKATE 3 2024  F_UCI 0.5
EBS_SKATE 3 2024  F_Median 0.5
EBS_SKATE 3 2024  F_Mean 0.5
EBS_SKATE 3 2025 F0 0 
EBS_SKATE 3 2025 Fabc 0.079212
EBS_SKATE 3 2025 Fofl 0.0925522
EBS_SKATE 3 2025  F_LCI 0.5
EBS_SKATE 3 2025  F_UCI 0.5
EBS_SKATE 3 2025  F_Median 0.5
EBS_SKATE 3 2025  F_Mean 0.5
EBS_SKATE 3 2026 F0 0 
EBS_SKATE 3 2026 Fabc 0.079212
EBS_SKATE 3 2026 Fofl 0.0925522
EBS_SKATE 3 2026  F_LCI 0.5
EBS_SKATE 3 2026  F_UCI 0.5
EBS_SKATE 3 2026  F_Median 0.5
EBS_SKATE 3 2026  F_Mean 0.5
EBS_SKATE 3 2027 F0 0 
EBS_SKATE 3 2027 Fabc 0.079212
EBS_SKATE 3 2027 Fofl 0.0925522
EBS_SKATE 3 2027  F_LCI 0.5
EBS_SKATE 3 2027  F_UCI 0.5
EBS_SKATE 3 2027  F_Median 0.5
EBS_SKATE 3 2027  F_Mean 0.5
EBS_SKATE 3 2028 F0 0 
EBS_SKATE 3 2028 Fabc 0.079212
EBS_SKATE 3 2028 Fofl 0.0925522
EBS_SKATE 3 2028  F_LCI 0.5
EBS_SKATE 3 2028  F_UCI 0.5
EBS_SKATE 3 2028  F_Median 0.5
EBS_SKATE 3 2028  F_Mean 0.5
EBS_SKATE 3 2029 F0 0 
EBS_SKATE 3 2029 Fabc 0.079212
EBS_SKATE 3 2029 Fofl 0.0925522
EBS_SKATE 3 2029  F_LCI 0.5
EBS_SKATE 3 2029  F_UCI 0.5
EBS_SKATE 3 2029  F_Median 0.5
EBS_SKATE 3 2029  F_Mean 0.5
EBS_SKATE 3 2030 F0 0 
EBS_SKATE 3 2030 Fabc 0.079212
EBS_SKATE 3 2030 Fofl 0.0925522
EBS_SKATE 3 2030  F_LCI 0.5
EBS_SKATE 3 2030  F_UCI 0.5
EBS_SKATE 3 2030  F_Median 0.5
EBS_SKATE 3 2030  F_Mean 0.5
EBS_SKATE 3 2031 F0 0 
EBS_SKATE 3 2031 Fabc 0.079212
EBS_SKATE 3 2031 Fofl 0.0925522
EBS_SKATE 3 2031  F_LCI 0.5
EBS_SKATE 3 2031  F_UCI 0.5
EBS_SKATE 3 2031  F_Median 0.5
EBS_SKATE 3 2031  F_Mean 0.5
EBS_SKATE 3 2032 F0 0 
EBS_SKATE 3 2032 Fabc 0.079212
EBS_SKATE 3 2032 Fofl 0.0925522
EBS_SKATE 3 2032  F_LCI 0.5
EBS_SKATE 3 2032  F_UCI 0.5
EBS_SKATE 3 2032  F_Median 0.5
EBS_SKATE 3 2032  F_Mean 0.5
EBS_SKATE 3 2033 F0 0 
EBS_SKATE 3 2033 Fabc 0.079212
EBS_SKATE 3 2033 Fofl 0.0925522
EBS_SKATE 3 2033  F_LCI 0.5
EBS_SKATE 3 2033  F_UCI 0.5
EBS_SKATE 3 2033  F_Median 0.5
EBS_SKATE 3 2033  F_Mean 0.5
EBS_SKATE 4 2020 Cabc 25899.2
EBS_SKATE 4 2020 Cofl 27822.4
EBS_SKATE 4 2020 CLCI 14794
EBS_SKATE 4 2020 CUCI 14794
EBS_SKATE 4 2020 CMedian 14794
EBS_SKATE 4 2020 CMean 14794
EBS_SKATE 4 2020 CStdn 1.09139e-11
EBS_SKATE 4 2021 Cabc 25899.2
EBS_SKATE 4 2021 Cofl 27822.4
EBS_SKATE 4 2021 CLCI 17263
EBS_SKATE 4 2021 CUCI 17263
EBS_SKATE 4 2021 CMedian 17263
EBS_SKATE 4 2021 CMean 17263
EBS_SKATE 4 2021 CStdn 1.81899e-11
EBS_SKATE 4 2022 Cabc 25899.2
EBS_SKATE 4 2022 Cofl 27822.4
EBS_SKATE 4 2022 CLCI 17263
EBS_SKATE 4 2022 CUCI 17263
EBS_SKATE 4 2022 CMedian 17263
EBS_SKATE 4 2022 CMean 17263
EBS_SKATE 4 2022 CStdn 6.77328e-05
EBS_SKATE 4 2023 Cabc 25899.2
EBS_SKATE 4 2023 Cofl 27822.4
EBS_SKATE 4 2023 CLCI 16394.4
EBS_SKATE 4 2023 CUCI 16417.7
EBS_SKATE 4 2023 CMedian 16403.7
EBS_SKATE 4 2023 CMean 16405.2
EBS_SKATE 4 2023 CStdn 7.66293
EBS_SKATE 4 2024 Cabc 25899.2
EBS_SKATE 4 2024 Cofl 27822.4
EBS_SKATE 4 2024 CLCI 15929.9
EBS_SKATE 4 2024 CUCI 16016.6
EBS_SKATE 4 2024 CMedian 15965.3
EBS_SKATE 4 2024 CMean 15970.2
EBS_SKATE 4 2024 CStdn 28.3857
EBS_SKATE 4 2025 Cabc 25899.2
EBS_SKATE 4 2025 Cofl 27822.4
EBS_SKATE 4 2025 CLCI 15578.4
EBS_SKATE 4 2025 CUCI 15821.2
EBS_SKATE 4 2025 CMedian 15677.5
EBS_SKATE 4 2025 CMean 15691.4
EBS_SKATE 4 2025 CStdn 81.8317
EBS_SKATE 4 2026 Cabc 25899.2
EBS_SKATE 4 2026 Cofl 27822.4
EBS_SKATE 4 2026 CLCI 15306.4
EBS_SKATE 4 2026 CUCI 15854.3
EBS_SKATE 4 2026 CMedian 15529.6
EBS_SKATE 4 2026 CMean 15559
EBS_SKATE 4 2026 CStdn 181.062
EBS_SKATE 4 2027 Cabc 25899.2
EBS_SKATE 4 2027 Cofl 27822.4
EBS_SKATE 4 2027 CLCI 15110.9
EBS_SKATE 4 2027 CUCI 16092.2
EBS_SKATE 4 2027 CMedian 15493.9
EBS_SKATE 4 2027 CMean 15554
EBS_SKATE 4 2027 CStdn 318.514
EBS_SKATE 4 2028 Cabc 25899.2
EBS_SKATE 4 2028 Cofl 27822.4
EBS_SKATE 4 2028 CLCI 14951.7
EBS_SKATE 4 2028 CUCI 16378.2
EBS_SKATE 4 2028 CMedian 15592.6
EBS_SKATE 4 2028 CMean 15645.6
EBS_SKATE 4 2028 CStdn 469.04
EBS_SKATE 4 2029 Cabc 25899.2
EBS_SKATE 4 2029 Cofl 27822.4
EBS_SKATE 4 2029 CLCI 14915.8
EBS_SKATE 4 2029 CUCI 16706.8
EBS_SKATE 4 2029 CMedian 15779.7
EBS_SKATE 4 2029 CMean 15799
EBS_SKATE 4 2029 CStdn 610.315
EBS_SKATE 4 2030 Cabc 25899.2
EBS_SKATE 4 2030 Cofl 27822.4
EBS_SKATE 4 2030 CLCI 14931.7
EBS_SKATE 4 2030 CUCI 16999.4
EBS_SKATE 4 2030 CMedian 15919
EBS_SKATE 4 2030 CMean 15987.2
EBS_SKATE 4 2030 CStdn 736.309
EBS_SKATE 4 2031 Cabc 25899.2
EBS_SKATE 4 2031 Cofl 27822.4
EBS_SKATE 4 2031 CLCI 14974.6
EBS_SKATE 4 2031 CUCI 17622.5
EBS_SKATE 4 2031 CMedian 16114.9
EBS_SKATE 4 2031 CMean 16193.3
EBS_SKATE 4 2031 CStdn 849.283
EBS_SKATE 4 2032 Cabc 25899.2
EBS_SKATE 4 2032 Cofl 27822.4
EBS_SKATE 4 2032 CLCI 15118.6
EBS_SKATE 4 2032 CUCI 17917.3
EBS_SKATE 4 2032 CMedian 16395
EBS_SKATE 4 2032 CMean 16403.6
EBS_SKATE 4 2032 CStdn 946.665
EBS_SKATE 4 2033 Cabc 25899.2
EBS_SKATE 4 2033 Cofl 27822.4
EBS_SKATE 4 2033 CLCI 15276.5
EBS_SKATE 4 2033 CUCI 18471
EBS_SKATE 4 2033 CMedian 16498.8
EBS_SKATE 4 2033 CMean 16605
EBS_SKATE 4 2033 CStdn 1021.38
EBS_SKATE 4 2020 SSBF100 178425
EBS_SKATE 4 2020 SSBFabc 71370
EBS_SKATE 4 2020 SSBFofl 62448.8
EBS_SKATE 4 2020 SSBLCI 124449
EBS_SKATE 4 2020 SSBUCI 124449
EBS_SKATE 4 2020 SSBMedian 124449
EBS_SKATE 4 2020 SSBMean 124449
EBS_SKATE 4 2021 SSBF100 178425
EBS_SKATE 4 2021 SSBFabc 71370
EBS_SKATE 4 2021 SSBFofl 62448.8
EBS_SKATE 4 2021 SSBLCI 124142
EBS_SKATE 4 2021 SSBUCI 124142
EBS_SKATE 4 2021 SSBMedian 124142
EBS_SKATE 4 2021 SSBMean 124142
EBS_SKATE 4 2022 SSBF100 178425
EBS_SKATE 4 2022 SSBFabc 71370
EBS_SKATE 4 2022 SSBFofl 62448.8
EBS_SKATE 4 2022 SSBLCI 121575
EBS_SKATE 4 2022 SSBUCI 121576
EBS_SKATE 4 2022 SSBMedian 121575
EBS_SKATE 4 2022 SSBMean 121575
EBS_SKATE 4 2023 SSBF100 178425
EBS_SKATE 4 2023 SSBFabc 71370
EBS_SKATE 4 2023 SSBFofl 62448.8
EBS_SKATE 4 2023 SSBLCI 117478
EBS_SKATE 4 2023 SSBUCI 117480
EBS_SKATE 4 2023 SSBMedian 117479
EBS_SKATE 4 2023 SSBMean 117479
EBS_SKATE 4 2024 SSBF100 178425
EBS_SKATE 4 2024 SSBFabc 71370
EBS_SKATE 4 2024 SSBFofl 62448.8
EBS_SKATE 4 2024 SSBLCI 112479
EBS_SKATE 4 2024 SSBUCI 112480
EBS_SKATE 4 2024 SSBMedian 112479
EBS_SKATE 4 2024 SSBMean 112480
EBS_SKATE 4 2025 SSBF100 178425
EBS_SKATE 4 2025 SSBFabc 71370
EBS_SKATE 4 2025 SSBFofl 62448.8
EBS_SKATE 4 2025 SSBLCI 107275
EBS_SKATE 4 2025 SSBUCI 107276
EBS_SKATE 4 2025 SSBMedian 107275
EBS_SKATE 4 2025 SSBMean 107275
EBS_SKATE 4 2026 SSBF100 178425
EBS_SKATE 4 2026 SSBFabc 71370
EBS_SKATE 4 2026 SSBFofl 62448.8
EBS_SKATE 4 2026 SSBLCI 102578
EBS_SKATE 4 2026 SSBUCI 102579
EBS_SKATE 4 2026 SSBMedian 102578
EBS_SKATE 4 2026 SSBMean 102578
EBS_SKATE 4 2027 SSBF100 178425
EBS_SKATE 4 2027 SSBFabc 71370
EBS_SKATE 4 2027 SSBFofl 62448.8
EBS_SKATE 4 2027 SSBLCI 98806.5
EBS_SKATE 4 2027 SSBUCI 98862.7
EBS_SKATE 4 2027 SSBMedian 98828.9
EBS_SKATE 4 2027 SSBMean 98832.3
EBS_SKATE 4 2028 SSBF100 178425
EBS_SKATE 4 2028 SSBFabc 71370
EBS_SKATE 4 2028 SSBFofl 62448.8
EBS_SKATE 4 2028 SSBLCI 95986.3
EBS_SKATE 4 2028 SSBUCI 96339.3
EBS_SKATE 4 2028 SSBMedian 96126.5
EBS_SKATE 4 2028 SSBMean 96150.3
EBS_SKATE 4 2029 SSBF100 178425
EBS_SKATE 4 2029 SSBFabc 71370
EBS_SKATE 4 2029 SSBFofl 62448.8
EBS_SKATE 4 2029 SSBLCI 93887.3
EBS_SKATE 4 2029 SSBUCI 95172.6
EBS_SKATE 4 2029 SSBMedian 94414.9
EBS_SKATE 4 2029 SSBMean 94484.9
EBS_SKATE 4 2030 SSBF100 178425
EBS_SKATE 4 2030 SSBFabc 71370
EBS_SKATE 4 2030 SSBFofl 62448.8
EBS_SKATE 4 2030 SSBLCI 92312
EBS_SKATE 4 2030 SSBUCI 95383.2
EBS_SKATE 4 2030 SSBMedian 93556.6
EBS_SKATE 4 2030 SSBMean 93740
EBS_SKATE 4 2031 SSBF100 178425
EBS_SKATE 4 2031 SSBFabc 71370
EBS_SKATE 4 2031 SSBFofl 62448.8
EBS_SKATE 4 2031 SSBLCI 91155.8
EBS_SKATE 4 2031 SSBUCI 96824.8
EBS_SKATE 4 2031 SSBMedian 93426.3
EBS_SKATE 4 2031 SSBMean 93790.6
EBS_SKATE 4 2032 SSBF100 178425
EBS_SKATE 4 2032 SSBFabc 71370
EBS_SKATE 4 2032 SSBFofl 62448.8
EBS_SKATE 4 2032 SSBLCI 90344
EBS_SKATE 4 2032 SSBUCI 98916.6
EBS_SKATE 4 2032 SSBMedian 94066.1
EBS_SKATE 4 2032 SSBMean 94437.5
EBS_SKATE 4 2033 SSBF100 178425
EBS_SKATE 4 2033 SSBFabc 71370
EBS_SKATE 4 2033 SSBFofl 62448.8
EBS_SKATE 4 2033 SSBLCI 90104.5
EBS_SKATE 4 2033 SSBUCI 101087
EBS_SKATE 4 2033 SSBMedian 95268.8
EBS_SKATE 4 2033 SSBMean 95455
EBS_SKATE 4 2020 F0 0 
EBS_SKATE 4 2020 Fabc 0.079212
EBS_SKATE 4 2020 Fofl 0.0925522
EBS_SKATE 4 2020  F_LCI 0.0332372
EBS_SKATE 4 2020  F_UCI 0.0332372
EBS_SKATE 4 2020  F_Median 0.0332372
EBS_SKATE 4 2020  F_Mean 0.0332372
EBS_SKATE 4 2021 F0 0 
EBS_SKATE 4 2021 Fabc 0.079212
EBS_SKATE 4 2021 Fofl 0.0925522
EBS_SKATE 4 2021  F_LCI 0.0403861
EBS_SKATE 4 2021  F_UCI 0.0403861
EBS_SKATE 4 2021  F_Median 0.0403861
EBS_SKATE 4 2021  F_Mean 0.0403861
EBS_SKATE 4 2022 F0 0 
EBS_SKATE 4 2022 Fabc 0.079212
EBS_SKATE 4 2022 Fofl 0.0925522
EBS_SKATE 4 2022  F_LCI 0.0421232
EBS_SKATE 4 2022  F_UCI 0.0421361
EBS_SKATE 4 2022  F_Median 0.0421312
EBS_SKATE 4 2022  F_Mean 0.0421306
EBS_SKATE 4 2023 F0 0 
EBS_SKATE 4 2023 Fabc 0.079212
EBS_SKATE 4 2023 Fofl 0.0925522
EBS_SKATE 4 2023  F_LCI 0.0415047
EBS_SKATE 4 2023  F_UCI 0.0415047
EBS_SKATE 4 2023  F_Median 0.0415047
EBS_SKATE 4 2023  F_Mean 0.0415047
EBS_SKATE 4 2024 F0 0 
EBS_SKATE 4 2024 Fabc 0.079212
EBS_SKATE 4 2024 Fofl 0.0925522
EBS_SKATE 4 2024  F_LCI 0.0415047
EBS_SKATE 4 2024  F_UCI 0.0415047
EBS_SKATE 4 2024  F_Median 0.0415047
EBS_SKATE 4 2024  F_Mean 0.0415047
EBS_SKATE 4 2025 F0 0 
EBS_SKATE 4 2025 Fabc 0.079212
EBS_SKATE 4 2025 Fofl 0.0925522
EBS_SKATE 4 2025  F_LCI 0.0415047
EBS_SKATE 4 2025  F_UCI 0.0415047
EBS_SKATE 4 2025  F_Median 0.0415047
EBS_SKATE 4 2025  F_Mean 0.0415047
EBS_SKATE 4 2026 F0 0 
EBS_SKATE 4 2026 Fabc 0.079212
EBS_SKATE 4 2026 Fofl 0.0925522
EBS_SKATE 4 2026  F_LCI 0.0415047
EBS_SKATE 4 2026  F_UCI 0.0415047
EBS_SKATE 4 2026  F_Median 0.0415047
EBS_SKATE 4 2026  F_Mean 0.0415047
EBS_SKATE 4 2027 F0 0 
EBS_SKATE 4 2027 Fabc 0.079212
EBS_SKATE 4 2027 Fofl 0.0925522
EBS_SKATE 4 2027  F_LCI 0.0415047
EBS_SKATE 4 2027  F_UCI 0.0415047
EBS_SKATE 4 2027  F_Median 0.0415047
EBS_SKATE 4 2027  F_Mean 0.0415047
EBS_SKATE 4 2028 F0 0 
EBS_SKATE 4 2028 Fabc 0.079212
EBS_SKATE 4 2028 Fofl 0.0925522
EBS_SKATE 4 2028  F_LCI 0.0415047
EBS_SKATE 4 2028  F_UCI 0.0415047
EBS_SKATE 4 2028  F_Median 0.0415047
EBS_SKATE 4 2028  F_Mean 0.0415047
EBS_SKATE 4 2029 F0 0 
EBS_SKATE 4 2029 Fabc 0.079212
EBS_SKATE 4 2029 Fofl 0.0925522
EBS_SKATE 4 2029  F_LCI 0.0415047
EBS_SKATE 4 2029  F_UCI 0.0415047
EBS_SKATE 4 2029  F_Median 0.0415047
EBS_SKATE 4 2029  F_Mean 0.0415047
EBS_SKATE 4 2030 F0 0 
EBS_SKATE 4 2030 Fabc 0.079212
EBS_SKATE 4 2030 Fofl 0.0925522
EBS_SKATE 4 2030  F_LCI 0.0415047
EBS_SKATE 4 2030  F_UCI 0.0415047
EBS_SKATE 4 2030  F_Median 0.0415047
EBS_SKATE 4 2030  F_Mean 0.0415047
EBS_SKATE 4 2031 F0 0 
EBS_SKATE 4 2031 Fabc 0.079212
EBS_SKATE 4 2031 Fofl 0.0925522
EBS_SKATE 4 2031  F_LCI 0.0415047
EBS_SKATE 4 2031  F_UCI 0.0415047
EBS_SKATE 4 2031  F_Median 0.0415047
EBS_SKATE 4 2031  F_Mean 0.0415047
EBS_SKATE 4 2032 F0 0 
EBS_SKATE 4 2032 Fabc 0.079212
EBS_SKATE 4 2032 Fofl 0.0925522
EBS_SKATE 4 2032  F_LCI 0.0415047
EBS_SKATE 4 2032  F_UCI 0.0415047
EBS_SKATE 4 2032  F_Median 0.0415047
EBS_SKATE 4 2032  F_Mean 0.0415047
EBS_SKATE 4 2033 F0 0 
EBS_SKATE 4 2033 Fabc 0.079212
EBS_SKATE 4 2033 Fofl 0.0925522
EBS_SKATE 4 2033  F_LCI 0.0415047
EBS_SKATE 4 2033  F_UCI 0.0415047
EBS_SKATE 4 2033  F_Median 0.0415047
EBS_SKATE 4 2033  F_Mean 0.0415047
EBS_SKATE 5 2020 Cabc 25899.2
EBS_SKATE 5 2020 Cofl 27822.4
EBS_SKATE 5 2020 CLCI 14794
EBS_SKATE 5 2020 CUCI 14794
EBS_SKATE 5 2020 CMedian 14794
EBS_SKATE 5 2020 CMean 14794
EBS_SKATE 5 2020 CStdn 1.09139e-11
EBS_SKATE 5 2021 Cabc 25899.2
EBS_SKATE 5 2021 Cofl 27822.4
EBS_SKATE 5 2021 CLCI 17263
EBS_SKATE 5 2021 CUCI 17263
EBS_SKATE 5 2021 CMedian 17263
EBS_SKATE 5 2021 CMean 17263
EBS_SKATE 5 2021 CStdn 1.81899e-11
EBS_SKATE 5 2022 Cabc 25899.2
EBS_SKATE 5 2022 Cofl 27822.4
EBS_SKATE 5 2022 CLCI 17263
EBS_SKATE 5 2022 CUCI 17263
EBS_SKATE 5 2022 CMedian 17263
EBS_SKATE 5 2022 CMean 17263
EBS_SKATE 5 2022 CStdn 6.77328e-05
EBS_SKATE 5 2023 Cabc 25899.2
EBS_SKATE 5 2023 Cofl 27822.4
EBS_SKATE 5 2023 CLCI 0
EBS_SKATE 5 2023 CUCI 0
EBS_SKATE 5 2023 CMedian 0
EBS_SKATE 5 2023 CMean 0
EBS_SKATE 5 2023 CStdn 0
EBS_SKATE 5 2024 Cabc 25899.2
EBS_SKATE 5 2024 Cofl 27822.4
EBS_SKATE 5 2024 CLCI 0
EBS_SKATE 5 2024 CUCI 0
EBS_SKATE 5 2024 CMedian 0
EBS_SKATE 5 2024 CMean 0
EBS_SKATE 5 2024 CStdn 0
EBS_SKATE 5 2025 Cabc 25899.2
EBS_SKATE 5 2025 Cofl 27822.4
EBS_SKATE 5 2025 CLCI 0
EBS_SKATE 5 2025 CUCI 0
EBS_SKATE 5 2025 CMedian 0
EBS_SKATE 5 2025 CMean 0
EBS_SKATE 5 2025 CStdn 0
EBS_SKATE 5 2026 Cabc 25899.2
EBS_SKATE 5 2026 Cofl 27822.4
EBS_SKATE 5 2026 CLCI 0
EBS_SKATE 5 2026 CUCI 0
EBS_SKATE 5 2026 CMedian 0
EBS_SKATE 5 2026 CMean 0
EBS_SKATE 5 2026 CStdn 0
EBS_SKATE 5 2027 Cabc 25899.2
EBS_SKATE 5 2027 Cofl 27822.4
EBS_SKATE 5 2027 CLCI 0
EBS_SKATE 5 2027 CUCI 0
EBS_SKATE 5 2027 CMedian 0
EBS_SKATE 5 2027 CMean 0
EBS_SKATE 5 2027 CStdn 0
EBS_SKATE 5 2028 Cabc 25899.2
EBS_SKATE 5 2028 Cofl 27822.4
EBS_SKATE 5 2028 CLCI 0
EBS_SKATE 5 2028 CUCI 0
EBS_SKATE 5 2028 CMedian 0
EBS_SKATE 5 2028 CMean 0
EBS_SKATE 5 2028 CStdn 0
EBS_SKATE 5 2029 Cabc 25899.2
EBS_SKATE 5 2029 Cofl 27822.4
EBS_SKATE 5 2029 CLCI 0
EBS_SKATE 5 2029 CUCI 0
EBS_SKATE 5 2029 CMedian 0
EBS_SKATE 5 2029 CMean 0
EBS_SKATE 5 2029 CStdn 0
EBS_SKATE 5 2030 Cabc 25899.2
EBS_SKATE 5 2030 Cofl 27822.4
EBS_SKATE 5 2030 CLCI 0
EBS_SKATE 5 2030 CUCI 0
EBS_SKATE 5 2030 CMedian 0
EBS_SKATE 5 2030 CMean 0
EBS_SKATE 5 2030 CStdn 0
EBS_SKATE 5 2031 Cabc 25899.2
EBS_SKATE 5 2031 Cofl 27822.4
EBS_SKATE 5 2031 CLCI 0
EBS_SKATE 5 2031 CUCI 0
EBS_SKATE 5 2031 CMedian 0
EBS_SKATE 5 2031 CMean 0
EBS_SKATE 5 2031 CStdn 0
EBS_SKATE 5 2032 Cabc 25899.2
EBS_SKATE 5 2032 Cofl 27822.4
EBS_SKATE 5 2032 CLCI 0
EBS_SKATE 5 2032 CUCI 0
EBS_SKATE 5 2032 CMedian 0
EBS_SKATE 5 2032 CMean 0
EBS_SKATE 5 2032 CStdn 0
EBS_SKATE 5 2033 Cabc 25899.2
EBS_SKATE 5 2033 Cofl 27822.4
EBS_SKATE 5 2033 CLCI 0
EBS_SKATE 5 2033 CUCI 0
EBS_SKATE 5 2033 CMedian 0
EBS_SKATE 5 2033 CMean 0
EBS_SKATE 5 2033 CStdn 0
EBS_SKATE 5 2020 SSBF100 178425
EBS_SKATE 5 2020 SSBFabc 71370
EBS_SKATE 5 2020 SSBFofl 62448.8
EBS_SKATE 5 2020 SSBLCI 124449
EBS_SKATE 5 2020 SSBUCI 124449
EBS_SKATE 5 2020 SSBMedian 124449
EBS_SKATE 5 2020 SSBMean 124449
EBS_SKATE 5 2021 SSBF100 178425
EBS_SKATE 5 2021 SSBFabc 71370
EBS_SKATE 5 2021 SSBFofl 62448.8
EBS_SKATE 5 2021 SSBLCI 124142
EBS_SKATE 5 2021 SSBUCI 124142
EBS_SKATE 5 2021 SSBMedian 124142
EBS_SKATE 5 2021 SSBMean 124142
EBS_SKATE 5 2022 SSBF100 178425
EBS_SKATE 5 2022 SSBFabc 71370
EBS_SKATE 5 2022 SSBFofl 62448.8
EBS_SKATE 5 2022 SSBLCI 121575
EBS_SKATE 5 2022 SSBUCI 121576
EBS_SKATE 5 2022 SSBMedian 121575
EBS_SKATE 5 2022 SSBMean 121575
EBS_SKATE 5 2023 SSBF100 178425
EBS_SKATE 5 2023 SSBFabc 71370
EBS_SKATE 5 2023 SSBFofl 62448.8
EBS_SKATE 5 2023 SSBLCI 119477
EBS_SKATE 5 2023 SSBUCI 119478
EBS_SKATE 5 2023 SSBMedian 119477
EBS_SKATE 5 2023 SSBMean 119478
EBS_SKATE 5 2024 SSBF100 178425
EBS_SKATE 5 2024 SSBFabc 71370
EBS_SKATE 5 2024 SSBFofl 62448.8
EBS_SKATE 5 2024 SSBLCI 119109
EBS_SKATE 5 2024 SSBUCI 119111
EBS_SKATE 5 2024 SSBMedian 119110
EBS_SKATE 5 2024 SSBMean 119110
EBS_SKATE 5 2025 SSBF100 178425
EBS_SKATE 5 2025 SSBFabc 71370
EBS_SKATE 5 2025 SSBFofl 62448.8
EBS_SKATE 5 2025 SSBLCI 118248
EBS_SKATE 5 2025 SSBUCI 118249
EBS_SKATE 5 2025 SSBMedian 118248
EBS_SKATE 5 2025 SSBMean 118248
EBS_SKATE 5 2026 SSBF100 178425
EBS_SKATE 5 2026 SSBFabc 71370
EBS_SKATE 5 2026 SSBFofl 62448.8
EBS_SKATE 5 2026 SSBLCI 117623
EBS_SKATE 5 2026 SSBUCI 117624
EBS_SKATE 5 2026 SSBMedian 117623
EBS_SKATE 5 2026 SSBMean 117623
EBS_SKATE 5 2027 SSBF100 178425
EBS_SKATE 5 2027 SSBFabc 71370
EBS_SKATE 5 2027 SSBFofl 62448.8
EBS_SKATE 5 2027 SSBLCI 117729
EBS_SKATE 5 2027 SSBUCI 117788
EBS_SKATE 5 2027 SSBMedian 117752
EBS_SKATE 5 2027 SSBMean 117756
EBS_SKATE 5 2028 SSBF100 178425
EBS_SKATE 5 2028 SSBFabc 71370
EBS_SKATE 5 2028 SSBFofl 62448.8
EBS_SKATE 5 2028 SSBLCI 118645
EBS_SKATE 5 2028 SSBUCI 119028
EBS_SKATE 5 2028 SSBMedian 118797
EBS_SKATE 5 2028 SSBMean 118823
EBS_SKATE 5 2029 SSBF100 178425
EBS_SKATE 5 2029 SSBFabc 71370
EBS_SKATE 5 2029 SSBFofl 62448.8
EBS_SKATE 5 2029 SSBLCI 120135
EBS_SKATE 5 2029 SSBUCI 121579
EBS_SKATE 5 2029 SSBMedian 120727
EBS_SKATE 5 2029 SSBMean 120806
EBS_SKATE 5 2030 SSBF100 178425
EBS_SKATE 5 2030 SSBFabc 71370
EBS_SKATE 5 2030 SSBFofl 62448.8
EBS_SKATE 5 2030 SSBLCI 121957
EBS_SKATE 5 2030 SSBUCI 125561
EBS_SKATE 5 2030 SSBMedian 123404
EBS_SKATE 5 2030 SSBMean 123616
EBS_SKATE 5 2031 SSBF100 178425
EBS_SKATE 5 2031 SSBFabc 71370
EBS_SKATE 5 2031 SSBFofl 62448.8
EBS_SKATE 5 2031 SSBLCI 123945
EBS_SKATE 5 2031 SSBUCI 130803
EBS_SKATE 5 2031 SSBMedian 126713
EBS_SKATE 5 2031 SSBMean 127129
EBS_SKATE 5 2032 SSBF100 178425
EBS_SKATE 5 2032 SSBFabc 71370
EBS_SKATE 5 2032 SSBFofl 62448.8
EBS_SKATE 5 2032 SSBLCI 126142
EBS_SKATE 5 2032 SSBUCI 136757
EBS_SKATE 5 2032 SSBMedian 130586
EBS_SKATE 5 2032 SSBMean 131133
EBS_SKATE 5 2033 SSBF100 178425
EBS_SKATE 5 2033 SSBFabc 71370
EBS_SKATE 5 2033 SSBFofl 62448.8
EBS_SKATE 5 2033 SSBLCI 128482
EBS_SKATE 5 2033 SSBUCI 142699
EBS_SKATE 5 2033 SSBMedian 135191
EBS_SKATE 5 2033 SSBMean 135370
EBS_SKATE 5 2020 F0 0 
EBS_SKATE 5 2020 Fabc 0.079212
EBS_SKATE 5 2020 Fofl 0.0925522
EBS_SKATE 5 2020  F_LCI 0.0332372
EBS_SKATE 5 2020  F_UCI 0.0332372
EBS_SKATE 5 2020  F_Median 0.0332372
EBS_SKATE 5 2020  F_Mean 0.0332372
EBS_SKATE 5 2021 F0 0 
EBS_SKATE 5 2021 Fabc 0.079212
EBS_SKATE 5 2021 Fofl 0.0925522
EBS_SKATE 5 2021  F_LCI 0.0403861
EBS_SKATE 5 2021  F_UCI 0.0403861
EBS_SKATE 5 2021  F_Median 0.0403861
EBS_SKATE 5 2021  F_Mean 0.0403861
EBS_SKATE 5 2022 F0 0 
EBS_SKATE 5 2022 Fabc 0.079212
EBS_SKATE 5 2022 Fofl 0.0925522
EBS_SKATE 5 2022  F_LCI 0.0421232
EBS_SKATE 5 2022  F_UCI 0.0421361
EBS_SKATE 5 2022  F_Median 0.0421312
EBS_SKATE 5 2022  F_Mean 0.0421306
EBS_SKATE 5 2023 F0 0 
EBS_SKATE 5 2023 Fabc 0.079212
EBS_SKATE 5 2023 Fofl 0.0925522
EBS_SKATE 5 2023  F_LCI 0
EBS_SKATE 5 2023  F_UCI 0
EBS_SKATE 5 2023  F_Median 0
EBS_SKATE 5 2023  F_Mean 0
EBS_SKATE 5 2024 F0 0 
EBS_SKATE 5 2024 Fabc 0.079212
EBS_SKATE 5 2024 Fofl 0.0925522
EBS_SKATE 5 2024  F_LCI 0
EBS_SKATE 5 2024  F_UCI 0
EBS_SKATE 5 2024  F_Median 0
EBS_SKATE 5 2024  F_Mean 0
EBS_SKATE 5 2025 F0 0 
EBS_SKATE 5 2025 Fabc 0.079212
EBS_SKATE 5 2025 Fofl 0.0925522
EBS_SKATE 5 2025  F_LCI 0
EBS_SKATE 5 2025  F_UCI 0
EBS_SKATE 5 2025  F_Median 0
EBS_SKATE 5 2025  F_Mean 0
EBS_SKATE 5 2026 F0 0 
EBS_SKATE 5 2026 Fabc 0.079212
EBS_SKATE 5 2026 Fofl 0.0925522
EBS_SKATE 5 2026  F_LCI 0
EBS_SKATE 5 2026  F_UCI 0
EBS_SKATE 5 2026  F_Median 0
EBS_SKATE 5 2026  F_Mean 0
EBS_SKATE 5 2027 F0 0 
EBS_SKATE 5 2027 Fabc 0.079212
EBS_SKATE 5 2027 Fofl 0.0925522
EBS_SKATE 5 2027  F_LCI 0
EBS_SKATE 5 2027  F_UCI 0
EBS_SKATE 5 2027  F_Median 0
EBS_SKATE 5 2027  F_Mean 0
EBS_SKATE 5 2028 F0 0 
EBS_SKATE 5 2028 Fabc 0.079212
EBS_SKATE 5 2028 Fofl 0.0925522
EBS_SKATE 5 2028  F_LCI 0
EBS_SKATE 5 2028  F_UCI 0
EBS_SKATE 5 2028  F_Median 0
EBS_SKATE 5 2028  F_Mean 0
EBS_SKATE 5 2029 F0 0 
EBS_SKATE 5 2029 Fabc 0.079212
EBS_SKATE 5 2029 Fofl 0.0925522
EBS_SKATE 5 2029  F_LCI 0
EBS_SKATE 5 2029  F_UCI 0
EBS_SKATE 5 2029  F_Median 0
EBS_SKATE 5 2029  F_Mean 0
EBS_SKATE 5 2030 F0 0 
EBS_SKATE 5 2030 Fabc 0.079212
EBS_SKATE 5 2030 Fofl 0.0925522
EBS_SKATE 5 2030  F_LCI 0
EBS_SKATE 5 2030  F_UCI 0
EBS_SKATE 5 2030  F_Median 0
EBS_SKATE 5 2030  F_Mean 0
EBS_SKATE 5 2031 F0 0 
EBS_SKATE 5 2031 Fabc 0.079212
EBS_SKATE 5 2031 Fofl 0.0925522
EBS_SKATE 5 2031  F_LCI 0
EBS_SKATE 5 2031  F_UCI 0
EBS_SKATE 5 2031  F_Median 0
EBS_SKATE 5 2031  F_Mean 0
EBS_SKATE 5 2032 F0 0 
EBS_SKATE 5 2032 Fabc 0.079212
EBS_SKATE 5 2032 Fofl 0.0925522
EBS_SKATE 5 2032  F_LCI 0
EBS_SKATE 5 2032  F_UCI 0
EBS_SKATE 5 2032  F_Median 0
EBS_SKATE 5 2032  F_Mean 0
EBS_SKATE 5 2033 F0 0 
EBS_SKATE 5 2033 Fabc 0.079212
EBS_SKATE 5 2033 Fofl 0.0925522
EBS_SKATE 5 2033  F_LCI 0
EBS_SKATE 5 2033  F_UCI 0
EBS_SKATE 5 2033  F_Median 0
EBS_SKATE 5 2033  F_Mean 0
EBS_SKATE 6 2020 Cabc 25899.2
EBS_SKATE 6 2020 Cofl 27822.4
EBS_SKATE 6 2020 CLCI 14794
EBS_SKATE 6 2020 CUCI 14794
EBS_SKATE 6 2020 CMedian 14794
EBS_SKATE 6 2020 CMean 14794
EBS_SKATE 6 2020 CStdn 1.09139e-11
EBS_SKATE 6 2021 Cabc 25899.2
EBS_SKATE 6 2021 Cofl 27822.4
EBS_SKATE 6 2021 CLCI 38637.4
EBS_SKATE 6 2021 CUCI 38637.4
EBS_SKATE 6 2021 CMedian 38637.4
EBS_SKATE 6 2021 CMean 38637.4
EBS_SKATE 6 2021 CStdn 5.09317e-11
EBS_SKATE 6 2022 Cabc 25899.2
EBS_SKATE 6 2022 Cofl 27822.4
EBS_SKATE 6 2022 CLCI 35369.4
EBS_SKATE 6 2022 CUCI 35380.2
EBS_SKATE 6 2022 CMedian 35373.7
EBS_SKATE 6 2022 CMean 35374.4
EBS_SKATE 6 2022 CStdn 3.53886
EBS_SKATE 6 2023 Cabc 25899.2
EBS_SKATE 6 2023 Cofl 27822.4
EBS_SKATE 6 2023 CLCI 32694
EBS_SKATE 6 2023 CUCI 32745.6
EBS_SKATE 6 2023 CMedian 32714.7
EBS_SKATE 6 2023 CMean 32718
EBS_SKATE 6 2023 CStdn 16.9121
EBS_SKATE 6 2024 Cabc 25899.2
EBS_SKATE 6 2024 Cofl 27822.4
EBS_SKATE 6 2024 CLCI 30570.8
EBS_SKATE 6 2024 CUCI 30762.3
EBS_SKATE 6 2024 CMedian 30648.9
EBS_SKATE 6 2024 CMean 30659.9
EBS_SKATE 6 2024 CStdn 62.6911
EBS_SKATE 6 2025 Cabc 25899.2
EBS_SKATE 6 2025 Cofl 27822.4
EBS_SKATE 6 2025 CLCI 28894.6
EBS_SKATE 6 2025 CUCI 29428.1
EBS_SKATE 6 2025 CMedian 29111.1
EBS_SKATE 6 2025 CMean 29141.7
EBS_SKATE 6 2025 CStdn 179.17
EBS_SKATE 6 2026 Cabc 25899.2
EBS_SKATE 6 2026 Cofl 27822.4
EBS_SKATE 6 2026 CLCI 27556.8
EBS_SKATE 6 2026 CUCI 28736.8
EBS_SKATE 6 2026 CMedian 28042.1
EBS_SKATE 6 2026 CMean 28101.6
EBS_SKATE 6 2026 CStdn 390.004
EBS_SKATE 6 2027 Cabc 25899.2
EBS_SKATE 6 2027 Cofl 27822.4
EBS_SKATE 6 2027 CLCI 26530.5
EBS_SKATE 6 2027 CUCI 28584.9
EBS_SKATE 6 2027 CMedian 27337.3
EBS_SKATE 6 2027 CMean 27461.8
EBS_SKATE 6 2027 CStdn 670.341
EBS_SKATE 6 2028 Cabc 25899.2
EBS_SKATE 6 2028 Cofl 27822.4
EBS_SKATE 6 2028 CLCI 24573.5
EBS_SKATE 6 2028 CUCI 27473.6
EBS_SKATE 6 2028 CMedian 25872.2
EBS_SKATE 6 2028 CMean 25983.6
EBS_SKATE 6 2028 CStdn 951.621
EBS_SKATE 6 2029 Cabc 25899.2
EBS_SKATE 6 2029 Cofl 27822.4
EBS_SKATE 6 2029 CLCI 23047.3
EBS_SKATE 6 2029 CUCI 26643.1
EBS_SKATE 6 2029 CMedian 24733.6
EBS_SKATE 6 2029 CMean 24789.7
EBS_SKATE 6 2029 CStdn 1219.44
EBS_SKATE 6 2030 Cabc 25899.2
EBS_SKATE 6 2030 Cofl 27822.4
EBS_SKATE 6 2030 CLCI 22093.3
EBS_SKATE 6 2030 CUCI 26501.1
EBS_SKATE 6 2030 CMedian 24113
EBS_SKATE 6 2030 CMean 24283.2
EBS_SKATE 6 2030 CStdn 1519.57
EBS_SKATE 6 2031 Cabc 25899.2
EBS_SKATE 6 2031 Cofl 27822.4
EBS_SKATE 6 2031 CLCI 21680.1
EBS_SKATE 6 2031 CUCI 26813.8
EBS_SKATE 6 2031 CMedian 24062.9
EBS_SKATE 6 2031 CMean 24267.1
EBS_SKATE 6 2031 CStdn 1850.83
EBS_SKATE 6 2032 Cabc 25899.2
EBS_SKATE 6 2032 Cofl 27822.4
EBS_SKATE 6 2032 CLCI 21593.6
EBS_SKATE 6 2032 CUCI 28308.1
EBS_SKATE 6 2032 CMedian 24399.1
EBS_SKATE 6 2032 CMean 24566.9
EBS_SKATE 6 2032 CStdn 2178.48
EBS_SKATE 6 2033 Cabc 25899.2
EBS_SKATE 6 2033 Cofl 27822.4
EBS_SKATE 6 2033 CLCI 21835
EBS_SKATE 6 2033 CUCI 28937.2
EBS_SKATE 6 2033 CMedian 24914.6
EBS_SKATE 6 2033 CMean 25027.7
EBS_SKATE 6 2033 CStdn 2462.9
EBS_SKATE 6 2020 SSBF100 178425
EBS_SKATE 6 2020 SSBFabc 71370
EBS_SKATE 6 2020 SSBFofl 62448.8
EBS_SKATE 6 2020 SSBLCI 124449
EBS_SKATE 6 2020 SSBUCI 124449
EBS_SKATE 6 2020 SSBMedian 124449
EBS_SKATE 6 2020 SSBMean 124449
EBS_SKATE 6 2021 SSBF100 178425
EBS_SKATE 6 2021 SSBFabc 71370
EBS_SKATE 6 2021 SSBFofl 62448.8
EBS_SKATE 6 2021 SSBLCI 121535
EBS_SKATE 6 2021 SSBUCI 121535
EBS_SKATE 6 2021 SSBMedian 121535
EBS_SKATE 6 2021 SSBMean 121535
EBS_SKATE 6 2022 SSBF100 178425
EBS_SKATE 6 2022 SSBFabc 71370
EBS_SKATE 6 2022 SSBFofl 62448.8
EBS_SKATE 6 2022 SSBLCI 113199
EBS_SKATE 6 2022 SSBUCI 113199
EBS_SKATE 6 2022 SSBMedian 113199
EBS_SKATE 6 2022 SSBMean 113199
EBS_SKATE 6 2023 SSBF100 178425
EBS_SKATE 6 2023 SSBFabc 71370
EBS_SKATE 6 2023 SSBFofl 62448.8
EBS_SKATE 6 2023 SSBLCI 104136
EBS_SKATE 6 2023 SSBUCI 104136
EBS_SKATE 6 2023 SSBMedian 104136
EBS_SKATE 6 2023 SSBMean 104136
EBS_SKATE 6 2024 SSBF100 178425
EBS_SKATE 6 2024 SSBFabc 71370
EBS_SKATE 6 2024 SSBFofl 62448.8
EBS_SKATE 6 2024 SSBLCI 94947.5
EBS_SKATE 6 2024 SSBUCI 94947.5
EBS_SKATE 6 2024 SSBMedian 94947.5
EBS_SKATE 6 2024 SSBMean 94947.5
EBS_SKATE 6 2025 SSBF100 178425
EBS_SKATE 6 2025 SSBFabc 71370
EBS_SKATE 6 2025 SSBFofl 62448.8
EBS_SKATE 6 2025 SSBLCI 86349.1
EBS_SKATE 6 2025 SSBUCI 86349.1
EBS_SKATE 6 2025 SSBMedian 86349.1
EBS_SKATE 6 2025 SSBMean 86349.1
EBS_SKATE 6 2026 SSBF100 178425
EBS_SKATE 6 2026 SSBFabc 71370
EBS_SKATE 6 2026 SSBFofl 62448.8
EBS_SKATE 6 2026 SSBLCI 78912.5
EBS_SKATE 6 2026 SSBUCI 78912.5
EBS_SKATE 6 2026 SSBMedian 78912.5
EBS_SKATE 6 2026 SSBMean 78912.5
EBS_SKATE 6 2027 SSBF100 178425
EBS_SKATE 6 2027 SSBFabc 71370
EBS_SKATE 6 2027 SSBFofl 62448.8
EBS_SKATE 6 2027 SSBLCI 72879.2
EBS_SKATE 6 2027 SSBUCI 72930.9
EBS_SKATE 6 2027 SSBMedian 72899.8
EBS_SKATE 6 2027 SSBMean 72902.9
EBS_SKATE 6 2028 SSBF100 178425
EBS_SKATE 6 2028 SSBFabc 71370
EBS_SKATE 6 2028 SSBFofl 62448.8
EBS_SKATE 6 2028 SSBLCI 68262.3
EBS_SKATE 6 2028 SSBUCI 68569.5
EBS_SKATE 6 2028 SSBMedian 68384.4
EBS_SKATE 6 2028 SSBMean 68405
EBS_SKATE 6 2029 SSBF100 178425
EBS_SKATE 6 2029 SSBFabc 71370
EBS_SKATE 6 2029 SSBFofl 62448.8
EBS_SKATE 6 2029 SSBLCI 64921.3
EBS_SKATE 6 2029 SSBUCI 65975.5
EBS_SKATE 6 2029 SSBMedian 65353.6
EBS_SKATE 6 2029 SSBMean 65411.6
EBS_SKATE 6 2030 SSBF100 178425
EBS_SKATE 6 2030 SSBFabc 71370
EBS_SKATE 6 2030 SSBFofl 62448.8
EBS_SKATE 6 2030 SSBLCI 62575.6
EBS_SKATE 6 2030 SSBUCI 64973
EBS_SKATE 6 2030 SSBMedian 63550.1
EBS_SKATE 6 2030 SSBMean 63691.6
EBS_SKATE 6 2031 SSBF100 178425
EBS_SKATE 6 2031 SSBFabc 71370
EBS_SKATE 6 2031 SSBFofl 62448.8
EBS_SKATE 6 2031 SSBLCI 61028.7
EBS_SKATE 6 2031 SSBUCI 65269.5
EBS_SKATE 6 2031 SSBMedian 62694
EBS_SKATE 6 2031 SSBMean 62962.3
EBS_SKATE 6 2032 SSBF100 178425
EBS_SKATE 6 2032 SSBFabc 71370
EBS_SKATE 6 2032 SSBFofl 62448.8
EBS_SKATE 6 2032 SSBLCI 59999.7
EBS_SKATE 6 2032 SSBUCI 65967.4
EBS_SKATE 6 2032 SSBMedian 62710.9
EBS_SKATE 6 2032 SSBMean 62925.5
EBS_SKATE 6 2033 SSBF100 178425
EBS_SKATE 6 2033 SSBFabc 71370
EBS_SKATE 6 2033 SSBFofl 62448.8
EBS_SKATE 6 2033 SSBLCI 59612.2
EBS_SKATE 6 2033 SSBUCI 66829.4
EBS_SKATE 6 2033 SSBMedian 63297.6
EBS_SKATE 6 2033 SSBMean 63304.5
EBS_SKATE 6 2020 F0 0 
EBS_SKATE 6 2020 Fabc 0.079212
EBS_SKATE 6 2020 Fofl 0.0925522
EBS_SKATE 6 2020  F_LCI 0.0332372
EBS_SKATE 6 2020  F_UCI 0.0332372
EBS_SKATE 6 2020  F_Median 0.0332372
EBS_SKATE 6 2020  F_Mean 0.0332372
EBS_SKATE 6 2021 F0 0 
EBS_SKATE 6 2021 Fabc 0.079212
EBS_SKATE 6 2021 Fofl 0.0925522
EBS_SKATE 6 2021  F_LCI 0.0925521
EBS_SKATE 6 2021  F_UCI 0.0925521
EBS_SKATE 6 2021  F_Median 0.0925521
EBS_SKATE 6 2021  F_Mean 0.0925521
EBS_SKATE 6 2022 F0 0 
EBS_SKATE 6 2022 Fabc 0.079212
EBS_SKATE 6 2022 Fofl 0.0925522
EBS_SKATE 6 2022  F_LCI 0.0925521
EBS_SKATE 6 2022  F_UCI 0.0925521
EBS_SKATE 6 2022  F_Median 0.0925521
EBS_SKATE 6 2022  F_Mean 0.0925521
EBS_SKATE 6 2023 F0 0 
EBS_SKATE 6 2023 Fabc 0.079212
EBS_SKATE 6 2023 Fofl 0.0925522
EBS_SKATE 6 2023  F_LCI 0.0925522
EBS_SKATE 6 2023  F_UCI 0.0925522
EBS_SKATE 6 2023  F_Median 0.0925522
EBS_SKATE 6 2023  F_Mean 0.0925522
EBS_SKATE 6 2024 F0 0 
EBS_SKATE 6 2024 Fabc 0.079212
EBS_SKATE 6 2024 Fofl 0.0925522
EBS_SKATE 6 2024  F_LCI 0.0925522
EBS_SKATE 6 2024  F_UCI 0.0925522
EBS_SKATE 6 2024  F_Median 0.0925522
EBS_SKATE 6 2024  F_Mean 0.0925522
EBS_SKATE 6 2025 F0 0 
EBS_SKATE 6 2025 Fabc 0.079212
EBS_SKATE 6 2025 Fofl 0.0925522
EBS_SKATE 6 2025  F_LCI 0.0925522
EBS_SKATE 6 2025  F_UCI 0.0925522
EBS_SKATE 6 2025  F_Median 0.0925522
EBS_SKATE 6 2025  F_Mean 0.0925522
EBS_SKATE 6 2026 F0 0 
EBS_SKATE 6 2026 Fabc 0.079212
EBS_SKATE 6 2026 Fofl 0.0925522
EBS_SKATE 6 2026  F_LCI 0.0925522
EBS_SKATE 6 2026  F_UCI 0.0925522
EBS_SKATE 6 2026  F_Median 0.0925522
EBS_SKATE 6 2026  F_Mean 0.0925522
EBS_SKATE 6 2027 F0 0 
EBS_SKATE 6 2027 Fabc 0.079212
EBS_SKATE 6 2027 Fofl 0.0925522
EBS_SKATE 6 2027  F_LCI 0.0925522
EBS_SKATE 6 2027  F_UCI 0.0925522
EBS_SKATE 6 2027  F_Median 0.0925522
EBS_SKATE 6 2027  F_Mean 0.0925522
EBS_SKATE 6 2028 F0 0 
EBS_SKATE 6 2028 Fabc 0.079212
EBS_SKATE 6 2028 Fofl 0.0925522
EBS_SKATE 6 2028  F_LCI 0.0883106
EBS_SKATE 6 2028  F_UCI 0.0887299
EBS_SKATE 6 2028  F_Median 0.0884772
EBS_SKATE 6 2028  F_Mean 0.0885053
EBS_SKATE 6 2029 F0 0 
EBS_SKATE 6 2029 Fabc 0.079212
EBS_SKATE 6 2029 Fofl 0.0925522
EBS_SKATE 6 2029  F_LCI 0.0837496
EBS_SKATE 6 2029  F_UCI 0.0851888
EBS_SKATE 6 2029  F_Median 0.0843398
EBS_SKATE 6 2029  F_Mean 0.0844189
EBS_SKATE 6 2030 F0 0 
EBS_SKATE 6 2030 Fabc 0.079212
EBS_SKATE 6 2030 Fofl 0.0925522
EBS_SKATE 6 2030  F_LCI 0.0805474
EBS_SKATE 6 2030  F_UCI 0.0838202
EBS_SKATE 6 2030  F_Median 0.0818778
EBS_SKATE 6 2030  F_Mean 0.082071
EBS_SKATE 6 2031 F0 0 
EBS_SKATE 6 2031 Fabc 0.079212
EBS_SKATE 6 2031 Fofl 0.0925522
EBS_SKATE 6 2031  F_LCI 0.0784358
EBS_SKATE 6 2031  F_UCI 0.084225
EBS_SKATE 6 2031  F_Median 0.0807091
EBS_SKATE 6 2031  F_Mean 0.0810753
EBS_SKATE 6 2032 F0 0 
EBS_SKATE 6 2032 Fabc 0.079212
EBS_SKATE 6 2032 Fofl 0.0925522
EBS_SKATE 6 2032  F_LCI 0.0770311
EBS_SKATE 6 2032  F_UCI 0.0851777
EBS_SKATE 6 2032  F_Median 0.0807321
EBS_SKATE 6 2032  F_Mean 0.0810252
EBS_SKATE 6 2033 F0 0 
EBS_SKATE 6 2033 Fabc 0.079212
EBS_SKATE 6 2033 Fofl 0.0925522
EBS_SKATE 6 2033  F_LCI 0.0765022
EBS_SKATE 6 2033  F_UCI 0.0863544
EBS_SKATE 6 2033  F_Median 0.081533
EBS_SKATE 6 2033  F_Mean 0.0815426
EBS_SKATE 7 2020 Cabc 25899.2
EBS_SKATE 7 2020 Cofl 27822.4
EBS_SKATE 7 2020 CLCI 14794
EBS_SKATE 7 2020 CUCI 14794
EBS_SKATE 7 2020 CMedian 14794
EBS_SKATE 7 2020 CMean 14794
EBS_SKATE 7 2020 CStdn 1.09139e-11
EBS_SKATE 7 2021 Cabc 25899.2
EBS_SKATE 7 2021 Cofl 27822.4
EBS_SKATE 7 2021 CLCI 33268.1
EBS_SKATE 7 2021 CUCI 33268.1
EBS_SKATE 7 2021 CMedian 33268.1
EBS_SKATE 7 2021 CMean 33268.1
EBS_SKATE 7 2021 CStdn 8.73115e-11
EBS_SKATE 7 2022 Cabc 25899.2
EBS_SKATE 7 2022 Cofl 27822.4
EBS_SKATE 7 2022 CLCI 30820
EBS_SKATE 7 2022 CUCI 30829.2
EBS_SKATE 7 2022 CMedian 30823.6
EBS_SKATE 7 2022 CMean 30824.2
EBS_SKATE 7 2022 CStdn 3.02926
EBS_SKATE 7 2023 Cabc 25899.2
EBS_SKATE 7 2023 Cofl 27822.4
EBS_SKATE 7 2023 CLCI 33457.3
EBS_SKATE 7 2023 CUCI 33508.9
EBS_SKATE 7 2023 CMedian 33478
EBS_SKATE 7 2023 CMean 33481.3
EBS_SKATE 7 2023 CStdn 16.9178
EBS_SKATE 7 2024 Cabc 25899.2
EBS_SKATE 7 2024 Cofl 27822.4
EBS_SKATE 7 2024 CLCI 31230.9
EBS_SKATE 7 2024 CUCI 31422.5
EBS_SKATE 7 2024 CMedian 31309
EBS_SKATE 7 2024 CMean 31320
EBS_SKATE 7 2024 CStdn 62.7119
EBS_SKATE 7 2025 Cabc 25899.2
EBS_SKATE 7 2025 Cofl 27822.4
EBS_SKATE 7 2025 CLCI 29458.5
EBS_SKATE 7 2025 CUCI 29992
EBS_SKATE 7 2025 CMedian 29675.1
EBS_SKATE 7 2025 CMean 29705.7
EBS_SKATE 7 2025 CStdn 179.226
EBS_SKATE 7 2026 Cabc 25899.2
EBS_SKATE 7 2026 Cofl 27822.4
EBS_SKATE 7 2026 CLCI 28032.6
EBS_SKATE 7 2026 CUCI 29212.9
EBS_SKATE 7 2026 CMedian 28517.9
EBS_SKATE 7 2026 CMean 28577.5
EBS_SKATE 7 2026 CStdn 390.118
EBS_SKATE 7 2027 Cabc 25899.2
EBS_SKATE 7 2027 Cofl 27822.4
EBS_SKATE 7 2027 CLCI 26927.4
EBS_SKATE 7 2027 CUCI 28982.3
EBS_SKATE 7 2027 CMedian 27734.3
EBS_SKATE 7 2027 CMean 27858.9
EBS_SKATE 7 2027 CStdn 670.508
EBS_SKATE 7 2028 Cabc 25899.2
EBS_SKATE 7 2028 Cofl 27822.4
EBS_SKATE 7 2028 CLCI 25411.4
EBS_SKATE 7 2028 CUCI 28372.5
EBS_SKATE 7 2028 CMedian 26737.8
EBS_SKATE 7 2028 CMean 26851.3
EBS_SKATE 7 2028 CStdn 971.593
EBS_SKATE 7 2029 Cabc 25899.2
EBS_SKATE 7 2029 Cofl 27822.4
EBS_SKATE 7 2029 CLCI 23654.8
EBS_SKATE 7 2029 CUCI 27304.4
EBS_SKATE 7 2029 CMedian 25367.6
EBS_SKATE 7 2029 CMean 25424.2
EBS_SKATE 7 2029 CStdn 1237.63
EBS_SKATE 7 2030 Cabc 25899.2
EBS_SKATE 7 2030 Cofl 27822.4
EBS_SKATE 7 2030 CLCI 22530.7
EBS_SKATE 7 2030 CUCI 26975.3
EBS_SKATE 7 2030 CMedian 24568.2
EBS_SKATE 7 2030 CMean 24739.2
EBS_SKATE 7 2030 CStdn 1533.69
EBS_SKATE 7 2031 Cabc 25899.2
EBS_SKATE 7 2031 Cofl 27822.4
EBS_SKATE 7 2031 CLCI 21983.9
EBS_SKATE 7 2031 CUCI 27137.7
EBS_SKATE 7 2031 CMedian 24379.4
EBS_SKATE 7 2031 CMean 24583.4
EBS_SKATE 7 2031 CStdn 1859.4
EBS_SKATE 7 2032 Cabc 25899.2
EBS_SKATE 7 2032 Cofl 27822.4
EBS_SKATE 7 2032 CLCI 21799.8
EBS_SKATE 7 2032 CUCI 28511.5
EBS_SKATE 7 2032 CMedian 24600
EBS_SKATE 7 2032 CMean 24773.5
EBS_SKATE 7 2032 CStdn 2181.12
EBS_SKATE 7 2033 Cabc 25899.2
EBS_SKATE 7 2033 Cofl 27822.4
EBS_SKATE 7 2033 CLCI 21963.4
EBS_SKATE 7 2033 CUCI 29067.3
EBS_SKATE 7 2033 CMedian 25027.5
EBS_SKATE 7 2033 CMean 25150.3
EBS_SKATE 7 2033 CStdn 2460.42
EBS_SKATE 7 2020 SSBF100 178425
EBS_SKATE 7 2020 SSBFabc 71370
EBS_SKATE 7 2020 SSBFofl 62448.8
EBS_SKATE 7 2020 SSBLCI 124449
EBS_SKATE 7 2020 SSBUCI 124449
EBS_SKATE 7 2020 SSBMedian 124449
EBS_SKATE 7 2020 SSBMean 124449
EBS_SKATE 7 2021 SSBF100 178425
EBS_SKATE 7 2021 SSBFabc 71370
EBS_SKATE 7 2021 SSBFofl 62448.8
EBS_SKATE 7 2021 SSBLCI 122197
EBS_SKATE 7 2021 SSBUCI 122197
EBS_SKATE 7 2021 SSBMedian 122197
EBS_SKATE 7 2021 SSBMean 122197
EBS_SKATE 7 2022 SSBF100 178425
EBS_SKATE 7 2022 SSBFabc 71370
EBS_SKATE 7 2022 SSBFofl 62448.8
EBS_SKATE 7 2022 SSBLCI 115305
EBS_SKATE 7 2022 SSBUCI 115305
EBS_SKATE 7 2022 SSBMedian 115305
EBS_SKATE 7 2022 SSBMean 115305
EBS_SKATE 7 2023 SSBF100 178425
EBS_SKATE 7 2023 SSBFabc 71370
EBS_SKATE 7 2023 SSBFofl 62448.8
EBS_SKATE 7 2023 SSBLCI 106875
EBS_SKATE 7 2023 SSBUCI 106875
EBS_SKATE 7 2023 SSBMedian 106875
EBS_SKATE 7 2023 SSBMean 106875
EBS_SKATE 7 2024 SSBF100 178425
EBS_SKATE 7 2024 SSBFabc 71370
EBS_SKATE 7 2024 SSBFofl 62448.8
EBS_SKATE 7 2024 SSBLCI 97423.8
EBS_SKATE 7 2024 SSBUCI 97423.8
EBS_SKATE 7 2024 SSBMedian 97423.8
EBS_SKATE 7 2024 SSBMean 97423.8
EBS_SKATE 7 2025 SSBF100 178425
EBS_SKATE 7 2025 SSBFabc 71370
EBS_SKATE 7 2025 SSBFofl 62448.8
EBS_SKATE 7 2025 SSBLCI 88559.8
EBS_SKATE 7 2025 SSBUCI 88559.8
EBS_SKATE 7 2025 SSBMedian 88559.8
EBS_SKATE 7 2025 SSBMean 88559.8
EBS_SKATE 7 2026 SSBF100 178425
EBS_SKATE 7 2026 SSBFabc 71370
EBS_SKATE 7 2026 SSBFofl 62448.8
EBS_SKATE 7 2026 SSBLCI 80864.3
EBS_SKATE 7 2026 SSBUCI 80864.3
EBS_SKATE 7 2026 SSBMedian 80864.3
EBS_SKATE 7 2026 SSBMean 80864.3
EBS_SKATE 7 2027 SSBF100 178425
EBS_SKATE 7 2027 SSBFabc 71370
EBS_SKATE 7 2027 SSBFofl 62448.8
EBS_SKATE 7 2027 SSBLCI 74584
EBS_SKATE 7 2027 SSBUCI 74635.7
EBS_SKATE 7 2027 SSBMedian 74604.6
EBS_SKATE 7 2027 SSBMean 74607.8
EBS_SKATE 7 2028 SSBF100 178425
EBS_SKATE 7 2028 SSBFabc 71370
EBS_SKATE 7 2028 SSBFofl 62448.8
EBS_SKATE 7 2028 SSBLCI 69682.2
EBS_SKATE 7 2028 SSBUCI 69989
EBS_SKATE 7 2028 SSBMedian 69804.2
EBS_SKATE 7 2028 SSBMean 69824.7
EBS_SKATE 7 2029 SSBF100 178425
EBS_SKATE 7 2029 SSBFabc 71370
EBS_SKATE 7 2029 SSBFofl 62448.8
EBS_SKATE 7 2029 SSBLCI 66021.8
EBS_SKATE 7 2029 SSBUCI 67073
EBS_SKATE 7 2029 SSBMedian 66452.9
EBS_SKATE 7 2029 SSBMean 66510.7
EBS_SKATE 7 2030 SSBF100 178425
EBS_SKATE 7 2030 SSBFabc 71370
EBS_SKATE 7 2030 SSBFofl 62448.8
EBS_SKATE 7 2030 SSBLCI 63411.1
EBS_SKATE 7 2030 SSBUCI 65798.8
EBS_SKATE 7 2030 SSBMedian 64381.7
EBS_SKATE 7 2030 SSBMean 64522.5
EBS_SKATE 7 2031 SSBF100 178425
EBS_SKATE 7 2031 SSBFabc 71370
EBS_SKATE 7 2031 SSBFofl 62448.8
EBS_SKATE 7 2031 SSBLCI 61644.4
EBS_SKATE 7 2031 SSBUCI 65864.6
EBS_SKATE 7 2031 SSBMedian 63301
EBS_SKATE 7 2031 SSBMean 63568
EBS_SKATE 7 2032 SSBF100 178425
EBS_SKATE 7 2032 SSBFabc 71370
EBS_SKATE 7 2032 SSBFofl 62448.8
EBS_SKATE 7 2032 SSBLCI 60436
EBS_SKATE 7 2032 SSBUCI 66369.9
EBS_SKATE 7 2032 SSBMedian 63131.9
EBS_SKATE 7 2032 SSBMean 63345.2
EBS_SKATE 7 2033 SSBF100 178425
EBS_SKATE 7 2033 SSBFabc 71370
EBS_SKATE 7 2033 SSBFofl 62448.8
EBS_SKATE 7 2033 SSBLCI 59905.6
EBS_SKATE 7 2033 SSBUCI 67079.5
EBS_SKATE 7 2033 SSBMedian 63567.8
EBS_SKATE 7 2033 SSBMean 63575.5
EBS_SKATE 7 2020 F0 0 
EBS_SKATE 7 2020 Fabc 0.079212
EBS_SKATE 7 2020 Fofl 0.0925522
EBS_SKATE 7 2020  F_LCI 0.0332372
EBS_SKATE 7 2020  F_UCI 0.0332372
EBS_SKATE 7 2020  F_Median 0.0332372
EBS_SKATE 7 2020  F_Mean 0.0332372
EBS_SKATE 7 2021 F0 0 
EBS_SKATE 7 2021 Fabc 0.079212
EBS_SKATE 7 2021 Fofl 0.0925522
EBS_SKATE 7 2021  F_LCI 0.079212
EBS_SKATE 7 2021  F_UCI 0.079212
EBS_SKATE 7 2021  F_Median 0.079212
EBS_SKATE 7 2021  F_Mean 0.079212
EBS_SKATE 7 2022 F0 0 
EBS_SKATE 7 2022 Fabc 0.079212
EBS_SKATE 7 2022 Fofl 0.0925522
EBS_SKATE 7 2022  F_LCI 0.079212
EBS_SKATE 7 2022  F_UCI 0.079212
EBS_SKATE 7 2022  F_Median 0.079212
EBS_SKATE 7 2022  F_Mean 0.079212
EBS_SKATE 7 2023 F0 0 
EBS_SKATE 7 2023 Fabc 0.079212
EBS_SKATE 7 2023 Fofl 0.0925522
EBS_SKATE 7 2023  F_LCI 0.0925522
EBS_SKATE 7 2023  F_UCI 0.0925522
EBS_SKATE 7 2023  F_Median 0.0925522
EBS_SKATE 7 2023  F_Mean 0.0925522
EBS_SKATE 7 2024 F0 0 
EBS_SKATE 7 2024 Fabc 0.079212
EBS_SKATE 7 2024 Fofl 0.0925522
EBS_SKATE 7 2024  F_LCI 0.0925522
EBS_SKATE 7 2024  F_UCI 0.0925522
EBS_SKATE 7 2024  F_Median 0.0925522
EBS_SKATE 7 2024  F_Mean 0.0925522
EBS_SKATE 7 2025 F0 0 
EBS_SKATE 7 2025 Fabc 0.079212
EBS_SKATE 7 2025 Fofl 0.0925522
EBS_SKATE 7 2025  F_LCI 0.0925522
EBS_SKATE 7 2025  F_UCI 0.0925522
EBS_SKATE 7 2025  F_Median 0.0925522
EBS_SKATE 7 2025  F_Mean 0.0925522
EBS_SKATE 7 2026 F0 0 
EBS_SKATE 7 2026 Fabc 0.079212
EBS_SKATE 7 2026 Fofl 0.0925522
EBS_SKATE 7 2026  F_LCI 0.0925522
EBS_SKATE 7 2026  F_UCI 0.0925522
EBS_SKATE 7 2026  F_Median 0.0925522
EBS_SKATE 7 2026  F_Mean 0.0925522
EBS_SKATE 7 2027 F0 0 
EBS_SKATE 7 2027 Fabc 0.079212
EBS_SKATE 7 2027 Fofl 0.0925522
EBS_SKATE 7 2027  F_LCI 0.0925522
EBS_SKATE 7 2027  F_UCI 0.0925522
EBS_SKATE 7 2027  F_Median 0.0925522
EBS_SKATE 7 2027  F_Mean 0.0925522
EBS_SKATE 7 2028 F0 0 
EBS_SKATE 7 2028 Fabc 0.079212
EBS_SKATE 7 2028 Fofl 0.0925522
EBS_SKATE 7 2028  F_LCI 0.0902489
EBS_SKATE 7 2028  F_UCI 0.0906678
EBS_SKATE 7 2028  F_Median 0.0904154
EBS_SKATE 7 2028  F_Mean 0.0904435
EBS_SKATE 7 2029 F0 0 
EBS_SKATE 7 2029 Fabc 0.079212
EBS_SKATE 7 2029 Fofl 0.0925522
EBS_SKATE 7 2029  F_LCI 0.0852519
EBS_SKATE 7 2029  F_UCI 0.086687
EBS_SKATE 7 2029  F_Median 0.0858405
EBS_SKATE 7 2029  F_Mean 0.0859194
EBS_SKATE 7 2030 F0 0 
EBS_SKATE 7 2030 Fabc 0.079212
EBS_SKATE 7 2030 Fofl 0.0925522
EBS_SKATE 7 2030  F_LCI 0.081688
EBS_SKATE 7 2030  F_UCI 0.0849476
EBS_SKATE 7 2030  F_Median 0.083013
EBS_SKATE 7 2030  F_Mean 0.0832052
EBS_SKATE 7 2031 F0 0 
EBS_SKATE 7 2031 Fabc 0.079212
EBS_SKATE 7 2031 Fofl 0.0925522
EBS_SKATE 7 2031  F_LCI 0.0792763
EBS_SKATE 7 2031  F_UCI 0.0850373
EBS_SKATE 7 2031  F_Median 0.0815378
EBS_SKATE 7 2031  F_Mean 0.0819022
EBS_SKATE 7 2032 F0 0 
EBS_SKATE 7 2032 Fabc 0.079212
EBS_SKATE 7 2032 Fofl 0.0925522
EBS_SKATE 7 2032  F_LCI 0.0776267
EBS_SKATE 7 2032  F_UCI 0.0857272
EBS_SKATE 7 2032  F_Median 0.0813069
EBS_SKATE 7 2032  F_Mean 0.0815981
EBS_SKATE 7 2033 F0 0 
EBS_SKATE 7 2033 Fabc 0.079212
EBS_SKATE 7 2033 Fofl 0.0925522
EBS_SKATE 7 2033  F_LCI 0.0769026
EBS_SKATE 7 2033  F_UCI 0.0866958
EBS_SKATE 7 2033  F_Median 0.0819019
EBS_SKATE 7 2033  F_Mean 0.0819124
